============================================================
                        SERVER
============================================================
num clients:                  1
TCP port:                     21070
IB port:                      1
max outstanding CQEs:         16
max send work requests:       1024
max receive work requests:    1024
============================================================
index region bytes:           4294967296
2 device(s) found
Selected device: mlx5_1 (idx=1)
Link layer: Ethernet (RoCE), using GID index 3 (local IPv4 10.0.0.65)
num_cores: 80
physical cores per socket: 20
hyperthreading enabled
interleaved policy
pairing: 20017 -- 15804
[STATUS]: pinned main thread to core 20
[STATUS]: query QP/CQ contexts per compute node=16
[STATUS]: LAVD neighborhood region: resolved bytes=4294967296
allocation size: 4294967296
allocated ALIGNED MEM (no hugepage) at 140234354872384 with buffer size 4294967296
allocated ALIGNED MEM (no hugepage) at 140230059900992 with buffer size 4294967296
[STATUS]: LAVD neighborhood region: allocated bytes=4294967296
[STATUS]: register memory and distribute access token
[STATUS]: LAVD neighborhood region: registered bytes=4294967296
[STATUS]: connect QPs of compute threads
pairing: 20018 -- 15805
pairing: 20019 -- 15806
pairing: 20020 -- 15807
pairing: 20021 -- 15808
pairing: 20022 -- 15809
pairing: 20023 -- 15810
pairing: 20024 -- 15811
pairing: 20025 -- 15812
pairing: 20026 -- 15813
pairing: 20027 -- 15814
pairing: 20028 -- 15815
pairing: 20029 -- 15816
pairing: 20030 -- 15817
pairing: 20031 -- 15818
pairing: 20032 -- 15819
pairing: 20033 -- 15820
[STATUS]: idle: index construction
[STATUS]: loading index (800573128 Bytes) from /home/kvgroup/chaomei/hnsw-data/sift1m/dump/index_m16_efc100_node1_of1.dat
[STATUS]: query processing
[STATUS]: idle: queries
