query_data_path: ../datasets/deep1M/deep1M_query.fvecs
Reading from vector 1 to -1
Seekg position: 0 bytes
Each vector size: 388 bytes (dim=96)
Reading 3334 vectors
Reading 3334 vectors
QUERY_GT_SHAPE query_rows=3334 ground_truth_rows=3334 query_rows_per_ground_truth=1
original_n_query_data = 3334
sampling_mod = 1, sampling_count = 0
query_data.size(): 320064
ground_truth.size(): 333400
FRONTIER_QUERY_POOL total_queries=3334 threads=10 top_k=10 fixed=1
queries_per_thread: 333
ground_truth.size(): 333400
Using physical cores only (skipping hyperthreads)
[35m[search_client_pipelined_reuse_thread.cc:234] Thread 0 fetch QP authentication key: 1820388464
[0m[35m[search_client_pipelined_reuse_thread.cc:238] Thread 0 RDMA resources initialized
[0m[35m[search_client_pipelined_reuse_thread.cc:234] Thread 1 fetch QP authentication key: 6939507
[0m[35m[search_client_pipelined_reuse_thread.cc:238] Thread 1 RDMA resources initialized
[0m[35m[search_client_pipelined_reuse_thread.cc:234] Thread 2 fetch QP authentication key: 1285228804
[0m[35m[search_client_pipelined_reuse_thread.cc:238] Thread 2 RDMA resources initialized
[0m[35m[search_client_pipelined_reuse_thread.cc:234] Thread 3 fetch QP authentication key: 1450573622
[0m[35m[search_client_pipelined_reuse_thread.cc:238] Thread 3 RDMA resources initialized
[0m[35m[search_client_pipelined_reuse_thread.cc:234] Thread 4 fetch QP authentication key: 654887343
[0m[35m[search_client_pipelined_reuse_thread.cc:238] Thread 4 RDMA resources initialized
[0m[35m[search_client_pipelined_reuse_thread.cc:234] Thread 5 fetch QP authentication key: 392035568
[0m[35m[search_client_pipelined_reuse_thread.cc:238] Thread 5 RDMA resources initialized
[0m[35m[search_client_pipelined_reuse_thread.cc:234] Thread 6 fetch QP authentication key: 889023311
[0m[35m[search_client_pipelined_reuse_thread.cc:238] Thread 6 RDMA resources initialized
[0m[35m[search_client_pipelined_reuse_thread.cc:234] Thread 7 fetch QP authentication key: 1369321801
[0m[35m[search_client_pipelined_reuse_thread.cc:238] Thread 7 RDMA resources initialized
[0m[35m[search_client_pipelined_reuse_thread.cc:234] Thread 8 fetch QP authentication key: 396473730
[0m[35m[search_client_pipelined_reuse_thread.cc:238] Thread 8 RDMA resources initialized
[0m[35m[search_client_pipelined_reuse_thread.cc:234] Thread 9 fetch QP authentication key: 1569229320
[0m[35m[search_client_pipelined_reuse_thread.cc:238] Thread 9 RDMA resources initialized
[0m=== gRPC Service Parameters Debug ===
epoch: 0
rdma_base_offset: 0
serialized_meta_hnsw size: 105066 bytes
offset size: 320 elements
offset_para size: 1440 elements
overflow size: 480 elements
mapping size: 160 elements
Thread 0 local_hnsw mapping size: 160
fetch_worker start
deserialize_worker start
=== Thread 0 testing EF = 200 for 20 seconds ===
search_worker start
=== gRPC Service Parameters Debug ===
epoch: 0
rdma_base_offset: 0
serialized_meta_hnsw size: 105066 bytes
offset size: 320 elements
offset_para size: 1440 elements
overflow size: 480 elements
mapping size: 160 elements
Thread 1 local_hnsw mapping size: 160
fetch_worker start
deserialize_worker start
search_worker start
=== Thread 1 testing EF = 200 for 20 seconds ===
=== gRPC Service Parameters Debug ===
epoch: 0
rdma_base_offset: 0
serialized_meta_hnsw size: 105066 bytes
offset size: 320 elements
offset_para size: 1440 elements
overflow size: 480 elements
mapping size: 160 elements
Thread 2 local_hnsw mapping size: 160
fetch_worker start
search_worker start
deserialize_worker start
=== Thread 2 testing EF = 200 for 20 seconds ===
=== gRPC Service Parameters Debug ===
epoch: 0
rdma_base_offset: 0
serialized_meta_hnsw size: 105066 bytes
offset size: 320 elements
offset_para size: 1440 elements
overflow size: 480 elements
mapping size: 160 elements
Thread 3 local_hnsw mapping size: 160
fetch_worker start
deserialize_worker start
search_worker start
=== Thread 3 testing EF = 200 for 20 seconds ===
=== gRPC Service Parameters Debug ===
epoch: 0
rdma_base_offset: 0
serialized_meta_hnsw size: 105066 bytes
offset size: 320 elements
offset_para size: 1440 elements
overflow size: 480 elements
mapping size: 160 elements
Thread 4 local_hnsw mapping size: 160
fetch_worker start
deserialize_worker start
search_worker start=== Thread 
4 testing EF = 200 for 20 seconds ===
=== gRPC Service Parameters Debug ===
epoch: 0
rdma_base_offset: 0
serialized_meta_hnsw size: 105066 bytes
offset size: 320 elements
offset_para size: 1440 elements
overflow size: 480 elements
mapping size: 160 elements
Thread 5 local_hnsw mapping size: 160
fetch_worker start
deserialize_worker start
search_worker start
=== Thread 5 testing EF = 200 for 20 seconds ===
=== gRPC Service Parameters Debug ===
epoch: 0
rdma_base_offset: 0
serialized_meta_hnsw size: 105066 bytes
offset size: 320 elements
offset_para size: 1440 elements
overflow size: 480 elements
mapping size: 160 elements
Thread 6 local_hnsw mapping size: 160
deserialize_worker start
fetch_worker start
search_worker start=== Thread 
6 testing EF = 200 for 20 seconds ===
=== gRPC Service Parameters Debug ===
epoch: 0
rdma_base_offset: 0
serialized_meta_hnsw size: 105066 bytes
offset size: 320 elements
offset_para size: 1440 elements
overflow size: 480 elements
mapping size: 160 elements
Thread 7 local_hnsw mapping size: 160
fetch_worker start
deserialize_worker start
search_worker start
=== Thread 7 testing EF = 200 for 20 seconds ===
=== gRPC Service Parameters Debug ===
epoch: 0
rdma_base_offset: 0
serialized_meta_hnsw size: 105066 bytes
offset size: 320 elements
offset_para size: 1440 elements
overflow size: 480 elements
mapping size: 160 elements
Thread 8 local_hnsw mapping size: 160
fetch_worker start
deserialize_worker start
=== Thread 8 testing EF = 200 for 20 seconds ===
search_worker start
=== gRPC Service Parameters Debug ===
epoch: 0
rdma_base_offset: 0
serialized_meta_hnsw size: 105066 bytes
offset size: 320 elements
offset_para size: 1440 elements
overflow size: 480 elements
mapping size: 160 elements
Thread 9 local_hnsw mapping size: 160
fetch_worker start
deserialize_worker start
=== Thread 9 testing EF = 200 for 20 seconds ===
search_worker start
[39m[reporter.hh:42] [Batch 0] Compute: 695,555.00 ms, Network: 146,079.00 ms, Deserialize: 756,325.00 ms, Meta Search: 4,605.00 ms, Throughput: 345.32 qps, Total Time: 964,323.00 ms
[0m[39m[reporter.hh:42] [Batch 0] Compute: 656,962.00 ms, Network: 144,158.00 ms, Deserialize: 814,686.00 ms, Meta Search: 6,898.00 ms, Throughput: 345.10 qps, Total Time: 964,938.00 ms
[0m[39m[reporter.hh:42] [Batch 0] Compute: 664,141.00 ms, Network: 152,778.00 ms, Deserialize: 790,869.00 ms, Meta Search: 5,082.00 ms, Throughput: 344.82 qps, Total Time: 965,726.00 ms
[0mThread 1 EF 200 benchmark:
  Queries executed: 333
  Avg total latency: 2895.86 us
  Avg meta search latency: 13.8288 us
  Avg compute time: 2088.75 us
  Avg network latency: 438.676 us
  Avg deserialize time: 2271.25 us
  Recall: 0.914414
  Throughput: 344.401 QPS
FRONTIER_THREAD_RESULT ef=200 thread=1 queries=333 elapsed_s=0.966895095 recall=0.914414406
[35m[search_client_pipelined_reuse_thread.cc:581] Thread 1 returns
[0mThread 3 EF 200 benchmark:
  Queries executed: 333
  Avg total latency: 2897.71 us
  Avg meta search latency: 20.7147 us
  Avg compute time: 1972.86 us
  Avg network latency: 432.907 us
  Avg deserialize time: 2446.5 us
  Recall: 0.927327
  Throughput: 344.184 QPS
FRONTIER_THREAD_RESULT ef=200 thread=3 queries=333 elapsed_s=0.967505714 recall=0.927327335
[35m[search_client_pipelined_reuse_thread.cc:581] Thread 3 returns
[0mThread 2 EF 200 benchmark:
  Queries executed: 333
  Avg total latency: 2900.08 us
  Avg meta search latency: 15.2613 us
  Avg compute time: 1994.42 us
  Avg network latency: 458.793 us
  Avg deserialize time: 2374.98 us
  Recall: 0.905706
  Throughput: 343.947 QPS
FRONTIER_THREAD_RESULT ef=200 thread=2 queries=333 elapsed_s=0.968171648 recall=0.905705690
[35m[search_client_pipelined_reuse_thread.cc:581] Thread 2 returns
[0m[39m[reporter.hh:42] [Batch 0] Compute: 2,541,740.00 ms, Network: 135,475.00 ms, Deserialize: 1,142,144.00 ms, Meta Search: 4,807.00 ms, Throughput: 107.99 qps, Total Time: 3,083,757.00 ms
[0mThread 8 EF 200 benchmark:
  Queries executed: 333
  Avg total latency: 9260.53 us
  Avg meta search latency: 14.4354 us
  Avg compute time: 7632.85 us
  Avg network latency: 406.832 us
  Avg deserialize time: 3429.86 us
  Recall: 0.902102
  Throughput: 107.831 QPS
FRONTIER_THREAD_RESULT ef=200 thread=8 queries=333 elapsed_s=3.088168622 recall=0.902102113
[35m[search_client_pipelined_reuse_thread.cc:581] Thread 8 returns
[0m[39m[reporter.hh:42] [Batch 0] Compute: 2,563,238.00 ms, Network: 135,401.00 ms, Deserialize: 1,020,351.00 ms, Meta Search: 14,063.00 ms, Throughput: 107.35 qps, Total Time: 3,101,935.00 ms
[0mThread 6 EF 200 benchmark:
  Queries executed: 333
  Avg total latency: 9315.12 us
  Avg meta search latency: 42.2312 us
  Avg compute time: 7697.41 us
  Avg network latency: 406.61 us
  Avg deserialize time: 3064.12 us
  Recall: 0.894595
  Throughput: 107.176 QPS
FRONTIER_THREAD_RESULT ef=200 thread=6 queries=333 elapsed_s=3.107031344 recall=0.894594610
[35m[search_client_pipelined_reuse_thread.cc:581] Thread 6 returns
[0m[39m[reporter.hh:42] [Batch 0] Compute: 3,677,977.00 ms, Network: 4,883,456.00 ms, Deserialize: 698,944.00 ms, Meta Search: 4,896.00 ms, Throughput: 38.34 qps, Total Time: 8,685,852.00 ms
[0mThread 0 EF 200 benchmark:
  Queries executed: 333
  Avg total latency: 26083.6 us
  Avg meta search latency: 14.7027 us
  Avg compute time: 11045 us
  Avg network latency: 14665 us
  Avg deserialize time: 2098.93 us
  Recall: 0.903604
  Throughput: 38.3215 QPS
FRONTIER_THREAD_RESULT ef=200 thread=0 queries=333 elapsed_s=8.689645575 recall=0.903603613
[35m[search_client_pipelined_reuse_thread.cc:581] Thread 0 returns
[0m[39m[reporter.hh:42] [Batch 0] Compute: 4,537,308.00 ms, Network: 4,880,285.00 ms, Deserialize: 1,122,090.00 ms, Meta Search: 15,105.00 ms, Throughput: 33.99 qps, Total Time: 9,797,907.00 ms
[0mThread 4 EF 200 benchmark:
  Queries executed: 333
  Avg total latency: 29423.1 us
  Avg meta search latency: 45.3604 us
  Avg compute time: 13625.5 us
  Avg network latency: 14655.5 us
  Avg deserialize time: 3369.64 us
  Recall: 0.886186
  Throughput: 33.9706 QPS
FRONTIER_THREAD_RESULT ef=200 thread=4 queries=333 elapsed_s=9.802601572 recall=0.886186182
[35m[search_client_pipelined_reuse_thread.cc:581] Thread 4 returns
[0m[39m[reporter.hh:42] [Batch 0] Compute: 5,456,862.00 ms, Network: 5,111,542.00 ms, Deserialize: 790,101.00 ms, Meta Search: 13,835.00 ms, Throughput: 30.94 qps, Total Time: 10,761,842.00 ms
[0mThread 5 EF 200 benchmark:
  Queries executed: 333
  Avg total latency: 32317.8 us
  Avg meta search latency: 41.5465 us
  Avg compute time: 16387 us
  Avg network latency: 15350 us
  Avg deserialize time: 2372.68 us
  Recall: 0.905706
  Throughput: 30.9286 QPS
FRONTIER_THREAD_RESULT ef=200 thread=5 queries=333 elapsed_s=10.766736797 recall=0.905705690
[35m[search_client_pipelined_reuse_thread.cc:581] Thread 5 returns
[0m[39m[reporter.hh:42] [Batch 0] Compute: 5,593,130.00 ms, Network: 5,140,029.00 ms, Deserialize: 837,363.00 ms, Meta Search: 4,676.00 ms, Throughput: 30.55 qps, Total Time: 10,901,892.00 ms
[0mThread 7 EF 200 benchmark:
  Queries executed: 333
  Avg total latency: 32738.4 us
  Avg meta search latency: 14.042 us
  Avg compute time: 16796.2 us
  Avg network latency: 15435.5 us
  Avg deserialize time: 2514.6 us
  Recall: 0.913814
  Throughput: 30.5312 QPS
FRONTIER_THREAD_RESULT ef=200 thread=7 queries=333 elapsed_s=10.906884950 recall=0.913813829
[35m[search_client_pipelined_reuse_thread.cc:581] Thread 7 returns
[0m[39m[reporter.hh:42] [Batch 0] Compute: 5,764,666.00 ms, Network: 5,147,859.00 ms, Deserialize: 949,630.00 ms, Meta Search: 14,228.00 ms, Throughput: 30.21 qps, Total Time: 11,153,938.00 ms
[0mThread 9 EF 200 benchmark:
  Queries executed: 337
  Avg total latency: 33097.7 us
  Avg meta search latency: 42.2196 us
  Avg compute time: 17105.8 us
  Avg network latency: 15275.5 us
  Avg deserialize time: 2817.89 us
  Recall: 0.918398
  Throughput: 30.2038 QPS
FRONTIER_THREAD_RESULT ef=200 thread=9 queries=337 elapsed_s=11.157520934 recall=0.918397605
[35m[search_client_pipelined_reuse_thread.cc:581] Thread 9 returns
[0mEF: 200
Thread 0 recall: 0.903604
Thread 0 latency: 26083.6
Thread 0 network latency: 14665
Thread 0 duration_meta_search: 14.7027
Thread 0 compute time: 11045
Thread 1 recall: 0.914414
Thread 1 latency: 2895.86
Thread 1 network latency: 438.676
Thread 1 duration_meta_search: 13.8288
Thread 1 compute time: 2088.75
Thread 2 recall: 0.905706
Thread 2 latency: 2900.08
Thread 2 network latency: 458.793
Thread 2 duration_meta_search: 15.2613
Thread 2 compute time: 1994.42
Thread 3 recall: 0.927327
Thread 3 latency: 2897.71
Thread 3 network latency: 432.907
Thread 3 duration_meta_search: 20.7147
Thread 3 compute time: 1972.86
Thread 4 recall: 0.886186
Thread 4 latency: 29423.1
Thread 4 network latency: 14655.5
Thread 4 duration_meta_search: 45.3604
Thread 4 compute time: 13625.5
Thread 5 recall: 0.905706
Thread 5 latency: 32317.8
Thread 5 network latency: 15350
Thread 5 duration_meta_search: 41.5465
Thread 5 compute time: 16387
Thread 6 recall: 0.894595
Thread 6 latency: 9315.12
Thread 6 network latency: 406.61
Thread 6 duration_meta_search: 42.2312
Thread 6 compute time: 7697.41
Thread 7 recall: 0.913814
Thread 7 latency: 32738.4
Thread 7 network latency: 15435.5
Thread 7 duration_meta_search: 14.042
Thread 7 compute time: 16796.2
Thread 8 recall: 0.902102
Thread 8 latency: 9260.53
Thread 8 network latency: 406.832
Thread 8 duration_meta_search: 14.4354
Thread 8 compute time: 7632.85
Thread 9 recall: 0.918398
Thread 9 latency: 33097.7
Thread 9 network latency: 15275.5
Thread 9 duration_meta_search: 42.2196
Thread 9 compute time: 17105.8
