query_data_path: ../datasets/deep1M/deep1M_query.fvecs
Reading from vector 1 to -1
Seekg position: 0 bytes
Each vector size: 388 bytes (dim=96)
Reading 3333 vectors
Reading 3333 vectors
QUERY_GT_SHAPE query_rows=3333 ground_truth_rows=3333 query_rows_per_ground_truth=1
original_n_query_data = 3333
sampling_mod = 1, sampling_count = 0
query_data.size(): 319968
ground_truth.size(): 333300
FRONTIER_QUERY_POOL total_queries=3333 threads=10 top_k=10 fixed=1
queries_per_thread: 333
ground_truth.size(): 333300
Using physical cores only (skipping hyperthreads)
[35m[search_client_pipelined_reuse_thread.cc:234] Thread 0 fetch QP authentication key: 933110197
[0m[35m[search_client_pipelined_reuse_thread.cc:238] Thread 0 RDMA resources initialized
[0m[35m[search_client_pipelined_reuse_thread.cc:234] Thread 1 fetch QP authentication key: 1789376348
[0m[35m[search_client_pipelined_reuse_thread.cc:238] Thread 1 RDMA resources initialized
[0m[35m[search_client_pipelined_reuse_thread.cc:234] Thread 2 fetch QP authentication key: 1034949299
[0m[35m[search_client_pipelined_reuse_thread.cc:238] Thread 2 RDMA resources initialized
[0m[35m[search_client_pipelined_reuse_thread.cc:234] Thread 3 fetch QP authentication key: 1335354340
[0m[35m[search_client_pipelined_reuse_thread.cc:238] Thread 3 RDMA resources initialized
[0m[35m[search_client_pipelined_reuse_thread.cc:234] Thread 4 fetch QP authentication key: 1447267605
[0m[35m[search_client_pipelined_reuse_thread.cc:238] Thread 4 RDMA resources initialized
[0m[35m[search_client_pipelined_reuse_thread.cc:234] Thread 5 fetch QP authentication key: 1308044878
[0m[35m[search_client_pipelined_reuse_thread.cc:238] Thread 5 RDMA resources initialized
[0m[35m[search_client_pipelined_reuse_thread.cc:234] Thread 6 fetch QP authentication key: 705178736
[0m[35m[search_client_pipelined_reuse_thread.cc:238] Thread 6 RDMA resources initialized
[0m[35m[search_client_pipelined_reuse_thread.cc:234] Thread 7 fetch QP authentication key: 1470503465
[0m[35m[search_client_pipelined_reuse_thread.cc:238] Thread 7 RDMA resources initialized
[0m[35m[search_client_pipelined_reuse_thread.cc:234] Thread 8 fetch QP authentication key: 552473416
[0m[35m[search_client_pipelined_reuse_thread.cc:238] Thread 8 RDMA resources initialized
[0m[35m[search_client_pipelined_reuse_thread.cc:234] Thread 9 fetch QP authentication key: 1143408282
[0m[35m[search_client_pipelined_reuse_thread.cc:238] Thread 9 RDMA resources initialized
[0m=== gRPC Service Parameters Debug ===
epoch: 0
rdma_base_offset: 0
serialized_meta_hnsw size: 105066 bytes
offset size: 320 elements
offset_para size: 1440 elements
overflow size: 480 elements
mapping size: 160 elements
Thread 0 local_hnsw mapping size: 160
fetch_worker start
deserialize_worker start
search_worker start
=== Thread 0 testing EF = 200 for 20 seconds ===
=== gRPC Service Parameters Debug ===
epoch: 0
rdma_base_offset: 0
serialized_meta_hnsw size: 105066 bytes
offset size: 320 elements
offset_para size: 1440 elements
overflow size: 480 elements
mapping size: 160 elements
Thread 1 local_hnsw mapping size: 160
fetch_worker start
deserialize_worker start
search_worker start
=== Thread 1 testing EF = 200 for 20 seconds ===
=== gRPC Service Parameters Debug ===
epoch: 0
rdma_base_offset: 0
serialized_meta_hnsw size: 105066 bytes
offset size: 320 elements
offset_para size: 1440 elements
overflow size: 480 elements
mapping size: 160 elements
Thread 2 local_hnsw mapping size: 160
fetch_worker start
deserialize_worker start
search_worker start
=== Thread 2 testing EF = 200 for 20 seconds ===
=== gRPC Service Parameters Debug ===
epoch: 0
rdma_base_offset: 0
serialized_meta_hnsw size: 105066 bytes
offset size: 320 elements
offset_para size: 1440 elements
overflow size: 480 elements
mapping size: 160 elements
Thread 3 local_hnsw mapping size: 160
fetch_worker start
deserialize_worker start
=== Thread 3search_worker start testing EF = 
200 for 20 seconds ===
=== gRPC Service Parameters Debug ===
epoch: 0
rdma_base_offset: 0
serialized_meta_hnsw size: 105066 bytes
offset size: 320 elements
offset_para size: 1440 elements
overflow size: 480 elements
mapping size: 160 elements
Thread 4 local_hnsw mapping size: 160
fetch_worker start
deserialize_worker start
search_worker start=== Thread 
4 testing EF = 200 for 20 seconds ===
=== gRPC Service Parameters Debug ===
epoch: 0
rdma_base_offset: 0
serialized_meta_hnsw size: 105066 bytes
offset size: 320 elements
offset_para size: 1440 elements
overflow size: 480 elements
mapping size: 160 elements
Thread 5 local_hnsw mapping size: 160
fetch_worker start
deserialize_worker start
search_worker start
=== Thread 5 testing EF = 200 for 20 seconds ===
=== gRPC Service Parameters Debug ===
epoch: 0
rdma_base_offset: 0
serialized_meta_hnsw size: 105066 bytes
offset size: 320 elements
offset_para size: 1440 elements
overflow size: 480 elements
mapping size: 160 elements
Thread 6 local_hnsw mapping size: 160
fetch_worker start
deserialize_worker start
search_worker start=== Thread 
6 testing EF = 200 for 20 seconds ===
=== gRPC Service Parameters Debug ===
epoch: 0
rdma_base_offset: 0
serialized_meta_hnsw size: 105066 bytes
offset size: 320 elements
offset_para size: 1440 elements
overflow size: 480 elements
mapping size: 160 elements
Thread 7 local_hnsw mapping size: 160
fetch_worker start
deserialize_worker start
=== Thread search_worker start7
 testing EF = 200 for 20 seconds ===
=== gRPC Service Parameters Debug ===
epoch: 0
rdma_base_offset: 0
serialized_meta_hnsw size: 105066 bytes
offset size: 320 elements
offset_para size: 1440 elements
overflow size: 480 elements
mapping size: 160 elements
Thread 8 local_hnsw mapping size: 160
fetch_worker start
deserialize_worker start
search_worker start
=== Thread 8 testing EF = 200 for 20 seconds ===
=== gRPC Service Parameters Debug ===
epoch: 0
rdma_base_offset: 0
serialized_meta_hnsw size: 105066 bytes
offset size: 320 elements
offset_para size: 1440 elements
overflow size: 480 elements
mapping size: 160 elements
Thread 9 local_hnsw mapping size: 160
fetch_worker start
deserialize_worker start
search_worker start
=== Thread 9 testing EF = 200 for 20 seconds ===
[39m[reporter.hh:42] [Batch 0] Compute: 463,354.00 ms, Network: 99,617.00 ms, Deserialize: 527,181.00 ms, Meta Search: 2,396.00 ms, Throughput: 454.85 qps, Total Time: 732,108.00 ms
[0mThread 0 EF 200 benchmark:
  Queries executed: 333
  Avg total latency: 2198.52 us
  Avg meta search latency: 7.1952 us
  Avg compute time: 1391.45 us
  Avg network latency: 299.15 us
  Avg deserialize time: 1583.13 us
  Recall: 0.912913
  Throughput: 452.893 QPS
FRONTIER_THREAD_RESULT ef=200 thread=0 queries=333 elapsed_s=0.735272248 recall=0.912912905
[35m[search_client_pipelined_reuse_thread.cc:581] Thread 0 returns
[0m[39m[reporter.hh:42] [Batch 0] Compute: 456,485.00 ms, Network: 107,345.00 ms, Deserialize: 951,304.00 ms, Meta Search: 2,620.00 ms, Throughput: 321.37 qps, Total Time: 1,036,201.00 ms
[0mThread 7 EF 200 benchmark:
  Queries executed: 333
  Avg total latency: 3111.71 us
  Avg meta search latency: 7.86787 us
  Avg compute time: 1370.83 us
  Avg network latency: 322.357 us
  Avg deserialize time: 2856.77 us
  Recall: 0.903003
  Throughput: 320.205 QPS
FRONTIER_THREAD_RESULT ef=200 thread=7 queries=333 elapsed_s=1.039957594 recall=0.903002977
[35m[search_client_pipelined_reuse_thread.cc:581] Thread 7 returns
[0m[39m[reporter.hh:42] [Batch 0] Compute: 478,689.00 ms, Network: 110,545.00 ms, Deserialize: 947,460.00 ms, Meta Search: 2,650.00 ms, Throughput: 311.20 qps, Total Time: 1,070,062.00 ms
[0mThread 5 EF 200 benchmark:
  Queries executed: 333
  Avg total latency: 3213.4 us
  Avg meta search latency: 7.95796 us
  Avg compute time: 1437.5 us
  Avg network latency: 331.967 us
  Avg deserialize time: 2845.23 us
  Recall: 0.901501
  Throughput: 310.211 QPS
FRONTIER_THREAD_RESULT ef=200 thread=5 queries=333 elapsed_s=1.073461283 recall=0.901501477
[35m[search_client_pipelined_reuse_thread.cc:581] Thread 5 returns
[0m[39m[reporter.hh:42] [Batch 0] Compute: 1,076,895.00 ms, Network: 101,129.00 ms, Deserialize: 963,829.00 ms, Meta Search: 2,828.00 ms, Throughput: 200.74 qps, Total Time: 1,658,840.00 ms
[0mThread 4 EF 200 benchmark:
  Queries executed: 333
  Avg total latency: 4981.5 us
  Avg meta search latency: 8.49249 us
  Avg compute time: 3233.92 us
  Avg network latency: 303.691 us
  Avg deserialize time: 2894.38 us
  Recall: 0.902703
  Throughput: 200.331 QPS
FRONTIER_THREAD_RESULT ef=200 thread=4 queries=333 elapsed_s=1.662253021 recall=0.902702689
[35m[search_client_pipelined_reuse_thread.cc:581] Thread 4 returns
[0m[39m[reporter.hh:42] [Batch 0] Compute: 4,889,096.00 ms, Network: 5,064,381.00 ms, Deserialize: 849,280.00 ms, Meta Search: 7,544.00 ms, Throughput: 32.70 qps, Total Time: 10,274,860.00 ms
[0mThread 9 EF 200 benchmark:
  Queries executed: 336
  Avg total latency: 30579.9 us
  Avg meta search latency: 22.4524 us
  Avg compute time: 14550.9 us
  Avg network latency: 15072.6 us
  Avg deserialize time: 2527.62 us
  Recall: 0.900893
  Throughput: 32.6897 QPS
FRONTIER_THREAD_RESULT ef=200 thread=9 queries=336 elapsed_s=10.278477612 recall=0.900892854
[35m[search_client_pipelined_reuse_thread.cc:581] Thread 9 returns
[0m[39m[reporter.hh:42] [Batch 0] Compute: 5,246,477.00 ms, Network: 5,263,592.00 ms, Deserialize: 468,898.00 ms, Meta Search: 2,635.00 ms, Throughput: 31.56 qps, Total Time: 10,550,855.00 ms
[0mThread 3 EF 200 benchmark:
  Queries executed: 333
  Avg total latency: 31684.2 us
  Avg meta search latency: 7.91291 us
  Avg compute time: 15755.2 us
  Avg network latency: 15806.6 us
  Avg deserialize time: 1408.1 us
  Recall: 0.928529
  Throughput: 31.5552 QPS
FRONTIER_THREAD_RESULT ef=200 thread=3 queries=333 elapsed_s=10.552938784 recall=0.928528547
[35m[search_client_pipelined_reuse_thread.cc:581] Thread 3 returns
[0m[39m[reporter.hh:42] [Batch 0] Compute: 5,294,283.00 ms, Network: 5,253,076.00 ms, Deserialize: 445,147.00 ms, Meta Search: 2,714.00 ms, Throughput: 31.42 qps, Total Time: 10,598,855.00 ms
[0mThread 1 EF 200 benchmark:
  Queries executed: 333
  Avg total latency: 31828.4 us
  Avg meta search latency: 8.15015 us
  Avg compute time: 15898.7 us
  Avg network latency: 15775 us
  Avg deserialize time: 1336.78 us
  Recall: 0.913514
  Throughput: 31.4123 QPS
FRONTIER_THREAD_RESULT ef=200 thread=1 queries=333 elapsed_s=10.600951843 recall=0.913513541
[35m[search_client_pipelined_reuse_thread.cc:581] Thread 1 returns
[0m[39m[reporter.hh:42] [Batch 0] Compute: 5,292,929.00 ms, Network: 5,255,836.00 ms, Deserialize: 455,106.00 ms, Meta Search: 2,620.00 ms, Throughput: 31.38 qps, Total Time: 10,610,853.00 ms
[0mThread 2 EF 200 benchmark:
  Queries executed: 333
  Avg total latency: 31864.4 us
  Avg meta search latency: 7.86787 us
  Avg compute time: 15894.7 us
  Avg network latency: 15783.3 us
  Avg deserialize time: 1366.68 us
  Recall: 0.901501
  Throughput: 31.3768 QPS
FRONTIER_THREAD_RESULT ef=200 thread=2 queries=333 elapsed_s=10.612936321 recall=0.901501477
[35m[search_client_pipelined_reuse_thread.cc:581] Thread 2 returns
[0m[39m[reporter.hh:42] [Batch 0] Compute: 5,321,956.00 ms, Network: 5,216,787.00 ms, Deserialize: 761,089.00 ms, Meta Search: 2,731.00 ms, Throughput: 31.10 qps, Total Time: 10,706,853.00 ms
[0mThread 8 EF 200 benchmark:
  Queries executed: 333
  Avg total latency: 32152.7 us
  Avg meta search latency: 8.2012 us
  Avg compute time: 15981.8 us
  Avg network latency: 15666 us
  Avg deserialize time: 2285.55 us
  Recall: 0.906907
  Throughput: 31.0919 QPS
FRONTIER_THREAD_RESULT ef=200 thread=8 queries=333 elapsed_s=10.710194789 recall=0.906906903
[35m[search_client_pipelined_reuse_thread.cc:581] Thread 8 returns
[0m[39m[reporter.hh:42] [Batch 0] Compute: 5,205,888.00 ms, Network: 13,736,257.00 ms, Deserialize: 751,093.00 ms, Meta Search: 2,640.00 ms, Throughput: 17.44 qps, Total Time: 19,090,852.00 ms
[0mThread 6 EF 200 benchmark:
  Queries executed: 333
  Avg total latency: 57329.9 us
  Avg meta search latency: 7.92793 us
  Avg compute time: 15633.3 us
  Avg network latency: 41250 us
  Avg deserialize time: 2255.53 us
  Recall: 0.914715
  Throughput: 17.4397 QPS
FRONTIER_THREAD_RESULT ef=200 thread=6 queries=333 elapsed_s=19.094341139 recall=0.914714694
[35m[search_client_pipelined_reuse_thread.cc:581] Thread 6 returns
[0mEF: 200
Thread 0 recall: 0.912913
Thread 0 latency: 2198.52
Thread 0 network latency: 299.15
Thread 0 duration_meta_search: 7.1952
Thread 0 compute time: 1391.45
Thread 1 recall: 0.913514
Thread 1 latency: 31828.4
Thread 1 network latency: 15775
Thread 1 duration_meta_search: 8.15015
Thread 1 compute time: 15898.7
Thread 2 recall: 0.901501
Thread 2 latency: 31864.4
Thread 2 network latency: 15783.3
Thread 2 duration_meta_search: 7.86787
Thread 2 compute time: 15894.7
Thread 3 recall: 0.928529
Thread 3 latency: 31684.2
Thread 3 network latency: 15806.6
Thread 3 duration_meta_search: 7.91291
Thread 3 compute time: 15755.2
Thread 4 recall: 0.902703
Thread 4 latency: 4981.5
Thread 4 network latency: 303.691
Thread 4 duration_meta_search: 8.49249
Thread 4 compute time: 3233.92
Thread 5 recall: 0.901501
Thread 5 latency: 3213.4
Thread 5 network latency: 331.967
Thread 5 duration_meta_search: 7.95796
Thread 5 compute time: 1437.5
Thread 6 recall: 0.914715
Thread 6 latency: 57329.9
Thread 6 network latency: 41250
Thread 6 duration_meta_search: 7.92793
Thread 6 compute time: 15633.3
Thread 7 recall: 0.903003
Thread 7 latency: 3111.71
Thread 7 network latency: 322.357
Thread 7 duration_meta_search: 7.86787
Thread 7 compute time: 1370.83
Thread 8 recall: 0.906907
Thread 8 latency: 32152.7
Thread 8 network latency: 15666
Thread 8 duration_meta_search: 8.2012
Thread 8 compute time: 15981.8
Thread 9 recall: 0.900893
Thread 9 latency: 30579.9
Thread 9 network latency: 15072.6
Thread 9 duration_meta_search: 22.4524
Thread 9 compute time: 14550.9
