============================================================
                        SERVER
============================================================
num clients:                  1
TCP port:                     21097
IB port:                      1
max outstanding CQEs:         16
max send work requests:       1024
max receive work requests:    1024
============================================================
index region bytes:           4294967296
2 device(s) found
Selected device: mlx5_1 (idx=1)
Link layer: Ethernet (RoCE), using GID index 3 (local IPv4 10.0.0.65)
num_cores: 80
physical cores per socket: 20
hyperthreading enabled
interleaved policy
pairing: 20476 -- 16263
[STATUS]: pinned main thread to core 20
[STATUS]: query QP/CQ contexts per compute node=16
[STATUS]: LAVD neighborhood region: resolved bytes=4294967296
allocation size: 4294967296
allocated ALIGNED MEM (no hugepage) at 140035832619072 with buffer size 4294967296
allocated ALIGNED MEM (no hugepage) at 140031537647680 with buffer size 4294967296
[STATUS]: LAVD neighborhood region: allocated bytes=4294967296
[STATUS]: register memory and distribute access token
[STATUS]: LAVD neighborhood region: registered bytes=4294967296
[STATUS]: connect QPs of compute threads
pairing: 20477 -- 16264
pairing: 20478 -- 16265
pairing: 20479 -- 16266
pairing: 20480 -- 16267
pairing: 20481 -- 16268
pairing: 20482 -- 16269
pairing: 20483 -- 16270
pairing: 20484 -- 16271
pairing: 20485 -- 16272
pairing: 20486 -- 16273
pairing: 20487 -- 16274
pairing: 20488 -- 16275
pairing: 20489 -- 16276
pairing: 20490 -- 16277
pairing: 20491 -- 16278
pairing: 20492 -- 16279
[STATUS]: idle: index construction
[STATUS]: loading index (800573128 Bytes) from /home/kvgroup/chaomei/hnsw-data/sift1m/dump/index_m16_efc100_node1_of1.dat
[STATUS]: query processing
[STATUS]: idle: queries
