============================================================
                        SERVER
============================================================
num clients:                  1
TCP port:                     1300
IB port:                      1
max outstanding CQEs:         16
max send work requests:       1024
max receive work requests:    1024
============================================================
index region bytes:           4294967296
2 device(s) found
Selected device: mlx5_1 (idx=1)
Link layer: Ethernet (RoCE), using GID index 3 (local IPv4 10.0.0.63)
num_cores: 80
physical cores per socket: 20
hyperthreading enabled
interleaved policy
pairing: 12394 -- 187814
[STATUS]: pinned main thread to core 20
[STATUS]: query QP/CQ contexts per compute node=10
[STATUS]: LAVD neighborhood region: resolved bytes=9663676416
allocation size: 4294967296
allocated ALIGNED MEM (no hugepage) at 140155601952832 with buffer size 4294967296
allocated ALIGNED MEM (no hugepage) at 140145938272320 with buffer size 9663676416
[STATUS]: LAVD neighborhood region: allocated bytes=9663676416
[STATUS]: register memory and distribute access token
[STATUS]: LAVD neighborhood region: registered bytes=9663676416
[STATUS]: connect QPs of compute threads
pairing: 12395 -- 187815
pairing: 12396 -- 187816
pairing: 12397 -- 187817
pairing: 12398 -- 187818
pairing: 12399 -- 187819
pairing: 12400 -- 187820
pairing: 12401 -- 187821
pairing: 12402 -- 187822
pairing: 12403 -- 187823
pairing: 12404 -- 187824
[STATUS]: idle: index construction
[STATUS]: loading index (4128573128 Bytes) from /home/kvgroup/chaomei/hnsw-data/gist1m/dump/index_m16_efc100_node1_of1.dat
[STATUS]: query processing
[STATUS]: idle: queries
	Command being timed: "/home/kvgroup/chaomei/graphbeyond-vldb-closure-20260713/build-final-v5/shine --is-server --num-clients 1 --port 1300 --index-region-bytes 4294967296"
	User time (seconds): 49.34
	System time (seconds): 7.91
	Percent of CPU this job got: 92%
	Elapsed (wall clock) time (h:mm:ss or m:ss): 1:02.01
	Average shared text size (kbytes): 0
	Average unshared data size (kbytes): 0
	Average stack size (kbytes): 0
	Average total size (kbytes): 0
	Maximum resident set size (kbytes): 13646796
	Average resident set size (kbytes): 0
	Major (requiring I/O) page faults: 0
	Minor (reclaiming a frame) page faults: 3410599
	Voluntary context switches: 427
	Involuntary context switches: 5985
	Swaps: 0
	File system inputs: 0
	File system outputs: 56
	Socket messages sent: 0
	Socket messages received: 0
	Signals delivered: 0
	Page size (bytes): 4096
	Exit status: 0
