query_data_path: ../datasets/deep1M/deep1M_query.fvecs
Reading from vector 1 to -1
Seekg position: 0 bytes
Each vector size: 388 bytes (dim=96)
Reading 3333 vectors
Reading 3333 vectors
QUERY_GT_SHAPE query_rows=3333 ground_truth_rows=3333 query_rows_per_ground_truth=1
original_n_query_data = 3333
sampling_mod = 1, sampling_count = 0
query_data.size(): 319968
ground_truth.size(): 333300
FRONTIER_QUERY_POOL total_queries=3333 threads=10 top_k=10 fixed=1
queries_per_thread: 333
ground_truth.size(): 333300
Using physical cores only (skipping hyperthreads)
[35m[search_client_pipelined_reuse_thread.cc:234] Thread 0 fetch QP authentication key: 1953443376
[0m[35m[search_client_pipelined_reuse_thread.cc:238] Thread 0 RDMA resources initialized
[0m[35m[search_client_pipelined_reuse_thread.cc:234] Thread 1 fetch QP authentication key: 1237379107
[0m[35m[search_client_pipelined_reuse_thread.cc:238] Thread 1 RDMA resources initialized
[0m[35m[search_client_pipelined_reuse_thread.cc:234] Thread 2 fetch QP authentication key: 588219756
[0m[35m[search_client_pipelined_reuse_thread.cc:238] Thread 2 RDMA resources initialized
[0m[35m[search_client_pipelined_reuse_thread.cc:234] Thread 3 fetch QP authentication key: 995706887
[0m[35m[search_client_pipelined_reuse_thread.cc:238] Thread 3 RDMA resources initialized
[0m[35m[search_client_pipelined_reuse_thread.cc:234] Thread 4 fetch QP authentication key: 625032172
[0m[35m[search_client_pipelined_reuse_thread.cc:238] Thread 4 RDMA resources initialized
[0m[35m[search_client_pipelined_reuse_thread.cc:234] Thread 5 fetch QP authentication key: 1562402336
[0m[35m[search_client_pipelined_reuse_thread.cc:238] Thread 5 RDMA resources initialized
[0m[35m[search_client_pipelined_reuse_thread.cc:234] Thread 6 fetch QP authentication key: 1295166342
[0m[35m[search_client_pipelined_reuse_thread.cc:238] Thread 6 RDMA resources initialized
[0m[35m[search_client_pipelined_reuse_thread.cc:234] Thread 7 fetch QP authentication key: 1555319301
[0m[35m[search_client_pipelined_reuse_thread.cc:238] Thread 7 RDMA resources initialized
[0m[35m[search_client_pipelined_reuse_thread.cc:234] Thread 8 fetch QP authentication key: 1070575321
[0m[35m[search_client_pipelined_reuse_thread.cc:238] Thread 8 RDMA resources initialized
[0m[35m[search_client_pipelined_reuse_thread.cc:234] Thread 9 fetch QP authentication key: 774044599
[0m[35m[search_client_pipelined_reuse_thread.cc:238] Thread 9 RDMA resources initialized
[0m=== gRPC Service Parameters Debug ===
epoch: 0
rdma_base_offset: 0
serialized_meta_hnsw size: 105066 bytes
offset size: 320 elements
offset_para size: 1440 elements
overflow size: 480 elements
mapping size: 160 elements
Thread 0 local_hnsw mapping size: 160
fetch_worker start
deserialize_worker start
=== Thread 0 testing EF = 200 for 20 seconds ===search_worker start

=== gRPC Service Parameters Debug ===
epoch: 0
rdma_base_offset: 0
serialized_meta_hnsw size: 105066 bytes
offset size: 320 elements
offset_para size: 1440 elements
overflow size: 480 elements
mapping size: 160 elements
Thread 1 local_hnsw mapping size: 160
fetch_worker start
deserialize_worker start
=== Thread 1 testing EF = 200 for 20 seconds ===
search_worker start
=== gRPC Service Parameters Debug ===
epoch: 0
rdma_base_offset: 0
serialized_meta_hnsw size: 105066 bytes
offset size: 320 elements
offset_para size: 1440 elements
overflow size: 480 elements
mapping size: 160 elements
Thread 2 local_hnsw mapping size: 160
fetch_worker start
deserialize_worker start
=== Thread 2 testing EF = 200 for 20 seconds ===
search_worker start
=== gRPC Service Parameters Debug ===
epoch: 0
rdma_base_offset: 0
serialized_meta_hnsw size: 105066 bytes
offset size: 320 elements
offset_para size: 1440 elements
overflow size: 480 elements
mapping size: 160 elements
Thread 3 local_hnsw mapping size: 160
fetch_worker start
deserialize_worker start
=== Thread 3 testing EF = 200 for 20 seconds ===
search_worker start
=== gRPC Service Parameters Debug ===
epoch: 0
rdma_base_offset: 0
serialized_meta_hnsw size: 105066 bytes
offset size: 320 elements
offset_para size: 1440 elements
overflow size: 480 elements
mapping size: 160 elements
Thread 4 local_hnsw mapping size: 160
fetch_worker start
deserialize_worker start
=== Thread 4 testing EF = 200 for 20 seconds ===
search_worker start
=== gRPC Service Parameters Debug ===
epoch: 0
rdma_base_offset: 0
serialized_meta_hnsw size: 105066 bytes
offset size: 320 elements
offset_para size: 1440 elements
overflow size: 480 elements
mapping size: 160 elements
Thread 5 local_hnsw mapping size: 160
fetch_worker start
deserialize_worker start
search_worker start
=== Thread 5 testing EF = 200 for 20 seconds ===
=== gRPC Service Parameters Debug ===
epoch: 0
rdma_base_offset: 0
serialized_meta_hnsw size: 105066 bytes
offset size: 320 elements
offset_para size: 1440 elements
overflow size: 480 elements
mapping size: 160 elements
Thread 6 local_hnsw mapping size: 160
fetch_worker start
deserialize_worker start
=== Thread 6 testing EF = 200 for 20 seconds ===
search_worker start
=== gRPC Service Parameters Debug ===
epoch: 0
rdma_base_offset: 0
serialized_meta_hnsw size: 105066 bytes
offset size: 320 elements
offset_para size: 1440 elements
overflow size: 480 elements
mapping size: 160 elements
Thread 7 local_hnsw mapping size: 160
fetch_worker start
deserialize_worker start
=== Thread 7 testing EF = 200 for 20 seconds ===
search_worker start
=== gRPC Service Parameters Debug ===
epoch: 0
rdma_base_offset: 0
serialized_meta_hnsw size: 105066 bytes
offset size: 320 elements
offset_para size: 1440 elements
overflow size: 480 elements
mapping size: 160 elements
Thread 8 local_hnsw mapping size: 160
fetch_worker start
deserialize_worker start
=== Thread 8 testing EF = 200 for 20 seconds ===
search_worker start
=== gRPC Service Parameters Debug ===
epoch: 0
rdma_base_offset: 0
serialized_meta_hnsw size: 105066 bytes
offset size: 320 elements
offset_para size: 1440 elements
overflow size: 480 elements
mapping size: 160 elements
Thread 9 local_hnsw mapping size: 160
fetch_worker start
deserialize_worker start
search_worker start
=== Thread 9 testing EF = 200 for 20 seconds ===
[39m[reporter.hh:42] [Batch 0] Compute: 515,469.00 ms, Network: 112,745.00 ms, Deserialize: 641,839.00 ms, Meta Search: 4,806.00 ms, Throughput: 422.24 qps, Total Time: 788,653.00 ms
[0mThread 2 EF 200 benchmark:
  Queries executed: 333
  Avg total latency: 2368.33 us
  Avg meta search latency: 14.4324 us
  Avg compute time: 1547.95 us
  Avg network latency: 338.574 us
  Avg deserialize time: 1927.44 us
  Recall: 0.895195
  Throughput: 420.197 QPS
FRONTIER_THREAD_RESULT ef=200 thread=2 queries=333 elapsed_s=0.792485980 recall=0.895195186
[35m[search_client_pipelined_reuse_thread.cc:581] Thread 2 returns
[0m[39m[reporter.hh:42] [Batch 0] Compute: 427,444.00 ms, Network: 106,878.00 ms, Deserialize: 692,703.00 ms, Meta Search: 6,630.00 ms, Throughput: 372.97 qps, Total Time: 892,843.00 ms
[0mThread 8 EF 200 benchmark:
  Queries executed: 333
  Avg total latency: 2681.21 us
  Avg meta search latency: 19.9099 us
  Avg compute time: 1283.62 us
  Avg network latency: 320.955 us
  Avg deserialize time: 2080.19 us
  Recall: 0.906907
  Throughput: 371.483 QPS
FRONTIER_THREAD_RESULT ef=200 thread=8 queries=333 elapsed_s=0.896407755 recall=0.906906903
[35m[search_client_pipelined_reuse_thread.cc:581] Thread 8 returns
[0m[39m[reporter.hh:42] [Batch 0] Compute: 573,744.00 ms, Network: 103,169.00 ms, Deserialize: 661,100.00 ms, Meta Search: 6,244.00 ms, Throughput: 328.71 qps, Total Time: 1,013,049.00 ms
[0mThread 4 EF 200 benchmark:
  Queries executed: 333
  Avg total latency: 3042.19 us
  Avg meta search latency: 18.7508 us
  Avg compute time: 1722.95 us
  Avg network latency: 309.817 us
  Avg deserialize time: 1985.29 us
  Recall: 0.927928
  Throughput: 327.571 QPS
FRONTIER_THREAD_RESULT ef=200 thread=4 queries=333 elapsed_s=1.016573969 recall=0.927927911
[35m[search_client_pipelined_reuse_thread.cc:581] Thread 4 returns
[0m[39m[reporter.hh:42] [Batch 0] Compute: 5,241,023.00 ms, Network: 6,249,697.00 ms, Deserialize: 747,808.00 ms, Meta Search: 4,849.00 ms, Throughput: 28.57 qps, Total Time: 11,657,064.00 ms
[0mThread 5 EF 200 benchmark:
  Queries executed: 333
  Avg total latency: 35006.2 us
  Avg meta search latency: 14.5616 us
  Avg compute time: 15738.8 us
  Avg network latency: 18767.9 us
  Avg deserialize time: 2245.67 us
  Recall: 0.918619
  Throughput: 28.5553 QPS
FRONTIER_THREAD_RESULT ef=200 thread=5 queries=333 elapsed_s=11.661586925 recall=0.918618619
[35m[search_client_pipelined_reuse_thread.cc:581] Thread 5 returns
[0m[39m[reporter.hh:42] [Batch 0] Compute: 5,380,754.00 ms, Network: 6,274,031.00 ms, Deserialize: 719,889.00 ms, Meta Search: 6,766.00 ms, Throughput: 28.06 qps, Total Time: 11,869,051.00 ms
[0mThread 6 EF 200 benchmark:
  Queries executed: 333
  Avg total latency: 35642.8 us
  Avg meta search latency: 20.3183 us
  Avg compute time: 16158.4 us
  Avg network latency: 18840.9 us
  Avg deserialize time: 2161.83 us
  Recall: 0.91021
  Throughput: 28.0473 QPS
FRONTIER_THREAD_RESULT ef=200 thread=6 queries=333 elapsed_s=11.872797950 recall=0.910210192
[35m[search_client_pipelined_reuse_thread.cc:581] Thread 6 returns
[0m[39m[reporter.hh:42] [Batch 0] Compute: 5,608,007.00 ms, Network: 6,381,873.00 ms, Deserialize: 517,276.00 ms, Meta Search: 6,689.00 ms, Throughput: 27.53 qps, Total Time: 12,097,068.00 ms
[0mThread 0 EF 200 benchmark:
  Queries executed: 333
  Avg total latency: 36327.5 us
  Avg meta search latency: 20.0871 us
  Avg compute time: 16840.9 us
  Avg network latency: 19164.8 us
  Avg deserialize time: 1553.38 us
  Recall: 0.914715
  Throughput: 27.5193 QPS
FRONTIER_THREAD_RESULT ef=200 thread=0 queries=333 elapsed_s=12.100610806 recall=0.914714694
[35m[search_client_pipelined_reuse_thread.cc:581] Thread 0 returns
[0m[39m[reporter.hh:42] [Batch 0] Compute: 5,358,890.00 ms, Network: 14,862,247.00 ms, Deserialize: 501,233.00 ms, Meta Search: 6,656.00 ms, Throughput: 16.37 qps, Total Time: 20,345,042.00 ms
[0m[39m[reporter.hh:42] [Batch 0] Compute: 5,289,548.00 ms, Network: 14,813,980.00 ms, Deserialize: 668,424.00 ms, Meta Search: 8,276.00 ms, Throughput: 16.52 qps, Total Time: 20,345,078.00 ms
[0mThread 3 EF 200 benchmark:
  Queries executed: 333
  Avg total latency: 61096.2 us
  Avg meta search latency: 19.988 us
  Avg compute time: 16092.8 us
  Avg network latency: 44631.4 us
  Avg deserialize time: 1505.2 us
  Recall: 0.915015
  Throughput: 16.3655 QPS
FRONTIER_THREAD_RESULT ef=200 thread=3 queries=333 elapsed_s=20.347695839 recall=0.915015042
[35m[search_client_pipelined_reuse_thread.cc:581] Thread 3 returns
[0mThread 9 EF 200 benchmark:
  Queries executed: 336
  Avg total latency: 60550.8 us
  Avg meta search latency: 24.631 us
  Avg compute time: 15742.7 us
  Avg network latency: 44089.2 us
  Avg deserialize time: 1989.36 us
  Recall: 0.903274
  Throughput: 16.5092 QPS
FRONTIER_THREAD_RESULT ef=200 thread=9 queries=336 elapsed_s=20.352228954 recall=0.903273821
[35m[search_client_pipelined_reuse_thread.cc:581] Thread 9 returns
[0m[39m[reporter.hh:42] [Batch 0] Compute: 5,354,746.00 ms, Network: 14,843,705.00 ms, Deserialize: 735,838.00 ms, Meta Search: 6,573.00 ms, Throughput: 16.28 qps, Total Time: 20,453,066.00 ms
[0mThread 7 EF 200 benchmark:
  Queries executed: 333
  Avg total latency: 61420.6 us
  Avg meta search latency: 19.7387 us
  Avg compute time: 16080.3 us
  Avg network latency: 44575.7 us
  Avg deserialize time: 2209.72 us
  Recall: 0.904504
  Throughput: 16.2772 QPS
FRONTIER_THREAD_RESULT ef=200 thread=7 queries=333 elapsed_s=20.458048691 recall=0.904504478
[35m[search_client_pipelined_reuse_thread.cc:581] Thread 7 returns
[0m[39m[reporter.hh:42] [Batch 0] Compute: 5,064,667.00 ms, Network: 23,415,264.00 ms, Deserialize: 564,046.00 ms, Meta Search: 6,771.00 ms, Throughput: 11.71 qps, Total Time: 28,433,057.00 ms
[0mThread 1 EF 200 benchmark:
  Queries executed: 333
  Avg total latency: 85384.6 us
  Avg meta search latency: 20.3333 us
  Avg compute time: 15209.2 us
  Avg network latency: 70316.1 us
  Avg deserialize time: 1693.83 us
  Recall: 0.912913
  Throughput: 11.7103 QPS
FRONTIER_THREAD_RESULT ef=200 thread=1 queries=333 elapsed_s=28.436472866 recall=0.912912905
[35m[search_client_pipelined_reuse_thread.cc:581] Thread 1 returns
[0mEF: 200
Thread 0 recall: 0.914715
Thread 0 latency: 36327.5
Thread 0 network latency: 19164.8
Thread 0 duration_meta_search: 20.0871
Thread 0 compute time: 16840.9
Thread 1 recall: 0.912913
Thread 1 latency: 85384.6
Thread 1 network latency: 70316.1
Thread 1 duration_meta_search: 20.3333
Thread 1 compute time: 15209.2
Thread 2 recall: 0.895195
Thread 2 latency: 2368.33
Thread 2 network latency: 338.574
Thread 2 duration_meta_search: 14.4324
Thread 2 compute time: 1547.95
Thread 3 recall: 0.915015
Thread 3 latency: 61096.2
Thread 3 network latency: 44631.4
Thread 3 duration_meta_search: 19.988
Thread 3 compute time: 16092.8
Thread 4 recall: 0.927928
Thread 4 latency: 3042.19
Thread 4 network latency: 309.817
Thread 4 duration_meta_search: 18.7508
Thread 4 compute time: 1722.95
Thread 5 recall: 0.918619
Thread 5 latency: 35006.2
Thread 5 network latency: 18767.9
Thread 5 duration_meta_search: 14.5616
Thread 5 compute time: 15738.8
Thread 6 recall: 0.91021
Thread 6 latency: 35642.8
Thread 6 network latency: 18840.9
Thread 6 duration_meta_search: 20.3183
Thread 6 compute time: 16158.4
Thread 7 recall: 0.904504
Thread 7 latency: 61420.6
Thread 7 network latency: 44575.7
Thread 7 duration_meta_search: 19.7387
Thread 7 compute time: 16080.3
Thread 8 recall: 0.906907
Thread 8 latency: 2681.21
Thread 8 network latency: 320.955
Thread 8 duration_meta_search: 19.9099
Thread 8 compute time: 1283.62
Thread 9 recall: 0.903274
Thread 9 latency: 60550.8
Thread 9 network latency: 44089.2
Thread 9 duration_meta_search: 24.631
Thread 9 compute time: 15742.7
