============================================================
                        SERVER
============================================================
num clients:                  1
TCP port:                     21112
IB port:                      1
max outstanding CQEs:         16
max send work requests:       1024
max receive work requests:    1024
============================================================
index region bytes:           4294967296
2 device(s) found
Selected device: mlx5_1 (idx=1)
Link layer: Ethernet (RoCE), using GID index 3 (local IPv4 10.0.0.65)
num_cores: 80
physical cores per socket: 20
hyperthreading enabled
interleaved policy
pairing: 20731 -- 16518
[STATUS]: pinned main thread to core 20
[STATUS]: query QP/CQ contexts per compute node=16
[STATUS]: LAVD neighborhood region: resolved bytes=4294967296
allocation size: 4294967296
allocated ALIGNED MEM (no hugepage) at 139729240363072 with buffer size 4294967296
allocated ALIGNED MEM (no hugepage) at 139724945391680 with buffer size 4294967296
[STATUS]: LAVD neighborhood region: allocated bytes=4294967296
[STATUS]: register memory and distribute access token
[STATUS]: LAVD neighborhood region: registered bytes=4294967296
[STATUS]: connect QPs of compute threads
pairing: 20732 -- 16519
pairing: 20733 -- 16520
pairing: 20734 -- 16521
pairing: 20735 -- 16522
pairing: 20736 -- 16523
pairing: 20737 -- 16524
pairing: 20738 -- 16525
pairing: 20739 -- 16526
pairing: 20740 -- 16527
pairing: 20741 -- 16528
pairing: 20742 -- 16529
pairing: 20743 -- 16530
pairing: 20744 -- 16531
pairing: 20745 -- 16532
pairing: 20746 -- 16533
pairing: 20747 -- 16534
[STATUS]: idle: index construction
[STATUS]: loading index (800573128 Bytes) from /home/kvgroup/chaomei/hnsw-data/sift1m/dump/index_m16_efc100_node1_of1.dat
[STATUS]: query processing
[STATUS]: idle: queries
