============================================================
                        SERVER
============================================================
num clients:                  1
TCP port:                     21022
IB port:                      1
max outstanding CQEs:         16
max send work requests:       1024
max receive work requests:    1024
============================================================
index region bytes:           4294967296
2 device(s) found
Selected device: mlx5_1 (idx=1)
Link layer: Ethernet (RoCE), using GID index 3 (local IPv4 10.0.0.65)
num_cores: 80
physical cores per socket: 20
hyperthreading enabled
interleaved policy
pairing: 19201 -- 14988
[STATUS]: pinned main thread to core 20
[STATUS]: query QP/CQ contexts per compute node=16
[STATUS]: LAVD neighborhood region: resolved bytes=4294967296
allocation size: 4294967296
allocated ALIGNED MEM (no hugepage) at 140186493960256 with buffer size 4294967296
allocated ALIGNED MEM (no hugepage) at 140182198988864 with buffer size 4294967296
[STATUS]: LAVD neighborhood region: allocated bytes=4294967296
[STATUS]: register memory and distribute access token
[STATUS]: LAVD neighborhood region: registered bytes=4294967296
[STATUS]: connect QPs of compute threads
pairing: 19202 -- 14989
pairing: 19203 -- 14990
pairing: 19204 -- 14991
pairing: 19205 -- 14992
pairing: 19206 -- 14993
pairing: 19207 -- 14994
pairing: 19208 -- 14995
pairing: 19209 -- 14996
pairing: 19210 -- 14997
pairing: 19211 -- 14998
pairing: 19212 -- 14999
pairing: 19213 -- 15000
pairing: 19214 -- 15001
pairing: 19215 -- 15002
pairing: 19216 -- 15003
pairing: 19217 -- 15004
[STATUS]: idle: index construction
[STATUS]: loading index (672573128 Bytes) from /home/kvgroup/chaomei/hnsw-data/deep1m/dump/index_m16_efc100_node1_of1.dat
[STATUS]: query processing
[STATUS]: idle: queries
