============================================================
                        SERVER
============================================================
num clients:                  1
TCP port:                     21150
IB port:                      1
max outstanding CQEs:         16
max send work requests:       1024
max receive work requests:    1024
============================================================
index region bytes:           8589934592
2 device(s) found
Selected device: mlx5_1 (idx=1)
Link layer: Ethernet (RoCE), using GID index 3 (local IPv4 10.0.0.65)
num_cores: 80
physical cores per socket: 20
hyperthreading enabled
interleaved policy
pairing: 21377 -- 17164
[STATUS]: pinned main thread to core 20
[STATUS]: query QP/CQ contexts per compute node=16
[STATUS]: LAVD neighborhood region: resolved bytes=8589934592
allocation size: 8589934592
allocated ALIGNED MEM (no hugepage) at 140283481456704 with buffer size 8589934592
allocated ALIGNED MEM (no hugepage) at 140274891518016 with buffer size 8589934592
[STATUS]: LAVD neighborhood region: allocated bytes=8589934592
[STATUS]: register memory and distribute access token
[STATUS]: LAVD neighborhood region: registered bytes=8589934592
[STATUS]: connect QPs of compute threads
pairing: 21378 -- 17165
pairing: 21379 -- 17166
pairing: 21380 -- 17167
pairing: 21381 -- 17168
pairing: 21382 -- 17169
pairing: 21383 -- 17170
pairing: 21384 -- 17171
pairing: 21385 -- 17172
pairing: 21386 -- 17173
pairing: 21387 -- 17174
pairing: 21388 -- 17175
pairing: 21389 -- 17176
pairing: 21390 -- 17177
pairing: 21391 -- 17178
pairing: 21392 -- 17179
pairing: 21393 -- 17180
[STATUS]: idle: index construction
[STATUS]: loading index (4128573128 Bytes) from /home/kvgroup/chaomei/hnsw-data/gist1m/dump/index_m16_efc100_node1_of1.dat
[STATUS]: query processing
[STATUS]: idle: queries
