query_data_path: ../datasets/gist/gist_query.fvecs
Reading from vector 1 to -1
Seekg position: 0 bytes
Each vector size: 3844 bytes (dim=960)
Reading 1000 vectors
Reading 1000 vectors
QUERY_GT_SHAPE query_rows=1000 ground_truth_rows=1000 query_rows_per_ground_truth=1
original_n_query_data = 1000
sampling_mod = 1, sampling_count = 0
query_data.size(): 960000
ground_truth.size(): 100000
FRONTIER_QUERY_POOL total_queries=1000 threads=10 top_k=10 fixed=1
queries_per_thread: 100
ground_truth.size(): 100000
Using physical cores only (skipping hyperthreads)
[35m[search_client_pipelined_reuse_thread.cc:234] Thread 0 fetch QP authentication key: 1734575198
[0m[35m[search_client_pipelined_reuse_thread.cc:238] Thread 0 RDMA resources initialized
[0m[35m[search_client_pipelined_reuse_thread.cc:234] Thread 1 fetch QP authentication key: 1973594324
[0m[35m[search_client_pipelined_reuse_thread.cc:238] Thread 1 RDMA resources initialized
[0m[35m[search_client_pipelined_reuse_thread.cc:234] Thread 2 fetch QP authentication key: 149798315
[0m[35m[search_client_pipelined_reuse_thread.cc:238] Thread 2 RDMA resources initialized
[0m[35m[search_client_pipelined_reuse_thread.cc:234] Thread 3 fetch QP authentication key: 2038664370
[0m[35m[search_client_pipelined_reuse_thread.cc:238] Thread 3 RDMA resources initialized
[0m[35m[search_client_pipelined_reuse_thread.cc:234] Thread 4 fetch QP authentication key: 1129566413
[0m[35m[search_client_pipelined_reuse_thread.cc:238] Thread 4 RDMA resources initialized
[0m[35m[search_client_pipelined_reuse_thread.cc:234] Thread 5 fetch QP authentication key: 184803526
[0m[35m[search_client_pipelined_reuse_thread.cc:238] Thread 5 RDMA resources initialized
[0m[35m[search_client_pipelined_reuse_thread.cc:234] Thread 6 fetch QP authentication key: 412776091
[0m[35m[search_client_pipelined_reuse_thread.cc:238] Thread 6 RDMA resources initialized
[0m[35m[search_client_pipelined_reuse_thread.cc:234] Thread 7 fetch QP authentication key: 1424268980
[0m[35m[search_client_pipelined_reuse_thread.cc:238] Thread 7 RDMA resources initialized
[0m[35m[search_client_pipelined_reuse_thread.cc:234] Thread 8 fetch QP authentication key: 1911759956
[0m[35m[search_client_pipelined_reuse_thread.cc:238] Thread 8 RDMA resources initialized
[0m[35m[search_client_pipelined_reuse_thread.cc:234] Thread 9 fetch QP authentication key: 749241873
[0m[35m[search_client_pipelined_reuse_thread.cc:238] Thread 9 RDMA resources initialized
[0m=== gRPC Service Parameters Debug ===
epoch: 0
rdma_base_offset: 0
serialized_meta_hnsw size: 493450 bytes
offset size: 240 elements
offset_para size: 1080 elements
overflow size: 360 elements
mapping size: 120 elements
Thread 0 local_hnsw mapping size: 120
deserialize_worker start
fetch_worker start
search_worker start
=== Thread 0 testing EF = 300 for 20 seconds ===
=== gRPC Service Parameters Debug ===
epoch: 0
rdma_base_offset: 0
serialized_meta_hnsw size: 493450 bytes
offset size: 240 elements
offset_para size: 1080 elements
overflow size: 360 elements
mapping size: 120 elements
Thread 1 local_hnsw mapping size: 120
fetch_worker start
search_worker start
deserialize_worker start
=== Thread 1 testing EF = 300 for 20 seconds ===
=== gRPC Service Parameters Debug ===
epoch: 0
rdma_base_offset: 0
serialized_meta_hnsw size: 493450 bytes
offset size: 240 elements
offset_para size: 1080 elements
overflow size: 360 elements
mapping size: 120 elements
Thread 2 local_hnsw mapping size: 120
fetch_worker start
deserialize_worker start
=== Thread 2 testing EF = 300 for 20 seconds ===
search_worker start
=== gRPC Service Parameters Debug ===
epoch: 0
rdma_base_offset: 0
serialized_meta_hnsw size: 493450 bytes
offset size: 240 elements
offset_para size: 1080 elements
overflow size: 360 elements
mapping size: 120 elements
Thread 3 local_hnsw mapping size: 120
fetch_worker start
deserialize_worker start
=== Thread 3 testing EF = 300 for 20 seconds ===
search_worker start
=== gRPC Service Parameters Debug ===
epoch: 0
rdma_base_offset: 0
serialized_meta_hnsw size: 493450 bytes
offset size: 240 elements
offset_para size: 1080 elements
overflow size: 360 elements
mapping size: 120 elements
Thread 4 local_hnsw mapping size: 120
fetch_worker start
deserialize_worker start
=== Thread 4 testing EF = 300 for 20 seconds ===
search_worker start
=== gRPC Service Parameters Debug ===
epoch: 0
rdma_base_offset: 0
serialized_meta_hnsw size: 493450 bytes
offset size: 240 elements
offset_para size: 1080 elements
overflow size: 360 elements
mapping size: 120 elements
Thread 5 local_hnsw mapping size: 120
fetch_worker start
deserialize_worker start
=== Thread 5 testing EF = 300 for 20 seconds ===
search_worker start
=== gRPC Service Parameters Debug ===
epoch: 0
rdma_base_offset: 0
serialized_meta_hnsw size: 493450 bytes
offset size: 240 elements
offset_para size: 1080 elements
overflow size: 360 elements
mapping size: 120 elements
Thread 6 local_hnsw mapping size: 120
fetch_worker start
deserialize_worker start
search_worker start
=== Thread 6 testing EF = 300 for 20 seconds ===
=== gRPC Service Parameters Debug ===
epoch: 0
rdma_base_offset: 0
serialized_meta_hnsw size: 493450 bytes
offset size: 240 elements
offset_para size: 1080 elements
overflow size: 360 elements
mapping size: 120 elements
Thread 7 local_hnsw mapping size: 120
fetch_worker start
deserialize_worker start
=== Thread 7 testing EF = 300 for 20 seconds ===
search_worker start
=== gRPC Service Parameters Debug ===
epoch: 0
rdma_base_offset: 0
serialized_meta_hnsw size: 493450 bytes
offset size: 240 elements
offset_para size: 1080 elements
overflow size: 360 elements
mapping size: 120 elements
Thread 8 local_hnsw mapping size: 120
fetch_worker start
deserialize_worker start
search_worker start
=== Thread 8 testing EF = 300 for 20 seconds ===
=== gRPC Service Parameters Debug ===
epoch: 0
rdma_base_offset: 0
serialized_meta_hnsw size: 493450 bytes
offset size: 240 elements
offset_para size: 1080 elements
overflow size: 360 elements
mapping size: 120 elements
Thread 9 local_hnsw mapping size: 120
fetch_worker start
deserialize_worker start
search_worker start
=== Thread 9 testing EF = 300 for 20 seconds ===
[39m[reporter.hh:42] [Batch 0] Compute: 4,345,961.00 ms, Network: 627,722.00 ms, Deserialize: 3,010,695.00 ms, Meta Search: 10,863.00 ms, Throughput: 16.37 qps, Total Time: 6,109,631.00 ms
[0mThread 1 EF 300 benchmark:
  Queries executed: 100
  Avg total latency: 61096.3 us
  Avg meta search latency: 108.63 us
  Avg compute time: 43459.6 us
  Avg network latency: 6277.22 us
  Avg deserialize time: 30107 us
  Recall: 0.795
  Throughput: 16.3592 QPS
FRONTIER_THREAD_RESULT ef=300 thread=1 queries=100 elapsed_s=6.112778823 recall=0.795000017
[35m[search_client_pipelined_reuse_thread.cc:581] Thread 1 returns
[0m[39m[reporter.hh:42] [Batch 0] Compute: 4,505,478.00 ms, Network: 661,665.00 ms, Deserialize: 2,974,870.00 ms, Meta Search: 8,733.00 ms, Throughput: 16.29 qps, Total Time: 6,140,582.00 ms
[0m[39m[reporter.hh:42] [Batch 0] Compute: 4,077,782.00 ms, Network: 639,672.00 ms, Deserialize: 2,827,843.00 ms, Meta Search: 8,391.00 ms, Throughput: 16.28 qps, Total Time: 6,142,381.00 ms
[0mThread 3 EF 300 benchmark:
  Queries executed: 100
  Avg total latency: 61405.8 us
  Avg meta search latency: 87.33 us
  Avg compute time: 45054.8 us
  Avg network latency: 6616.65 us
  Avg deserialize time: 29748.7 us
  Recall: 0.825
  Throughput: 16.2776 QPS
FRONTIER_THREAD_RESULT ef=300 thread=3 queries=100 elapsed_s=6.143424251 recall=0.824999988
[35m[search_client_pipelined_reuse_thread.cc:581] Thread 3 returns
[0mThread 2 EF 300 benchmark:
  Queries executed: 100
  Avg total latency: 61423.8 us
  Avg meta search latency: 83.91 us
  Avg compute time: 40777.8 us
  Avg network latency: 6396.72 us
  Avg deserialize time: 28278.4 us
  Recall: 0.723
  Throughput: 16.275 QPS
FRONTIER_THREAD_RESULT ef=300 thread=2 queries=100 elapsed_s=6.144396292 recall=0.722999990
[35m[search_client_pipelined_reuse_thread.cc:581] Thread 2 returns
[0m[39m[reporter.hh:42] [Batch 0] Compute: 4,359,154.00 ms, Network: 594,889.00 ms, Deserialize: 3,309,572.00 ms, Meta Search: 14,524.00 ms, Throughput: 16.02 qps, Total Time: 6,240,612.00 ms
[0mThread 0 EF 300 benchmark:
  Queries executed: 100
  Avg total latency: 62406.1 us
  Avg meta search latency: 145.24 us
  Avg compute time: 43591.5 us
  Avg network latency: 5948.89 us
  Avg deserialize time: 33095.7 us
  Recall: 0.835
  Throughput: 16.0124 QPS
FRONTIER_THREAD_RESULT ef=300 thread=0 queries=100 elapsed_s=6.245165825 recall=0.834999979
[35m[search_client_pipelined_reuse_thread.cc:581] Thread 0 returns
[0m[39m[reporter.hh:42] [Batch 0] Compute: 3,733,029.00 ms, Network: 519,380.00 ms, Deserialize: 4,722,270.00 ms, Meta Search: 8,949.00 ms, Throughput: 10.31 qps, Total Time: 9,696,298.00 ms
[0mThread 9 EF 300 benchmark:
  Queries executed: 100
  Avg total latency: 96963 us
  Avg meta search latency: 89.49 us
  Avg compute time: 37330.3 us
  Avg network latency: 5193.8 us
  Avg deserialize time: 47222.7 us
  Recall: 0.744
  Throughput: 10.3047 QPS
FRONTIER_THREAD_RESULT ef=300 thread=9 queries=100 elapsed_s=9.704318455 recall=0.744000018
[35m[search_client_pipelined_reuse_thread.cc:581] Thread 9 returns
[0m[39m[reporter.hh:42] [Batch 0] Compute: 4,347,357.00 ms, Network: 6,047,001.00 ms, Deserialize: 4,764,085.00 ms, Meta Search: 3,325.00 ms, Throughput: 7.11 qps, Total Time: 14,068,578.00 ms
[0mThread 7 EF 300 benchmark:
  Queries executed: 100
  Avg total latency: 140686 us
  Avg meta search latency: 33.25 us
  Avg compute time: 43473.6 us
  Avg network latency: 60470 us
  Avg deserialize time: 47640.8 us
  Recall: 0.745
  Throughput: 7.10576 QPS
FRONTIER_THREAD_RESULT ef=300 thread=7 queries=100 elapsed_s=14.073098863 recall=0.745000005
[35m[search_client_pipelined_reuse_thread.cc:581] Thread 7 returns
[0m[39m[reporter.hh:42] [Batch 0] Compute: 4,139,591.00 ms, Network: 8,673,997.00 ms, Deserialize: 5,075,741.00 ms, Meta Search: 2,223.00 ms, Throughput: 6.25 qps, Total Time: 15,994,092.00 ms
[0mThread 6 EF 300 benchmark:
  Queries executed: 100
  Avg total latency: 159941 us
  Avg meta search latency: 22.23 us
  Avg compute time: 41395.9 us
  Avg network latency: 86740 us
  Avg deserialize time: 50757.4 us
  Recall: 0.791
  Throughput: 6.25074 QPS
FRONTIER_THREAD_RESULT ef=300 thread=6 queries=100 elapsed_s=15.998117048 recall=0.791000009
[35m[search_client_pipelined_reuse_thread.cc:581] Thread 6 returns
[0m[39m[reporter.hh:42] [Batch 0] Compute: 4,335,714.00 ms, Network: 8,920,977.00 ms, Deserialize: 4,914,572.00 ms, Meta Search: 8,227.00 ms, Throughput: 6.19 qps, Total Time: 16,166,099.00 ms
[0mThread 5 EF 300 benchmark:
  Queries executed: 100
  Avg total latency: 161661 us
  Avg meta search latency: 82.27 us
  Avg compute time: 43357.1 us
  Avg network latency: 89209.8 us
  Avg deserialize time: 49145.7 us
  Recall: 0.759
  Throughput: 6.18447 QPS
FRONTIER_THREAD_RESULT ef=300 thread=5 queries=100 elapsed_s=16.169538943 recall=0.759000003
[35m[search_client_pipelined_reuse_thread.cc:581] Thread 5 returns
[0m[39m[reporter.hh:42] [Batch 0] Compute: 4,292,107.00 ms, Network: 9,073,536.00 ms, Deserialize: 5,021,667.00 ms, Meta Search: 8,721.00 ms, Throughput: 6.04 qps, Total Time: 16,544,000.00 ms
[0mThread 4 EF 300 benchmark:
  Queries executed: 100
  Avg total latency: 165440 us
  Avg meta search latency: 87.21 us
  Avg compute time: 42921.1 us
  Avg network latency: 90735.4 us
  Avg deserialize time: 50216.7 us
  Recall: 0.719
  Throughput: 6.04309 QPS
FRONTIER_THREAD_RESULT ef=300 thread=4 queries=100 elapsed_s=16.547817409 recall=0.718999982
[35m[search_client_pipelined_reuse_thread.cc:581] Thread 4 returns
[0m[39m[reporter.hh:42] [Batch 0] Compute: 4,022,044.00 ms, Network: 16,096,224.00 ms, Deserialize: 4,089,481.00 ms, Meta Search: 4,627.00 ms, Throughput: 4.43 qps, Total Time: 22,564,520.00 ms
[0mThread 8 EF 300 benchmark:
  Queries executed: 100
  Avg total latency: 225645 us
  Avg meta search latency: 46.27 us
  Avg compute time: 40220.4 us
  Avg network latency: 160962 us
  Avg deserialize time: 40894.8 us
  Recall: 0.759
  Throughput: 4.43103 QPS
FRONTIER_THREAD_RESULT ef=300 thread=8 queries=100 elapsed_s=22.568109949 recall=0.759000003
[35m[search_client_pipelined_reuse_thread.cc:581] Thread 8 returns
[0mEF: 300
Thread 0 recall: 0.835
Thread 0 latency: 62406.1
Thread 0 network latency: 5948.89
Thread 0 duration_meta_search: 145.24
Thread 0 compute time: 43591.5
Thread 1 recall: 0.795
Thread 1 latency: 61096.3
Thread 1 network latency: 6277.22
Thread 1 duration_meta_search: 108.63
Thread 1 compute time: 43459.6
Thread 2 recall: 0.723
Thread 2 latency: 61423.8
Thread 2 network latency: 6396.72
Thread 2 duration_meta_search: 83.91
Thread 2 compute time: 40777.8
Thread 3 recall: 0.825
Thread 3 latency: 61405.8
Thread 3 network latency: 6616.65
Thread 3 duration_meta_search: 87.33
Thread 3 compute time: 45054.8
Thread 4 recall: 0.719
Thread 4 latency: 165440
Thread 4 network latency: 90735.4
Thread 4 duration_meta_search: 87.21
Thread 4 compute time: 42921.1
Thread 5 recall: 0.759
Thread 5 latency: 161661
Thread 5 network latency: 89209.8
Thread 5 duration_meta_search: 82.27
Thread 5 compute time: 43357.1
Thread 6 recall: 0.791
Thread 6 latency: 159941
Thread 6 network latency: 86740
Thread 6 duration_meta_search: 22.23
Thread 6 compute time: 41395.9
Thread 7 recall: 0.745
Thread 7 latency: 140686
Thread 7 network latency: 60470
Thread 7 duration_meta_search: 33.25
Thread 7 compute time: 43473.6
Thread 8 recall: 0.759
Thread 8 latency: 225645
Thread 8 network latency: 160962
Thread 8 duration_meta_search: 46.27
Thread 8 compute time: 40220.4
Thread 9 recall: 0.744
Thread 9 latency: 96963
Thread 9 network latency: 5193.8
Thread 9 duration_meta_search: 89.49
Thread 9 compute time: 37330.3
