============================================================
                        SERVER
============================================================
num clients:                  1
TCP port:                     21104
IB port:                      1
max outstanding CQEs:         16
max send work requests:       1024
max receive work requests:    1024
============================================================
index region bytes:           4294967296
2 device(s) found
Selected device: mlx5_1 (idx=1)
Link layer: Ethernet (RoCE), using GID index 3 (local IPv4 10.0.0.65)
num_cores: 80
physical cores per socket: 20
hyperthreading enabled
interleaved policy
pairing: 20595 -- 16382
[STATUS]: pinned main thread to core 20
[STATUS]: query QP/CQ contexts per compute node=16
[STATUS]: LAVD neighborhood region: resolved bytes=4294967296
allocation size: 4294967296
allocated ALIGNED MEM (no hugepage) at 139992880255040 with buffer size 4294967296
allocated ALIGNED MEM (no hugepage) at 139988585283648 with buffer size 4294967296
[STATUS]: LAVD neighborhood region: allocated bytes=4294967296
[STATUS]: register memory and distribute access token
[STATUS]: LAVD neighborhood region: registered bytes=4294967296
[STATUS]: connect QPs of compute threads
pairing: 20596 -- 16383
pairing: 20597 -- 16384
pairing: 20598 -- 16385
pairing: 20599 -- 16386
pairing: 20600 -- 16387
pairing: 20601 -- 16388
pairing: 20602 -- 16389
pairing: 20603 -- 16390
pairing: 20604 -- 16391
pairing: 20605 -- 16392
pairing: 20606 -- 16393
pairing: 20607 -- 16394
pairing: 20608 -- 16395
pairing: 20609 -- 16396
pairing: 20610 -- 16397
pairing: 20611 -- 16398
[STATUS]: idle: index construction
[STATUS]: loading index (800573128 Bytes) from /home/kvgroup/chaomei/hnsw-data/sift1m/dump/index_m16_efc100_node1_of1.dat
[STATUS]: query processing
[STATUS]: idle: queries
