Thread 0 bound to cores 0-143
Reading from vector 1 to -1
Seekg position: 0 bytes
Each vector size: 388 bytes (dim=96)
Reading 1000000 vectors
Batch size: 96000000
Sub-hnsw 0 has 6250 elements
Sub-hnsw 1 has 6250 elements
Sub-hnsw 2 has 6250 elements
Sub-hnsw 3 has 6250 elements
Sub-hnsw 4 has 6250 elements
Sub-hnsw 5 has 6250 elements
Sub-hnsw 6 has 6250 elements
Sub-hnsw 7 has 6250 elements
Sub-hnsw 8 has 6250 elements
Sub-hnsw 9 has 6250 elements
Sub-hnsw 10 has 6250 elements
Sub-hnsw 11 has 6250 elements
Sub-hnsw 12 has 6250 elements
Sub-hnsw 13 has 6250 elements
Sub-hnsw 14 has 6250 elements
Sub-hnsw 15 has 6250 elements
Sub-hnsw 16 has 6250 elements
Sub-hnsw 17 has 6250 elements
Sub-hnsw 18 has 6250 elements
Sub-hnsw 19 has 6250 elements
Sub-hnsw 20 has 6250 elements
Sub-hnsw 21 has 6250 elements
Sub-hnsw 22 has 6250 elements
Sub-hnsw 23 has 6250 elements
Sub-hnsw 24 has 6250 elements
Sub-hnsw 25 has 6250 elements
Sub-hnsw 26 has 6250 elements
Sub-hnsw 27 has 6250 elements
Sub-hnsw 28 has 6250 elements
Sub-hnsw 29 has 6250 elements
Sub-hnsw 30 has 6250 elements
Sub-hnsw 31 has 6250 elements
Sub-hnsw 32 has 6250 elements
Sub-hnsw 33 has 6250 elements
Sub-hnsw 34 has 6250 elements
Sub-hnsw 35 has 6250 elements
Sub-hnsw 36 has 6250 elements
Sub-hnsw 37 has 6250 elements
Sub-hnsw 38 has 6250 elements
Sub-hnsw 39 has 6250 elements
Sub-hnsw 40 has 6250 elements
Sub-hnsw 41 has 6250 elements
Sub-hnsw 42 has 6250 elements
Sub-hnsw 43 has 6250 elements
Sub-hnsw 44 has 6250 elements
Sub-hnsw 45 has 6250 elements
Sub-hnsw 46 has 6250 elements
Sub-hnsw 47 has 6250 elements
Sub-hnsw 48 has 6250 elements
Sub-hnsw 49 has 6250 elements
Sub-hnsw 50 has 6250 elements
Sub-hnsw 51 has 6250 elements
Sub-hnsw 52 has 6250 elements
Sub-hnsw 53 has 6250 elements
Sub-hnsw 54 has 6250 elements
Sub-hnsw 55 has 6250 elements
Sub-hnsw 56 has 6250 elements
Sub-hnsw 57 has 6250 elements
Sub-hnsw 58 has 6250 elements
Sub-hnsw 59 has 6250 elements
Sub-hnsw 60 has 6250 elements
Sub-hnsw 61 has 6250 elements
Sub-hnsw 62 has 6250 elements
Sub-hnsw 63 has 6250 elements
Sub-hnsw 64 has 6250 elements
Sub-hnsw 65 has 6250 elements
Sub-hnsw 66 has 6250 elements
Sub-hnsw 67 has 6250 elements
Sub-hnsw 68 has 6250 elements
Sub-hnsw 69 has 6250 elements
Sub-hnsw 70 has 6250 elements
Sub-hnsw 71 has 6250 elements
Sub-hnsw 72 has 6250 elements
Sub-hnsw 73 has 6250 elements
Sub-hnsw 74 has 6250 elements
Sub-hnsw 75 has 6250 elements
Sub-hnsw 76 has 6250 elements
Sub-hnsw 77 has 6250 elements
Sub-hnsw 78 has 6250 elements
Sub-hnsw 79 has 6250 elements
Sub-hnsw 80 has 6250 elements
Sub-hnsw 81 has 6250 elements
Sub-hnsw 82 has 6250 elements
Sub-hnsw 83 has 6250 elements
Sub-hnsw 84 has 6250 elements
Sub-hnsw 85 has 6250 elements
Sub-hnsw 86 has 6250 elements
Sub-hnsw 87 has 6250 elements
Sub-hnsw 88 has 6250 elements
Sub-hnsw 89 has 6250 elements
Sub-hnsw 90 has 6250 elements
Sub-hnsw 91 has 6250 elements
Sub-hnsw 92 has 6250 elements
Sub-hnsw 93 has 6250 elements
Sub-hnsw 94 has 6250 elements
Sub-hnsw 95 has 6250 elements
Sub-hnsw 96 has 6250 elements
Sub-hnsw 97 has 6250 elements
Sub-hnsw 98 has 6250 elements
Sub-hnsw 99 has 6250 elements
Sub-hnsw 100 has 6250 elements
Sub-hnsw 101 has 6250 elements
Sub-hnsw 102 has 6250 elements
Sub-hnsw 103 has 6250 elements
Sub-hnsw 104 has 6250 elements
Sub-hnsw 105 has 6250 elements
Sub-hnsw 106 has 6250 elements
Sub-hnsw 107 has 6250 elements
Sub-hnsw 108 has 6250 elements
Sub-hnsw 109 has 6250 elements
Sub-hnsw 110 has 6250 elements
Sub-hnsw 111 has 6250 elements
Sub-hnsw 112 has 6250 elements
Sub-hnsw 113 has 6250 elements
Sub-hnsw 114 has 6250 elements
Sub-hnsw 115 has 6250 elements
Sub-hnsw 116 has 6250 elements
Sub-hnsw 117 has 6250 elements
Sub-hnsw 118 has 6250 elements
Sub-hnsw 119 has 6250 elements
Sub-hnsw 120 has 6250 elements
Sub-hnsw 121 has 6250 elements
Sub-hnsw 122 has 6250 elements
Sub-hnsw 123 has 6250 elements
Sub-hnsw 124 has 6250 elements
Sub-hnsw 125 has 6250 elements
Sub-hnsw 126 has 6250 elements
Sub-hnsw 127 has 6250 elements
Sub-hnsw 128 has 6250 elements
Sub-hnsw 129 has 6250 elements
Sub-hnsw 130 has 6250 elements
Sub-hnsw 131 has 6250 elements
Sub-hnsw 132 has 6250 elements
Sub-hnsw 133 has 6250 elements
Sub-hnsw 134 has 6250 elements
Sub-hnsw 135 has 6250 elements
Sub-hnsw 136 has 6250 elements
Sub-hnsw 137 has 6250 elements
Sub-hnsw 138 has 6250 elements
Sub-hnsw 139 has 6250 elements
Sub-hnsw 140 has 6250 elements
Sub-hnsw 141 has 6250 elements
Sub-hnsw 142 has 6250 elements
Sub-hnsw 143 has 6250 elements
Sub-hnsw 144 has 6250 elements
Sub-hnsw 145 has 6250 elements
Sub-hnsw 146 has 6250 elements
Sub-hnsw 147 has 6250 elements
Sub-hnsw 148 has 6250 elements
Sub-hnsw 149 has 6250 elements
Sub-hnsw 150 has 6250 elements
Sub-hnsw 151 has 6250 elements
Sub-hnsw 152 has 6250 elements
Sub-hnsw 153 has 6250 elements
Sub-hnsw 154 has 6250 elements
Sub-hnsw 155 has 6250 elements
Sub-hnsw 156 has 6250 elements
Sub-hnsw 157 has 6250 elements
Sub-hnsw 158 has 6250 elements
Sub-hnsw 159 has 6250 elements
Size of meta_hnsw: 134752 MB
Thread 32541
Meta HNSW size: 105058
Serialized data size: 870349566 MB
Serialized meta_hnsw size: 105066 MB
Mapping size: 160
[35m[search_server.cc:151] RDMA server listens at localhost:8980
[0mNIC created
Total size: 870349566
[35m[search_server.cc:162] Allocating memory of size: 870349566
[0mMR created
Reg mem created
Data copied
40882
[35m[search_server.cc:177] RDMA resources initialized
[0mgRPC server listening on 10.0.0.63:50320
