============================================================
                        SERVER
============================================================
num clients:                  1
TCP port:                     21001
IB port:                      1
max outstanding CQEs:         16
max send work requests:       1024
max receive work requests:    1024
============================================================
index region bytes:           4294967296
2 device(s) found
Selected device: mlx5_1 (idx=1)
Link layer: Ethernet (RoCE), using GID index 3 (local IPv4 10.0.0.65)
num_cores: 80
physical cores per socket: 20
hyperthreading enabled
interleaved policy
pairing: 18844 -- 14631
[STATUS]: pinned main thread to core 20
[STATUS]: query QP/CQ contexts per compute node=16
[STATUS]: LAVD neighborhood region: resolved bytes=4294967296
allocation size: 4294967296
allocated ALIGNED MEM (no hugepage) at 140245486067776 with buffer size 4294967296
allocated ALIGNED MEM (no hugepage) at 140241191096384 with buffer size 4294967296
[STATUS]: LAVD neighborhood region: allocated bytes=4294967296
[STATUS]: register memory and distribute access token
[STATUS]: LAVD neighborhood region: registered bytes=4294967296
[STATUS]: connect QPs of compute threads
pairing: 18845 -- 14632
pairing: 18846 -- 14633
pairing: 18847 -- 14634
pairing: 18848 -- 14635
pairing: 18849 -- 14636
pairing: 18850 -- 14637
pairing: 18851 -- 14638
pairing: 18852 -- 14639
pairing: 18853 -- 14640
pairing: 18854 -- 14641
pairing: 18855 -- 14642
pairing: 18856 -- 14643
pairing: 18857 -- 14644
pairing: 18858 -- 14645
pairing: 18859 -- 14646
pairing: 18860 -- 14647
[STATUS]: idle: index construction
[STATUS]: loading index (672573128 Bytes) from /home/kvgroup/chaomei/hnsw-data/deep1m/dump/index_m16_efc100_node1_of1.dat
[STATUS]: query processing
[STATUS]: idle: queries
