============================================================
                        CLIENT
============================================================
connect to:                   [skv-node5, ]
is initiator:                 true
TCP port:                     21001
IB port:                      1
max outstanding CQEs:         16
max send work requests:       1024
max receive work requests:    1024
============================================================
index region bytes:           4294967296
data path:                    "/home/kvgroup/chaomei/hnsw-data/deep1m/"
query suffix:                 uniform
number of threads:            16
number of coroutines:         4
query QP/CQ contexts:         16
threads pinned:               true
seed:                         1234
------------------------------------------------------------
K:                            10
M:                            16
ef search:                    200
ef construction:              100
spec-k (GraphBeyond C1):      1
============================================================
2 device(s) found
Selected device: mlx5_1 (idx=1)
Link layer: Ethernet (RoCE), using GID index 3 (local IPv4 10.0.0.63)
num_cores: 80
physical cores per socket: 20
hyperthreading enabled
interleaved policy
[STATUS]: LAVD neighborhood region: requested bytes=4294967296, resolved bytes=4294967296
client id: 0
number of clients: 1
connect to server skv-node5
pairing: 14631 -- 18844
[STATUS]: pinned main thread to core 20
[STATUS]: receive access tokens of remote memory regions
[STATUS]: LAVD neighborhood region: registered bytes per MN=4294967296
reading input data... (dim=96, num vectors=10000/10000, filesize=3840008)
reading input data... (dim=100, num vectors=10000/10000, filesize=4000008)
[STATUS]: allocate worker threads and read buffers
allocated ALIGNED MEM (no hugepage) at 140264141635648 with buffer size 4294967296
2 device(s) found
Selected device: mlx5_1 (idx=1)
Link layer: Ethernet (RoCE), using GID index 3 (local IPv4 10.0.0.63)
pairing: 14632 -- 18845
2 device(s) found
Selected device: mlx5_1 (idx=1)
Link layer: Ethernet (RoCE), using GID index 3 (local IPv4 10.0.0.63)
pairing: 14633 -- 18846
2 device(s) found
Selected device: mlx5_1 (idx=1)
Link layer: Ethernet (RoCE), using GID index 3 (local IPv4 10.0.0.63)
pairing: 14634 -- 18847
2 device(s) found
Selected device: mlx5_1 (idx=1)
Link layer: Ethernet (RoCE), using GID index 3 (local IPv4 10.0.0.63)
pairing: 14635 -- 18848
2 device(s) found
Selected device: mlx5_1 (idx=1)
Link layer: Ethernet (RoCE), using GID index 3 (local IPv4 10.0.0.63)
pairing: 14636 -- 18849
2 device(s) found
Selected device: mlx5_1 (idx=1)
Link layer: Ethernet (RoCE), using GID index 3 (local IPv4 10.0.0.63)
pairing: 14637 -- 18850
2 device(s) found
Selected device: mlx5_1 (idx=1)
Link layer: Ethernet (RoCE), using GID index 3 (local IPv4 10.0.0.63)
pairing: 14638 -- 18851
2 device(s) found
Selected device: mlx5_1 (idx=1)
Link layer: Ethernet (RoCE), using GID index 3 (local IPv4 10.0.0.63)
pairing: 14639 -- 18852
2 device(s) found
Selected device: mlx5_1 (idx=1)
Link layer: Ethernet (RoCE), using GID index 3 (local IPv4 10.0.0.63)
pairing: 14640 -- 18853
2 device(s) found
Selected device: mlx5_1 (idx=1)
Link layer: Ethernet (RoCE), using GID index 3 (local IPv4 10.0.0.63)
pairing: 14641 -- 18854
2 device(s) found
Selected device: mlx5_1 (idx=1)
Link layer: Ethernet (RoCE), using GID index 3 (local IPv4 10.0.0.63)
pairing: 14642 -- 18855
2 device(s) found
Selected device: mlx5_1 (idx=1)
Link layer: Ethernet (RoCE), using GID index 3 (local IPv4 10.0.0.63)
pairing: 14643 -- 18856
2 device(s) found
Selected device: mlx5_1 (idx=1)
Link layer: Ethernet (RoCE), using GID index 3 (local IPv4 10.0.0.63)
pairing: 14644 -- 18857
2 device(s) found
Selected device: mlx5_1 (idx=1)
Link layer: Ethernet (RoCE), using GID index 3 (local IPv4 10.0.0.63)
pairing: 14645 -- 18858
2 device(s) found
Selected device: mlx5_1 (idx=1)
Link layer: Ethernet (RoCE), using GID index 3 (local IPv4 10.0.0.63)
pairing: 14646 -- 18859
2 device(s) found
Selected device: mlx5_1 (idx=1)
Link layer: Ethernet (RoCE), using GID index 3 (local IPv4 10.0.0.63)
pairing: 14647 -- 18860
[STATUS]: synchronize compute nodes
[STATUS]: LAVD: building neighborhood region
[LAVD][multi] start build, num_mns=1 bits=8 stride=3592 rabitq_b=0
[LAVD][multi] MN 0 staged-read 672573128B via 67108864B MR
[LAVD][multi] parsed N=1000000 uids across 1 MNs
[LAVD][native][export] N=1000000 mns=1 policy=block_cyclic mode=packed_write packed_region=3592016384 sparse_region=3592016384 saved=0 MN[0]_blocks=1000000 MN[0]_bytes=3592016384
LAVD_MATERIALIZATION_POLICY {"version":1,"policy":"indeg","budget_scope":"aggregate_high_water_across_mns","requested_bytes":536870912,"fixed_bytes":12016392,"record_bytes":524854496,"admitted_bytes":536870888,"unused_bytes":24,"selected_records":177098,"total_records":1000000,"budget_map_required":true,"selection_hash":17395791157795909511,"total_benefit":169572963,"reached":1000000,"rank_workers":20}
[LAVD][multi][budget] compact_idx map written to MN[0]: N=1000000 H=177098
[LAVD][varblock][multi] MN[0] offset_table written: L=1000000 table_bytes=8000008 blocks_total=524854496 avg_stride=524
LAVD_BUILD_PUBLICATION {"version":1,"mode":"staged","workers":20,"staging_bytes":67108864,"records":177098,"record_write_posts":8}
LAVD_PHYSICAL_ACCOUNTING {"descriptor_version":3,"policy":"block_cyclic","record_layout":"variable","scoring_code":"scalar","scoring_bits":8,"max_record_bytes":3592,"max_degree":32,"colocated_degree":32,"slot_only":false,"budget_map_required":true,"total_slots":1000000,"num_mns":1,"mn":0,"local_slots":1000000,"header_bytes":16384,"budget_map_bytes":4000000,"placement_padding_bytes":0,"offset_table_bytes":8000008,"record_bytes":524854496,"materialized_bytes":536870888,"registered_bytes":4294967296,"hash_version":2,"hash_algorithm":"fnv1a64","hash_scope":"field_scoped_physical_artifacts","header_hash_scope":"replicated_header_source_bytes","descriptor_hash_scope":"descriptor_slice_of_replicated_header","map_hash_scope":"global_budget_map_source_bytes","offset_table_hash_scope":"per_mn_offset_table_source_bytes","record_payload_hash_scope":"per_mn_record_payload_source_bytes","selected_uid_hash_scope":"global_selected_uid_u32le_sequence","budget_map_owner_mn":0,"header_hash":"22163039f8ed4f4c","descriptor_hash":"a55059e524d93cd5","map_hash":"c5ca5db552e3f590","offset_table_hash":"93444b86ef672a15","record_payload_hash":"8fd3f0cc2e28bc03","selected_uid_hash":"91ea0a6d49eabf38","actual_write_bytes":536870888}
[LAVD][multi] build done: N=1000000 edges=4673551 avg_deg=4.67355 MN[0]=177098
[LAVD][multi][prefilter] rev_index built: total=1000000 entries across 1 MNs
[LAVD][multi] retained authoritative snapshot for resident upper graph: shards=1
[STATUS]: synchronize compute nodes
[LAVD][native] packed addressing restored from descriptor: N=1000000 mns=1 policy=block_cyclic layout=variable descriptor_version=3 packed_bytes=536870888 sparse_bytes=0
[LAVD][budget] CN loaded map: N=1000000 H=177098 (17.7098% co-located)
[STATUS]: LAVD: config ready (bits=8 stride=3592 rerank=100)
[STATUS]: CRANE: building CN-resident upper-nav cache
[CRANE][multi] reused authoritative build snapshot: shards=1
[CRANE][multi] upper cache built: U=62529 (96-d) comp=24011136B entry_uid=1325 num_mns=1
[STATUS]: construct placement datastructure
  fetched 20 nodes on level 4
  fetched 259 nodes on level 3
  fetched 3923 nodes on level 2
[STATUS]: run balanced k-means
run kmeans
cluster sizes:
  cluster 0: 2318
  cluster 1: 1605
  final iteration: 18, final error: 0
run balanced kmeans
num iterations: 176
reported cluster sizes:
  cluster 0: 1962
  cluster 1: 1961
actual cluster sizes:
  cluster 0: 2020
  cluster 1: 1903
combine clusters
final cluster sizes:
  cluster 0: 3923
final mapping: 0 0 
[STATUS]: synchronize compute nodes
[STATUS]: run queries
allocated ALIGNED MEM (no hugepage) at 94284493348352 with buffer size 313600
routing buffer size: 313600
[STATUS]: **QUERY**: running worker threads...
[STATUS]: pinned thread 1 to core 0
[STATUS]: pinned thread 2 to core 21
[STATUS]: pinned thread 3 to core 1
[STATUS]: pinned thread 4 to core 22
[STATUS]: pinned thread 5 to core 2
[STATUS]: pinned thread 6 to core 23
[STATUS]: pinned thread 7 to core 3
[STATUS]: pinned thread 8 to core 24
[STATUS]: pinned thread 9 to core 4
[STATUS]: pinned thread 10 to core 25
[STATUS]: pinned thread 11 to core 5
[STATUS]: pinned thread 12 to core 26
[STATUS]: pinned thread 13 to core 6
[STATUS]: pinned thread 14 to core 27
[STATUS]: pinned thread 15 to core 7
query 0/10000
query 1000/10000
query 2000/10000
query 3000/10000
query 4000/10000
query 5000/10000
query 6000/10000
query 7000/10000
query 8000/10000
query 9000/10000
[STATUS]: join compute threads
t0 processed: 616, CHR: 0
t1 processed: 599, CHR: 0
t2 processed: 645, CHR: 0
t3 processed: 661, CHR: 0
t4 processed: 602, CHR: 0
t5 processed: 587, CHR: 0
t6 processed: 641, CHR: 0
t7 processed: 642, CHR: 0
t8 processed: 608, CHR: 0
t9 processed: 606, CHR: 0
t10 processed: 649, CHR: 0
t11 processed: 649, CHR: 0
t12 processed: 601, CHR: 0
t13 processed: 605, CHR: 0
t14 processed: 650, CHR: 0
t15 processed: 639, CHR: 0
[STATUS]: processed queries: 10000
[STATUS]: local recall: 0.989070
[STATUS]: collect statistics and timings from compute nodes

statistics:
cache histogram
  size: 0 | freq: 83599
total entries: 0
cooling table histogram
  size: 0 | freq: 1394
  size: 1 | freq: 0
  size: 2 | freq: 0
  size: 3 | freq: 0
  size: 4 | freq: 0
  size: 5 | freq: 0
  size: 6 | freq: 0
CT total entries: 0
