============================================================
                        SERVER
============================================================
num clients:                  1
TCP port:                     21128
IB port:                      1
max outstanding CQEs:         16
max send work requests:       1024
max receive work requests:    1024
============================================================
index region bytes:           8589934592
2 device(s) found
Selected device: mlx5_1 (idx=1)
Link layer: Ethernet (RoCE), using GID index 3 (local IPv4 10.0.0.65)
num_cores: 80
physical cores per socket: 20
hyperthreading enabled
interleaved policy
pairing: 21003 -- 16790
[STATUS]: pinned main thread to core 20
[STATUS]: query QP/CQ contexts per compute node=16
[STATUS]: LAVD neighborhood region: resolved bytes=8589934592
allocation size: 8589934592
allocated ALIGNED MEM (no hugepage) at 140195435298880 with buffer size 8589934592
allocated ALIGNED MEM (no hugepage) at 140186845360192 with buffer size 8589934592
[STATUS]: LAVD neighborhood region: allocated bytes=8589934592
[STATUS]: register memory and distribute access token
[STATUS]: LAVD neighborhood region: registered bytes=8589934592
[STATUS]: connect QPs of compute threads
pairing: 21004 -- 16791
pairing: 21005 -- 16792
pairing: 21006 -- 16793
pairing: 21007 -- 16794
pairing: 21008 -- 16795
pairing: 21009 -- 16796
pairing: 21010 -- 16797
pairing: 21011 -- 16798
pairing: 21012 -- 16799
pairing: 21013 -- 16800
pairing: 21014 -- 16801
pairing: 21015 -- 16802
pairing: 21016 -- 16803
pairing: 21017 -- 16804
pairing: 21018 -- 16805
pairing: 21019 -- 16806
[STATUS]: idle: index construction
[STATUS]: loading index (4128573128 Bytes) from /home/kvgroup/chaomei/hnsw-data/gist1m/dump/index_m16_efc100_node1_of1.dat
[STATUS]: query processing
[STATUS]: idle: queries
