============================================================
                        SERVER
============================================================
num clients:                  1
TCP port:                     1316
IB port:                      1
max outstanding CQEs:         16
max send work requests:       1024
max receive work requests:    1024
============================================================
index region bytes:           4294967296
2 device(s) found
Selected device: mlx5_1 (idx=1)
Link layer: Ethernet (RoCE), using GID index 3 (local IPv4 10.0.0.65)
num_cores: 80
physical cores per socket: 20
hyperthreading enabled
interleaved policy
pairing: 16757 -- 189652
[STATUS]: pinned main thread to core 20
[STATUS]: query QP/CQ contexts per compute node=16
[STATUS]: LAVD neighborhood region: resolved bytes=17179869184
allocation size: 4294967296
allocated ALIGNED MEM (no hugepage) at 140232507199552 with buffer size 4294967296
allocated ALIGNED MEM (no hugepage) at 140215327326272 with buffer size 17179869184
[STATUS]: LAVD neighborhood region: allocated bytes=17179869184
[STATUS]: register memory and distribute access token
[STATUS]: LAVD neighborhood region: registered bytes=17179869184
[STATUS]: connect QPs of compute threads
pairing: 16758 -- 189653
pairing: 16759 -- 189654
pairing: 16760 -- 189655
pairing: 16761 -- 189656
pairing: 16762 -- 189657
pairing: 16763 -- 189658
pairing: 16764 -- 189659
pairing: 16765 -- 189660
pairing: 16766 -- 189661
pairing: 16767 -- 189662
pairing: 16768 -- 189663
pairing: 16769 -- 189664
pairing: 16770 -- 189665
pairing: 16771 -- 189666
pairing: 16772 -- 189667
pairing: 16773 -- 189668
[STATUS]: idle: index construction
[STATUS]: loading index (876871208 Bytes) from /home/kvgroup/chaomei/hnsw-data/gist200k/dump/index_m32_efc200_node1_of1.dat
[STATUS]: query processing
[STATUS]: idle: queries
	Command being timed: "/home/kvgroup/chaomei/graphbeyond-vldb-closure-20260713/build-final-v5/shine --is-server --num-clients 1 --port 1316 --index-region-bytes 4294967296 --lavd-region-bytes 17179869184"
	User time (seconds): 32.23
	System time (seconds): 9.97
	Percent of CPU this job got: 89%
	Elapsed (wall clock) time (h:mm:ss or m:ss): 0:47.18
	Average shared text size (kbytes): 0
	Average unshared data size (kbytes): 0
	Average stack size (kbytes): 0
	Average total size (kbytes): 0
	Maximum resident set size (kbytes): 20991952
	Average resident set size (kbytes): 0
	Major (requiring I/O) page faults: 0
	Minor (reclaiming a frame) page faults: 5246853
	Voluntary context switches: 585
	Involuntary context switches: 156
	Swaps: 0
	File system inputs: 0
	File system outputs: 40
	Socket messages sent: 0
	Socket messages received: 0
	Signals delivered: 0
	Page size (bytes): 4096
	Exit status: 0
