============================================================
                        SERVER
============================================================
num clients:                  1
TCP port:                     21049
IB port:                      1
max outstanding CQEs:         16
max send work requests:       1024
max receive work requests:    1024
============================================================
index region bytes:           4294967296
2 device(s) found
Selected device: mlx5_1 (idx=1)
Link layer: Ethernet (RoCE), using GID index 3 (local IPv4 10.0.0.65)
num_cores: 80
physical cores per socket: 20
hyperthreading enabled
interleaved policy
pairing: 19660 -- 15447
[STATUS]: pinned main thread to core 20
[STATUS]: query QP/CQ contexts per compute node=16
[STATUS]: LAVD neighborhood region: resolved bytes=4294967296
allocation size: 4294967296
allocated ALIGNED MEM (no hugepage) at 140367051448384 with buffer size 4294967296
allocated ALIGNED MEM (no hugepage) at 140362756476992 with buffer size 4294967296
[STATUS]: LAVD neighborhood region: allocated bytes=4294967296
[STATUS]: register memory and distribute access token
[STATUS]: LAVD neighborhood region: registered bytes=4294967296
[STATUS]: connect QPs of compute threads
pairing: 19661 -- 15448
pairing: 19662 -- 15449
pairing: 19663 -- 15450
pairing: 19664 -- 15451
pairing: 19665 -- 15452
pairing: 19666 -- 15453
pairing: 19667 -- 15454
pairing: 19668 -- 15455
pairing: 19669 -- 15456
pairing: 19670 -- 15457
pairing: 19671 -- 15458
pairing: 19672 -- 15459
pairing: 19673 -- 15460
pairing: 19674 -- 15461
pairing: 19675 -- 15462
pairing: 19676 -- 15463
[STATUS]: idle: index construction
[STATUS]: loading index (672573128 Bytes) from /home/kvgroup/chaomei/hnsw-data/deep1m/dump/index_m16_efc100_node1_of1.dat
[STATUS]: query processing
[STATUS]: idle: queries
