============================================================
                        SERVER
============================================================
num clients:                  1
TCP port:                     1316
IB port:                      1
max outstanding CQEs:         16
max send work requests:       1024
max receive work requests:    1024
============================================================
index region bytes:           4294967296
2 device(s) found
Selected device: mlx5_1 (idx=1)
Link layer: Ethernet (RoCE), using GID index 3 (local IPv4 10.0.0.65)
num_cores: 80
physical cores per socket: 20
hyperthreading enabled
interleaved policy
pairing: 17293 -- 190188
[STATUS]: pinned main thread to core 20
[STATUS]: query QP/CQ contexts per compute node=16
[STATUS]: LAVD neighborhood region: resolved bytes=17179869184
allocation size: 4294967296
allocated ALIGNED MEM (no hugepage) at 139974404882496 with buffer size 4294967296
allocated ALIGNED MEM (no hugepage) at 139957225009216 with buffer size 17179869184
[STATUS]: LAVD neighborhood region: allocated bytes=17179869184
[STATUS]: register memory and distribute access token
[STATUS]: LAVD neighborhood region: registered bytes=17179869184
[STATUS]: connect QPs of compute threads
pairing: 17294 -- 190189
pairing: 17295 -- 190190
pairing: 17296 -- 190191
pairing: 17297 -- 190192
pairing: 17298 -- 190193
pairing: 17299 -- 190194
pairing: 17300 -- 190195
pairing: 17301 -- 190196
pairing: 17302 -- 190197
pairing: 17303 -- 190198
pairing: 17304 -- 190199
pairing: 17305 -- 190200
pairing: 17306 -- 190201
pairing: 17307 -- 190202
pairing: 17308 -- 190203
pairing: 17309 -- 190204
[STATUS]: idle: index construction
[STATUS]: loading index (876871208 Bytes) from /home/kvgroup/chaomei/hnsw-data/gist200k/dump/index_m32_efc200_node1_of1.dat
[STATUS]: query processing
[STATUS]: idle: queries
	Command being timed: "/home/kvgroup/chaomei/graphbeyond-vldb-closure-20260713/build-final-v5/shine --is-server --num-clients 1 --port 1316 --index-region-bytes 4294967296 --lavd-region-bytes 17179869184"
	User time (seconds): 28.88
	System time (seconds): 10.17
	Percent of CPU this job got: 89%
	Elapsed (wall clock) time (h:mm:ss or m:ss): 0:43.65
	Average shared text size (kbytes): 0
	Average unshared data size (kbytes): 0
	Average stack size (kbytes): 0
	Average total size (kbytes): 0
	Maximum resident set size (kbytes): 20991904
	Average resident set size (kbytes): 0
	Major (requiring I/O) page faults: 0
	Minor (reclaiming a frame) page faults: 5271927
	Voluntary context switches: 583
	Involuntary context switches: 155
	Swaps: 0
	File system inputs: 0
	File system outputs: 40
	Socket messages sent: 0
	Socket messages received: 0
	Signals delivered: 0
	Page size (bytes): 4096
	Exit status: 0
