============================================================
                        SERVER
============================================================
num clients:                  1
TCP port:                     21099
IB port:                      1
max outstanding CQEs:         16
max send work requests:       1024
max receive work requests:    1024
============================================================
index region bytes:           4294967296
2 device(s) found
Selected device: mlx5_1 (idx=1)
Link layer: Ethernet (RoCE), using GID index 3 (local IPv4 10.0.0.65)
num_cores: 80
physical cores per socket: 20
hyperthreading enabled
interleaved policy
pairing: 20510 -- 16297
[STATUS]: pinned main thread to core 20
[STATUS]: query QP/CQ contexts per compute node=16
[STATUS]: LAVD neighborhood region: resolved bytes=4294967296
allocation size: 4294967296
allocated ALIGNED MEM (no hugepage) at 140039980388416 with buffer size 4294967296
allocated ALIGNED MEM (no hugepage) at 140035685417024 with buffer size 4294967296
[STATUS]: LAVD neighborhood region: allocated bytes=4294967296
[STATUS]: register memory and distribute access token
[STATUS]: LAVD neighborhood region: registered bytes=4294967296
[STATUS]: connect QPs of compute threads
pairing: 20511 -- 16298
pairing: 20512 -- 16299
pairing: 20513 -- 16300
pairing: 20514 -- 16301
pairing: 20515 -- 16302
pairing: 20516 -- 16303
pairing: 20517 -- 16304
pairing: 20518 -- 16305
pairing: 20519 -- 16306
pairing: 20520 -- 16307
pairing: 20521 -- 16308
pairing: 20522 -- 16309
pairing: 20523 -- 16310
pairing: 20524 -- 16311
pairing: 20525 -- 16312
pairing: 20526 -- 16313
[STATUS]: idle: index construction
[STATUS]: loading index (800573128 Bytes) from /home/kvgroup/chaomei/hnsw-data/sift1m/dump/index_m16_efc100_node1_of1.dat
[STATUS]: query processing
[STATUS]: idle: queries
