============================================================
                        SERVER
============================================================
num clients:                  1
TCP port:                     21050
IB port:                      1
max outstanding CQEs:         16
max send work requests:       1024
max receive work requests:    1024
============================================================
index region bytes:           4294967296
2 device(s) found
Selected device: mlx5_1 (idx=1)
Link layer: Ethernet (RoCE), using GID index 3 (local IPv4 10.0.0.65)
num_cores: 80
physical cores per socket: 20
hyperthreading enabled
interleaved policy
pairing: 19677 -- 15464
[STATUS]: pinned main thread to core 20
[STATUS]: query QP/CQ contexts per compute node=16
[STATUS]: LAVD neighborhood region: resolved bytes=4294967296
allocation size: 4294967296
allocated ALIGNED MEM (no hugepage) at 139890589610048 with buffer size 4294967296
allocated ALIGNED MEM (no hugepage) at 139886294638656 with buffer size 4294967296
[STATUS]: LAVD neighborhood region: allocated bytes=4294967296
[STATUS]: register memory and distribute access token
[STATUS]: LAVD neighborhood region: registered bytes=4294967296
[STATUS]: connect QPs of compute threads
pairing: 19678 -- 15465
pairing: 19679 -- 15466
pairing: 19680 -- 15467
pairing: 19681 -- 15468
pairing: 19682 -- 15469
pairing: 19683 -- 15470
pairing: 19684 -- 15471
pairing: 19685 -- 15472
pairing: 19686 -- 15473
pairing: 19687 -- 15474
pairing: 19688 -- 15475
pairing: 19689 -- 15476
pairing: 19690 -- 15477
pairing: 19691 -- 15478
pairing: 19692 -- 15479
pairing: 19693 -- 15480
[STATUS]: idle: index construction
[STATUS]: loading index (672573128 Bytes) from /home/kvgroup/chaomei/hnsw-data/deep1m/dump/index_m16_efc100_node1_of1.dat
[STATUS]: query processing
[STATUS]: idle: queries
