============================================================
                        SERVER
============================================================
num clients:                  1
TCP port:                     21087
IB port:                      1
max outstanding CQEs:         16
max send work requests:       1024
max receive work requests:    1024
============================================================
index region bytes:           4294967296
2 device(s) found
Selected device: mlx5_1 (idx=1)
Link layer: Ethernet (RoCE), using GID index 3 (local IPv4 10.0.0.65)
num_cores: 80
physical cores per socket: 20
hyperthreading enabled
interleaved policy
pairing: 20306 -- 16093
[STATUS]: pinned main thread to core 20
[STATUS]: query QP/CQ contexts per compute node=16
[STATUS]: LAVD neighborhood region: resolved bytes=4294967296
allocation size: 4294967296
allocated ALIGNED MEM (no hugepage) at 139934820180032 with buffer size 4294967296
allocated ALIGNED MEM (no hugepage) at 139930525208640 with buffer size 4294967296
[STATUS]: LAVD neighborhood region: allocated bytes=4294967296
[STATUS]: register memory and distribute access token
[STATUS]: LAVD neighborhood region: registered bytes=4294967296
[STATUS]: connect QPs of compute threads
pairing: 20307 -- 16094
pairing: 20308 -- 16095
pairing: 20309 -- 16096
pairing: 20310 -- 16097
pairing: 20311 -- 16098
pairing: 20312 -- 16099
pairing: 20313 -- 16100
pairing: 20314 -- 16101
pairing: 20315 -- 16102
pairing: 20316 -- 16103
pairing: 20317 -- 16104
pairing: 20318 -- 16105
pairing: 20319 -- 16106
pairing: 20320 -- 16107
pairing: 20321 -- 16108
pairing: 20322 -- 16109
[STATUS]: idle: index construction
[STATUS]: loading index (800573128 Bytes) from /home/kvgroup/chaomei/hnsw-data/sift1m/dump/index_m16_efc100_node1_of1.dat
[STATUS]: query processing
[STATUS]: idle: queries
