============================================================
                        CLIENT
============================================================
connect to:                   [skv-node4, ]
is initiator:                 true
client nodes:                 [skv-node2, ]
TCP port:                     14322
IB port:                      1
max outstanding CQEs:         16
max send work requests:       1024
max receive work requests:    1024
============================================================
index region bytes:           4294967296
data path:                    "/home/kvgroup/chaomei/hnsw-data/deep1m"
query suffix:                 uniform
number of threads:            10
number of coroutines:         2
query QP/CQ contexts:         10
threads pinned:               true
seed:                         1234
------------------------------------------------------------
K:                            10
M:                            16
ef search:                    200
ef construction:              100
spec-k (GraphBeyond C1):      1
============================================================
2 device(s) found
Selected device: mlx5_1 (idx=1)
Link layer: Ethernet (RoCE), using GID index 3 (local IPv4 10.0.0.61)
num_cores: 80
physical cores per socket: 20
hyperthreading enabled
interleaved policy
[STATUS]: LAVD neighborhood region: requested bytes=0, resolved bytes=6442450944
connect to client skv-node2
pairing: 212783 -- 10424
client id: 0
number of clients: 2
connect to server skv-node4
pairing: 212784 -- 11267
[STATUS]: pinned main thread to core 20
[STATUS]: receive access tokens of remote memory regions
[STATUS]: LAVD neighborhood region: registered bytes per MN=0
reading input data... (dim=96, num vectors=5000/10000, filesize=3840008)
reading input data... (dim=100, num vectors=10000/10000, filesize=4000008)
[STATUS]: allocate worker threads and read buffers
allocated ALIGNED MEM (no hugepage) at 140367508258880 with buffer size 4294967296
2 device(s) found
Selected device: mlx5_1 (idx=1)
Link layer: Ethernet (RoCE), using GID index 3 (local IPv4 10.0.0.61)
pairing: 212785 -- 11268
2 device(s) found
Selected device: mlx5_1 (idx=1)
Link layer: Ethernet (RoCE), using GID index 3 (local IPv4 10.0.0.61)
pairing: 212786 -- 11269
2 device(s) found
Selected device: mlx5_1 (idx=1)
Link layer: Ethernet (RoCE), using GID index 3 (local IPv4 10.0.0.61)
pairing: 212787 -- 11270
2 device(s) found
Selected device: mlx5_1 (idx=1)
Link layer: Ethernet (RoCE), using GID index 3 (local IPv4 10.0.0.61)
pairing: 212788 -- 11271
2 device(s) found
Selected device: mlx5_1 (idx=1)
Link layer: Ethernet (RoCE), using GID index 3 (local IPv4 10.0.0.61)
pairing: 212789 -- 11272
2 device(s) found
Selected device: mlx5_1 (idx=1)
Link layer: Ethernet (RoCE), using GID index 3 (local IPv4 10.0.0.61)
pairing: 212790 -- 11273
2 device(s) found
Selected device: mlx5_1 (idx=1)
Link layer: Ethernet (RoCE), using GID index 3 (local IPv4 10.0.0.61)
pairing: 212791 -- 11274
2 device(s) found
Selected device: mlx5_1 (idx=1)
Link layer: Ethernet (RoCE), using GID index 3 (local IPv4 10.0.0.61)
pairing: 212792 -- 11275
2 device(s) found
Selected device: mlx5_1 (idx=1)
Link layer: Ethernet (RoCE), using GID index 3 (local IPv4 10.0.0.61)
pairing: 212793 -- 11276
2 device(s) found
Selected device: mlx5_1 (idx=1)
Link layer: Ethernet (RoCE), using GID index 3 (local IPv4 10.0.0.61)
pairing: 212794 -- 11277
[STATUS]: synchronize compute nodes
[STATUS]: construct placement datastructure
  fetched 20 nodes on level 4
  fetched 259 nodes on level 3
  fetched 3923 nodes on level 2
[STATUS]: run balanced k-means
run kmeans
cluster sizes:
  cluster 0: 2318
  cluster 1: 1605
  final iteration: 18, final error: 0
run balanced kmeans
num iterations: 176
reported cluster sizes:
  cluster 0: 1962
  cluster 1: 1961
actual cluster sizes:
  cluster 0: 2020
  cluster 1: 1903
final cluster sizes:
  cluster 0: 2020
  cluster 1: 1903
final mapping: 0 1 
[STATUS]: synchronize compute nodes
[STATUS]: run queries
allocated ALIGNED MEM (no hugepage) at 140367493234752 with buffer size 627200
routing buffer size: 627200
[STATUS]: **QUERY**: running worker threads...
[STATUS]: pinned thread 1 to core 0
[STATUS]: pinned thread 2 to core 21
[STATUS]: pinned thread 3 to core 1
[STATUS]: pinned thread 4 to core 22
[STATUS]: pinned thread 5 to core 2
[STATUS]: pinned thread 6 to core 23
[STATUS]: pinned thread 7 to core 3
[STATUS]: pinned thread 8 to core 24
[STATUS]: pinned thread 9 to core 4
query 0/10000
query 2000/10000
query 4000/10000
query 6000/10000
query 8000/10000
[STATUS]: join compute threads
t0 processed: 492, CHR: 0
t1 processed: 494, CHR: 0
t2 processed: 531, CHR: 0
t3 processed: 490, CHR: 0
t4 processed: 489, CHR: 0
t5 processed: 487, CHR: 0
t6 processed: 519, CHR: 0
t7 processed: 490, CHR: 0
t8 processed: 499, CHR: 0
t9 processed: 509, CHR: 0
[STATUS]: processed queries: 5000
[STATUS]: local recall: 0.989180
[STATUS]: collect statistics and timings from compute nodes

statistics:
cache histogram
  size: 0 | freq: 83599
total entries: 0
cooling table histogram
  size: 0 | freq: 1394
  size: 1 | freq: 0
  size: 2 | freq: 0
  size: 3 | freq: 0
  size: 4 | freq: 0
  size: 5 | freq: 0
  size: 6 | freq: 0
CT total entries: 0
