============================================================
                        SERVER
============================================================
num clients:                  1
TCP port:                     21123
IB port:                      1
max outstanding CQEs:         16
max send work requests:       1024
max receive work requests:    1024
============================================================
index region bytes:           4294967296
2 device(s) found
Selected device: mlx5_1 (idx=1)
Link layer: Ethernet (RoCE), using GID index 3 (local IPv4 10.0.0.65)
num_cores: 80
physical cores per socket: 20
hyperthreading enabled
interleaved policy
pairing: 20918 -- 16705
[STATUS]: pinned main thread to core 20
[STATUS]: query QP/CQ contexts per compute node=16
[STATUS]: LAVD neighborhood region: resolved bytes=4294967296
allocation size: 4294967296
allocated ALIGNED MEM (no hugepage) at 139954956701760 with buffer size 4294967296
allocated ALIGNED MEM (no hugepage) at 139950661730368 with buffer size 4294967296
[STATUS]: LAVD neighborhood region: allocated bytes=4294967296
[STATUS]: register memory and distribute access token
[STATUS]: LAVD neighborhood region: registered bytes=4294967296
[STATUS]: connect QPs of compute threads
pairing: 20919 -- 16706
pairing: 20920 -- 16707
pairing: 20921 -- 16708
pairing: 20922 -- 16709
pairing: 20923 -- 16710
pairing: 20924 -- 16711
pairing: 20925 -- 16712
pairing: 20926 -- 16713
pairing: 20927 -- 16714
pairing: 20928 -- 16715
pairing: 20929 -- 16716
pairing: 20930 -- 16717
pairing: 20931 -- 16718
pairing: 20932 -- 16719
pairing: 20933 -- 16720
pairing: 20934 -- 16721
[STATUS]: idle: index construction
[STATUS]: loading index (800573128 Bytes) from /home/kvgroup/chaomei/hnsw-data/sift1m/dump/index_m16_efc100_node1_of1.dat
[STATUS]: query processing
[STATUS]: idle: queries
