============================================================
                        SERVER
============================================================
num clients:                  1
TCP port:                     21069
IB port:                      1
max outstanding CQEs:         16
max send work requests:       1024
max receive work requests:    1024
============================================================
index region bytes:           4294967296
2 device(s) found
Selected device: mlx5_1 (idx=1)
Link layer: Ethernet (RoCE), using GID index 3 (local IPv4 10.0.0.65)
num_cores: 80
physical cores per socket: 20
hyperthreading enabled
interleaved policy
pairing: 20000 -- 15787
[STATUS]: pinned main thread to core 20
[STATUS]: query QP/CQ contexts per compute node=16
[STATUS]: LAVD neighborhood region: resolved bytes=4294967296
allocation size: 4294967296
allocated ALIGNED MEM (no hugepage) at 140553495072832 with buffer size 4294967296
allocated ALIGNED MEM (no hugepage) at 140549200101440 with buffer size 4294967296
[STATUS]: LAVD neighborhood region: allocated bytes=4294967296
[STATUS]: register memory and distribute access token
[STATUS]: LAVD neighborhood region: registered bytes=4294967296
[STATUS]: connect QPs of compute threads
pairing: 20001 -- 15788
pairing: 20002 -- 15789
pairing: 20003 -- 15790
pairing: 20004 -- 15791
pairing: 20005 -- 15792
pairing: 20006 -- 15793
pairing: 20007 -- 15794
pairing: 20008 -- 15795
pairing: 20009 -- 15796
pairing: 20010 -- 15797
pairing: 20011 -- 15798
pairing: 20012 -- 15799
pairing: 20013 -- 15800
pairing: 20014 -- 15801
pairing: 20015 -- 15802
pairing: 20016 -- 15803
[STATUS]: idle: index construction
[STATUS]: loading index (800573128 Bytes) from /home/kvgroup/chaomei/hnsw-data/sift1m/dump/index_m16_efc100_node1_of1.dat
[STATUS]: query processing
[STATUS]: idle: queries
