============================================================
                        SERVER
============================================================
num clients:                  1
TCP port:                     21121
IB port:                      1
max outstanding CQEs:         16
max send work requests:       1024
max receive work requests:    1024
============================================================
index region bytes:           4294967296
2 device(s) found
Selected device: mlx5_1 (idx=1)
Link layer: Ethernet (RoCE), using GID index 3 (local IPv4 10.0.0.65)
num_cores: 80
physical cores per socket: 20
hyperthreading enabled
interleaved policy
pairing: 20884 -- 16671
[STATUS]: pinned main thread to core 20
[STATUS]: query QP/CQ contexts per compute node=16
[STATUS]: LAVD neighborhood region: resolved bytes=4294967296
allocation size: 4294967296
allocated ALIGNED MEM (no hugepage) at 139829431328832 with buffer size 4294967296
allocated ALIGNED MEM (no hugepage) at 139825136357440 with buffer size 4294967296
[STATUS]: LAVD neighborhood region: allocated bytes=4294967296
[STATUS]: register memory and distribute access token
[STATUS]: LAVD neighborhood region: registered bytes=4294967296
[STATUS]: connect QPs of compute threads
pairing: 20885 -- 16672
pairing: 20886 -- 16673
pairing: 20887 -- 16674
pairing: 20888 -- 16675
pairing: 20889 -- 16676
pairing: 20890 -- 16677
pairing: 20891 -- 16678
pairing: 20892 -- 16679
pairing: 20893 -- 16680
pairing: 20894 -- 16681
pairing: 20895 -- 16682
pairing: 20896 -- 16683
pairing: 20897 -- 16684
pairing: 20898 -- 16685
pairing: 20899 -- 16686
pairing: 20900 -- 16687
[STATUS]: idle: index construction
[STATUS]: loading index (800573128 Bytes) from /home/kvgroup/chaomei/hnsw-data/sift1m/dump/index_m16_efc100_node1_of1.dat
[STATUS]: query processing
[STATUS]: idle: queries
