query_data_path: ../datasets/deep1M/deep1M_query.fvecs
Reading from vector 1 to -1
Seekg position: 0 bytes
Each vector size: 388 bytes (dim=96)
Reading 3333 vectors
Reading 3333 vectors
QUERY_GT_SHAPE query_rows=3333 ground_truth_rows=3333 query_rows_per_ground_truth=1
original_n_query_data = 3333
sampling_mod = 1, sampling_count = 0
query_data.size(): 319968
ground_truth.size(): 333300
FRONTIER_QUERY_POOL total_queries=3333 threads=10 top_k=10 fixed=1
queries_per_thread: 333
ground_truth.size(): 333300
Using physical cores only (skipping hyperthreads)
[35m[search_client_pipelined_reuse_thread.cc:234] Thread 0 fetch QP authentication key: 1597322404
[0m[35m[search_client_pipelined_reuse_thread.cc:238] Thread 0 RDMA resources initialized
[0m[35m[search_client_pipelined_reuse_thread.cc:234] Thread 1 fetch QP authentication key: 1432114613
[0m[35m[search_client_pipelined_reuse_thread.cc:238] Thread 1 RDMA resources initialized
[0m[35m[search_client_pipelined_reuse_thread.cc:234] Thread 2 fetch QP authentication key: 1782436840
[0m[35m[search_client_pipelined_reuse_thread.cc:238] Thread 2 RDMA resources initialized
[0m[35m[search_client_pipelined_reuse_thread.cc:234] Thread 3 fetch QP authentication key: 1395235128
[0m[35m[search_client_pipelined_reuse_thread.cc:238] Thread 3 RDMA resources initialized
[0m[35m[search_client_pipelined_reuse_thread.cc:234] Thread 4 fetch QP authentication key: 492067917
[0m[35m[search_client_pipelined_reuse_thread.cc:238] Thread 4 RDMA resources initialized
[0m[35m[search_client_pipelined_reuse_thread.cc:234] Thread 5 fetch QP authentication key: 706043324
[0m[35m[search_client_pipelined_reuse_thread.cc:238] Thread 5 RDMA resources initialized
[0m[35m[search_client_pipelined_reuse_thread.cc:234] Thread 6 fetch QP authentication key: 1359512183
[0m[35m[search_client_pipelined_reuse_thread.cc:238] Thread 6 RDMA resources initialized
[0m[35m[search_client_pipelined_reuse_thread.cc:234] Thread 7 fetch QP authentication key: 1096689772
[0m[35m[search_client_pipelined_reuse_thread.cc:238] Thread 7 RDMA resources initialized
[0m[35m[search_client_pipelined_reuse_thread.cc:234] Thread 8 fetch QP authentication key: 1172755590
[0m[35m[search_client_pipelined_reuse_thread.cc:238] Thread 8 RDMA resources initialized
[0m[35m[search_client_pipelined_reuse_thread.cc:234] Thread 9 fetch QP authentication key: 1012502954
[0m[35m[search_client_pipelined_reuse_thread.cc:238] Thread 9 RDMA resources initialized
[0m=== gRPC Service Parameters Debug ===
epoch: 0
rdma_base_offset: 0
serialized_meta_hnsw size: 105066 bytes
offset size: 320 elements
offset_para size: 1440 elements
overflow size: 480 elements
mapping size: 160 elements
Thread 0 local_hnsw mapping size: 160
fetch_worker start
deserialize_worker start
search_worker start
=== Thread 0 testing EF = 200 for 20 seconds ===
=== gRPC Service Parameters Debug ===
epoch: 0
rdma_base_offset: 0
serialized_meta_hnsw size: 105066 bytes
offset size: 320 elements
offset_para size: 1440 elements
overflow size: 480 elements
mapping size: 160 elements
Thread 1 local_hnsw mapping size: 160
fetch_worker start
deserialize_worker start
search_worker start=== Thread 
1 testing EF = 200 for 20 seconds ===
=== gRPC Service Parameters Debug ===
epoch: 0
rdma_base_offset: 0
serialized_meta_hnsw size: 105066 bytes
offset size: 320 elements
offset_para size: 1440 elements
overflow size: 480 elements
mapping size: 160 elements
Thread 2 local_hnsw mapping size: 160
fetch_worker start
deserialize_worker start
search_worker start
=== Thread 2 testing EF = 200 for 20 seconds ===
=== gRPC Service Parameters Debug ===
epoch: 0
rdma_base_offset: 0
serialized_meta_hnsw size: 105066 bytes
offset size: 320 elements
offset_para size: 1440 elements
overflow size: 480 elements
mapping size: 160 elements
Thread 3 local_hnsw mapping size: 160
fetch_worker start
deserialize_worker start
search_worker start=== Thread 
3 testing EF = 200 for 20 seconds ===
=== gRPC Service Parameters Debug ===
epoch: 0
rdma_base_offset: 0
serialized_meta_hnsw size: 105066 bytes
offset size: 320 elements
offset_para size: 1440 elements
overflow size: 480 elements
mapping size: 160 elements
Thread 4 local_hnsw mapping size: 160
fetch_worker start
deserialize_worker start
=== Thread 4 testing EF = 200 for 20 seconds ===
search_worker start
=== gRPC Service Parameters Debug ===
epoch: 0
rdma_base_offset: 0
serialized_meta_hnsw size: 105066 bytes
offset size: 320 elements
offset_para size: 1440 elements
overflow size: 480 elements
mapping size: 160 elements
Thread 5 local_hnsw mapping size: 160
fetch_worker start
deserialize_worker start
search_worker start=== Thread 
5 testing EF = 200 for 20 seconds ===
=== gRPC Service Parameters Debug ===
epoch: 0
rdma_base_offset: 0
serialized_meta_hnsw size: 105066 bytes
offset size: 320 elements
offset_para size: 1440 elements
overflow size: 480 elements
mapping size: 160 elements
Thread 6 local_hnsw mapping size: 160
fetch_worker start
deserialize_worker start
search_worker start
=== Thread 6 testing EF = 200 for 20 seconds ===
=== gRPC Service Parameters Debug ===
epoch: 0
rdma_base_offset: 0
serialized_meta_hnsw size: 105066 bytes
offset size: 320 elements
offset_para size: 1440 elements
overflow size: 480 elements
mapping size: 160 elements
Thread 7 local_hnsw mapping size: 160
fetch_worker start
deserialize_worker start
=== Thread search_worker start7
 testing EF = 200 for 20 seconds ===
=== gRPC Service Parameters Debug ===
epoch: 0
rdma_base_offset: 0
serialized_meta_hnsw size: 105066 bytes
offset size: 320 elements
offset_para size: 1440 elements
overflow size: 480 elements
mapping size: 160 elements
Thread 8 local_hnsw mapping size: 160
fetch_worker start
deserialize_worker start
search_worker start
=== Thread 8 testing EF = 200 for 20 seconds ===
=== gRPC Service Parameters Debug ===
epoch: 0
rdma_base_offset: 0
serialized_meta_hnsw size: 105066 bytes
offset size: 320 elements
offset_para size: 1440 elements
overflow size: 480 elements
mapping size: 160 elements
Thread 9 local_hnsw mapping size: 160
fetch_worker start
deserialize_worker start
search_worker start
=== Thread 9 testing EF = 200 for 20 seconds ===
[39m[reporter.hh:42] [Batch 0] Compute: 543,982.00 ms, Network: 253,894.00 ms, Deserialize: 524,438.00 ms, Meta Search: 4,775.00 ms, Throughput: 378.68 qps, Total Time: 879,382.00 ms
[0mThread 2 EF 200 benchmark:
  Queries executed: 333
  Avg total latency: 2640.79 us
  Avg meta search latency: 14.3393 us
  Avg compute time: 1633.58 us
  Avg network latency: 762.444 us
  Avg deserialize time: 1574.89 us
  Recall: 0.901501
  Throughput: 377.203 QPS
FRONTIER_THREAD_RESULT ef=200 thread=2 queries=333 elapsed_s=0.882814594 recall=0.901501477
[35m[search_client_pipelined_reuse_thread.cc:581] Thread 2 returns
[0m[39m[reporter.hh:42] [Batch 0] Compute: 523,154.00 ms, Network: 238,238.00 ms, Deserialize: 953,341.00 ms, Meta Search: 4,764.00 ms, Throughput: 276.58 qps, Total Time: 1,203,998.00 ms
[0m[39m[reporter.hh:42] [Batch 0] Compute: 500,542.00 ms, Network: 232,339.00 ms, Deserialize: 1,076,261.00 ms, Meta Search: 4,010.00 ms, Throughput: 276.52 qps, Total Time: 1,204,258.00 ms
[0mThread 6 EF 200 benchmark:
  Queries executed: 333
  Avg total latency: 3615.61 us
  Avg meta search latency: 14.3063 us
  Avg compute time: 1571.03 us
  Avg network latency: 715.429 us
  Avg deserialize time: 2862.89 us
  Recall: 0.914715
  Throughput: 275.672 QPS
FRONTIER_THREAD_RESULT ef=200 thread=6 queries=333 elapsed_s=1.207956770 recall=0.914714694
[35m[search_client_pipelined_reuse_thread.cc:581] Thread 6 returns
[0mThread 5 EF 200 benchmark:
  Queries executed: 333
  Avg total latency: 3616.39 us
  Avg meta search latency: 12.042 us
  Avg compute time: 1503.13 us
  Avg network latency: 697.715 us
  Avg deserialize time: 3232.02 us
  Recall: 0.901501
  Throughput: 275.635 QPS
FRONTIER_THREAD_RESULT ef=200 thread=5 queries=333 elapsed_s=1.208118276 recall=0.901501477
[35m[search_client_pipelined_reuse_thread.cc:581] Thread 5 returns
[0m[39m[reporter.hh:42] [Batch 0] Compute: 2,552,903.00 ms, Network: 207,016.00 ms, Deserialize: 1,256,003.00 ms, Meta Search: 5,361.00 ms, Throughput: 96.78 qps, Total Time: 3,440,811.00 ms
[0mThread 4 EF 200 benchmark:
  Queries executed: 333
  Avg total latency: 10332.8 us
  Avg meta search latency: 16.0991 us
  Avg compute time: 7666.38 us
  Avg network latency: 621.67 us
  Avg deserialize time: 3771.78 us
  Recall: 0.902703
  Throughput: 96.6802 QPS
FRONTIER_THREAD_RESULT ef=200 thread=4 queries=333 elapsed_s=3.444346108 recall=0.902702689
[35m[search_client_pipelined_reuse_thread.cc:581] Thread 4 returns
[0m[39m[reporter.hh:42] [Batch 0] Compute: 2,665,935.00 ms, Network: 209,649.00 ms, Deserialize: 1,260,585.00 ms, Meta Search: 5,303.00 ms, Throughput: 95.54 qps, Total Time: 3,516,821.00 ms
[0mThread 9 EF 200 benchmark:
  Queries executed: 336
  Avg total latency: 10466.7 us
  Avg meta search latency: 15.7827 us
  Avg compute time: 7934.33 us
  Avg network latency: 623.955 us
  Avg deserialize time: 3751.74 us
  Recall: 0.900893
  Throughput: 95.4463 QPS
FRONTIER_THREAD_RESULT ef=200 thread=9 queries=336 elapsed_s=3.520303517 recall=0.900892854
[35m[search_client_pipelined_reuse_thread.cc:581] Thread 9 returns
[0m[39m[reporter.hh:42] [Batch 0] Compute: 4,393,485.00 ms, Network: 8,249,768.00 ms, Deserialize: 613,021.00 ms, Meta Search: 3,954.00 ms, Throughput: 26.10 qps, Total Time: 12,760,815.00 ms
[0mThread 1 EF 200 benchmark:
  Queries executed: 333
  Avg total latency: 38320.8 us
  Avg meta search latency: 11.8739 us
  Avg compute time: 13193.6 us
  Avg network latency: 24774.1 us
  Avg deserialize time: 1840.9 us
  Recall: 0.913514
  Throughput: 26.0911 QPS
FRONTIER_THREAD_RESULT ef=200 thread=1 queries=333 elapsed_s=12.762963312 recall=0.913513541
[35m[search_client_pipelined_reuse_thread.cc:581] Thread 1 returns
[0m[39m[reporter.hh:42] [Batch 0] Compute: 4,702,900.00 ms, Network: 8,284,211.00 ms, Deserialize: 590,550.00 ms, Meta Search: 4,764.00 ms, Throughput: 25.39 qps, Total Time: 13,112,819.00 ms
[0mThread 0 EF 200 benchmark:
  Queries executed: 333
  Avg total latency: 39377.8 us
  Avg meta search latency: 14.3063 us
  Avg compute time: 14122.8 us
  Avg network latency: 24877.5 us
  Avg deserialize time: 1773.42 us
  Recall: 0.912913
  Throughput: 25.3906 QPS
FRONTIER_THREAD_RESULT ef=200 thread=0 queries=333 elapsed_s=13.115066466 recall=0.912912905
[35m[search_client_pipelined_reuse_thread.cc:581] Thread 0 returns
[0m[39m[reporter.hh:42] [Batch 0] Compute: 5,048,468.00 ms, Network: 8,243,009.00 ms, Deserialize: 762,924.00 ms, Meta Search: 5,049.00 ms, Throughput: 24.51 qps, Total Time: 13,588,813.00 ms
[0mThread 7 EF 200 benchmark:
  Queries executed: 333
  Avg total latency: 40807.2 us
  Avg meta search latency: 15.1622 us
  Avg compute time: 15160.6 us
  Avg network latency: 24753.8 us
  Avg deserialize time: 2291.06 us
  Recall: 0.903003
  Throughput: 24.4994 QPS
FRONTIER_THREAD_RESULT ef=200 thread=7 queries=333 elapsed_s=13.592166704 recall=0.903002977
[35m[search_client_pipelined_reuse_thread.cc:581] Thread 7 returns
[0m[39m[reporter.hh:42] [Batch 0] Compute: 5,280,208.00 ms, Network: 8,341,537.00 ms, Deserialize: 438,352.00 ms, Meta Search: 4,723.00 ms, Throughput: 24.27 qps, Total Time: 13,720,811.00 ms
[0mThread 3 EF 200 benchmark:
  Queries executed: 333
  Avg total latency: 41203.6 us
  Avg meta search latency: 14.1832 us
  Avg compute time: 15856.5 us
  Avg network latency: 25049.7 us
  Avg deserialize time: 1316.37 us
  Recall: 0.928529
  Throughput: 24.2661 QPS
FRONTIER_THREAD_RESULT ef=200 thread=3 queries=333 elapsed_s=13.722870111 recall=0.928528547
[35m[search_client_pipelined_reuse_thread.cc:581] Thread 3 returns
[0m[39m[reporter.hh:42] [Batch 0] Compute: 5,361,564.00 ms, Network: 8,286,325.00 ms, Deserialize: 761,661.00 ms, Meta Search: 4,698.00 ms, Throughput: 24.07 qps, Total Time: 13,836,816.00 ms
[0mThread 8 EF 200 benchmark:
  Queries executed: 333
  Avg total latency: 41552 us
  Avg meta search latency: 14.1081 us
  Avg compute time: 16100.8 us
  Avg network latency: 24883.9 us
  Avg deserialize time: 2287.27 us
  Recall: 0.906907
  Throughput: 24.0603 QPS
FRONTIER_THREAD_RESULT ef=200 thread=8 queries=333 elapsed_s=13.840251887 recall=0.906906903
[35m[search_client_pipelined_reuse_thread.cc:581] Thread 8 returns
[0mEF: 200
Thread 0 recall: 0.912913
Thread 0 latency: 39377.8
Thread 0 network latency: 24877.5
Thread 0 duration_meta_search: 14.3063
Thread 0 compute time: 14122.8
Thread 1 recall: 0.913514
Thread 1 latency: 38320.8
Thread 1 network latency: 24774.1
Thread 1 duration_meta_search: 11.8739
Thread 1 compute time: 13193.6
Thread 2 recall: 0.901501
Thread 2 latency: 2640.79
Thread 2 network latency: 762.444
Thread 2 duration_meta_search: 14.3393
Thread 2 compute time: 1633.58
Thread 3 recall: 0.928529
Thread 3 latency: 41203.6
Thread 3 network latency: 25049.7
Thread 3 duration_meta_search: 14.1832
Thread 3 compute time: 15856.5
Thread 4 recall: 0.902703
Thread 4 latency: 10332.8
Thread 4 network latency: 621.67
Thread 4 duration_meta_search: 16.0991
Thread 4 compute time: 7666.38
Thread 5 recall: 0.901501
Thread 5 latency: 3616.39
Thread 5 network latency: 697.715
Thread 5 duration_meta_search: 12.042
Thread 5 compute time: 1503.13
Thread 6 recall: 0.914715
Thread 6 latency: 3615.61
Thread 6 network latency: 715.429
Thread 6 duration_meta_search: 14.3063
Thread 6 compute time: 1571.03
Thread 7 recall: 0.903003
Thread 7 latency: 40807.2
Thread 7 network latency: 24753.8
Thread 7 duration_meta_search: 15.1622
Thread 7 compute time: 15160.6
Thread 8 recall: 0.906907
Thread 8 latency: 41552
Thread 8 network latency: 24883.9
Thread 8 duration_meta_search: 14.1081
Thread 8 compute time: 16100.8
Thread 9 recall: 0.900893
Thread 9 latency: 10466.7
Thread 9 network latency: 623.955
Thread 9 duration_meta_search: 15.7827
Thread 9 compute time: 7934.33
