query_data_path: ../datasets/deep1M/deep1M_query.fvecs
Reading from vector 1 to -1
Seekg position: 0 bytes
Each vector size: 388 bytes (dim=96)
Reading 3333 vectors
Reading 3333 vectors
QUERY_GT_SHAPE query_rows=3333 ground_truth_rows=3333 query_rows_per_ground_truth=1
original_n_query_data = 3333
sampling_mod = 1, sampling_count = 0
query_data.size(): 319968
ground_truth.size(): 333300
FRONTIER_QUERY_POOL total_queries=3333 threads=10 top_k=10 fixed=1
queries_per_thread: 333
ground_truth.size(): 333300
Using physical cores only (skipping hyperthreads)
[35m[search_client_pipelined_reuse_thread.cc:234] Thread 0 fetch QP authentication key: 2112255763
[0m[35m[search_client_pipelined_reuse_thread.cc:238] Thread 0 RDMA resources initialized
[0m[35m[search_client_pipelined_reuse_thread.cc:234] Thread 1 fetch QP authentication key: 352118606
[0m[35m[search_client_pipelined_reuse_thread.cc:238] Thread 1 RDMA resources initialized
[0m[35m[search_client_pipelined_reuse_thread.cc:234] Thread 2 fetch QP authentication key: 165344818
[0m[35m[search_client_pipelined_reuse_thread.cc:238] Thread 2 RDMA resources initialized
[0m[35m[search_client_pipelined_reuse_thread.cc:234] Thread 3 fetch QP authentication key: 1351797369
[0m[35m[search_client_pipelined_reuse_thread.cc:238] Thread 3 RDMA resources initialized
[0m[35m[search_client_pipelined_reuse_thread.cc:234] Thread 4 fetch QP authentication key: 680466996
[0m[35m[search_client_pipelined_reuse_thread.cc:238] Thread 4 RDMA resources initialized
[0m[35m[search_client_pipelined_reuse_thread.cc:234] Thread 5 fetch QP authentication key: 159259470
[0m[35m[search_client_pipelined_reuse_thread.cc:238] Thread 5 RDMA resources initialized
[0m[35m[search_client_pipelined_reuse_thread.cc:234] Thread 6 fetch QP authentication key: 1398295499
[0m[35m[search_client_pipelined_reuse_thread.cc:238] Thread 6 RDMA resources initialized
[0m[35m[search_client_pipelined_reuse_thread.cc:234] Thread 7 fetch QP authentication key: 601385644
[0m[35m[search_client_pipelined_reuse_thread.cc:238] Thread 7 RDMA resources initialized
[0m[35m[search_client_pipelined_reuse_thread.cc:234] Thread 8 fetch QP authentication key: 243268139
[0m[35m[search_client_pipelined_reuse_thread.cc:238] Thread 8 RDMA resources initialized
[0m[35m[search_client_pipelined_reuse_thread.cc:234] Thread 9 fetch QP authentication key: 2027907669
[0m[35m[search_client_pipelined_reuse_thread.cc:238] Thread 9 RDMA resources initialized
[0m=== gRPC Service Parameters Debug ===
epoch: 0
rdma_base_offset: 0
serialized_meta_hnsw size: 105066 bytes
offset size: 320 elements
offset_para size: 1440 elements
overflow size: 480 elements
mapping size: 160 elements
Thread 0 local_hnsw mapping size: 160
fetch_worker start
deserialize_worker start
search_worker start
=== Thread 0 testing EF = 200 for 20 seconds ===
=== gRPC Service Parameters Debug ===
epoch: 0
rdma_base_offset: 0
serialized_meta_hnsw size: 105066 bytes
offset size: 320 elements
offset_para size: 1440 elements
overflow size: 480 elements
mapping size: 160 elements
Thread 1 local_hnsw mapping size: 160
fetch_worker start
deserialize_worker start
search_worker start
=== Thread 1 testing EF = 200 for 20 seconds ===
=== gRPC Service Parameters Debug ===
epoch: 0
rdma_base_offset: 0
serialized_meta_hnsw size: 105066 bytes
offset size: 320 elements
offset_para size: 1440 elements
overflow size: 480 elements
mapping size: 160 elements
Thread 2 local_hnsw mapping size: 160
fetch_worker start
deserialize_worker start
search_worker start
=== Thread 2 testing EF = 200 for 20 seconds ===
=== gRPC Service Parameters Debug ===
epoch: 0
rdma_base_offset: 0
serialized_meta_hnsw size: 105066 bytes
offset size: 320 elements
offset_para size: 1440 elements
overflow size: 480 elements
mapping size: 160 elements
Thread 3 local_hnsw mapping size: 160
fetch_worker start
deserialize_worker start
=== Thread search_worker start3 testing EF = 200 for 20 seconds ===

=== gRPC Service Parameters Debug ===
epoch: 0
rdma_base_offset: 0
serialized_meta_hnsw size: 105066 bytes
offset size: 320 elements
offset_para size: 1440 elements
overflow size: 480 elements
mapping size: 160 elements
Thread 4 local_hnsw mapping size: 160
fetch_worker start
deserialize_worker start
=== Thread 4 testing EF = 200 for 20search_worker start
 seconds ===
=== gRPC Service Parameters Debug ===
epoch: 0
rdma_base_offset: 0
serialized_meta_hnsw size: 105066 bytes
offset size: 320 elements
offset_para size: 1440 elements
overflow size: 480 elements
mapping size: 160 elements
Thread 5 local_hnsw mapping size: 160
fetch_worker start
deserialize_worker start
=== Thread 5 testing EF = 200 for 20 seconds ===
search_worker start
=== gRPC Service Parameters Debug ===
epoch: 0
rdma_base_offset: 0
serialized_meta_hnsw size: 105066 bytes
offset size: 320 elements
offset_para size: 1440 elements
overflow size: 480 elements
mapping size: 160 elements
Thread 6 local_hnsw mapping size: 160
fetch_worker start
deserialize_worker start
=== Thread 6 testing EF = 200 for 20 seconds ===
search_worker start
=== gRPC Service Parameters Debug ===
epoch: 0
rdma_base_offset: 0
serialized_meta_hnsw size: 105066 bytes
offset size: 320 elements
offset_para size: 1440 elements
overflow size: 480 elements
mapping size: 160 elements
Thread 7 local_hnsw mapping size: 160
fetch_worker start
deserialize_worker start
=== Thread 7 testing EF = 200 for 20 seconds ===
search_worker start
=== gRPC Service Parameters Debug ===
epoch: 0
rdma_base_offset: 0
serialized_meta_hnsw size: 105066 bytes
offset size: 320 elements
offset_para size: 1440 elements
overflow size: 480 elements
mapping size: 160 elements
Thread 8 local_hnsw mapping size: 160
fetch_worker start
deserialize_worker start
search_worker start
=== Thread 8 testing EF = 200 for 20 seconds ===
=== gRPC Service Parameters Debug ===
epoch: 0
rdma_base_offset: 0
serialized_meta_hnsw size: 105066 bytes
offset size: 320 elements
offset_para size: 1440 elements
overflow size: 480 elements
mapping size: 160 elements
Thread 9 local_hnsw mapping size: 160
fetch_worker start
deserialize_worker start
=== Thread 9 testing EF = 200 for 20 seconds ===
search_worker start
[39m[reporter.hh:42] [Batch 0] Compute: 537,695.00 ms, Network: 221,795.00 ms, Deserialize: 481,800.00 ms, Meta Search: 7,059.00 ms, Throughput: 400.51 qps, Total Time: 831,436.00 ms
[0mThread 3 EF 200 benchmark:
  Queries executed: 333
  Avg total latency: 2496.8 us
  Avg meta search latency: 21.1982 us
  Avg compute time: 1614.7 us
  Avg network latency: 666.051 us
  Avg deserialize time: 1446.85 us
  Recall: 0.915015
  Throughput: 398.452 QPS
FRONTIER_THREAD_RESULT ef=200 thread=3 queries=333 elapsed_s=0.835734032 recall=0.915015042
[35m[search_client_pipelined_reuse_thread.cc:581] Thread 3 returns
[0m[39m[reporter.hh:42] [Batch 0] Compute: 456,378.00 ms, Network: 206,635.00 ms, Deserialize: 805,162.00 ms, Meta Search: 6,652.00 ms, Throughput: 364.27 qps, Total Time: 914,159.00 ms
[0mThread 7 EF 200 benchmark:
  Queries executed: 333
  Avg total latency: 2745.22 us
  Avg meta search latency: 19.976 us
  Avg compute time: 1370.5 us
  Avg network latency: 620.526 us
  Avg deserialize time: 2417.9 us
  Recall: 0.904504
  Throughput: 362.857 QPS
FRONTIER_THREAD_RESULT ef=200 thread=7 queries=333 elapsed_s=0.917716831 recall=0.904504478
[35m[search_client_pipelined_reuse_thread.cc:581] Thread 7 returns
[0m[39m[reporter.hh:42] [Batch 0] Compute: 651,811.00 ms, Network: 180,685.00 ms, Deserialize: 817,228.00 ms, Meta Search: 6,180.00 ms, Throughput: 297.55 qps, Total Time: 1,129,212.00 ms
[0mThread 9 EF 200 benchmark:
  Queries executed: 336
  Avg total latency: 3360.75 us
  Avg meta search latency: 18.3929 us
  Avg compute time: 1939.91 us
  Avg network latency: 537.753 us
  Avg deserialize time: 2432.23 us
  Recall: 0.903274
  Throughput: 296.627 QPS
FRONTIER_THREAD_RESULT ef=200 thread=9 queries=336 elapsed_s=1.132734417 recall=0.903273821
[35m[search_client_pipelined_reuse_thread.cc:581] Thread 9 returns
[0m[39m[reporter.hh:42] [Batch 0] Compute: 4,973,686.00 ms, Network: 6,231,086.00 ms, Deserialize: 500,628.00 ms, Meta Search: 5,836.00 ms, Throughput: 29.29 qps, Total Time: 11,369,218.00 ms
[0mThread 1 EF 200 benchmark:
  Queries executed: 333
  Avg total latency: 34141.8 us
  Avg meta search latency: 17.5255 us
  Avg compute time: 14936 us
  Avg network latency: 18712 us
  Avg deserialize time: 1503.39 us
  Recall: 0.912913
  Throughput: 29.2806 QPS
FRONTIER_THREAD_RESULT ef=200 thread=1 queries=333 elapsed_s=11.372710761 recall=0.912912905
[35m[search_client_pipelined_reuse_thread.cc:581] Thread 1 returns
[0m[39m[reporter.hh:42] [Batch 0] Compute: 5,092,069.00 ms, Network: 6,185,396.00 ms, Deserialize: 701,289.00 ms, Meta Search: 5,942.00 ms, Throughput: 29.10 qps, Total Time: 11,445,198.00 ms
[0mThread 4 EF 200 benchmark:
  Queries executed: 333
  Avg total latency: 34370 us
  Avg meta search latency: 17.8438 us
  Avg compute time: 15291.5 us
  Avg network latency: 18574.8 us
  Avg deserialize time: 2105.97 us
  Recall: 0.927928
  Throughput: 29.0831 QPS
FRONTIER_THREAD_RESULT ef=200 thread=4 queries=333 elapsed_s=11.449930815 recall=0.927927911
[35m[search_client_pipelined_reuse_thread.cc:581] Thread 4 returns
[0m[39m[reporter.hh:42] [Batch 0] Compute: 5,202,732.00 ms, Network: 6,229,348.00 ms, Deserialize: 710,608.00 ms, Meta Search: 4,128.00 ms, Throughput: 28.71 qps, Total Time: 11,597,201.00 ms
[0mThread 5 EF 200 benchmark:
  Queries executed: 333
  Avg total latency: 34826.4 us
  Avg meta search latency: 12.3964 us
  Avg compute time: 15623.8 us
  Avg network latency: 18706.8 us
  Avg deserialize time: 2133.96 us
  Recall: 0.918619
  Throughput: 28.7031 QPS
FRONTIER_THREAD_RESULT ef=200 thread=5 queries=333 elapsed_s=11.601524215 recall=0.918618619
[35m[search_client_pipelined_reuse_thread.cc:581] Thread 5 returns
[0m[39m[reporter.hh:42] [Batch 0] Compute: 5,736,240.00 ms, Network: 6,383,034.00 ms, Deserialize: 440,966.00 ms, Meta Search: 6,030.00 ms, Throughput: 27.45 qps, Total Time: 12,129,209.00 ms
[0mThread 2 EF 200 benchmark:
  Queries executed: 333
  Avg total latency: 36424.1 us
  Avg meta search latency: 18.1081 us
  Avg compute time: 17225.9 us
  Avg network latency: 19168.3 us
  Avg deserialize time: 1324.22 us
  Recall: 0.895195
  Throughput: 27.4461 QPS
FRONTIER_THREAD_RESULT ef=200 thread=2 queries=333 elapsed_s=12.132891748 recall=0.895195186
[35m[search_client_pipelined_reuse_thread.cc:581] Thread 2 returns
[0m[39m[reporter.hh:42] [Batch 0] Compute: 5,121,558.00 ms, Network: 14,818,318.00 ms, Deserialize: 517,115.00 ms, Meta Search: 6,117.00 ms, Throughput: 16.57 qps, Total Time: 20,093,227.00 ms
[0mThread 0 EF 200 benchmark:
  Queries executed: 333
  Avg total latency: 60340 us
  Avg meta search latency: 18.3694 us
  Avg compute time: 15380.1 us
  Avg network latency: 44499.5 us
  Avg deserialize time: 1552.9 us
  Recall: 0.914715
  Throughput: 16.5696 QPS
FRONTIER_THREAD_RESULT ef=200 thread=0 queries=333 elapsed_s=20.097098154 recall=0.914714694
[35m[search_client_pipelined_reuse_thread.cc:581] Thread 0 returns
[0m[39m[reporter.hh:42] [Batch 0] Compute: 5,262,407.00 ms, Network: 14,786,887.00 ms, Deserialize: 673,269.00 ms, Meta Search: 4,888.00 ms, Throughput: 16.55 qps, Total Time: 20,121,208.00 ms
[0mThread 6 EF 200 benchmark:
  Queries executed: 333
  Avg total latency: 60424 us
  Avg meta search latency: 14.6787 us
  Avg compute time: 15803 us
  Avg network latency: 44405.1 us
  Avg deserialize time: 2021.83 us
  Recall: 0.91021
  Throughput: 16.5466 QPS
FRONTIER_THREAD_RESULT ef=200 thread=6 queries=333 elapsed_s=20.124983722 recall=0.910210192
[35m[search_client_pipelined_reuse_thread.cc:581] Thread 6 returns
[0m[39m[reporter.hh:42] [Batch 0] Compute: 5,121,962.00 ms, Network: 14,793,098.00 ms, Deserialize: 653,940.00 ms, Meta Search: 5,740.00 ms, Throughput: 16.51 qps, Total Time: 20,169,213.00 ms
[0mThread 8 EF 200 benchmark:
  Queries executed: 333
  Avg total latency: 60568.2 us
  Avg meta search latency: 17.2372 us
  Avg compute time: 15381.3 us
  Avg network latency: 44423.7 us
  Avg deserialize time: 1963.78 us
  Recall: 0.906907
  Throughput: 16.5062 QPS
FRONTIER_THREAD_RESULT ef=200 thread=8 queries=333 elapsed_s=20.174212362 recall=0.906906903
[35m[search_client_pipelined_reuse_thread.cc:581] Thread 8 returns
[0mEF: 200
Thread 0 recall: 0.914715
Thread 0 latency: 60340
Thread 0 network latency: 44499.5
Thread 0 duration_meta_search: 18.3694
Thread 0 compute time: 15380.1
Thread 1 recall: 0.912913
Thread 1 latency: 34141.8
Thread 1 network latency: 18712
Thread 1 duration_meta_search: 17.5255
Thread 1 compute time: 14936
Thread 2 recall: 0.895195
Thread 2 latency: 36424.1
Thread 2 network latency: 19168.3
Thread 2 duration_meta_search: 18.1081
Thread 2 compute time: 17225.9
Thread 3 recall: 0.915015
Thread 3 latency: 2496.8
Thread 3 network latency: 666.051
Thread 3 duration_meta_search: 21.1982
Thread 3 compute time: 1614.7
Thread 4 recall: 0.927928
Thread 4 latency: 34370
Thread 4 network latency: 18574.8
Thread 4 duration_meta_search: 17.8438
Thread 4 compute time: 15291.5
Thread 5 recall: 0.918619
Thread 5 latency: 34826.4
Thread 5 network latency: 18706.8
Thread 5 duration_meta_search: 12.3964
Thread 5 compute time: 15623.8
Thread 6 recall: 0.91021
Thread 6 latency: 60424
Thread 6 network latency: 44405.1
Thread 6 duration_meta_search: 14.6787
Thread 6 compute time: 15803
Thread 7 recall: 0.904504
Thread 7 latency: 2745.22
Thread 7 network latency: 620.526
Thread 7 duration_meta_search: 19.976
Thread 7 compute time: 1370.5
Thread 8 recall: 0.906907
Thread 8 latency: 60568.2
Thread 8 network latency: 44423.7
Thread 8 duration_meta_search: 17.2372
Thread 8 compute time: 15381.3
Thread 9 recall: 0.903274
Thread 9 latency: 3360.75
Thread 9 network latency: 537.753
Thread 9 duration_meta_search: 18.3929
Thread 9 compute time: 1939.91
