============================================================
                        SERVER
============================================================
num clients:                  1
TCP port:                     21090
IB port:                      1
max outstanding CQEs:         16
max send work requests:       1024
max receive work requests:    1024
============================================================
index region bytes:           4294967296
2 device(s) found
Selected device: mlx5_1 (idx=1)
Link layer: Ethernet (RoCE), using GID index 3 (local IPv4 10.0.0.65)
num_cores: 80
physical cores per socket: 20
hyperthreading enabled
interleaved policy
pairing: 20357 -- 16144
[STATUS]: pinned main thread to core 20
[STATUS]: query QP/CQ contexts per compute node=16
[STATUS]: LAVD neighborhood region: resolved bytes=4294967296
allocation size: 4294967296
allocated ALIGNED MEM (no hugepage) at 140400962043968 with buffer size 4294967296
allocated ALIGNED MEM (no hugepage) at 140396667072576 with buffer size 4294967296
[STATUS]: LAVD neighborhood region: allocated bytes=4294967296
[STATUS]: register memory and distribute access token
[STATUS]: LAVD neighborhood region: registered bytes=4294967296
[STATUS]: connect QPs of compute threads
pairing: 20358 -- 16145
pairing: 20359 -- 16146
pairing: 20360 -- 16147
pairing: 20361 -- 16148
pairing: 20362 -- 16149
pairing: 20363 -- 16150
pairing: 20364 -- 16151
pairing: 20365 -- 16152
pairing: 20366 -- 16153
pairing: 20367 -- 16154
pairing: 20368 -- 16155
pairing: 20369 -- 16156
pairing: 20370 -- 16157
pairing: 20371 -- 16158
pairing: 20372 -- 16159
pairing: 20373 -- 16160
[STATUS]: idle: index construction
[STATUS]: loading index (800573128 Bytes) from /home/kvgroup/chaomei/hnsw-data/sift1m/dump/index_m16_efc100_node1_of1.dat
[STATUS]: query processing
[STATUS]: idle: queries
