============================================================
                        SERVER
============================================================
num clients:                  1
TCP port:                     21105
IB port:                      1
max outstanding CQEs:         16
max send work requests:       1024
max receive work requests:    1024
============================================================
index region bytes:           4294967296
2 device(s) found
Selected device: mlx5_1 (idx=1)
Link layer: Ethernet (RoCE), using GID index 3 (local IPv4 10.0.0.65)
num_cores: 80
physical cores per socket: 20
hyperthreading enabled
interleaved policy
pairing: 20612 -- 16399
[STATUS]: pinned main thread to core 20
[STATUS]: query QP/CQ contexts per compute node=16
[STATUS]: LAVD neighborhood region: resolved bytes=4294967296
allocation size: 4294967296
allocated ALIGNED MEM (no hugepage) at 140624358862912 with buffer size 4294967296
allocated ALIGNED MEM (no hugepage) at 140620063891520 with buffer size 4294967296
[STATUS]: LAVD neighborhood region: allocated bytes=4294967296
[STATUS]: register memory and distribute access token
[STATUS]: LAVD neighborhood region: registered bytes=4294967296
[STATUS]: connect QPs of compute threads
pairing: 20613 -- 16400
pairing: 20614 -- 16401
pairing: 20615 -- 16402
pairing: 20616 -- 16403
pairing: 20617 -- 16404
pairing: 20618 -- 16405
pairing: 20619 -- 16406
pairing: 20620 -- 16407
pairing: 20621 -- 16408
pairing: 20622 -- 16409
pairing: 20623 -- 16410
pairing: 20624 -- 16411
pairing: 20625 -- 16412
pairing: 20626 -- 16413
pairing: 20627 -- 16414
pairing: 20628 -- 16415
[STATUS]: idle: index construction
[STATUS]: loading index (800573128 Bytes) from /home/kvgroup/chaomei/hnsw-data/sift1m/dump/index_m16_efc100_node1_of1.dat
[STATUS]: query processing
[STATUS]: idle: queries
