query_data_path: ../datasets/gist/gist_query.fvecs
Reading from vector 1 to -1
Seekg position: 0 bytes
Each vector size: 3844 bytes (dim=960)
Reading 333 vectors
Reading 333 vectors
QUERY_GT_SHAPE query_rows=333 ground_truth_rows=333 query_rows_per_ground_truth=1
original_n_query_data = 333
sampling_mod = 1, sampling_count = 0
query_data.size(): 319680
ground_truth.size(): 33300
FRONTIER_QUERY_POOL total_queries=333 threads=10 top_k=10 fixed=1
queries_per_thread: 33
ground_truth.size(): 33300
Using physical cores only (skipping hyperthreads)
[35m[search_client_pipelined_reuse_thread.cc:234] Thread 0 fetch QP authentication key: 1884167637
[0m[35m[search_client_pipelined_reuse_thread.cc:238] Thread 0 RDMA resources initialized
[0m[35m[search_client_pipelined_reuse_thread.cc:234] Thread 1 fetch QP authentication key: 776532036
[0m[35m[search_client_pipelined_reuse_thread.cc:238] Thread 1 RDMA resources initialized
[0m[35m[search_client_pipelined_reuse_thread.cc:234] Thread 2 fetch QP authentication key: 620145550
[0m[35m[search_client_pipelined_reuse_thread.cc:238] Thread 2 RDMA resources initialized
[0m[35m[search_client_pipelined_reuse_thread.cc:234] Thread 3 fetch QP authentication key: 407487131
[0m[35m[search_client_pipelined_reuse_thread.cc:238] Thread 3 RDMA resources initialized
[0m[35m[search_client_pipelined_reuse_thread.cc:234] Thread 4 fetch QP authentication key: 1776808933
[0m[35m[search_client_pipelined_reuse_thread.cc:238] Thread 4 RDMA resources initialized
[0m[35m[search_client_pipelined_reuse_thread.cc:234] Thread 5 fetch QP authentication key: 2058657199
[0m[35m[search_client_pipelined_reuse_thread.cc:238] Thread 5 RDMA resources initialized
[0m[35m[search_client_pipelined_reuse_thread.cc:234] Thread 6 fetch QP authentication key: 260152959
[0m[35m[search_client_pipelined_reuse_thread.cc:238] Thread 6 RDMA resources initialized
[0m[35m[search_client_pipelined_reuse_thread.cc:234] Thread 7 fetch QP authentication key: 2025187190
[0m[35m[search_client_pipelined_reuse_thread.cc:238] Thread 7 RDMA resources initialized
[0m[35m[search_client_pipelined_reuse_thread.cc:234] Thread 8 fetch QP authentication key: 1850952926
[0m[35m[search_client_pipelined_reuse_thread.cc:238] Thread 8 RDMA resources initialized
[0m[35m[search_client_pipelined_reuse_thread.cc:234] Thread 9 fetch QP authentication key: 437116466
[0m[35m[search_client_pipelined_reuse_thread.cc:238] Thread 9 RDMA resources initialized
[0m=== gRPC Service Parameters Debug ===
epoch: 0
rdma_base_offset: 0
serialized_meta_hnsw size: 493450 bytes
offset size: 240 elements
offset_para size: 1080 elements
overflow size: 360 elements
mapping size: 120 elements
Thread 0 local_hnsw mapping size: 120
fetch_worker start
deserialize_worker start
search_worker start
=== Thread 0 testing EF = 300 for 20 seconds ===
=== gRPC Service Parameters Debug ===
epoch: 0
rdma_base_offset: 0
serialized_meta_hnsw size: 493450 bytes
offset size: 240 elements
offset_para size: 1080 elements
overflow size: 360 elements
mapping size: 120 elements
Thread 1 local_hnsw mapping size: 120
fetch_worker start
deserialize_worker start
search_worker start=== Thread 
1 testing EF = 300 for 20 seconds ===
=== gRPC Service Parameters Debug ===
epoch: 0
rdma_base_offset: 0
serialized_meta_hnsw size: 493450 bytes
offset size: 240 elements
offset_para size: 1080 elements
overflow size: 360 elements
mapping size: 120 elements
Thread 2 local_hnsw mapping size: 120
fetch_worker start
deserialize_worker start
search_worker start
=== Thread 2 testing EF = 300 for 20 seconds ===
=== gRPC Service Parameters Debug ===
epoch: 0
rdma_base_offset: 0
serialized_meta_hnsw size: 493450 bytes
offset size: 240 elements
offset_para size: 1080 elements
overflow size: 360 elements
mapping size: 120 elements
Thread 3 local_hnsw mapping size: 120
fetch_worker start
deserialize_worker start
=== Thread 3 testing EF = 300 for 20 seconds ===
search_worker start
=== gRPC Service Parameters Debug ===
epoch: 0
rdma_base_offset: 0
serialized_meta_hnsw size: 493450 bytes
offset size: 240 elements
offset_para size: 1080 elements
overflow size: 360 elements
mapping size: 120 elements
Thread 4 local_hnsw mapping size: 120
fetch_worker start
deserialize_worker start
search_worker start
=== Thread 4 testing EF = 300 for 20 seconds ===
=== gRPC Service Parameters Debug ===
epoch: 0
rdma_base_offset: 0
serialized_meta_hnsw size: 493450 bytes
offset size: 240 elements
offset_para size: 1080 elements
overflow size: 360 elements
mapping size: 120 elements
Thread 5 local_hnsw mapping size: 120
fetch_worker start
deserialize_worker start
=== Thread 5 testing EF = search_worker start300 for 
20 seconds ===
=== gRPC Service Parameters Debug ===
epoch: 0
rdma_base_offset: 0
serialized_meta_hnsw size: 493450 bytes
offset size: 240 elements
offset_para size: 1080 elements
overflow size: 360 elements
mapping size: 120 elements
Thread 6 local_hnsw mapping size: 120
fetch_worker start
deserialize_worker start
=== Thread search_worker start
6 testing EF = 300 for 20 seconds ===
=== gRPC Service Parameters Debug ===
epoch: 0
rdma_base_offset: 0
serialized_meta_hnsw size: 493450 bytes
offset size: 240 elements
offset_para size: 1080 elements
overflow size: 360 elements
mapping size: 120 elements
Thread 7 local_hnsw mapping size: 120
fetch_worker start
deserialize_worker start
=== Thread search_worker start7 testing EF = 
300 for 20 seconds ===
=== gRPC Service Parameters Debug ===
epoch: 0
rdma_base_offset: 0
serialized_meta_hnsw size: 493450 bytes
offset size: 240 elements
offset_para size: 1080 elements
overflow size: 360 elements
mapping size: 120 elements
Thread 8 local_hnsw mapping size: 120
fetch_worker start
deserialize_worker start
search_worker start
=== Thread 8 testing EF = 300 for 20 seconds ===
=== gRPC Service Parameters Debug ===
epoch: 0
rdma_base_offset: 0
serialized_meta_hnsw size: 493450 bytes
offset size: 240 elements
offset_para size: 1080 elements
overflow size: 360 elements
mapping size: 120 elements
Thread 9 local_hnsw mapping size: 120
fetch_worker start
deserialize_worker start
search_worker start
=== Thread 9 testing EF = 300 for 20 seconds ===
[39m[reporter.hh:42] [Batch 0] Compute: 2,549,790.00 ms, Network: 1,321,542.00 ms, Deserialize: 2,590,921.00 ms, Meta Search: 1,571.00 ms, Throughput: 4.71 qps, Total Time: 7,003,021.00 ms
[0mThread 2 EF 300 benchmark:
  Queries executed: 33
  Avg total latency: 212213 us
  Avg meta search latency: 47.6061 us
  Avg compute time: 77266.4 us
  Avg network latency: 40046.7 us
  Avg deserialize time: 78512.8 us
  Recall: 0.590909
  Throughput: 4.7095 QPS
FRONTIER_THREAD_RESULT ef=300 thread=2 queries=33 elapsed_s=7.007113505 recall=0.590909064
[35m[search_client_pipelined_reuse_thread.cc:581] Thread 2 returns
[0m[39m[reporter.hh:42] [Batch 0] Compute: 2,748,622.00 ms, Network: 1,318,786.00 ms, Deserialize: 2,951,196.00 ms, Meta Search: 1,620.00 ms, Throughput: 4.69 qps, Total Time: 7,031,106.00 ms
[0mThread 3 EF 300 benchmark:
  Queries executed: 33
  Avg total latency: 213064 us
  Avg meta search latency: 49.0909 us
  Avg compute time: 83291.6 us
  Avg network latency: 39963.2 us
  Avg deserialize time: 89430.2 us
  Recall: 0.760606
  Throughput: 4.69099 QPS
FRONTIER_THREAD_RESULT ef=300 thread=3 queries=33 elapsed_s=7.034755041 recall=0.760606050
[35m[search_client_pipelined_reuse_thread.cc:581] Thread 3 returns
[0m[39m[reporter.hh:42] [Batch 0] Compute: 2,866,978.00 ms, Network: 1,384,028.00 ms, Deserialize: 2,859,294.00 ms, Meta Search: 1,537.00 ms, Throughput: 4.58 qps, Total Time: 7,203,107.00 ms
[0mThread 0 EF 300 benchmark:
  Queries executed: 33
  Avg total latency: 218276 us
  Avg meta search latency: 46.5758 us
  Avg compute time: 86878.1 us
  Avg network latency: 41940.2 us
  Avg deserialize time: 86645.3 us
  Recall: 0.884848
  Throughput: 4.57809 QPS
FRONTIER_THREAD_RESULT ef=300 thread=0 queries=33 elapsed_s=7.208248616 recall=0.884848475
[35m[search_client_pipelined_reuse_thread.cc:581] Thread 0 returns
[0m[39m[reporter.hh:42] [Batch 0] Compute: 2,960,477.00 ms, Network: 1,304,863.00 ms, Deserialize: 4,851,376.00 ms, Meta Search: 1,408.00 ms, Throughput: 3.40 qps, Total Time: 9,711,108.00 ms
[0mThread 8 EF 300 benchmark:
  Queries executed: 33
  Avg total latency: 294276 us
  Avg meta search latency: 42.6667 us
  Avg compute time: 89711.4 us
  Avg network latency: 39541.3 us
  Avg deserialize time: 147011 us
  Recall: 0.775758
  Throughput: 3.39676 QPS
FRONTIER_THREAD_RESULT ef=300 thread=8 queries=33 elapsed_s=9.715134253 recall=0.775757551
[35m[search_client_pipelined_reuse_thread.cc:581] Thread 8 returns
[0m[39m[reporter.hh:42] [Batch 0] Compute: 2,748,178.00 ms, Network: 1,303,858.00 ms, Deserialize: 4,777,491.00 ms, Meta Search: 1,413.00 ms, Throughput: 3.40 qps, Total Time: 9,715,116.00 ms
[0mThread 6 EF 300 benchmark:
  Queries executed: 33
  Avg total latency: 294397 us
  Avg meta search latency: 42.8182 us
  Avg compute time: 83278.1 us
  Avg network latency: 39510.8 us
  Avg deserialize time: 144772 us
  Recall: 0.690909
  Throughput: 3.39547 QPS
FRONTIER_THREAD_RESULT ef=300 thread=6 queries=33 elapsed_s=9.718828318 recall=0.690909088
[35m[search_client_pipelined_reuse_thread.cc:581] Thread 6 returns
[0m[39m[reporter.hh:42] [Batch 0] Compute: 2,692,450.00 ms, Network: 1,311,071.00 ms, Deserialize: 4,891,677.00 ms, Meta Search: 1,409.00 ms, Throughput: 3.39 qps, Total Time: 9,747,104.00 ms
[0mThread 7 EF 300 benchmark:
  Queries executed: 33
  Avg total latency: 295367 us
  Avg meta search latency: 42.697 us
  Avg compute time: 81589.4 us
  Avg network latency: 39729.4 us
  Avg deserialize time: 148233 us
  Recall: 0.739394
  Throughput: 3.38125 QPS
FRONTIER_THREAD_RESULT ef=300 thread=7 queries=33 elapsed_s=9.759693016 recall=0.739393950
[35m[search_client_pipelined_reuse_thread.cc:581] Thread 7 returns
[0m[39m[reporter.hh:42] [Batch 0] Compute: 2,842,930.00 ms, Network: 6,818,862.00 ms, Deserialize: 2,784,135.00 ms, Meta Search: 1,396.00 ms, Throughput: 2.68 qps, Total Time: 12,299,095.00 ms
[0mThread 1 EF 300 benchmark:
  Queries executed: 33
  Avg total latency: 372700 us
  Avg meta search latency: 42.303 us
  Avg compute time: 86149.4 us
  Avg network latency: 206632 us
  Avg deserialize time: 84367.7 us
  Recall: 0.821212
  Throughput: 2.68269 QPS
FRONTIER_THREAD_RESULT ef=300 thread=1 queries=33 elapsed_s=12.301094160 recall=0.821212113
[35m[search_client_pipelined_reuse_thread.cc:581] Thread 1 returns
[0m[39m[reporter.hh:42] [Batch 0] Compute: 2,920,575.00 ms, Network: 6,493,860.00 ms, Deserialize: 5,903,999.00 ms, Meta Search: 1,691.00 ms, Throughput: 1.97 qps, Total Time: 16,752,051.00 ms
[0mThread 4 EF 300 benchmark:
  Queries executed: 33
  Avg total latency: 507638 us
  Avg meta search latency: 51.2424 us
  Avg compute time: 88502.3 us
  Avg network latency: 196784 us
  Avg deserialize time: 178909 us
  Recall: 0.8
  Throughput: 1.96946 QPS
FRONTIER_THREAD_RESULT ef=300 thread=4 queries=33 elapsed_s=16.755892495 recall=0.800000012
[35m[search_client_pipelined_reuse_thread.cc:581] Thread 4 returns
[0m[39m[reporter.hh:42] [Batch 0] Compute: 2,682,832.00 ms, Network: 6,542,739.00 ms, Deserialize: 5,892,394.00 ms, Meta Search: 6,224.00 ms, Throughput: 2.14 qps, Total Time: 16,794,952.00 ms
[0mThread 9 EF 300 benchmark:
  Queries executed: 36
  Avg total latency: 466526 us
  Avg meta search latency: 172.889 us
  Avg compute time: 74523.1 us
  Avg network latency: 181743 us
  Avg deserialize time: 163678 us
  Recall: 0.816667
  Throughput: 2.14305 QPS
FRONTIER_THREAD_RESULT ef=300 thread=9 queries=36 elapsed_s=16.798464647 recall=0.816666663
[35m[search_client_pipelined_reuse_thread.cc:581] Thread 9 returns
[0m[39m[reporter.hh:42] [Batch 0] Compute: 2,998,698.00 ms, Network: 14,201,999.00 ms, Deserialize: 4,223,123.00 ms, Meta Search: 1,404.00 ms, Throughput: 1.59 qps, Total Time: 20,711,103.00 ms
[0mThread 5 EF 300 benchmark:
  Queries executed: 33
  Avg total latency: 627609 us
  Avg meta search latency: 42.5455 us
  Avg compute time: 90869.6 us
  Avg network latency: 430364 us
  Avg deserialize time: 127973 us
  Recall: 0.854545
  Throughput: 1.59312 QPS
FRONTIER_THREAD_RESULT ef=300 thread=5 queries=33 elapsed_s=20.714096609 recall=0.854545474
[35m[search_client_pipelined_reuse_thread.cc:581] Thread 5 returns
[0mEF: 300
Thread 0 recall: 0.884848
Thread 0 latency: 218276
Thread 0 network latency: 41940.2
Thread 0 duration_meta_search: 46.5758
Thread 0 compute time: 86878.1
Thread 1 recall: 0.821212
Thread 1 latency: 372700
Thread 1 network latency: 206632
Thread 1 duration_meta_search: 42.303
Thread 1 compute time: 86149.4
Thread 2 recall: 0.590909
Thread 2 latency: 212213
Thread 2 network latency: 40046.7
Thread 2 duration_meta_search: 47.6061
Thread 2 compute time: 77266.4
Thread 3 recall: 0.760606
Thread 3 latency: 213064
Thread 3 network latency: 39963.2
Thread 3 duration_meta_search: 49.0909
Thread 3 compute time: 83291.6
Thread 4 recall: 0.8
Thread 4 latency: 507638
Thread 4 network latency: 196784
Thread 4 duration_meta_search: 51.2424
Thread 4 compute time: 88502.3
Thread 5 recall: 0.854545
Thread 5 latency: 627609
Thread 5 network latency: 430364
Thread 5 duration_meta_search: 42.5455
Thread 5 compute time: 90869.6
Thread 6 recall: 0.690909
Thread 6 latency: 294397
Thread 6 network latency: 39510.8
Thread 6 duration_meta_search: 42.8182
Thread 6 compute time: 83278.1
Thread 7 recall: 0.739394
Thread 7 latency: 295367
Thread 7 network latency: 39729.4
Thread 7 duration_meta_search: 42.697
Thread 7 compute time: 81589.4
Thread 8 recall: 0.775758
Thread 8 latency: 294276
Thread 8 network latency: 39541.3
Thread 8 duration_meta_search: 42.6667
Thread 8 compute time: 89711.4
Thread 9 recall: 0.816667
Thread 9 latency: 466526
Thread 9 network latency: 181743
Thread 9 duration_meta_search: 172.889
Thread 9 compute time: 74523.1
