query_data_path: ../datasets/deep1M/deep1M_query.fvecs
Reading from vector 1 to -1
Seekg position: 0 bytes
Each vector size: 388 bytes (dim=96)
Reading 5000 vectors
Reading 5000 vectors
QUERY_GT_SHAPE query_rows=5000 ground_truth_rows=5000 query_rows_per_ground_truth=1
original_n_query_data = 5000
sampling_mod = 1, sampling_count = 0
query_data.size(): 480000
ground_truth.size(): 500000
FRONTIER_QUERY_POOL total_queries=5000 threads=10 top_k=10 fixed=1
queries_per_thread: 500
ground_truth.size(): 500000
Using physical cores only (skipping hyperthreads)
[35m[search_client_pipelined_reuse_thread.cc:234] Thread 0 fetch QP authentication key: 982906996
[0m[35m[search_client_pipelined_reuse_thread.cc:238] Thread 0 RDMA resources initialized
[0m[35m[search_client_pipelined_reuse_thread.cc:234] Thread 1 fetch QP authentication key: 2084420925
[0m[35m[search_client_pipelined_reuse_thread.cc:238] Thread 1 RDMA resources initialized
[0m[35m[search_client_pipelined_reuse_thread.cc:234] Thread 2 fetch QP authentication key: 1827336327
[0m[35m[search_client_pipelined_reuse_thread.cc:238] Thread 2 RDMA resources initialized
[0m[35m[search_client_pipelined_reuse_thread.cc:234] Thread 3 fetch QP authentication key: 805750846
[0m[35m[search_client_pipelined_reuse_thread.cc:238] Thread 3 RDMA resources initialized
[0m[35m[search_client_pipelined_reuse_thread.cc:234] Thread 4 fetch QP authentication key: 1100661313
[0m[35m[search_client_pipelined_reuse_thread.cc:238] Thread 4 RDMA resources initialized
[0m[35m[search_client_pipelined_reuse_thread.cc:234] Thread 5 fetch QP authentication key: 84353895
[0m[35m[search_client_pipelined_reuse_thread.cc:238] Thread 5 RDMA resources initialized
[0m[35m[search_client_pipelined_reuse_thread.cc:234] Thread 6 fetch QP authentication key: 2001100545
[0m[35m[search_client_pipelined_reuse_thread.cc:238] Thread 6 RDMA resources initialized
[0m[35m[search_client_pipelined_reuse_thread.cc:234] Thread 7 fetch QP authentication key: 1548233367
[0m[35m[search_client_pipelined_reuse_thread.cc:238] Thread 7 RDMA resources initialized
[0m[35m[search_client_pipelined_reuse_thread.cc:234] Thread 8 fetch QP authentication key: 610515434
[0m[35m[search_client_pipelined_reuse_thread.cc:238] Thread 8 RDMA resources initialized
[0m[35m[search_client_pipelined_reuse_thread.cc:234] Thread 9 fetch QP authentication key: 1585990364
[0m[35m[search_client_pipelined_reuse_thread.cc:238] Thread 9 RDMA resources initialized
[0m=== gRPC Service Parameters Debug ===
epoch: 0
rdma_base_offset: 0
serialized_meta_hnsw size: 105066 bytes
offset size: 320 elements
offset_para size: 1440 elements
overflow size: 480 elements
mapping size: 160 elements
Thread 0 local_hnsw mapping size: 160
fetch_worker start
deserialize_worker start
search_worker start
=== Thread 0 testing EF = 200 for 20 seconds ===
=== gRPC Service Parameters Debug ===
epoch: 0
rdma_base_offset: 0
serialized_meta_hnsw size: 105066 bytes
offset size: 320 elements
offset_para size: 1440 elements
overflow size: 480 elements
mapping size: 160 elements
Thread 1 local_hnsw mapping size: 160
fetch_worker start
deserialize_worker start
=== Thread search_worker start1
 testing EF = 200 for 20 seconds ===
=== gRPC Service Parameters Debug ===
epoch: 0
rdma_base_offset: 0
serialized_meta_hnsw size: 105066 bytes
offset size: 320 elements
offset_para size: 1440 elements
overflow size: 480 elements
mapping size: 160 elements
Thread 2 local_hnsw mapping size: 160
fetch_worker start
deserialize_worker start
search_worker start
=== Thread 2 testing EF = 200 for 20 seconds ===
=== gRPC Service Parameters Debug ===
epoch: 0
rdma_base_offset: 0
serialized_meta_hnsw size: 105066 bytes
offset size: 320 elements
offset_para size: 1440 elements
overflow size: 480 elements
mapping size: 160 elements
Thread 3 local_hnsw mapping size: 160
fetch_worker start
deserialize_worker start
=== Thread search_worker start3
 testing EF = 200 for 20 seconds ===
=== gRPC Service Parameters Debug ===
epoch: 0
rdma_base_offset: 0
serialized_meta_hnsw size: 105066 bytes
offset size: 320 elements
offset_para size: 1440 elements
overflow size: 480 elements
mapping size: 160 elements
Thread 4 local_hnsw mapping size: 160
fetch_worker start
deserialize_worker start
search_worker start=== Thread 
4 testing EF = 200 for 20 seconds ===
=== gRPC Service Parameters Debug ===
epoch: 0
rdma_base_offset: 0
serialized_meta_hnsw size: 105066 bytes
offset size: 320 elements
offset_para size: 1440 elements
overflow size: 480 elements
mapping size: 160 elements
Thread 5 local_hnsw mapping size: 160
fetch_worker start
deserialize_worker start
search_worker start=== Thread 
5 testing EF = 200 for 20 seconds ===
=== gRPC Service Parameters Debug ===
epoch: 0
rdma_base_offset: 0
serialized_meta_hnsw size: 105066 bytes
offset size: 320 elements
offset_para size: 1440 elements
overflow size: 480 elements
mapping size: 160 elements
Thread 6 local_hnsw mapping size: 160
fetch_worker start
deserialize_worker start
search_worker start
=== Thread 6 testing EF = 200 for 20 seconds ===
=== gRPC Service Parameters Debug ===
epoch: 0
rdma_base_offset: 0
serialized_meta_hnsw size: 105066 bytes
offset size: 320 elements
offset_para size: 1440 elements
overflow size: 480 elements
mapping size: 160 elements
Thread 7 local_hnsw mapping size: 160
fetch_worker start
deserialize_worker start
=== Thread search_worker start7
 testing EF = 200 for 20 seconds ===
=== gRPC Service Parameters Debug ===
epoch: 0
rdma_base_offset: 0
serialized_meta_hnsw size: 105066 bytes
offset size: 320 elements
offset_para size: 1440 elements
overflow size: 480 elements
mapping size: 160 elements
Thread 8 local_hnsw mapping size: 160
fetch_worker start
deserialize_worker start
search_worker start
=== Thread 8 testing EF = 200 for 20 seconds ===
=== gRPC Service Parameters Debug ===
epoch: 0
rdma_base_offset: 0
serialized_meta_hnsw size: 105066 bytes
offset size: 320 elements
offset_para size: 1440 elements
overflow size: 480 elements
mapping size: 160 elements
Thread 9 local_hnsw mapping size: 160
fetch_worker start
deserialize_worker start
search_worker start
=== Thread 9 testing EF = 200 for 20 seconds ===
[39m[reporter.hh:42] [Batch 0] Compute: 731,415.00 ms, Network: 122,371.00 ms, Deserialize: 642,491.00 ms, Meta Search: 3,000.00 ms, Throughput: 522.50 qps, Total Time: 956,938.00 ms
[0mThread 3 EF 200 benchmark:
  Queries executed: 500
  Avg total latency: 1913.88 us
  Avg meta search latency: 6 us
  Avg compute time: 1462.83 us
  Avg network latency: 244.742 us
  Avg deserialize time: 1284.98 us
  Recall: 0.9098
  Throughput: 520.854 QPS
FRONTIER_THREAD_RESULT ef=200 thread=3 queries=500 elapsed_s=0.959962320 recall=0.909799993
[35m[search_client_pipelined_reuse_thread.cc:581] Thread 3 returns
[0m[39m[reporter.hh:42] [Batch 0] Compute: 743,229.00 ms, Network: 117,251.00 ms, Deserialize: 643,756.00 ms, Meta Search: 2,983.00 ms, Throughput: 517.47 qps, Total Time: 966,237.00 ms
[0mThread 2 EF 200 benchmark:
  Queries executed: 500
  Avg total latency: 1932.47 us
  Avg meta search latency: 5.966 us
  Avg compute time: 1486.46 us
  Avg network latency: 234.502 us
  Avg deserialize time: 1287.51 us
  Recall: 0.9048
  Throughput: 516.011 QPS
FRONTIER_THREAD_RESULT ef=200 thread=2 queries=500 elapsed_s=0.968970806 recall=0.904799998
[35m[search_client_pipelined_reuse_thread.cc:581] Thread 2 returns
[0m[39m[reporter.hh:42] [Batch 0] Compute: 777,548.00 ms, Network: 119,881.00 ms, Deserialize: 584,301.00 ms, Meta Search: 3,080.00 ms, Throughput: 505.82 qps, Total Time: 988,488.00 ms
[0mThread 0 EF 200 benchmark:
  Queries executed: 500
  Avg total latency: 1976.98 us
  Avg meta search latency: 6.16 us
  Avg compute time: 1555.1 us
  Avg network latency: 239.762 us
  Avg deserialize time: 1168.6 us
  Recall: 0.9066
  Throughput: 504.592 QPS
FRONTIER_THREAD_RESULT ef=200 thread=0 queries=500 elapsed_s=0.990899451 recall=0.906599998
[35m[search_client_pipelined_reuse_thread.cc:581] Thread 0 returns
[0m[39m[reporter.hh:42] [Batch 0] Compute: 1,749,632.00 ms, Network: 123,346.00 ms, Deserialize: 990,194.00 ms, Meta Search: 3,007.00 ms, Throughput: 228.89 qps, Total Time: 2,184,488.00 ms
[0m[39m[reporter.hh:42] [Batch 0] Compute: 1,749,252.00 ms, Network: 126,526.00 ms, Deserialize: 971,290.00 ms, Meta Search: 3,237.00 ms, Throughput: 228.89 qps, Total Time: 2,184,484.00 ms
[0mThread 5 EF 200 benchmark:
  Queries executed: 500
  Avg total latency: 4368.98 us
  Avg meta search latency: 6.014 us
  Avg compute time: 3499.26 us
  Avg network latency: 246.692 us
  Avg deserialize time: 1980.39 us
  Recall: 0.9132
  Throughput: 228.502 QPS
FRONTIER_THREAD_RESULT ef=200 thread=5 queries=500 elapsed_s=2.188161224 recall=0.913200021
[35m[search_client_pipelined_reuse_thread.cc:581] Thread 5 returns
[0mThread 7 EF 200 benchmark:
  Queries executed: 500
  Avg total latency: 4368.97 us
  Avg meta search latency: 6.474 us
  Avg compute time: 3498.5 us
  Avg network latency: 253.052 us
  Avg deserialize time: 1942.58 us
  Recall: 0.912
  Throughput: 228.491 QPS
FRONTIER_THREAD_RESULT ef=200 thread=7 queries=500 elapsed_s=2.188269316 recall=0.912000000
[35m[search_client_pipelined_reuse_thread.cc:581] Thread 7 returns
[0m[39m[reporter.hh:42] [Batch 0] Compute: 5,129,515.00 ms, Network: 6,660,844.00 ms, Deserialize: 480,644.00 ms, Meta Search: 3,004.00 ms, Throughput: 41.96 qps, Total Time: 11,916,487.00 ms
[0mThread 1 EF 200 benchmark:
  Queries executed: 500
  Avg total latency: 23833 us
  Avg meta search latency: 6.008 us
  Avg compute time: 10259 us
  Avg network latency: 13321.7 us
  Avg deserialize time: 961.288 us
  Recall: 0.9064
  Throughput: 41.9507 QPS
FRONTIER_THREAD_RESULT ef=200 thread=1 queries=500 elapsed_s=11.918741254 recall=0.906400025
[35m[search_client_pipelined_reuse_thread.cc:581] Thread 1 returns
[0m[39m[reporter.hh:42] [Batch 0] Compute: 5,338,449.00 ms, Network: 6,660,762.00 ms, Deserialize: 750,651.00 ms, Meta Search: 3,069.00 ms, Throughput: 41.09 qps, Total Time: 12,168,491.00 ms
[0mThread 6 EF 200 benchmark:
  Queries executed: 500
  Avg total latency: 24337 us
  Avg meta search latency: 6.138 us
  Avg compute time: 10676.9 us
  Avg network latency: 13321.5 us
  Avg deserialize time: 1501.3 us
  Recall: 0.9256
  Throughput: 41.0771 QPS
FRONTIER_THREAD_RESULT ef=200 thread=6 queries=500 elapsed_s=12.172219189 recall=0.925599992
[35m[search_client_pipelined_reuse_thread.cc:581] Thread 6 returns
[0m[39m[reporter.hh:42] [Batch 0] Compute: 5,394,107.00 ms, Network: 6,676,398.00 ms, Deserialize: 687,000.00 ms, Meta Search: 3,099.00 ms, Throughput: 40.97 qps, Total Time: 12,204,493.00 ms
[0mThread 8 EF 200 benchmark:
  Queries executed: 500
  Avg total latency: 24409 us
  Avg meta search latency: 6.198 us
  Avg compute time: 10788.2 us
  Avg network latency: 13352.8 us
  Avg deserialize time: 1374 us
  Recall: 0.9092
  Throughput: 40.9563 QPS
FRONTIER_THREAD_RESULT ef=200 thread=8 queries=500 elapsed_s=12.208126052 recall=0.909200013
[35m[search_client_pipelined_reuse_thread.cc:581] Thread 8 returns
[0m[39m[reporter.hh:42] [Batch 0] Compute: 5,391,048.00 ms, Network: 6,627,893.00 ms, Deserialize: 823,345.00 ms, Meta Search: 3,942.00 ms, Throughput: 40.70 qps, Total Time: 12,284,499.00 ms
[0mThread 9 EF 200 benchmark:
  Queries executed: 500
  Avg total latency: 24569 us
  Avg meta search latency: 7.884 us
  Avg compute time: 10782.1 us
  Avg network latency: 13255.8 us
  Avg deserialize time: 1646.69 us
  Recall: 0.901
  Throughput: 40.6896 QPS
FRONTIER_THREAD_RESULT ef=200 thread=9 queries=500 elapsed_s=12.288148337 recall=0.901000023
[35m[search_client_pipelined_reuse_thread.cc:581] Thread 9 returns
[0m[39m[reporter.hh:42] [Batch 0] Compute: 5,401,018.00 ms, Network: 6,624,039.00 ms, Deserialize: 827,553.00 ms, Meta Search: 4,050.00 ms, Throughput: 40.66 qps, Total Time: 12,296,491.00 ms
[0mThread 4 EF 200 benchmark:
  Queries executed: 500
  Avg total latency: 24593 us
  Avg meta search latency: 8.1 us
  Avg compute time: 10802 us
  Avg network latency: 13248.1 us
  Avg deserialize time: 1655.11 us
  Recall: 0.902
  Throughput: 40.6497 QPS
FRONTIER_THREAD_RESULT ef=200 thread=4 queries=500 elapsed_s=12.300223509 recall=0.902000010
[35m[search_client_pipelined_reuse_thread.cc:581] Thread 4 returns
[0mEF: 200
Thread 0 recall: 0.9066
Thread 0 latency: 1976.98
Thread 0 network latency: 239.762
Thread 0 duration_meta_search: 6.16
Thread 0 compute time: 1555.1
Thread 1 recall: 0.9064
Thread 1 latency: 23833
Thread 1 network latency: 13321.7
Thread 1 duration_meta_search: 6.008
Thread 1 compute time: 10259
Thread 2 recall: 0.9048
Thread 2 latency: 1932.47
Thread 2 network latency: 234.502
Thread 2 duration_meta_search: 5.966
Thread 2 compute time: 1486.46
Thread 3 recall: 0.9098
Thread 3 latency: 1913.88
Thread 3 network latency: 244.742
Thread 3 duration_meta_search: 6
Thread 3 compute time: 1462.83
Thread 4 recall: 0.902
Thread 4 latency: 24593
Thread 4 network latency: 13248.1
Thread 4 duration_meta_search: 8.1
Thread 4 compute time: 10802
Thread 5 recall: 0.9132
Thread 5 latency: 4368.98
Thread 5 network latency: 246.692
Thread 5 duration_meta_search: 6.014
Thread 5 compute time: 3499.26
Thread 6 recall: 0.9256
Thread 6 latency: 24337
Thread 6 network latency: 13321.5
Thread 6 duration_meta_search: 6.138
Thread 6 compute time: 10676.9
Thread 7 recall: 0.912
Thread 7 latency: 4368.97
Thread 7 network latency: 253.052
Thread 7 duration_meta_search: 6.474
Thread 7 compute time: 3498.5
Thread 8 recall: 0.9092
Thread 8 latency: 24409
Thread 8 network latency: 13352.8
Thread 8 duration_meta_search: 6.198
Thread 8 compute time: 10788.2
Thread 9 recall: 0.901
Thread 9 latency: 24569
Thread 9 network latency: 13255.8
Thread 9 duration_meta_search: 7.884
Thread 9 compute time: 10782.1
