============================================================
                        SERVER
============================================================
num clients:                  1
TCP port:                     21014
IB port:                      1
max outstanding CQEs:         16
max send work requests:       1024
max receive work requests:    1024
============================================================
index region bytes:           4294967296
2 device(s) found
Selected device: mlx5_1 (idx=1)
Link layer: Ethernet (RoCE), using GID index 3 (local IPv4 10.0.0.65)
num_cores: 80
physical cores per socket: 20
hyperthreading enabled
interleaved policy
pairing: 19065 -- 14852
[STATUS]: pinned main thread to core 20
[STATUS]: query QP/CQ contexts per compute node=16
[STATUS]: LAVD neighborhood region: resolved bytes=4294967296
allocation size: 4294967296
allocated ALIGNED MEM (no hugepage) at 140047916982336 with buffer size 4294967296
allocated ALIGNED MEM (no hugepage) at 140043622010944 with buffer size 4294967296
[STATUS]: LAVD neighborhood region: allocated bytes=4294967296
[STATUS]: register memory and distribute access token
[STATUS]: LAVD neighborhood region: registered bytes=4294967296
[STATUS]: connect QPs of compute threads
pairing: 19066 -- 14853
pairing: 19067 -- 14854
pairing: 19068 -- 14855
pairing: 19069 -- 14856
pairing: 19070 -- 14857
pairing: 19071 -- 14858
pairing: 19072 -- 14859
pairing: 19073 -- 14860
pairing: 19074 -- 14861
pairing: 19075 -- 14862
pairing: 19076 -- 14863
pairing: 19077 -- 14864
pairing: 19078 -- 14865
pairing: 19079 -- 14866
pairing: 19080 -- 14867
pairing: 19081 -- 14868
[STATUS]: idle: index construction
[STATUS]: loading index (672573128 Bytes) from /home/kvgroup/chaomei/hnsw-data/deep1m/dump/index_m16_efc100_node1_of1.dat
[STATUS]: query processing
[STATUS]: idle: queries
