============================================================
                        SERVER
============================================================
num clients:                  1
TCP port:                     21144
IB port:                      1
max outstanding CQEs:         16
max send work requests:       1024
max receive work requests:    1024
============================================================
index region bytes:           8589934592
2 device(s) found
Selected device: mlx5_1 (idx=1)
Link layer: Ethernet (RoCE), using GID index 3 (local IPv4 10.0.0.65)
num_cores: 80
physical cores per socket: 20
hyperthreading enabled
interleaved policy
pairing: 21275 -- 17062
[STATUS]: pinned main thread to core 20
[STATUS]: query QP/CQ contexts per compute node=16
[STATUS]: LAVD neighborhood region: resolved bytes=8589934592
allocation size: 8589934592
allocated ALIGNED MEM (no hugepage) at 140427923132480 with buffer size 8589934592
allocated ALIGNED MEM (no hugepage) at 140419333193792 with buffer size 8589934592
[STATUS]: LAVD neighborhood region: allocated bytes=8589934592
[STATUS]: register memory and distribute access token
[STATUS]: LAVD neighborhood region: registered bytes=8589934592
[STATUS]: connect QPs of compute threads
pairing: 21276 -- 17063
pairing: 21277 -- 17064
pairing: 21278 -- 17065
pairing: 21279 -- 17066
pairing: 21280 -- 17067
pairing: 21281 -- 17068
pairing: 21282 -- 17069
pairing: 21283 -- 17070
pairing: 21284 -- 17071
pairing: 21285 -- 17072
pairing: 21286 -- 17073
pairing: 21287 -- 17074
pairing: 21288 -- 17075
pairing: 21289 -- 17076
pairing: 21290 -- 17077
pairing: 21291 -- 17078
[STATUS]: idle: index construction
[STATUS]: loading index (4128573128 Bytes) from /home/kvgroup/chaomei/hnsw-data/gist1m/dump/index_m16_efc100_node1_of1.dat
[STATUS]: query processing
[STATUS]: idle: queries
