	Command being timed: "python3 experiments/tools/build_hnswlib_index.py --base /home/kvgroup/chaomei/hnsw-data/sift10m/base.fbin --output /home/kvgroup/chaomei/graphbeyond-hnswlib-converter-v1-20260714/formal-sift10m-v1/sift10m_m16_efc100_seed47.hnswlib --manifest /home/kvgroup/chaomei/graphbeyond-hnswlib-converter-v1-20260714/formal-sift10m-v1/build.json --space l2 --m 16 --ef-construction 100 --threads 72 --batch-size 250000 --random-seed 47"
	User time (seconds): 14302.00
	System time (seconds): 167.35
	Percent of CPU this job got: 5633%
	Elapsed (wall clock) time (h:mm:ss or m:ss): 4:16.84
	Average shared text size (kbytes): 0
	Average unshared data size (kbytes): 0
	Average stack size (kbytes): 0
	Average total size (kbytes): 0
	Maximum resident set size (kbytes): 13813496
	Average resident set size (kbytes): 0
	Major (requiring I/O) page faults: 5109
	Minor (reclaiming a frame) page faults: 15487073
	Voluntary context switches: 2469928
	Involuntary context switches: 37315
	Swaps: 0
	File system inputs: 0
	File system outputs: 12901712
	Socket messages sent: 0
	Socket messages received: 0
	Signals delivered: 0
	Page size (bytes): 4096
	Exit status: 0
