	Command being timed: "/home/kvgroup/chaomei/graphbeyond-hnswlib-converter-v1-20260714/convert_hnswlib_dump --input /home/kvgroup/chaomei/graphbeyond-hnswlib-converter-v1-20260714/formal-sift10m-v1/sift10m_m16_efc100_seed47.hnswlib --output /home/kvgroup/chaomei/graphbeyond-hnswlib-converter-v1-20260714/formal-sift10m-v1/index_m16_efc100_node1_of1.dat --dim 128 --expect-m 16 --expect-ef-construction 100 --manifest /home/kvgroup/chaomei/graphbeyond-hnswlib-converter-v1-20260714/formal-sift10m-v1/conversion.json"
	User time (seconds): 117.54
	System time (seconds): 10.52
	Percent of CPU this job got: 99%
	Elapsed (wall clock) time (h:mm:ss or m:ss): 2:08.16
	Average shared text size (kbytes): 0
	Average unshared data size (kbytes): 0
	Average stack size (kbytes): 0
	Average total size (kbytes): 0
	Maximum resident set size (kbytes): 14776336
	Average resident set size (kbytes): 0
	Major (requiring I/O) page faults: 0
	Minor (reclaiming a frame) page faults: 419379
	Voluntary context switches: 67
	Involuntary context switches: 539
	Swaps: 0
	File system inputs: 0
	File system outputs: 15636080
	Socket messages sent: 0
	Socket messages received: 0
	Signals delivered: 0
	Page size (bytes): 4096
	Exit status: 0
