============================================================
                        SERVER
============================================================
num clients:                  1
TCP port:                     21018
IB port:                      1
max outstanding CQEs:         16
max send work requests:       1024
max receive work requests:    1024
============================================================
index region bytes:           4294967296
2 device(s) found
Selected device: mlx5_1 (idx=1)
Link layer: Ethernet (RoCE), using GID index 3 (local IPv4 10.0.0.65)
num_cores: 80
physical cores per socket: 20
hyperthreading enabled
interleaved policy
pairing: 19133 -- 14920
[STATUS]: pinned main thread to core 20
[STATUS]: query QP/CQ contexts per compute node=16
[STATUS]: LAVD neighborhood region: resolved bytes=4294967296
allocation size: 4294967296
allocated ALIGNED MEM (no hugepage) at 140712003719232 with buffer size 4294967296
allocated ALIGNED MEM (no hugepage) at 140707708747840 with buffer size 4294967296
[STATUS]: LAVD neighborhood region: allocated bytes=4294967296
[STATUS]: register memory and distribute access token
[STATUS]: LAVD neighborhood region: registered bytes=4294967296
[STATUS]: connect QPs of compute threads
pairing: 19134 -- 14921
pairing: 19135 -- 14922
pairing: 19136 -- 14923
pairing: 19137 -- 14924
pairing: 19138 -- 14925
pairing: 19139 -- 14926
pairing: 19140 -- 14927
pairing: 19141 -- 14928
pairing: 19142 -- 14929
pairing: 19143 -- 14930
pairing: 19144 -- 14931
pairing: 19145 -- 14932
pairing: 19146 -- 14933
pairing: 19147 -- 14934
pairing: 19148 -- 14935
pairing: 19149 -- 14936
[STATUS]: idle: index construction
[STATUS]: loading index (672573128 Bytes) from /home/kvgroup/chaomei/hnsw-data/deep1m/dump/index_m16_efc100_node1_of1.dat
[STATUS]: query processing
[STATUS]: idle: queries
