============================================================
                        SERVER
============================================================
num clients:                  1
TCP port:                     21058
IB port:                      1
max outstanding CQEs:         16
max send work requests:       1024
max receive work requests:    1024
============================================================
index region bytes:           4294967296
2 device(s) found
Selected device: mlx5_1 (idx=1)
Link layer: Ethernet (RoCE), using GID index 3 (local IPv4 10.0.0.65)
num_cores: 80
physical cores per socket: 20
hyperthreading enabled
interleaved policy
pairing: 19813 -- 15600
[STATUS]: pinned main thread to core 20
[STATUS]: query QP/CQ contexts per compute node=16
[STATUS]: LAVD neighborhood region: resolved bytes=4294967296
allocation size: 4294967296
allocated ALIGNED MEM (no hugepage) at 140371944521792 with buffer size 4294967296
allocated ALIGNED MEM (no hugepage) at 140367649550400 with buffer size 4294967296
[STATUS]: LAVD neighborhood region: allocated bytes=4294967296
[STATUS]: register memory and distribute access token
[STATUS]: LAVD neighborhood region: registered bytes=4294967296
[STATUS]: connect QPs of compute threads
pairing: 19814 -- 15601
pairing: 19815 -- 15602
pairing: 19816 -- 15603
pairing: 19817 -- 15604
pairing: 19818 -- 15605
pairing: 19819 -- 15606
pairing: 19820 -- 15607
pairing: 19821 -- 15608
pairing: 19822 -- 15609
pairing: 19823 -- 15610
pairing: 19824 -- 15611
pairing: 19825 -- 15612
pairing: 19826 -- 15613
pairing: 19827 -- 15614
pairing: 19828 -- 15615
pairing: 19829 -- 15616
[STATUS]: idle: index construction
[STATUS]: loading index (672573128 Bytes) from /home/kvgroup/chaomei/hnsw-data/deep1m/dump/index_m16_efc100_node1_of1.dat
[STATUS]: query processing
[STATUS]: idle: queries
