query_data_path: ../datasets/deep1M/deep1M_query.fvecs
Reading from vector 1 to -1
Seekg position: 0 bytes
Each vector size: 388 bytes (dim=96)
Reading 10000 vectors
Reading 10000 vectors
QUERY_GT_SHAPE query_rows=10000 ground_truth_rows=10000 query_rows_per_ground_truth=1
original_n_query_data = 10000
sampling_mod = 1, sampling_count = 0
query_data.size(): 960000
ground_truth.size(): 1000000
FRONTIER_QUERY_POOL total_queries=10000 threads=10 top_k=10 fixed=1
queries_per_thread: 1000
ground_truth.size(): 1000000
Using physical cores only (skipping hyperthreads)
[35m[search_client_pipelined_reuse_thread.cc:231] Thread 0 fetch QP authentication key: 1681692777
[0m[35m[search_client_pipelined_reuse_thread.cc:235] Thread 0 RDMA resources initialized
[0m[35m[search_client_pipelined_reuse_thread.cc:231] Thread 1 fetch QP authentication key: 1714636915
[0m[35m[search_client_pipelined_reuse_thread.cc:235] Thread 1 RDMA resources initialized
[0m[35m[search_client_pipelined_reuse_thread.cc:231] Thread 2 fetch QP authentication key: 1957747793
[0m[35m[search_client_pipelined_reuse_thread.cc:235] Thread 2 RDMA resources initialized
[0m[35m[search_client_pipelined_reuse_thread.cc:231] Thread 3 fetch QP authentication key: 424238335
[0m[35m[search_client_pipelined_reuse_thread.cc:235] Thread 3 RDMA resources initialized
[0m[35m[search_client_pipelined_reuse_thread.cc:231] Thread 4 fetch QP authentication key: 719885386
[0m[35m[search_client_pipelined_reuse_thread.cc:235] Thread 4 RDMA resources initialized
[0m[35m[search_client_pipelined_reuse_thread.cc:231] Thread 5 fetch QP authentication key: 1649760492
[0m[35m[search_client_pipelined_reuse_thread.cc:235] Thread 5 RDMA resources initialized
[0m[35m[search_client_pipelined_reuse_thread.cc:231] Thread 6 fetch QP authentication key: 596516649
[0m[35m[search_client_pipelined_reuse_thread.cc:235] Thread 6 RDMA resources initialized
[0m[35m[search_client_pipelined_reuse_thread.cc:231] Thread 7 fetch QP authentication key: 1189641421
[0m[35m[search_client_pipelined_reuse_thread.cc:235] Thread 7 RDMA resources initialized
[0m[35m[search_client_pipelined_reuse_thread.cc:231] Thread 8 fetch QP authentication key: 1025202362
[0m[35m[search_client_pipelined_reuse_thread.cc:235] Thread 8 RDMA resources initialized
[0m[35m[search_client_pipelined_reuse_thread.cc:231] Thread 9 fetch QP authentication key: 1350490027
[0m[35m[search_client_pipelined_reuse_thread.cc:235] Thread 9 RDMA resources initialized
[0mError: unable to set thread affinity for thread 1, error code: Error: unable to set thread affinity for thread 2, error code: 22
22
Error: unable to set thread affinity for thread 3, error code: 22
Error: unable to set thread affinity for thread 5, error code: 22
Error: unable to set thread affinity for thread 6, error code: 22
Error: unable to set thread affinity for thread 7, error code: 22
Error: unable to set thread affinity for thread 8, error code: 22
Error: unable to set thread affinity for thread 9, error code: 22
=== gRPC Service Parameters Debug ===
epoch: 0
rdma_base_offset: 0
serialized_meta_hnsw size: 105066 bytes
offset size: 320 elements
offset_para size: 1440 elements
overflow size: 480 elements
mapping size: 160 elements
Thread 3 local_hnsw mapping size: 160
fetch_worker start
deserialize_worker start
Error setting affinity for fetch threadsearch_worker start

Error setting affinity for deserialize thread
Error setting affinity for search thread
=== Thread 3 testing EF = 200 for 20 seconds ===
=== gRPC Service Parameters Debug ===
epoch: 0
rdma_base_offset: 0
serialized_meta_hnsw size: 105066 bytes
offset size: 320 elements
offset_para size: 1440 elements
overflow size: 480 elements
mapping size: 160 elements
Thread 4 local_hnsw mapping size: === gRPC Service Parameters Debug ===
epoch: 0
rdma_base_offset: 0
serialized_meta_hnsw size: 105066 bytes
offset size: 320 elements
offset_para size: 1440 elements
overflow size: 480 elements
mapping size: 160 elements
Thread 5 local_hnsw mapping size: 160
fetch_worker start
deserialize_worker start
=== Thread 4 testing EF = 200 for 20 seconds ===
search_worker start
160
fetch_worker start
deserialize_worker start
Error setting affinity for fetch threadsearch_worker start

Error setting affinity for deserialize thread
Error setting affinity for search thread
=== Thread 5 testing EF = 200 for 20 seconds ===
=== gRPC Service Parameters Debug ===
epoch: 0
rdma_base_offset: 0
serialized_meta_hnsw size: 105066 bytes
offset size: 320 elements
offset_para size: 1440 elements
overflow size: 480 elements
mapping size: 160 elements
Thread 9 local_hnsw mapping size: === gRPC Service Parameters Debug ===
epoch: 0
rdma_base_offset: 0
serialized_meta_hnsw size: 105066 bytes
offset size: 320 elements
offset_para size: 1440 elements
overflow size: 480 elements
mapping size: 160 elements
Thread 8 local_hnsw mapping size: 160
fetch_worker start
deserialize_worker start
Error setting affinity for fetch threadsearch_worker start

Error setting affinity for deserialize thread
Error setting affinity for search thread
=== Thread 9 testing EF = 200 for 20 seconds ===
160
fetch_worker start
deserialize_worker start
Error setting affinity for fetch threadsearch_worker start

Error setting affinity for deserialize thread
Error setting affinity for search thread
=== Thread 8 testing EF = 200 for 20 seconds ===
=== gRPC Service Parameters Debug ===
epoch: 0
rdma_base_offset: 0
serialized_meta_hnsw size: 105066 bytes
offset size: 320 elements
offset_para size: 1440 elements
overflow size: 480 elements
mapping size: 160 elements
Thread 1 local_hnsw mapping size: 160
fetch_worker start
deserialize_worker start
Error setting affinity for fetch thread
search_worker startError setting affinity for deserialize thread

Error setting affinity for search thread
=== Thread 1 testing EF = 200 for 20 seconds ===
=== gRPC Service Parameters Debug ===
epoch: 0
rdma_base_offset: 0
serialized_meta_hnsw size: 105066 bytes
offset size: 320 elements
offset_para size: 1440 elements
overflow size: 480 elements
mapping size: 160 elements
Thread 2 local_hnsw mapping size: === gRPC Service Parameters Debug ===
epoch: 0
rdma_base_offset: 0
serialized_meta_hnsw size: 105066 bytes
offset size: 320 elements
offset_para size: 1440 elements
overflow size: 480 elements
mapping size: 160 elements
Thread 0 local_hnsw mapping size: 160
fetch_worker start
deserialize_worker start
Error setting affinity for fetch threadsearch_worker start

Error setting affinity for deserialize thread
Error setting affinity for search thread
=== Thread 2 testing EF = 200 for 20 seconds ===
160
fetch_worker start
deserialize_worker start
=== Thread 0 testing EF = 200 for 20 seconds ===
search_worker start
=== gRPC Service Parameters Debug ===
epoch: 0
rdma_base_offset: 0
serialized_meta_hnsw size: 105066 bytes
offset size: 320 elements
offset_para size: 1440 elements
overflow size: 480 elements
mapping size: 160 elements
Thread 7 local_hnsw mapping size: 160
fetch_worker start
deserialize_worker start
Error setting affinity for fetch thread
search_worker start
Error setting affinity for deserialize thread
Error setting affinity for search thread
=== Thread 7 testing EF = 200 for 20 seconds ===
=== gRPC Service Parameters Debug ===
epoch: 0
rdma_base_offset: 0
serialized_meta_hnsw size: 105066 bytes
offset size: 320 elements
offset_para size: 1440 elements
overflow size: 480 elements
mapping size: 160 elements
Thread 6 local_hnsw mapping size: 160
fetch_worker start
deserialize_worker start
Error setting affinity for fetch threadsearch_worker start

Error setting affinity for deserialize thread
Error setting affinity for search thread
=== Thread 6 testing EF = 200 for 20 seconds ===
[39m[reporter.hh:42] [Batch 0] Compute: 265108.00 ms, Network: 79253.00 ms, Deserialize: 522011.00 ms, Meta Search: 45240.00 ms, Throughput: 1606.99 qps, Total Time: 622281.00 ms
[0mThread 9 EF 200 benchmark:
  Queries executed: 1000
  Avg total latency: 622.281 us
  Avg meta search latency: 45.24 us
  Avg compute time: 265.108 us
  Avg network latency: 79.253 us
  Avg deserialize time: 522.011 us
  Recall: 0.9053
  Throughput: 1593.78 QPS
FRONTIER_THREAD_RESULT ef=200 thread=9 queries=1000 elapsed_s=0.627438603 recall=0.905300021
[35m[search_client_pipelined_reuse_thread.cc:570] Thread 9 returns
[0m[39m[reporter.hh:42] [Batch 0] Compute: 484232.00 ms, Network: 7538273.00 ms, Deserialize: 470969.00 ms, Meta Search: 39116.00 ms, Throughput: 123.65 qps, Total Time: 8087229.00 ms
[0mThread 1 EF 200 benchmark:
  Queries executed: 1000
  Avg total latency: 8087.23 us
  Avg meta search latency: 39.116 us
  Avg compute time: 484.232 us
  Avg network latency: 7538.27 us
  Avg deserialize time: 470.969 us
  Recall: 0.9068
  Throughput: 123.583 QPS
FRONTIER_THREAD_RESULT ef=200 thread=1 queries=1000 elapsed_s=8.091743098 recall=0.906799972
[35m[search_client_pipelined_reuse_thread.cc:570] Thread 1 returns
[0m[39m[reporter.hh:42] [Batch 0] Compute: 371397.00 ms, Network: 7675812.00 ms, Deserialize: 384903.00 ms, Meta Search: 33870.00 ms, Throughput: 122.66 qps, Total Time: 8152695.00 ms
[0mThread 3 EF 200 benchmark:
  Queries executed: 1000
  Avg total latency: 8152.7 us
  Avg meta search latency: 33.87 us
  Avg compute time: 371.397 us
  Avg network latency: 7675.81 us
  Avg deserialize time: 384.903 us
  Recall: 0.9149
  Throughput: 122.554 QPS
FRONTIER_THREAD_RESULT ef=200 thread=3 queries=1000 elapsed_s=8.159681811 recall=0.914900005
[35m[search_client_pipelined_reuse_thread.cc:570] Thread 3 returns
[0m[39m[reporter.hh:42] [Batch 0] Compute: 527854.00 ms, Network: 16109134.00 ms, Deserialize: 501496.00 ms, Meta Search: 44474.00 ms, Throughput: 60.03 qps, Total Time: 16657646.00 ms
[0mThread 0 EF 200 benchmark:
  Queries executed: 1000
  Avg total latency: 16657.6 us
  Avg meta search latency: 44.474 us
  Avg compute time: 527.854 us
  Avg network latency: 16109.1 us
  Avg deserialize time: 501.496 us
  Recall: 0.9079
  Throughput: 60.0176 QPS
FRONTIER_THREAD_RESULT ef=200 thread=0 queries=1000 elapsed_s=16.661769036 recall=0.907899976
[35m[search_client_pipelined_reuse_thread.cc:570] Thread 0 returns
[0m[39m[reporter.hh:42] [Batch 0] Compute: 512045.00 ms, Network: 16121366.00 ms, Deserialize: 487718.00 ms, Meta Search: 44695.00 ms, Throughput: 59.95 qps, Total Time: 16681214.00 ms
[0mThread 7 EF 200 benchmark:
  Queries executed: 1000
  Avg total latency: 16681.2 us
  Avg meta search latency: 44.695 us
  Avg compute time: 512.045 us
  Avg network latency: 16121.4 us
  Avg deserialize time: 487.718 us
  Recall: 0.9076
  Throughput: 59.9285 QPS
FRONTIER_THREAD_RESULT ef=200 thread=7 queries=1000 elapsed_s=16.686544560 recall=0.907599986
[35m[search_client_pipelined_reuse_thread.cc:570] Thread 7 returns
[0m[39m[reporter.hh:42] [Batch 0] Compute: 416559.00 ms, Network: 16184834.00 ms, Deserialize: 511290.00 ms, Meta Search: 43573.00 ms, Throughput: 59.63 qps, Total Time: 16769641.00 ms
[0mThread 8 EF 200 benchmark:
  Queries executed: 1000
  Avg total latency: 16769.6 us
  Avg meta search latency: 43.573 us
  Avg compute time: 416.559 us
  Avg network latency: 16184.8 us
  Avg deserialize time: 511.29 us
  Recall: 0.9189
  Throughput: 59.6073 QPS
FRONTIER_THREAD_RESULT ef=200 thread=8 queries=1000 elapsed_s=16.776464128 recall=0.918900013
[35m[search_client_pipelined_reuse_thread.cc:570] Thread 8 returns
[0m[39m[reporter.hh:42] [Batch 0] Compute: 334630.00 ms, Network: 24727010.00 ms, Deserialize: 392017.00 ms, Meta Search: 38122.00 ms, Throughput: 39.74 qps, Total Time: 25166597.00 ms
[0mThread 6 EF 200 benchmark:
  Queries executed: 1000
  Avg total latency: 25166.6 us
  Avg meta search latency: 38.122 us
  Avg compute time: 334.63 us
  Avg network latency: 24727 us
  Avg deserialize time: 392.017 us
  Recall: 0.9072
  Throughput: 39.729 QPS
FRONTIER_THREAD_RESULT ef=200 thread=6 queries=1000 elapsed_s=25.170530070 recall=0.907199979
[35m[search_client_pipelined_reuse_thread.cc:570] Thread 6 returns
[0m[39m[reporter.hh:42] [Batch 0] Compute: 413278.00 ms, Network: 33243145.00 ms, Deserialize: 499501.00 ms, Meta Search: 31687.00 ms, Throughput: 29.65 qps, Total Time: 33725907.00 ms
[0mThread 5 EF 200 benchmark:
  Queries executed: 1000
  Avg total latency: 33725.9 us
  Avg meta search latency: 31.687 us
  Avg compute time: 413.278 us
  Avg network latency: 33243.1 us
  Avg deserialize time: 499.501 us
  Recall: 0.9065
  Throughput: 29.6442 QPS
FRONTIER_THREAD_RESULT ef=200 thread=5 queries=1000 elapsed_s=33.733467124 recall=0.906499982
[35m[search_client_pipelined_reuse_thread.cc:570] Thread 5 returns
[0m[39m[reporter.hh:42] [Batch 0] Compute: 514532.00 ms, Network: 33257563.00 ms, Deserialize: 503526.00 ms, Meta Search: 32370.00 ms, Throughput: 29.60 qps, Total Time: 33779585.00 ms
[0mThread 2 EF 200 benchmark:
  Queries executed: 1000
  Avg total latency: 33779.6 us
  Avg meta search latency: 32.37 us
  Avg compute time: 514.532 us
  Avg network latency: 33257.6 us
  Avg deserialize time: 503.526 us
  Recall: 0.9036
  Throughput: 29.5974 QPS
FRONTIER_THREAD_RESULT ef=200 thread=2 queries=1000 elapsed_s=33.786741679 recall=0.903599977
[35m[search_client_pipelined_reuse_thread.cc:570] Thread 2 returns
[0m[39m[reporter.hh:42] [Batch 0] Compute: 509925.00 ms, Network: 33340802.00 ms, Deserialize: 614972.00 ms, Meta Search: 38627.00 ms, Throughput: 29.45 qps, Total Time: 33953780.00 ms
[0mThread 4 EF 200 benchmark:
  Queries executed: 1000
  Avg total latency: 33953.8 us
  Avg meta search latency: 38.627 us
  Avg compute time: 509.925 us
  Avg network latency: 33340.8 us
  Avg deserialize time: 614.972 us
  Recall: 0.911
  Throughput: 29.4447 QPS
FRONTIER_THREAD_RESULT ef=200 thread=4 queries=1000 elapsed_s=33.961938917 recall=0.911000013
[35m[search_client_pipelined_reuse_thread.cc:570] Thread 4 returns
[0mEF: 200
Thread 0 recall: 0.9079
Thread 0 latency: 16657.6
Thread 0 network latency: 16109.1
Thread 0 duration_meta_search: 44.474
Thread 0 compute time: 527.854
Thread 1 recall: 0.9068
Thread 1 latency: 8087.23
Thread 1 network latency: 7538.27
Thread 1 duration_meta_search: 39.116
Thread 1 compute time: 484.232
Thread 2 recall: 0.9036
Thread 2 latency: 33779.6
Thread 2 network latency: 33257.6
Thread 2 duration_meta_search: 32.37
Thread 2 compute time: 514.532
Thread 3 recall: 0.9149
Thread 3 latency: 8152.7
Thread 3 network latency: 7675.81
Thread 3 duration_meta_search: 33.87
Thread 3 compute time: 371.397
Thread 4 recall: 0.911
Thread 4 latency: 33953.8
Thread 4 network latency: 33340.8
Thread 4 duration_meta_search: 38.627
Thread 4 compute time: 509.925
Thread 5 recall: 0.9065
Thread 5 latency: 33725.9
Thread 5 network latency: 33243.1
Thread 5 duration_meta_search: 31.687
Thread 5 compute time: 413.278
Thread 6 recall: 0.9072
Thread 6 latency: 25166.6
Thread 6 network latency: 24727
Thread 6 duration_meta_search: 38.122
Thread 6 compute time: 334.63
Thread 7 recall: 0.9076
Thread 7 latency: 16681.2
Thread 7 network latency: 16121.4
Thread 7 duration_meta_search: 44.695
Thread 7 compute time: 512.045
Thread 8 recall: 0.9189
Thread 8 latency: 16769.6
Thread 8 network latency: 16184.8
Thread 8 duration_meta_search: 43.573
Thread 8 compute time: 416.559
Thread 9 recall: 0.9053
Thread 9 latency: 622.281
Thread 9 network latency: 79.253
Thread 9 duration_meta_search: 45.24
Thread 9 compute time: 265.108
