============================================================
                        SERVER
============================================================
num clients:                  1
TCP port:                     21015
IB port:                      1
max outstanding CQEs:         16
max send work requests:       1024
max receive work requests:    1024
============================================================
index region bytes:           4294967296
2 device(s) found
Selected device: mlx5_1 (idx=1)
Link layer: Ethernet (RoCE), using GID index 3 (local IPv4 10.0.0.65)
num_cores: 80
physical cores per socket: 20
hyperthreading enabled
interleaved policy
pairing: 19082 -- 14869
[STATUS]: pinned main thread to core 20
[STATUS]: query QP/CQ contexts per compute node=16
[STATUS]: LAVD neighborhood region: resolved bytes=4294967296
allocation size: 4294967296
allocated ALIGNED MEM (no hugepage) at 140466177613888 with buffer size 4294967296
allocated ALIGNED MEM (no hugepage) at 140461882642496 with buffer size 4294967296
[STATUS]: LAVD neighborhood region: allocated bytes=4294967296
[STATUS]: register memory and distribute access token
[STATUS]: LAVD neighborhood region: registered bytes=4294967296
[STATUS]: connect QPs of compute threads
pairing: 19083 -- 14870
pairing: 19084 -- 14871
pairing: 19085 -- 14872
pairing: 19086 -- 14873
pairing: 19087 -- 14874
pairing: 19088 -- 14875
pairing: 19089 -- 14876
pairing: 19090 -- 14877
pairing: 19091 -- 14878
pairing: 19092 -- 14879
pairing: 19093 -- 14880
pairing: 19094 -- 14881
pairing: 19095 -- 14882
pairing: 19096 -- 14883
pairing: 19097 -- 14884
pairing: 19098 -- 14885
[STATUS]: idle: index construction
[STATUS]: loading index (672573128 Bytes) from /home/kvgroup/chaomei/hnsw-data/deep1m/dump/index_m16_efc100_node1_of1.dat
[STATUS]: query processing
[STATUS]: idle: queries
