query_data_path: ../datasets/sift/sift_query.fvecs
Reading from vector 1 to -1
Seekg position: 0 bytes
Each vector size: 516 bytes (dim=128)
Reading 5000 vectors
Reading 5000 vectors
QUERY_GT_SHAPE query_rows=5000 ground_truth_rows=5000 query_rows_per_ground_truth=1
original_n_query_data = 5000
sampling_mod = 1, sampling_count = 0
query_data.size(): 640000
ground_truth.size(): 500000
FRONTIER_QUERY_POOL total_queries=5000 threads=10 top_k=10 fixed=1
queries_per_thread: 500
ground_truth.size(): 500000
Using physical cores only (skipping hyperthreads)
[35m[search_client_pipelined_reuse_thread.cc:234] Thread 0 fetch QP authentication key: 42999170
[0m[35m[search_client_pipelined_reuse_thread.cc:238] Thread 0 RDMA resources initialized
[0m[35m[search_client_pipelined_reuse_thread.cc:234] Thread 1 fetch QP authentication key: 135497281
[0m[35m[search_client_pipelined_reuse_thread.cc:238] Thread 1 RDMA resources initialized
[0m[35m[search_client_pipelined_reuse_thread.cc:234] Thread 2 fetch QP authentication key: 2084420925
[0m[35m[search_client_pipelined_reuse_thread.cc:238] Thread 2 RDMA resources initialized
[0m[35m[search_client_pipelined_reuse_thread.cc:234] Thread 3 fetch QP authentication key: 1827336327
[0m[35m[search_client_pipelined_reuse_thread.cc:238] Thread 3 RDMA resources initialized
[0m[35m[search_client_pipelined_reuse_thread.cc:234] Thread 4 fetch QP authentication key: 1159126505
[0m[35m[search_client_pipelined_reuse_thread.cc:238] Thread 4 RDMA resources initialized
[0m[35m[search_client_pipelined_reuse_thread.cc:234] Thread 5 fetch QP authentication key: 1632621729
[0m[35m[search_client_pipelined_reuse_thread.cc:238] Thread 5 RDMA resources initialized
[0m[35m[search_client_pipelined_reuse_thread.cc:234] Thread 6 fetch QP authentication key: 1433925857
[0m[35m[search_client_pipelined_reuse_thread.cc:238] Thread 6 RDMA resources initialized
[0m[35m[search_client_pipelined_reuse_thread.cc:234] Thread 7 fetch QP authentication key: 84353895
[0m[35m[search_client_pipelined_reuse_thread.cc:238] Thread 7 RDMA resources initialized
[0m[35m[search_client_pipelined_reuse_thread.cc:234] Thread 8 fetch QP authentication key: 2001100545
[0m[35m[search_client_pipelined_reuse_thread.cc:238] Thread 8 RDMA resources initialized
[0m[35m[search_client_pipelined_reuse_thread.cc:234] Thread 9 fetch QP authentication key: 1548233367
[0m[35m[search_client_pipelined_reuse_thread.cc:238] Thread 9 RDMA resources initialized
[0m=== gRPC Service Parameters Debug ===
epoch: 0
rdma_base_offset: 0
serialized_meta_hnsw size: 125546 bytes
offset size: 320 elements
offset_para size: 1440 elements
overflow size: 480 elements
mapping size: 160 elements
Thread 0 local_hnsw mapping size: 160
deserialize_worker start
search_worker startfetch_worker start

=== Thread 0 testing EF = 100 for 20 seconds ===
=== gRPC Service Parameters Debug ===
epoch: 0
rdma_base_offset: 0
serialized_meta_hnsw size: 125546 bytes
offset size: 320 elements
offset_para size: 1440 elements
overflow size: 480 elements
mapping size: 160 elements
Thread 1 local_hnsw mapping size: 160
fetch_worker start
deserialize_worker start
=== Thread 1 testing EF = 100 for 20 seconds ===
search_worker start
=== gRPC Service Parameters Debug ===
epoch: 0
rdma_base_offset: 0
serialized_meta_hnsw size: 125546 bytes
offset size: 320 elements
offset_para size: 1440 elements
overflow size: 480 elements
mapping size: 160 elements
Thread 2 local_hnsw mapping size: 160
fetch_worker start
deserialize_worker start
=== Thread 2 testing EF = 100 for 20 seconds ===
search_worker start
=== gRPC Service Parameters Debug ===
epoch: 0
rdma_base_offset: 0
serialized_meta_hnsw size: 125546 bytes
offset size: 320 elements
offset_para size: 1440 elements
overflow size: 480 elements
mapping size: 160 elements
Thread 3 local_hnsw mapping size: 160
fetch_worker start
deserialize_worker start
search_worker start
=== Thread 3 testing EF = 100 for 20 seconds ===
=== gRPC Service Parameters Debug ===
epoch: 0
rdma_base_offset: 0
serialized_meta_hnsw size: 125546 bytes
offset size: 320 elements
offset_para size: 1440 elements
overflow size: 480 elements
mapping size: 160 elements
Thread 4 local_hnsw mapping size: 160
fetch_worker start
deserialize_worker start
=== Thread 4 testing EF = 100 for 20 seconds ===
search_worker start
=== gRPC Service Parameters Debug ===
epoch: 0
rdma_base_offset: 0
serialized_meta_hnsw size: 125546 bytes
offset size: 320 elements
offset_para size: 1440 elements
overflow size: 480 elements
mapping size: 160 elements
Thread 5 local_hnsw mapping size: 160
fetch_worker start
deserialize_worker start
search_worker start
=== Thread 5 testing EF = 100 for 20 seconds ===
=== gRPC Service Parameters Debug ===
epoch: 0
rdma_base_offset: 0
serialized_meta_hnsw size: 125546 bytes
offset size: 320 elements
offset_para size: 1440 elements
overflow size: 480 elements
mapping size: 160 elements
Thread 6 local_hnsw mapping size: 160
fetch_worker start
deserialize_worker start
=== Thread 6 testing EF = 100 for 20 seconds ===
search_worker start
=== gRPC Service Parameters Debug ===
epoch: 0
rdma_base_offset: 0
serialized_meta_hnsw size: 125546 bytes
offset size: 320 elements
offset_para size: 1440 elements
overflow size: 480 elements
mapping size: 160 elements
Thread 7 local_hnsw mapping size: 160
fetch_worker start
deserialize_worker start
=== Thread 7 testing EF = 100 for 20 seconds ===
search_worker start
=== gRPC Service Parameters Debug ===
epoch: 0
rdma_base_offset: 0
serialized_meta_hnsw size: 125546 bytes
offset size: 320 elements
offset_para size: 1440 elements
overflow size: 480 elements
mapping size: 160 elements
Thread 8 local_hnsw mapping size: 160
fetch_worker start
deserialize_worker start
search_worker start
=== Thread 8 testing EF = 100 for 20 seconds ===
=== gRPC Service Parameters Debug ===
epoch: 0
rdma_base_offset: 0
serialized_meta_hnsw size: 125546 bytes
offset size: 320 elements
offset_para size: 1440 elements
overflow size: 480 elements
mapping size: 160 elements
Thread 9 local_hnsw mapping size: 160
fetch_worker start
deserialize_worker start
search_worker start
=== Thread 9 testing EF = 100 for 20 seconds ===
[39m[reporter.hh:42] [Batch 0] Compute: 418,929.00 ms, Network: 174,324.00 ms, Deserialize: 521,573.00 ms, Meta Search: 14,820.00 ms, Throughput: 611.93 qps, Total Time: 817,092.00 ms
[0mThread 1 EF 100 benchmark:
  Queries executed: 500
  Avg total latency: 1634.18 us
  Avg meta search latency: 29.64 us
  Avg compute time: 837.858 us
  Avg network latency: 348.648 us
  Avg deserialize time: 1043.15 us
  Recall: 0.8972
  Throughput: 609.877 QPS
FRONTIER_THREAD_RESULT ef=100 thread=1 queries=500 elapsed_s=0.819837023 recall=0.897199988
[35m[search_client_pipelined_reuse_thread.cc:581] Thread 1 returns
[0m[39m[reporter.hh:42] [Batch 0] Compute: 459,927.00 ms, Network: 164,538.00 ms, Deserialize: 997,902.00 ms, Meta Search: 17,152.00 ms, Throughput: 441.22 qps, Total Time: 1,133,215.00 ms
[0mThread 8 EF 100 benchmark:
  Queries executed: 500
  Avg total latency: 2266.43 us
  Avg meta search latency: 34.304 us
  Avg compute time: 919.854 us
  Avg network latency: 329.076 us
  Avg deserialize time: 1995.8 us
  Recall: 0.8886
  Throughput: 439.53 QPS
FRONTIER_THREAD_RESULT ef=100 thread=8 queries=500 elapsed_s=1.137579647 recall=0.888599992
[35m[search_client_pipelined_reuse_thread.cc:581] Thread 8 returns
[0m[39m[reporter.hh:42] [Batch 0] Compute: 613,411.00 ms, Network: 166,737.00 ms, Deserialize: 1,032,864.00 ms, Meta Search: 7,159.00 ms, Throughput: 385.57 qps, Total Time: 1,296,788.00 ms
[0mThread 4 EF 100 benchmark:
  Queries executed: 500
  Avg total latency: 2593.58 us
  Avg meta search latency: 14.318 us
  Avg compute time: 1226.82 us
  Avg network latency: 333.474 us
  Avg deserialize time: 2065.73 us
  Recall: 0.8848
  Throughput: 384.521 QPS
FRONTIER_THREAD_RESULT ef=100 thread=4 queries=500 elapsed_s=1.300319781 recall=0.884800017
[35m[search_client_pipelined_reuse_thread.cc:581] Thread 4 returns
[0m[39m[reporter.hh:42] [Batch 0] Compute: 5,380,981.00 ms, Network: 6,359,048.00 ms, Deserialize: 681,481.00 ms, Meta Search: 7,348.00 ms, Throughput: 42.07 qps, Total Time: 11,884,776.00 ms
[0mThread 2 EF 100 benchmark:
  Queries executed: 500
  Avg total latency: 23769.6 us
  Avg meta search latency: 14.696 us
  Avg compute time: 10762 us
  Avg network latency: 12718.1 us
  Avg deserialize time: 1362.96 us
  Recall: 0.9038
  Throughput: 42.0576 QPS
FRONTIER_THREAD_RESULT ef=100 thread=2 queries=500 elapsed_s=11.888451850 recall=0.903800011
[35m[search_client_pipelined_reuse_thread.cc:581] Thread 2 returns
[0m[39m[reporter.hh:42] [Batch 0] Compute: 5,412,764.00 ms, Network: 6,385,362.00 ms, Deserialize: 1,039,073.00 ms, Meta Search: 14,934.00 ms, Throughput: 41.54 qps, Total Time: 12,036,207.00 ms
[0mThread 5 EF 100 benchmark:
  Queries executed: 500
  Avg total latency: 24072.4 us
  Avg meta search latency: 29.868 us
  Avg compute time: 10825.5 us
  Avg network latency: 12770.7 us
  Avg deserialize time: 2078.15 us
  Recall: 0.8796
  Throughput: 41.5272 QPS
FRONTIER_THREAD_RESULT ef=100 thread=5 queries=500 elapsed_s=12.040304059 recall=0.879599988
[35m[search_client_pipelined_reuse_thread.cc:581] Thread 5 returns
[0m[39m[reporter.hh:42] [Batch 0] Compute: 5,497,350.00 ms, Network: 6,407,088.00 ms, Deserialize: 659,962.00 ms, Meta Search: 16,586.00 ms, Throughput: 41.51 qps, Total Time: 12,044,911.00 ms
[0mThread 0 EF 100 benchmark:
  Queries executed: 500
  Avg total latency: 24089.8 us
  Avg meta search latency: 33.172 us
  Avg compute time: 10994.7 us
  Avg network latency: 12814.2 us
  Avg deserialize time: 1319.92 us
  Recall: 0.8806
  Throughput: 41.4975 QPS
FRONTIER_THREAD_RESULT ef=100 thread=0 queries=500 elapsed_s=12.048911530 recall=0.880599976
[35m[search_client_pipelined_reuse_thread.cc:581] Thread 0 returns
[0m[39m[reporter.hh:42] [Batch 0] Compute: 5,536,240.00 ms, Network: 6,359,322.00 ms, Deserialize: 1,048,457.00 ms, Meta Search: 15,541.00 ms, Throughput: 41.16 qps, Total Time: 12,148,851.00 ms
[0mThread 7 EF 100 benchmark:
  Queries executed: 500
  Avg total latency: 24297.7 us
  Avg meta search latency: 31.082 us
  Avg compute time: 11072.5 us
  Avg network latency: 12718.6 us
  Avg deserialize time: 2096.91 us
  Recall: 0.9058
  Throughput: 41.141 QPS
FRONTIER_THREAD_RESULT ef=100 thread=7 queries=500 elapsed_s=12.153340536 recall=0.905799985
[35m[search_client_pipelined_reuse_thread.cc:581] Thread 7 returns
[0m[39m[reporter.hh:42] [Batch 0] Compute: 5,607,056.00 ms, Network: 6,403,141.00 ms, Deserialize: 603,262.00 ms, Meta Search: 16,503.00 ms, Throughput: 41.12 qps, Total Time: 12,160,906.00 ms
[0mThread 3 EF 100 benchmark:
  Queries executed: 500
  Avg total latency: 24321.8 us
  Avg meta search latency: 33.006 us
  Avg compute time: 11214.1 us
  Avg network latency: 12806.3 us
  Avg deserialize time: 1206.52 us
  Recall: 0.8808
  Throughput: 41.1024 QPS
FRONTIER_THREAD_RESULT ef=100 thread=3 queries=500 elapsed_s=12.164728949 recall=0.880800009
[35m[search_client_pipelined_reuse_thread.cc:581] Thread 3 returns
[0m[39m[reporter.hh:42] [Batch 0] Compute: 5,610,470.00 ms, Network: 6,364,211.00 ms, Deserialize: 1,070,170.00 ms, Meta Search: 7,579.00 ms, Throughput: 40.79 qps, Total Time: 12,256,816.00 ms
[0mThread 9 EF 100 benchmark:
  Queries executed: 500
  Avg total latency: 24513.6 us
  Avg meta search latency: 15.158 us
  Avg compute time: 11220.9 us
  Avg network latency: 12728.4 us
  Avg deserialize time: 2140.34 us
  Recall: 0.8966
  Throughput: 40.7766 QPS
FRONTIER_THREAD_RESULT ef=100 thread=9 queries=500 elapsed_s=12.261933208 recall=0.896600008
[35m[search_client_pipelined_reuse_thread.cc:581] Thread 9 returns
[0m[39m[reporter.hh:42] [Batch 0] Compute: 5,731,784.00 ms, Network: 6,378,015.00 ms, Deserialize: 1,021,542.00 ms, Meta Search: 18,690.00 ms, Throughput: 40.66 qps, Total Time: 12,296,806.00 ms
[0mThread 6 EF 100 benchmark:
  Queries executed: 500
  Avg total latency: 24593.6 us
  Avg meta search latency: 37.38 us
  Avg compute time: 11463.6 us
  Avg network latency: 12756 us
  Avg deserialize time: 2043.08 us
  Recall: 0.8842
  Throughput: 40.6428 QPS
FRONTIER_THREAD_RESULT ef=100 thread=6 queries=500 elapsed_s=12.302292665 recall=0.884199977
[35m[search_client_pipelined_reuse_thread.cc:581] Thread 6 returns
[0mEF: 100
Thread 0 recall: 0.8806
Thread 0 latency: 24089.8
Thread 0 network latency: 12814.2
Thread 0 duration_meta_search: 33.172
Thread 0 compute time: 10994.7
Thread 1 recall: 0.8972
Thread 1 latency: 1634.18
Thread 1 network latency: 348.648
Thread 1 duration_meta_search: 29.64
Thread 1 compute time: 837.858
Thread 2 recall: 0.9038
Thread 2 latency: 23769.6
Thread 2 network latency: 12718.1
Thread 2 duration_meta_search: 14.696
Thread 2 compute time: 10762
Thread 3 recall: 0.8808
Thread 3 latency: 24321.8
Thread 3 network latency: 12806.3
Thread 3 duration_meta_search: 33.006
Thread 3 compute time: 11214.1
Thread 4 recall: 0.8848
Thread 4 latency: 2593.58
Thread 4 network latency: 333.474
Thread 4 duration_meta_search: 14.318
Thread 4 compute time: 1226.82
Thread 5 recall: 0.8796
Thread 5 latency: 24072.4
Thread 5 network latency: 12770.7
Thread 5 duration_meta_search: 29.868
Thread 5 compute time: 10825.5
Thread 6 recall: 0.8842
Thread 6 latency: 24593.6
Thread 6 network latency: 12756
Thread 6 duration_meta_search: 37.38
Thread 6 compute time: 11463.6
Thread 7 recall: 0.9058
Thread 7 latency: 24297.7
Thread 7 network latency: 12718.6
Thread 7 duration_meta_search: 31.082
Thread 7 compute time: 11072.5
Thread 8 recall: 0.8886
Thread 8 latency: 2266.43
Thread 8 network latency: 329.076
Thread 8 duration_meta_search: 34.304
Thread 8 compute time: 919.854
Thread 9 recall: 0.8966
Thread 9 latency: 24513.6
Thread 9 network latency: 12728.4
Thread 9 duration_meta_search: 15.158
Thread 9 compute time: 11220.9
