============================================================
                        SERVER
============================================================
num clients:                  1
TCP port:                     21157
IB port:                      1
max outstanding CQEs:         16
max send work requests:       1024
max receive work requests:    1024
============================================================
index region bytes:           8589934592
2 device(s) found
Selected device: mlx5_1 (idx=1)
Link layer: Ethernet (RoCE), using GID index 3 (local IPv4 10.0.0.65)
num_cores: 80
physical cores per socket: 20
hyperthreading enabled
interleaved policy
pairing: 21496 -- 17283
[STATUS]: pinned main thread to core 20
[STATUS]: query QP/CQ contexts per compute node=16
[STATUS]: LAVD neighborhood region: resolved bytes=8589934592
allocation size: 8589934592
allocated ALIGNED MEM (no hugepage) at 139633264218176 with buffer size 8589934592
allocated ALIGNED MEM (no hugepage) at 139624674279488 with buffer size 8589934592
[STATUS]: LAVD neighborhood region: allocated bytes=8589934592
[STATUS]: register memory and distribute access token
[STATUS]: LAVD neighborhood region: registered bytes=8589934592
[STATUS]: connect QPs of compute threads
pairing: 21497 -- 17284
pairing: 21498 -- 17285
pairing: 21499 -- 17286
pairing: 21500 -- 17287
pairing: 21501 -- 17288
pairing: 21502 -- 17289
pairing: 21503 -- 17290
pairing: 21504 -- 17291
pairing: 21505 -- 17292
pairing: 21506 -- 17293
pairing: 21507 -- 17294
pairing: 21508 -- 17295
pairing: 21509 -- 17296
pairing: 21510 -- 17297
pairing: 21511 -- 17298
pairing: 21512 -- 17299
[STATUS]: idle: index construction
[STATUS]: loading index (4128573128 Bytes) from /home/kvgroup/chaomei/hnsw-data/gist1m/dump/index_m16_efc100_node1_of1.dat
[STATUS]: query processing
[STATUS]: idle: queries
