============================================================
                        SERVER
============================================================
num clients:                  1
TCP port:                     21137
IB port:                      1
max outstanding CQEs:         16
max send work requests:       1024
max receive work requests:    1024
============================================================
index region bytes:           8589934592
2 device(s) found
Selected device: mlx5_1 (idx=1)
Link layer: Ethernet (RoCE), using GID index 3 (local IPv4 10.0.0.65)
num_cores: 80
physical cores per socket: 20
hyperthreading enabled
interleaved policy
pairing: 21156 -- 16943
[STATUS]: pinned main thread to core 20
[STATUS]: query QP/CQ contexts per compute node=16
[STATUS]: LAVD neighborhood region: resolved bytes=8589934592
allocation size: 8589934592
allocated ALIGNED MEM (no hugepage) at 139706900430912 with buffer size 8589934592
allocated ALIGNED MEM (no hugepage) at 139698310492224 with buffer size 8589934592
[STATUS]: LAVD neighborhood region: allocated bytes=8589934592
[STATUS]: register memory and distribute access token
[STATUS]: LAVD neighborhood region: registered bytes=8589934592
[STATUS]: connect QPs of compute threads
pairing: 21157 -- 16944
pairing: 21158 -- 16945
pairing: 21159 -- 16946
pairing: 21160 -- 16947
pairing: 21161 -- 16948
pairing: 21162 -- 16949
pairing: 21163 -- 16950
pairing: 21164 -- 16951
pairing: 21165 -- 16952
pairing: 21166 -- 16953
pairing: 21167 -- 16954
pairing: 21168 -- 16955
pairing: 21169 -- 16956
pairing: 21170 -- 16957
pairing: 21171 -- 16958
pairing: 21172 -- 16959
[STATUS]: idle: index construction
[STATUS]: loading index (4128573128 Bytes) from /home/kvgroup/chaomei/hnsw-data/gist1m/dump/index_m16_efc100_node1_of1.dat
[STATUS]: query processing
[STATUS]: idle: queries
