============================================================
                        SERVER
============================================================
num clients:                  1
TCP port:                     21187
IB port:                      1
max outstanding CQEs:         16
max send work requests:       1024
max receive work requests:    1024
============================================================
index region bytes:           8589934592
2 device(s) found
Selected device: mlx5_1 (idx=1)
Link layer: Ethernet (RoCE), using GID index 3 (local IPv4 10.0.0.65)
num_cores: 80
physical cores per socket: 20
hyperthreading enabled
interleaved policy
pairing: 22006 -- 17793
[STATUS]: pinned main thread to core 20
[STATUS]: query QP/CQ contexts per compute node=16
[STATUS]: LAVD neighborhood region: resolved bytes=8589934592
allocation size: 8589934592
allocated ALIGNED MEM (no hugepage) at 139978374803520 with buffer size 8589934592
allocated ALIGNED MEM (no hugepage) at 139969784864832 with buffer size 8589934592
[STATUS]: LAVD neighborhood region: allocated bytes=8589934592
[STATUS]: register memory and distribute access token
[STATUS]: LAVD neighborhood region: registered bytes=8589934592
[STATUS]: connect QPs of compute threads
pairing: 22007 -- 17794
pairing: 22008 -- 17795
pairing: 22009 -- 17796
pairing: 22010 -- 17797
pairing: 22011 -- 17798
pairing: 22012 -- 17799
pairing: 22013 -- 17800
pairing: 22014 -- 17801
pairing: 22015 -- 17802
pairing: 22016 -- 17803
pairing: 22017 -- 17804
pairing: 22018 -- 17805
pairing: 22019 -- 17806
pairing: 22020 -- 17807
pairing: 22021 -- 17808
pairing: 22022 -- 17809
[STATUS]: idle: index construction
[STATUS]: loading index (4128573128 Bytes) from /home/kvgroup/chaomei/hnsw-data/gist1m/dump/index_m16_efc100_node1_of1.dat
[STATUS]: query processing
[STATUS]: idle: queries
