query_data_path: ../datasets/deep1M/deep1M_query.fvecs
Reading from vector 1 to -1
Seekg position: 0 bytes
Each vector size: 388 bytes (dim=96)
Reading 10000 vectors
Reading 10000 vectors
QUERY_GT_SHAPE query_rows=10000 ground_truth_rows=10000 query_rows_per_ground_truth=1
original_n_query_data = 10000
sampling_mod = 1, sampling_count = 0
query_data.size(): 960000
ground_truth.size(): 1000000
FRONTIER_QUERY_POOL total_queries=10000 threads=10 top_k=10 fixed=1
queries_per_thread: 1000
ground_truth.size(): 1000000
Using physical cores only (skipping hyperthreads)
[35m[search_client_pipelined_reuse_thread.cc:231] Thread 0 fetch QP authentication key: 1681692777
[0m[35m[search_client_pipelined_reuse_thread.cc:235] Thread 0 RDMA resources initialized
[0m[35m[search_client_pipelined_reuse_thread.cc:231] Thread 1 fetch QP authentication key: 1714636915
[0m[35m[search_client_pipelined_reuse_thread.cc:235] Thread 1 RDMA resources initialized
[0m[35m[search_client_pipelined_reuse_thread.cc:231] Thread 2 fetch QP authentication key: 1957747793
[0m[35m[search_client_pipelined_reuse_thread.cc:235] Thread 2 RDMA resources initialized
[0m[35m[search_client_pipelined_reuse_thread.cc:231] Thread 3 fetch QP authentication key: 424238335
[0m[35m[search_client_pipelined_reuse_thread.cc:235] Thread 3 RDMA resources initialized
[0m[35m[search_client_pipelined_reuse_thread.cc:231] Thread 4 fetch QP authentication key: 719885386
[0m[35m[search_client_pipelined_reuse_thread.cc:235] Thread 4 RDMA resources initialized
[0m[35m[search_client_pipelined_reuse_thread.cc:231] Thread 5 fetch QP authentication key: 1649760492
[0m[35m[search_client_pipelined_reuse_thread.cc:235] Thread 5 RDMA resources initialized
[0m[35m[search_client_pipelined_reuse_thread.cc:231] Thread 6 fetch QP authentication key: 596516649
[0m[35m[search_client_pipelined_reuse_thread.cc:235] Thread 6 RDMA resources initialized
[0m[35m[search_client_pipelined_reuse_thread.cc:231] Thread 7 fetch QP authentication key: 1189641421
[0m[35m[search_client_pipelined_reuse_thread.cc:235] Thread 7 RDMA resources initialized
[0m[35m[search_client_pipelined_reuse_thread.cc:231] Thread 8 fetch QP authentication key: 1025202362
[0m[35m[search_client_pipelined_reuse_thread.cc:235] Thread 8 RDMA resources initialized
[0m[35m[search_client_pipelined_reuse_thread.cc:231] Thread 9 fetch QP authentication key: 1350490027
[0m[35m[search_client_pipelined_reuse_thread.cc:235] Thread 9 RDMA resources initialized
[0mError: unable to set thread affinity for thread 1, error code: 22
Error: unable to set thread affinity for thread 2, error code: 22
Error: unable to set thread affinity for thread 3, error code: 22
Error: unable to set thread affinity for thread 5, error code: 22
Error: unable to set thread affinity for thread 6, error code: 22
Error: unable to set thread affinity for thread 7, error code: 22
Error: unable to set thread affinity for thread 8, error code: 22
Error: unable to set thread affinity for thread 9, error code: 22
=== gRPC Service Parameters Debug ===
epoch: 0
rdma_base_offset: 0
serialized_meta_hnsw size: 105066 bytes
offset size: 320 elements
offset_para size: 1440 elements
overflow size: 480 elements
mapping size: 160 elements
Thread 4 local_hnsw mapping size: 160
fetch_worker start
deserialize_worker start
=== Thread 4 testing EF = 200 for 20 seconds ===
search_worker start
=== gRPC Service Parameters Debug ===
epoch: 0
rdma_base_offset: 0
serialized_meta_hnsw size: 105066 bytes
offset size: 320 elements
offset_para size: 1440 elements
overflow size: 480 elements
mapping size: 160 elements
Thread 6 local_hnsw mapping size: === gRPC Service Parameters Debug ===
epoch: 0
rdma_base_offset: 0
serialized_meta_hnsw size: 105066 bytes
offset size: 320 elements
offset_para size: 1440 elements
overflow size: 480 elements
mapping size: 160 elements
Thread 1 local_hnsw mapping size: 160
fetch_worker start
deserialize_worker start
160
Error setting affinity for fetch thread
search_worker startError setting affinity for deserialize thread
Error setting affinity for search thread

=== Thread 6 testing EF = 200 for 20 seconds ===
fetch_worker start
deserialize_worker start
Error setting affinity for fetch thread
search_worker startError setting affinity for deserialize thread

Error setting affinity for search thread
=== Thread 1 testing EF = 200 for 20 seconds ===
=== gRPC Service Parameters Debug ===
epoch: 0
rdma_base_offset: 0
serialized_meta_hnsw size: 105066 bytes
offset size: 320 elements
offset_para size: 1440 elements
overflow size: 480 elements
mapping size: 160 elements
Thread 8 local_hnsw mapping size: 160
fetch_worker start
deserialize_worker start
Error setting affinity for fetch threadsearch_worker start

Error setting affinity for deserialize thread
Error setting affinity for search thread
=== Thread 8 testing EF = 200 for 20 seconds ===
=== gRPC Service Parameters Debug ===
epoch: 0
rdma_base_offset: 0
serialized_meta_hnsw size: 105066 bytes
offset size: 320 elements
offset_para size: 1440 elements
overflow size: 480 elements
mapping size: 160 elements
Thread 5 local_hnsw mapping size: === gRPC Service Parameters Debug ===
epoch: 0
rdma_base_offset: 0
serialized_meta_hnsw size: 105066 bytes
offset size: 320 elements
offset_para size: 1440 elements
overflow size: 480 elements
mapping size: 160 elements
Thread 0 local_hnsw mapping size: 160
fetch_worker start
deserialize_worker start
Error setting affinity for fetch threadsearch_worker start

Error setting affinity for deserialize thread
Error setting affinity for search thread
=== Thread 5 testing EF = 200 for 20 seconds ===
160
fetch_worker start
deserialize_worker start
=== Thread 0 testing EF = 200 for 20 seconds ===
search_worker start
=== gRPC Service Parameters Debug ===
epoch: 0
rdma_base_offset: 0
serialized_meta_hnsw size: 105066 bytes
offset size: 320 elements
offset_para size: 1440 elements
overflow size: 480 elements
mapping size: 160 elements
Thread 2 local_hnsw mapping size: === gRPC Service Parameters Debug ===
epoch: 0
rdma_base_offset: 0
serialized_meta_hnsw size: 105066 bytes
offset size: 320 elements
offset_para size: 1440 elements
overflow size: 480 elements
mapping size: 160 elements
Thread 7 local_hnsw mapping size: === gRPC Service Parameters Debug ===
epoch: 0
rdma_base_offset: 0
serialized_meta_hnsw size: 105066 bytes
offset size: 320 elements
offset_para size: 1440 elements
overflow size: 480 elements
mapping size: 160 elements
Thread 9 local_hnsw mapping size: 160
fetch_worker start
160
deserialize_worker start
search_worker start
Error setting affinity for fetch thread
Error setting affinity for deserialize thread
Error setting affinity for search thread
fetch_worker start=== Thread 2 testing EF = 200 for 20 seconds ===

deserialize_worker start
Error setting affinity for fetch threadsearch_worker start

Error setting affinity for deserialize thread
Error setting affinity for search thread
=== Thread 7 testing EF = 200 for 20 seconds ===
160
fetch_worker start
deserialize_worker start
Error setting affinity for fetch thread
search_worker start
Error setting affinity for deserialize thread
Error setting affinity for search thread
=== Thread 9 testing EF = 200 for 20 seconds ===
=== gRPC Service Parameters Debug ===
epoch: 0
rdma_base_offset: 0
serialized_meta_hnsw size: 105066 bytes
offset size: 320 elements
offset_para size: 1440 elements
overflow size: 480 elements
mapping size: 160 elements
Thread 3 local_hnsw mapping size: 160
fetch_worker start
deserialize_worker start
Error setting affinity for fetch thread
search_worker start
Error setting affinity for deserialize thread
Error setting affinity for search thread
=== Thread 3 testing EF = 200 for 20 seconds ===
[39m[reporter.hh:42] [Batch 0] Compute: 355652.00 ms, Network: 7311360.00 ms, Deserialize: 394641.00 ms, Meta Search: 29840.00 ms, Throughput: 127.73 qps, Total Time: 7829010.00 ms
[0mThread 2 EF 200 benchmark:
  Queries executed: 1000
  Avg total latency: 7829.01 us
  Avg meta search latency: 29.84 us
  Avg compute time: 355.652 us
  Avg network latency: 7311.36 us
  Avg deserialize time: 394.641 us
  Recall: 0.9037
  Throughput: 127.614 QPS
FRONTIER_THREAD_RESULT ef=200 thread=2 queries=1000 elapsed_s=7.836101970 recall=0.903699994
[35m[search_client_pipelined_reuse_thread.cc:570] Thread 2 returns
[0m[39m[reporter.hh:42] [Batch 0] Compute: 280760.00 ms, Network: 7311794.00 ms, Deserialize: 550611.00 ms, Meta Search: 38413.00 ms, Throughput: 126.44 qps, Total Time: 7909010.00 ms
[0mThread 4 EF 200 benchmark:
  Queries executed: 1000
  Avg total latency: 7909.01 us
  Avg meta search latency: 38.413 us
  Avg compute time: 280.76 us
  Avg network latency: 7311.79 us
  Avg deserialize time: 550.611 us
  Recall: 0.911
  Throughput: 126.33 QPS
FRONTIER_THREAD_RESULT ef=200 thread=4 queries=1000 elapsed_s=7.915801059 recall=0.911000013
[35m[search_client_pipelined_reuse_thread.cc:570] Thread 4 returns
[0m[39m[reporter.hh:42] [Batch 0] Compute: 333456.00 ms, Network: 15881408.00 ms, Deserialize: 546289.00 ms, Meta Search: 45387.00 ms, Throughput: 60.76 qps, Total Time: 16459097.00 ms
[0mThread 8 EF 200 benchmark:
  Queries executed: 1000
  Avg total latency: 16459.1 us
  Avg meta search latency: 45.387 us
  Avg compute time: 333.456 us
  Avg network latency: 15881.4 us
  Avg deserialize time: 546.289 us
  Recall: 0.9189
  Throughput: 60.7372 QPS
FRONTIER_THREAD_RESULT ef=200 thread=8 queries=1000 elapsed_s=16.464386927 recall=0.918900013
[35m[search_client_pipelined_reuse_thread.cc:570] Thread 8 returns
[0m[39m[reporter.hh:42] [Batch 0] Compute: 343669.00 ms, Network: 15901031.00 ms, Deserialize: 594459.00 ms, Meta Search: 28106.00 ms, Throughput: 60.47 qps, Total Time: 16536573.00 ms
[0mThread 9 EF 200 benchmark:
  Queries executed: 1000
  Avg total latency: 16536.6 us
  Avg meta search latency: 28.106 us
  Avg compute time: 343.669 us
  Avg network latency: 15901 us
  Avg deserialize time: 594.459 us
  Recall: 0.9051
  Throughput: 60.4467 QPS
FRONTIER_THREAD_RESULT ef=200 thread=9 queries=1000 elapsed_s=16.543490320 recall=0.905099988
[35m[search_client_pipelined_reuse_thread.cc:570] Thread 9 returns
[0m[39m[reporter.hh:42] [Batch 0] Compute: 304588.00 ms, Network: 24480228.00 ms, Deserialize: 511864.00 ms, Meta Search: 38674.00 ms, Throughput: 39.96 qps, Total Time: 25025012.00 ms
[0m[39m[reporter.hh:42] [Batch 0] Compute: 400649.00 ms, Network: 24489477.00 ms, Deserialize: 485022.00 ms, Meta Search: 41048.00 ms, Throughput: 39.96 qps, Total Time: 25025385.00 ms
[0mThread 3 EF 200 benchmark:
  Queries executed: 1000
  Avg total latency: 25025 us
  Avg meta search latency: 38.674 us
  Avg compute time: 304.588 us
  Avg network latency: 24480.2 us
  Avg deserialize time: 511.864 us
  Recall: 0.9148
  Throughput: 39.9536 QPS
FRONTIER_THREAD_RESULT ef=200 thread=3 queries=1000 elapsed_s=25.029033540 recall=0.914799988
[35m[search_client_pipelined_reuse_thread.cc:570] Thread 3 returns
[0mThread 5 EF 200 benchmark:
  Queries executed: 1000
  Avg total latency: 25025.4 us
  Avg meta search latency: 41.048 us
  Avg compute time: 400.649 us
  Avg network latency: 24489.5 us
  Avg deserialize time: 485.022 us
  Recall: 0.9065
  Throughput: 39.9514 QPS
FRONTIER_THREAD_RESULT ef=200 thread=5 queries=1000 elapsed_s=25.030436117 recall=0.906499982
[35m[search_client_pipelined_reuse_thread.cc:570] Thread 5 returns
[0m[39m[reporter.hh:42] [Batch 0] Compute: 482038.00 ms, Network: 24489786.00 ms, Deserialize: 467634.00 ms, Meta Search: 42673.00 ms, Throughput: 39.89 qps, Total Time: 25067407.00 ms
[0mThread 0 EF 200 benchmark:
  Queries executed: 1000
  Avg total latency: 25067.4 us
  Avg meta search latency: 42.673 us
  Avg compute time: 482.038 us
  Avg network latency: 24489.8 us
  Avg deserialize time: 467.634 us
  Recall: 0.9078
  Throughput: 39.8815 QPS
FRONTIER_THREAD_RESULT ef=200 thread=0 queries=1000 elapsed_s=25.074255621 recall=0.907800019
[35m[search_client_pipelined_reuse_thread.cc:570] Thread 0 returns
[0m[39m[reporter.hh:42] [Batch 0] Compute: 471237.00 ms, Network: 32989924.00 ms, Deserialize: 495953.00 ms, Meta Search: 42838.00 ms, Throughput: 29.78 qps, Total Time: 33579943.00 ms
[0mThread 1 EF 200 benchmark:
  Queries executed: 1000
  Avg total latency: 33579.9 us
  Avg meta search latency: 42.838 us
  Avg compute time: 471.237 us
  Avg network latency: 32989.9 us
  Avg deserialize time: 495.953 us
  Recall: 0.9068
  Throughput: 29.7756 QPS
FRONTIER_THREAD_RESULT ef=200 thread=1 queries=1000 elapsed_s=33.584600130 recall=0.906799972
[35m[search_client_pipelined_reuse_thread.cc:570] Thread 1 returns
[0m[39m[reporter.hh:42] [Batch 0] Compute: 580489.00 ms, Network: 33024824.00 ms, Deserialize: 453521.00 ms, Meta Search: 32231.00 ms, Throughput: 29.72 qps, Total Time: 33642856.00 ms
[0mThread 7 EF 200 benchmark:
  Queries executed: 1000
  Avg total latency: 33642.9 us
  Avg meta search latency: 32.231 us
  Avg compute time: 580.489 us
  Avg network latency: 33024.8 us
  Avg deserialize time: 453.521 us
  Recall: 0.9075
  Throughput: 29.7205 QPS
FRONTIER_THREAD_RESULT ef=200 thread=7 queries=1000 elapsed_s=33.646803576 recall=0.907500029
[35m[search_client_pipelined_reuse_thread.cc:570] Thread 7 returns
[0m[39m[reporter.hh:42] [Batch 0] Compute: 520820.00 ms, Network: 33056445.00 ms, Deserialize: 449855.00 ms, Meta Search: 36296.00 ms, Throughput: 29.66 qps, Total Time: 33709809.00 ms
[0mThread 6 EF 200 benchmark:
  Queries executed: 1000
  Avg total latency: 33709.8 us
  Avg meta search latency: 36.296 us
  Avg compute time: 520.82 us
  Avg network latency: 33056.4 us
  Avg deserialize time: 449.855 us
  Recall: 0.9072
  Throughput: 29.6578 QPS
FRONTIER_THREAD_RESULT ef=200 thread=6 queries=1000 elapsed_s=33.717918672 recall=0.907199979
[35m[search_client_pipelined_reuse_thread.cc:570] Thread 6 returns
[0mEF: 200
Thread 0 recall: 0.9078
Thread 0 latency: 25067.4
Thread 0 network latency: 24489.8
Thread 0 duration_meta_search: 42.673
Thread 0 compute time: 482.038
Thread 1 recall: 0.9068
Thread 1 latency: 33579.9
Thread 1 network latency: 32989.9
Thread 1 duration_meta_search: 42.838
Thread 1 compute time: 471.237
Thread 2 recall: 0.9037
Thread 2 latency: 7829.01
Thread 2 network latency: 7311.36
Thread 2 duration_meta_search: 29.84
Thread 2 compute time: 355.652
Thread 3 recall: 0.9148
Thread 3 latency: 25025
Thread 3 network latency: 24480.2
Thread 3 duration_meta_search: 38.674
Thread 3 compute time: 304.588
Thread 4 recall: 0.911
Thread 4 latency: 7909.01
Thread 4 network latency: 7311.79
Thread 4 duration_meta_search: 38.413
Thread 4 compute time: 280.76
Thread 5 recall: 0.9065
Thread 5 latency: 25025.4
Thread 5 network latency: 24489.5
Thread 5 duration_meta_search: 41.048
Thread 5 compute time: 400.649
Thread 6 recall: 0.9072
Thread 6 latency: 33709.8
Thread 6 network latency: 33056.4
Thread 6 duration_meta_search: 36.296
Thread 6 compute time: 520.82
Thread 7 recall: 0.9075
Thread 7 latency: 33642.9
Thread 7 network latency: 33024.8
Thread 7 duration_meta_search: 32.231
Thread 7 compute time: 580.489
Thread 8 recall: 0.9189
Thread 8 latency: 16459.1
Thread 8 network latency: 15881.4
Thread 8 duration_meta_search: 45.387
Thread 8 compute time: 333.456
Thread 9 recall: 0.9051
Thread 9 latency: 16536.6
Thread 9 network latency: 15901
Thread 9 duration_meta_search: 28.106
Thread 9 compute time: 343.669
