============================================================
                        SERVER
============================================================
num clients:                  1
TCP port:                     21009
IB port:                      1
max outstanding CQEs:         16
max send work requests:       1024
max receive work requests:    1024
============================================================
index region bytes:           4294967296
2 device(s) found
Selected device: mlx5_1 (idx=1)
Link layer: Ethernet (RoCE), using GID index 3 (local IPv4 10.0.0.65)
num_cores: 80
physical cores per socket: 20
hyperthreading enabled
interleaved policy
pairing: 18980 -- 14767
[STATUS]: pinned main thread to core 20
[STATUS]: query QP/CQ contexts per compute node=16
[STATUS]: LAVD neighborhood region: resolved bytes=4294967296
allocation size: 4294967296
allocated ALIGNED MEM (no hugepage) at 139995949641792 with buffer size 4294967296
allocated ALIGNED MEM (no hugepage) at 139991654670400 with buffer size 4294967296
[STATUS]: LAVD neighborhood region: allocated bytes=4294967296
[STATUS]: register memory and distribute access token
[STATUS]: LAVD neighborhood region: registered bytes=4294967296
[STATUS]: connect QPs of compute threads
pairing: 18981 -- 14768
pairing: 18982 -- 14769
pairing: 18983 -- 14770
pairing: 18984 -- 14771
pairing: 18985 -- 14772
pairing: 18986 -- 14773
pairing: 18987 -- 14774
pairing: 18988 -- 14775
pairing: 18989 -- 14776
pairing: 18990 -- 14777
pairing: 18991 -- 14778
pairing: 18992 -- 14779
pairing: 18993 -- 14780
pairing: 18994 -- 14781
pairing: 18995 -- 14782
pairing: 18996 -- 14783
[STATUS]: idle: index construction
[STATUS]: loading index (672573128 Bytes) from /home/kvgroup/chaomei/hnsw-data/deep1m/dump/index_m16_efc100_node1_of1.dat
[STATUS]: query processing
[STATUS]: idle: queries
