============================================================
                        SERVER
============================================================
num clients:                  1
TCP port:                     1300
IB port:                      1
max outstanding CQEs:         16
max send work requests:       1024
max receive work requests:    1024
============================================================
index region bytes:           4294967296
2 device(s) found
Selected device: mlx5_1 (idx=1)
Link layer: Ethernet (RoCE), using GID index 3 (local IPv4 10.0.0.63)
num_cores: 80
physical cores per socket: 20
hyperthreading enabled
interleaved policy
pairing: 12757 -- 188837
[STATUS]: pinned main thread to core 20
[STATUS]: query QP/CQ contexts per compute node=10
[STATUS]: LAVD neighborhood region: resolved bytes=1610612736
allocation size: 4294967296
allocated ALIGNED MEM (no hugepage) at 139898856587328 with buffer size 4294967296
allocated ALIGNED MEM (no hugepage) at 139897245970496 with buffer size 1610612736
[STATUS]: LAVD neighborhood region: allocated bytes=1610612736
[STATUS]: register memory and distribute access token
[STATUS]: LAVD neighborhood region: registered bytes=1610612736
[STATUS]: connect QPs of compute threads
pairing: 12758 -- 188842
pairing: 12759 -- 188847
pairing: 12760 -- 188852
pairing: 12761 -- 188857
pairing: 12762 -- 188862
pairing: 12763 -- 188867
pairing: 12764 -- 188872
pairing: 12765 -- 188877
pairing: 12766 -- 188882
pairing: 12767 -- 188887
[STATUS]: idle: index construction
[STATUS]: loading index (825701848 Bytes) from /home/kvgroup/chaomei/hnsw-data/gist1m/dump/index_m16_efc100_node1_of5.dat
[STATUS]: query processing
[STATUS]: idle: queries
	Command being timed: "/home/kvgroup/chaomei/graphbeyond-vldb-closure-20260713/build-final-v5/shine --is-server --num-clients 1 --port 1300 --index-region-bytes 4294967296"
	User time (seconds): 44.15
	System time (seconds): 3.64
	Percent of CPU this job got: 81%
	Elapsed (wall clock) time (h:mm:ss or m:ss): 0:58.70
	Average shared text size (kbytes): 0
	Average unshared data size (kbytes): 0
	Average stack size (kbytes): 0
	Average total size (kbytes): 0
	Maximum resident set size (kbytes): 5782460
	Average resident set size (kbytes): 0
	Major (requiring I/O) page faults: 0
	Minor (reclaiming a frame) page faults: 1444518
	Voluntary context switches: 413
	Involuntary context switches: 5024
	Swaps: 0
	File system inputs: 0
	File system outputs: 48
	Socket messages sent: 0
	Socket messages received: 0
	Signals delivered: 0
	Page size (bytes): 4096
	Exit status: 0
