[001/125] payload_latency 64B rep=1
[002/125] payload_latency 128B rep=1
[003/125] payload_latency 256B rep=1
[004/125] payload_latency 512B rep=1
[005/125] payload_latency 1024B rep=1
[006/125] payload_latency 2048B rep=1
[007/125] payload_latency 4096B rep=1
[008/125] payload_latency 8192B rep=1
[009/125] payload_latency 16384B rep=1
[010/125] mtu_latency MTU 1024 rep=1
[011/125] mtu_latency MTU 2048 rep=1
[012/125] mtu_latency MTU 4096 rep=1
[013/125] numa_latency preferred 0 rep=1
[014/125] numa_latency preferred 1 rep=1
[015/125] outs_msg_rate outs 1 rep=1
[016/125] outs_msg_rate outs 4 rep=1
[017/125] outs_msg_rate outs 16 rep=1
[018/125] qp_cq_msg_rate 1QP CQ1 rep=1
[019/125] qp_cq_msg_rate 1QP CQ16 rep=1
[020/125] qp_cq_msg_rate 2QP CQ1 rep=1
[021/125] qp_cq_msg_rate 2QP CQ16 rep=1
[022/125] qp_cq_msg_rate 4QP CQ1 rep=1
[023/125] qp_cq_msg_rate 4QP CQ16 rep=1
[024/125] qp_cq_msg_rate 8QP CQ1 rep=1
[025/125] qp_cq_msg_rate 8QP CQ16 rep=1
[026/125] payload_latency 64B rep=2
[027/125] payload_latency 128B rep=2
[028/125] payload_latency 256B rep=2
[029/125] payload_latency 512B rep=2
[030/125] payload_latency 1024B rep=2
[031/125] payload_latency 2048B rep=2
[032/125] payload_latency 4096B rep=2
[033/125] payload_latency 8192B rep=2
[034/125] payload_latency 16384B rep=2
[035/125] mtu_latency MTU 1024 rep=2
[036/125] mtu_latency MTU 2048 rep=2
[037/125] mtu_latency MTU 4096 rep=2
[038/125] numa_latency preferred 0 rep=2
[039/125] numa_latency preferred 1 rep=2
[040/125] outs_msg_rate outs 1 rep=2
[041/125] outs_msg_rate outs 4 rep=2
[042/125] outs_msg_rate outs 16 rep=2
[043/125] qp_cq_msg_rate 1QP CQ1 rep=2
[044/125] qp_cq_msg_rate 1QP CQ16 rep=2
[045/125] qp_cq_msg_rate 2QP CQ1 rep=2
[046/125] qp_cq_msg_rate 2QP CQ16 rep=2
[047/125] qp_cq_msg_rate 4QP CQ1 rep=2
[048/125] qp_cq_msg_rate 4QP CQ16 rep=2
[049/125] qp_cq_msg_rate 8QP CQ1 rep=2
[050/125] qp_cq_msg_rate 8QP CQ16 rep=2
[051/125] payload_latency 64B rep=3
[052/125] payload_latency 128B rep=3
[053/125] payload_latency 256B rep=3
[054/125] payload_latency 512B rep=3
[055/125] payload_latency 1024B rep=3
[056/125] payload_latency 2048B rep=3
[057/125] payload_latency 4096B rep=3
[058/125] payload_latency 8192B rep=3
[059/125] payload_latency 16384B rep=3
[060/125] mtu_latency MTU 1024 rep=3
[061/125] mtu_latency MTU 2048 rep=3
[062/125] mtu_latency MTU 4096 rep=3
[063/125] numa_latency preferred 0 rep=3
[064/125] numa_latency preferred 1 rep=3
[065/125] outs_msg_rate outs 1 rep=3
[066/125] outs_msg_rate outs 4 rep=3
[067/125] outs_msg_rate outs 16 rep=3
[068/125] qp_cq_msg_rate 1QP CQ1 rep=3
[069/125] qp_cq_msg_rate 1QP CQ16 rep=3
[070/125] qp_cq_msg_rate 2QP CQ1 rep=3
[071/125] qp_cq_msg_rate 2QP CQ16 rep=3
[072/125] qp_cq_msg_rate 4QP CQ1 rep=3
[073/125] qp_cq_msg_rate 4QP CQ16 rep=3
[074/125] qp_cq_msg_rate 8QP CQ1 rep=3
[075/125] qp_cq_msg_rate 8QP CQ16 rep=3
[076/125] payload_latency 64B rep=4
[077/125] payload_latency 128B rep=4
[078/125] payload_latency 256B rep=4
[079/125] payload_latency 512B rep=4
[080/125] payload_latency 1024B rep=4
[081/125] payload_latency 2048B rep=4
[082/125] payload_latency 4096B rep=4
[083/125] payload_latency 8192B rep=4
[084/125] payload_latency 16384B rep=4
[085/125] mtu_latency MTU 1024 rep=4
[086/125] mtu_latency MTU 2048 rep=4
[087/125] mtu_latency MTU 4096 rep=4
[088/125] numa_latency preferred 0 rep=4
[089/125] numa_latency preferred 1 rep=4
[090/125] outs_msg_rate outs 1 rep=4
[091/125] outs_msg_rate outs 4 rep=4
[092/125] outs_msg_rate outs 16 rep=4
[093/125] qp_cq_msg_rate 1QP CQ1 rep=4
[094/125] qp_cq_msg_rate 1QP CQ16 rep=4
[095/125] qp_cq_msg_rate 2QP CQ1 rep=4
[096/125] qp_cq_msg_rate 2QP CQ16 rep=4
[097/125] qp_cq_msg_rate 4QP CQ1 rep=4
[098/125] qp_cq_msg_rate 4QP CQ16 rep=4
[099/125] qp_cq_msg_rate 8QP CQ1 rep=4
[100/125] qp_cq_msg_rate 8QP CQ16 rep=4
[101/125] payload_latency 64B rep=5
[102/125] payload_latency 128B rep=5
[103/125] payload_latency 256B rep=5
[104/125] payload_latency 512B rep=5
[105/125] payload_latency 1024B rep=5
[106/125] payload_latency 2048B rep=5
[107/125] payload_latency 4096B rep=5
[108/125] payload_latency 8192B rep=5
[109/125] payload_latency 16384B rep=5
[110/125] mtu_latency MTU 1024 rep=5
[111/125] mtu_latency MTU 2048 rep=5
[112/125] mtu_latency MTU 4096 rep=5
[113/125] numa_latency preferred 0 rep=5
[114/125] numa_latency preferred 1 rep=5
[115/125] outs_msg_rate outs 1 rep=5
[116/125] outs_msg_rate outs 4 rep=5
[117/125] outs_msg_rate outs 16 rep=5
[118/125] qp_cq_msg_rate 1QP CQ1 rep=5
[119/125] qp_cq_msg_rate 1QP CQ16 rep=5
[120/125] qp_cq_msg_rate 2QP CQ1 rep=5
[121/125] qp_cq_msg_rate 2QP CQ16 rep=5
[122/125] qp_cq_msg_rate 4QP CQ1 rep=5
[123/125] qp_cq_msg_rate 4QP CQ16 rep=5
[124/125] qp_cq_msg_rate 8QP CQ1 rep=5
[125/125] qp_cq_msg_rate 8QP CQ16 rep=5
wrote /home/kvgroup/chaomei/vldb-rdma-tau-5x-v1/runs.csv
