============================================================
                        SERVER
============================================================
num clients:                  1
TCP port:                     1300
IB port:                      1
max outstanding CQEs:         16
max send work requests:       1024
max receive work requests:    1024
============================================================
index region bytes:           4294967296
2 device(s) found
Selected device: mlx5_1 (idx=1)
Link layer: Ethernet (RoCE), using GID index 3 (local IPv4 10.0.0.64)
num_cores: 80
physical cores per socket: 20
hyperthreading enabled
interleaved policy
pairing: 2422 -- 188244
[STATUS]: pinned main thread to core 20
[STATUS]: query QP/CQ contexts per compute node=10
[STATUS]: LAVD neighborhood region: resolved bytes=2147483648
allocation size: 4294967296
allocated ALIGNED MEM (no hugepage) at 140277068533824 with buffer size 4294967296
allocated ALIGNED MEM (no hugepage) at 140274921046080 with buffer size 2147483648
[STATUS]: LAVD neighborhood region: allocated bytes=2147483648
[STATUS]: register memory and distribute access token
[STATUS]: LAVD neighborhood region: registered bytes=2147483648
[STATUS]: connect QPs of compute threads
pairing: 2423 -- 188249
pairing: 2424 -- 188254
pairing: 2425 -- 188259
pairing: 2426 -- 188264
pairing: 2427 -- 188269
pairing: 2428 -- 188274
pairing: 2429 -- 188279
pairing: 2430 -- 188284
pairing: 2431 -- 188289
pairing: 2432 -- 188294
[STATUS]: idle: index construction
[STATUS]: loading index (825723344 Bytes) from /home/kvgroup/chaomei/hnsw-data/gist1m/dump/index_m16_efc100_node2_of5.dat
[STATUS]: query processing
[STATUS]: idle: queries
	Command being timed: "/home/kvgroup/chaomei/graphbeyond-vldb-closure-20260713/build-final-v5/shine --is-server --num-clients 1 --port 1300 --index-region-bytes 4294967296"
	User time (seconds): 45.07
	System time (seconds): 4.28
	Percent of CPU this job got: 83%
	Elapsed (wall clock) time (h:mm:ss or m:ss): 0:58.90
	Average shared text size (kbytes): 0
	Average unshared data size (kbytes): 0
	Average stack size (kbytes): 0
	Average total size (kbytes): 0
	Maximum resident set size (kbytes): 6306680
	Average resident set size (kbytes): 0
	Major (requiring I/O) page faults: 0
	Minor (reclaiming a frame) page faults: 1729915
	Voluntary context switches: 427
	Involuntary context switches: 416
	Swaps: 0
	File system inputs: 0
	File system outputs: 48
	Socket messages sent: 0
	Socket messages received: 0
	Signals delivered: 0
	Page size (bytes): 4096
	Exit status: 0
