============================================================
                        SERVER
============================================================
num clients:                  1
TCP port:                     21053
IB port:                      1
max outstanding CQEs:         16
max send work requests:       1024
max receive work requests:    1024
============================================================
index region bytes:           4294967296
2 device(s) found
Selected device: mlx5_1 (idx=1)
Link layer: Ethernet (RoCE), using GID index 3 (local IPv4 10.0.0.65)
num_cores: 80
physical cores per socket: 20
hyperthreading enabled
interleaved policy
pairing: 19728 -- 15515
[STATUS]: pinned main thread to core 20
[STATUS]: query QP/CQ contexts per compute node=16
[STATUS]: LAVD neighborhood region: resolved bytes=4294967296
allocation size: 4294967296
allocated ALIGNED MEM (no hugepage) at 140043250065472 with buffer size 4294967296
allocated ALIGNED MEM (no hugepage) at 140038955094080 with buffer size 4294967296
[STATUS]: LAVD neighborhood region: allocated bytes=4294967296
[STATUS]: register memory and distribute access token
[STATUS]: LAVD neighborhood region: registered bytes=4294967296
[STATUS]: connect QPs of compute threads
pairing: 19729 -- 15516
pairing: 19730 -- 15517
pairing: 19731 -- 15518
pairing: 19732 -- 15519
pairing: 19733 -- 15520
pairing: 19734 -- 15521
pairing: 19735 -- 15522
pairing: 19736 -- 15523
pairing: 19737 -- 15524
pairing: 19738 -- 15525
pairing: 19739 -- 15526
pairing: 19740 -- 15527
pairing: 19741 -- 15528
pairing: 19742 -- 15529
pairing: 19743 -- 15530
pairing: 19744 -- 15531
[STATUS]: idle: index construction
[STATUS]: loading index (672573128 Bytes) from /home/kvgroup/chaomei/hnsw-data/deep1m/dump/index_m16_efc100_node1_of1.dat
[STATUS]: query processing
[STATUS]: idle: queries
