query_data_path: ../datasets/sift/sift_query.fvecs
Reading from vector 1 to -1
Seekg position: 0 bytes
Each vector size: 516 bytes (dim=128)
Reading 3333 vectors
Reading 3333 vectors
QUERY_GT_SHAPE query_rows=3333 ground_truth_rows=3333 query_rows_per_ground_truth=1
original_n_query_data = 3333
sampling_mod = 1, sampling_count = 0
query_data.size(): 426624
ground_truth.size(): 333300
FRONTIER_QUERY_POOL total_queries=3333 threads=10 top_k=10 fixed=1
queries_per_thread: 333
ground_truth.size(): 333300
Using physical cores only (skipping hyperthreads)
[35m[search_client_pipelined_reuse_thread.cc:234] Thread 0 fetch QP authentication key: 933110197
[0m[35m[search_client_pipelined_reuse_thread.cc:238] Thread 0 RDMA resources initialized
[0m[35m[search_client_pipelined_reuse_thread.cc:234] Thread 1 fetch QP authentication key: 1285228804
[0m[35m[search_client_pipelined_reuse_thread.cc:238] Thread 1 RDMA resources initialized
[0m[35m[search_client_pipelined_reuse_thread.cc:234] Thread 2 fetch QP authentication key: 1450573622
[0m[35m[search_client_pipelined_reuse_thread.cc:238] Thread 2 RDMA resources initialized
[0m[35m[search_client_pipelined_reuse_thread.cc:234] Thread 3 fetch QP authentication key: 654887343
[0m[35m[search_client_pipelined_reuse_thread.cc:238] Thread 3 RDMA resources initialized
[0m[35m[search_client_pipelined_reuse_thread.cc:234] Thread 4 fetch QP authentication key: 392035568
[0m[35m[search_client_pipelined_reuse_thread.cc:238] Thread 4 RDMA resources initialized
[0m[35m[search_client_pipelined_reuse_thread.cc:234] Thread 5 fetch QP authentication key: 1494613810
[0m[35m[search_client_pipelined_reuse_thread.cc:238] Thread 5 RDMA resources initialized
[0m[35m[search_client_pipelined_reuse_thread.cc:234] Thread 6 fetch QP authentication key: 1369321801
[0m[35m[search_client_pipelined_reuse_thread.cc:238] Thread 6 RDMA resources initialized
[0m[35m[search_client_pipelined_reuse_thread.cc:234] Thread 7 fetch QP authentication key: 1346811305
[0m[35m[search_client_pipelined_reuse_thread.cc:238] Thread 7 RDMA resources initialized
[0m[35m[search_client_pipelined_reuse_thread.cc:234] Thread 8 fetch QP authentication key: 1590079444
[0m[35m[search_client_pipelined_reuse_thread.cc:238] Thread 8 RDMA resources initialized
[0m[35m[search_client_pipelined_reuse_thread.cc:234] Thread 9 fetch QP authentication key: 1470503465
[0m[35m[search_client_pipelined_reuse_thread.cc:238] Thread 9 RDMA resources initialized
[0m=== gRPC Service Parameters Debug ===
epoch: 0
rdma_base_offset: 0
serialized_meta_hnsw size: 125546 bytes
offset size: 320 elements
offset_para size: 1440 elements
overflow size: 480 elements
mapping size: 160 elements
Thread 0 local_hnsw mapping size: 160
fetch_worker start
deserialize_worker start
search_worker start
=== Thread 0 testing EF = 100 for 20 seconds ===
=== gRPC Service Parameters Debug ===
epoch: 0
rdma_base_offset: 0
serialized_meta_hnsw size: 125546 bytes
offset size: 320 elements
offset_para size: 1440 elements
overflow size: 480 elements
mapping size: 160 elements
Thread 1 local_hnsw mapping size: 160
fetch_worker start
deserialize_worker start
=== Thread search_worker start1 testing EF = 100
 for 20 seconds ===
=== gRPC Service Parameters Debug ===
epoch: 0
rdma_base_offset: 0
serialized_meta_hnsw size: 125546 bytes
offset size: 320 elements
offset_para size: 1440 elements
overflow size: 480 elements
mapping size: 160 elements
Thread 2 local_hnsw mapping size: 160
fetch_worker start
deserialize_worker start
=== Thread search_worker start2
 testing EF = 100 for 20 seconds ===
=== gRPC Service Parameters Debug ===
epoch: 0
rdma_base_offset: 0
serialized_meta_hnsw size: 125546 bytes
offset size: 320 elements
offset_para size: 1440 elements
overflow size: 480 elements
mapping size: 160 elements
Thread 3 local_hnsw mapping size: 160
fetch_worker start
deserialize_worker start
search_worker start
=== Thread 3 testing EF = 100 for 20 seconds ===
=== gRPC Service Parameters Debug ===
epoch: 0
rdma_base_offset: 0
serialized_meta_hnsw size: 125546 bytes
offset size: 320 elements
offset_para size: 1440 elements
overflow size: 480 elements
mapping size: 160 elements
Thread 4 local_hnsw mapping size: 160
fetch_worker start
deserialize_worker start
search_worker start
=== Thread 4 testing EF = 100 for 20 seconds ===
=== gRPC Service Parameters Debug ===
epoch: 0
rdma_base_offset: 0
serialized_meta_hnsw size: 125546 bytes
offset size: 320 elements
offset_para size: 1440 elements
overflow size: 480 elements
mapping size: 160 elements
Thread 5 local_hnsw mapping size: 160
fetch_worker start
deserialize_worker start
=== Thread search_worker start5
 testing EF = 100 for 20 seconds ===
=== gRPC Service Parameters Debug ===
epoch: 0
rdma_base_offset: 0
serialized_meta_hnsw size: 125546 bytes
offset size: 320 elements
offset_para size: 1440 elements
overflow size: 480 elements
mapping size: 160 elements
Thread 6 local_hnsw mapping size: 160
fetch_worker start
deserialize_worker start
search_worker start
=== Thread 6 testing EF = 100 for 20 seconds ===
=== gRPC Service Parameters Debug ===
epoch: 0
rdma_base_offset: 0
serialized_meta_hnsw size: 125546 bytes
offset size: 320 elements
offset_para size: 1440 elements
overflow size: 480 elements
mapping size: 160 elements
Thread 7 local_hnsw mapping size: 160
fetch_worker start
deserialize_worker start
=== Thread search_worker start
7 testing EF = 100 for 20 seconds ===
=== gRPC Service Parameters Debug ===
epoch: 0
rdma_base_offset: 0
serialized_meta_hnsw size: 125546 bytes
offset size: 320 elements
offset_para size: 1440 elements
overflow size: 480 elements
mapping size: 160 elements
Thread 8 local_hnsw mapping size: 160
fetch_worker start
deserialize_worker start
search_worker start
=== Thread 8 testing EF = 100 for 20 seconds ===
=== gRPC Service Parameters Debug ===
epoch: 0
rdma_base_offset: 0
serialized_meta_hnsw size: 125546 bytes
offset size: 320 elements
offset_para size: 1440 elements
overflow size: 480 elements
mapping size: 160 elements
Thread 9 local_hnsw mapping size: 160
fetch_worker start
deserialize_worker start
search_worker start
=== Thread 9 testing EF = 100 for 20 seconds ===
[39m[reporter.hh:42] [Batch 0] Compute: 373,375.00 ms, Network: 700,496.00 ms, Deserialize: 832,924.00 ms, Meta Search: 2,553.00 ms, Throughput: 221.70 qps, Total Time: 1,502,027.00 ms
[0mThread 3 EF 100 benchmark:
  Queries executed: 333
  Avg total latency: 4510.59 us
  Avg meta search latency: 7.66667 us
  Avg compute time: 1121.25 us
  Avg network latency: 2103.59 us
  Avg deserialize time: 2501.27 us
  Recall: 0.892492
  Throughput: 221.116 QPS
FRONTIER_THREAD_RESULT ef=100 thread=3 queries=333 elapsed_s=1.505995437 recall=0.892492473
[35m[search_client_pipelined_reuse_thread.cc:581] Thread 3 returns
[0m[39m[reporter.hh:42] [Batch 0] Compute: 448,970.00 ms, Network: 708,947.00 ms, Deserialize: 781,193.00 ms, Meta Search: 2,602.00 ms, Throughput: 220.77 qps, Total Time: 1,508,379.00 ms
[0mThread 2 EF 100 benchmark:
  Queries executed: 333
  Avg total latency: 4529.67 us
  Avg meta search latency: 7.81381 us
  Avg compute time: 1348.26 us
  Avg network latency: 2128.97 us
  Avg deserialize time: 2345.92 us
  Recall: 0.887087
  Throughput: 220.229 QPS
FRONTIER_THREAD_RESULT ef=100 thread=2 queries=333 elapsed_s=1.512061091 recall=0.887087107
[35m[search_client_pipelined_reuse_thread.cc:581] Thread 2 returns
[0m[39m[reporter.hh:42] [Batch 0] Compute: 471,007.00 ms, Network: 711,649.00 ms, Deserialize: 798,965.00 ms, Meta Search: 2,966.00 ms, Throughput: 220.13 qps, Total Time: 1,512,765.00 ms
[0mThread 1 EF 100 benchmark:
  Queries executed: 333
  Avg total latency: 4542.84 us
  Avg meta search latency: 8.90691 us
  Avg compute time: 1414.44 us
  Avg network latency: 2137.08 us
  Avg deserialize time: 2399.29 us
  Recall: 0.911411
  Throughput: 218.608 QPS
FRONTIER_THREAD_RESULT ef=100 thread=1 queries=333 elapsed_s=1.523271365 recall=0.911411405
[35m[search_client_pipelined_reuse_thread.cc:581] Thread 1 returns
[0m[39m[reporter.hh:42] [Batch 0] Compute: 575,160.00 ms, Network: 716,334.00 ms, Deserialize: 844,400.00 ms, Meta Search: 2,850.00 ms, Throughput: 204.58 qps, Total Time: 1,627,732.00 ms
[0mThread 0 EF 100 benchmark:
  Queries executed: 333
  Avg total latency: 4888.08 us
  Avg meta search latency: 8.55856 us
  Avg compute time: 1727.21 us
  Avg network latency: 2151.15 us
  Avg deserialize time: 2535.74 us
  Recall: 0.885285
  Throughput: 204.299 QPS
FRONTIER_THREAD_RESULT ef=100 thread=0 queries=333 elapsed_s=1.629963988 recall=0.885285258
[35m[search_client_pipelined_reuse_thread.cc:581] Thread 0 returns
[0m[39m[reporter.hh:42] [Batch 0] Compute: 1,905,568.00 ms, Network: 567,088.00 ms, Deserialize: 1,208,610.00 ms, Meta Search: 7,355.00 ms, Throughput: 107.60 qps, Total Time: 3,094,778.00 ms
[0mThread 6 EF 100 benchmark:
  Queries executed: 333
  Avg total latency: 9293.63 us
  Avg meta search latency: 22.0871 us
  Avg compute time: 5722.43 us
  Avg network latency: 1702.97 us
  Avg deserialize time: 3629.46 us
  Recall: 0.9
  Throughput: 107.477 QPS
FRONTIER_THREAD_RESULT ef=100 thread=6 queries=333 elapsed_s=3.098344731 recall=0.899999976
[35m[search_client_pipelined_reuse_thread.cc:581] Thread 6 returns
[0m[39m[reporter.hh:42] [Batch 0] Compute: 1,958,365.00 ms, Network: 578,025.00 ms, Deserialize: 1,221,802.00 ms, Meta Search: 2,643.00 ms, Throughput: 105.42 qps, Total Time: 3,158,778.00 ms
[0mThread 5 EF 100 benchmark:
  Queries executed: 333
  Avg total latency: 9485.82 us
  Avg meta search latency: 7.93694 us
  Avg compute time: 5880.98 us
  Avg network latency: 1735.81 us
  Avg deserialize time: 3669.08 us
  Recall: 0.923724
  Throughput: 105.311 QPS
FRONTIER_THREAD_RESULT ef=100 thread=5 queries=333 elapsed_s=3.162073109 recall=0.923723698
[35m[search_client_pipelined_reuse_thread.cc:581] Thread 5 returns
[0m[39m[reporter.hh:42] [Batch 0] Compute: 2,876,884.00 ms, Network: 488,608.00 ms, Deserialize: 1,616,019.00 ms, Meta Search: 8,704.00 ms, Throughput: 81.34 qps, Total Time: 4,130,784.00 ms
[0mThread 9 EF 100 benchmark:
  Queries executed: 336
  Avg total latency: 12294 us
  Avg meta search latency: 25.9048 us
  Avg compute time: 8562.15 us
  Avg network latency: 1454.19 us
  Avg deserialize time: 4809.58 us
  Recall: 0.93125
  Throughput: 81.2721 QPS
FRONTIER_THREAD_RESULT ef=100 thread=9 queries=336 elapsed_s=4.134261173 recall=0.931249976
[35m[search_client_pipelined_reuse_thread.cc:581] Thread 9 returns
[0m[39m[reporter.hh:42] [Batch 0] Compute: 3,453,619.00 ms, Network: 487,243.00 ms, Deserialize: 1,643,888.00 ms, Meta Search: 3,195.00 ms, Throughput: 69.74 qps, Total Time: 4,774,770.00 ms
[0mThread 4 EF 100 benchmark:
  Queries executed: 333
  Avg total latency: 14338.6 us
  Avg meta search latency: 9.59459 us
  Avg compute time: 10371.2 us
  Avg network latency: 1463.19 us
  Avg deserialize time: 4936.6 us
  Recall: 0.897898
  Throughput: 69.6938 QPS
FRONTIER_THREAD_RESULT ef=100 thread=4 queries=333 elapsed_s=4.778043444 recall=0.897897899
[35m[search_client_pipelined_reuse_thread.cc:581] Thread 4 returns
[0m[39m[reporter.hh:42] [Batch 0] Compute: 5,159,445.00 ms, Network: 5,869,842.00 ms, Deserialize: 917,787.00 ms, Meta Search: 2,623.00 ms, Throughput: 29.51 qps, Total Time: 11,282,776.00 ms
[0mThread 8 EF 100 benchmark:
  Queries executed: 333
  Avg total latency: 33882.2 us
  Avg meta search latency: 7.87688 us
  Avg compute time: 15493.8 us
  Avg network latency: 17627.2 us
  Avg deserialize time: 2756.12 us
  Recall: 0.915916
  Throughput: 29.5048 QPS
FRONTIER_THREAD_RESULT ef=100 thread=8 queries=333 elapsed_s=11.286300484 recall=0.915915906
[35m[search_client_pipelined_reuse_thread.cc:581] Thread 8 returns
[0m[39m[reporter.hh:42] [Batch 0] Compute: 5,431,563.00 ms, Network: 5,941,623.00 ms, Deserialize: 828,477.00 ms, Meta Search: 2,475.00 ms, Throughput: 28.92 qps, Total Time: 11,514,776.00 ms
[0mThread 7 EF 100 benchmark:
  Queries executed: 333
  Avg total latency: 34578.9 us
  Avg meta search latency: 7.43243 us
  Avg compute time: 16311 us
  Avg network latency: 17842.7 us
  Avg deserialize time: 2487.92 us
  Recall: 0.907507
  Throughput: 28.9106 QPS
FRONTIER_THREAD_RESULT ef=100 thread=7 queries=333 elapsed_s=11.518282481 recall=0.907507479
[35m[search_client_pipelined_reuse_thread.cc:581] Thread 7 returns
[0mEF: 100
Thread 0 recall: 0.885285
Thread 0 latency: 4888.08
Thread 0 network latency: 2151.15
Thread 0 duration_meta_search: 8.55856
Thread 0 compute time: 1727.21
Thread 1 recall: 0.911411
Thread 1 latency: 4542.84
Thread 1 network latency: 2137.08
Thread 1 duration_meta_search: 8.90691
Thread 1 compute time: 1414.44
Thread 2 recall: 0.887087
Thread 2 latency: 4529.67
Thread 2 network latency: 2128.97
Thread 2 duration_meta_search: 7.81381
Thread 2 compute time: 1348.26
Thread 3 recall: 0.892492
Thread 3 latency: 4510.59
Thread 3 network latency: 2103.59
Thread 3 duration_meta_search: 7.66667
Thread 3 compute time: 1121.25
Thread 4 recall: 0.897898
Thread 4 latency: 14338.6
Thread 4 network latency: 1463.19
Thread 4 duration_meta_search: 9.59459
Thread 4 compute time: 10371.2
Thread 5 recall: 0.923724
Thread 5 latency: 9485.82
Thread 5 network latency: 1735.81
Thread 5 duration_meta_search: 7.93694
Thread 5 compute time: 5880.98
Thread 6 recall: 0.9
Thread 6 latency: 9293.63
Thread 6 network latency: 1702.97
Thread 6 duration_meta_search: 22.0871
Thread 6 compute time: 5722.43
Thread 7 recall: 0.907507
Thread 7 latency: 34578.9
Thread 7 network latency: 17842.7
Thread 7 duration_meta_search: 7.43243
Thread 7 compute time: 16311
Thread 8 recall: 0.915916
Thread 8 latency: 33882.2
Thread 8 network latency: 17627.2
Thread 8 duration_meta_search: 7.87688
Thread 8 compute time: 15493.8
Thread 9 recall: 0.93125
Thread 9 latency: 12294
Thread 9 network latency: 1454.19
Thread 9 duration_meta_search: 25.9048
Thread 9 compute time: 8562.15
