query_data_path: ../datasets/sift/sift_query.fvecs
Reading from vector 1 to -1
Seekg position: 0 bytes
Each vector size: 516 bytes (dim=128)
Reading 3333 vectors
Reading 3333 vectors
QUERY_GT_SHAPE query_rows=3333 ground_truth_rows=3333 query_rows_per_ground_truth=1
original_n_query_data = 3333
sampling_mod = 1, sampling_count = 0
query_data.size(): 426624
ground_truth.size(): 333300
FRONTIER_QUERY_POOL total_queries=3333 threads=10 top_k=10 fixed=1
queries_per_thread: 333
ground_truth.size(): 333300
Using physical cores only (skipping hyperthreads)
[35m[search_client_pipelined_reuse_thread.cc:234] Thread 0 fetch QP authentication key: 740759355
[0m[35m[search_client_pipelined_reuse_thread.cc:238] Thread 0 RDMA resources initialized
[0m[35m[search_client_pipelined_reuse_thread.cc:234] Thread 1 fetch QP authentication key: 502278611
[0m[35m[search_client_pipelined_reuse_thread.cc:238] Thread 1 RDMA resources initialized
[0m[35m[search_client_pipelined_reuse_thread.cc:234] Thread 2 fetch QP authentication key: 1034949299
[0m[35m[search_client_pipelined_reuse_thread.cc:238] Thread 2 RDMA resources initialized
[0m[35m[search_client_pipelined_reuse_thread.cc:234] Thread 3 fetch QP authentication key: 1335354340
[0m[35m[search_client_pipelined_reuse_thread.cc:238] Thread 3 RDMA resources initialized
[0m[35m[search_client_pipelined_reuse_thread.cc:234] Thread 4 fetch QP authentication key: 889023311
[0m[35m[search_client_pipelined_reuse_thread.cc:238] Thread 4 RDMA resources initialized
[0m[35m[search_client_pipelined_reuse_thread.cc:234] Thread 5 fetch QP authentication key: 745425661
[0m[35m[search_client_pipelined_reuse_thread.cc:238] Thread 5 RDMA resources initialized
[0m[35m[search_client_pipelined_reuse_thread.cc:234] Thread 6 fetch QP authentication key: 1308044878
[0m[35m[search_client_pipelined_reuse_thread.cc:238] Thread 6 RDMA resources initialized
[0m[35m[search_client_pipelined_reuse_thread.cc:234] Thread 7 fetch QP authentication key: 705178736
[0m[35m[search_client_pipelined_reuse_thread.cc:238] Thread 7 RDMA resources initialized
[0m[35m[search_client_pipelined_reuse_thread.cc:234] Thread 8 fetch QP authentication key: 1977648522
[0m[35m[search_client_pipelined_reuse_thread.cc:238] Thread 8 RDMA resources initialized
[0m[35m[search_client_pipelined_reuse_thread.cc:234] Thread 9 fetch QP authentication key: 552473416
[0m[35m[search_client_pipelined_reuse_thread.cc:238] Thread 9 RDMA resources initialized
[0m=== gRPC Service Parameters Debug ===
epoch: 0
rdma_base_offset: 0
serialized_meta_hnsw size: 125546 bytes
offset size: 320 elements
offset_para size: 1440 elements
overflow size: 480 elements
mapping size: 160 elements
Thread 0 local_hnsw mapping size: 160
fetch_worker start
deserialize_worker start
search_worker start
=== Thread 0 testing EF = 100 for 20 seconds ===
=== gRPC Service Parameters Debug ===
epoch: 0
rdma_base_offset: 0
serialized_meta_hnsw size: 125546 bytes
offset size: 320 elements
offset_para size: 1440 elements
overflow size: 480 elements
mapping size: 160 elements
Thread 1 local_hnsw mapping size: 160
fetch_worker start
deserialize_worker start
=== Thread 1 testing EF = 100 for 20 seconds ===
search_worker start
=== gRPC Service Parameters Debug ===
epoch: 0
rdma_base_offset: 0
serialized_meta_hnsw size: 125546 bytes
offset size: 320 elements
offset_para size: 1440 elements
overflow size: 480 elements
mapping size: 160 elements
Thread 2 local_hnsw mapping size: 160
fetch_worker start
deserialize_worker start
search_worker start
=== Thread 2 testing EF = 100 for 20 seconds ===
=== gRPC Service Parameters Debug ===
epoch: 0
rdma_base_offset: 0
serialized_meta_hnsw size: 125546 bytes
offset size: 320 elements
offset_para size: 1440 elements
overflow size: 480 elements
mapping size: 160 elements
Thread 3 local_hnsw mapping size: 160
fetch_worker start
deserialize_worker start
search_worker start
=== Thread 3 testing EF = 100 for 20 seconds ===
=== gRPC Service Parameters Debug ===
epoch: 0
rdma_base_offset: 0
serialized_meta_hnsw size: 125546 bytes
offset size: 320 elements
offset_para size: 1440 elements
overflow size: 480 elements
mapping size: 160 elements
Thread 4 local_hnsw mapping size: 160
fetch_worker start
deserialize_worker start
=== Thread 4 testing EF = 100 for 20 seconds ===
search_worker start
=== gRPC Service Parameters Debug ===
epoch: 0
rdma_base_offset: 0
serialized_meta_hnsw size: 125546 bytes
offset size: 320 elements
offset_para size: 1440 elements
overflow size: 480 elements
mapping size: 160 elements
Thread 5 local_hnsw mapping size: 160
fetch_worker start
deserialize_worker start
search_worker start
=== Thread 5 testing EF = 100 for 20 seconds ===
=== gRPC Service Parameters Debug ===
epoch: 0
rdma_base_offset: 0
serialized_meta_hnsw size: 125546 bytes
offset size: 320 elements
offset_para size: 1440 elements
overflow size: 480 elements
mapping size: 160 elements
Thread 7 local_hnsw mapping size: === gRPC Service Parameters Debug ===
epoch: 0
rdma_base_offset: 0
serialized_meta_hnsw size: 125546 bytes
offset size: 320 elements
offset_para size: 1440 elements
overflow size: 480 elements
mapping size: 160 elements
Thread 6 local_hnsw mapping size: 160
fetch_worker start
deserialize_worker start
search_worker start
=== Thread 7 testing EF = 100 for 20 seconds ===
160
fetch_worker start
deserialize_worker start
=== Thread 6 testing EF = 100 for 20 seconds ===
search_worker start
=== gRPC Service Parameters Debug ===
epoch: 0
rdma_base_offset: 0
serialized_meta_hnsw size: 125546 bytes
offset size: 320 elements
offset_para size: 1440 elements
overflow size: 480 elements
mapping size: 160 elements
Thread 8 local_hnsw mapping size: 160
fetch_worker start
deserialize_worker start
search_worker start
=== Thread 8 testing EF = 100 for 20 seconds ===
=== gRPC Service Parameters Debug ===
epoch: 0
rdma_base_offset: 0
serialized_meta_hnsw size: 125546 bytes
offset size: 320 elements
offset_para size: 1440 elements
overflow size: 480 elements
mapping size: 160 elements
Thread 9 local_hnsw mapping size: 160
fetch_worker start
deserialize_worker start
=== Thread 9 testing EF = 100 for 20 seconds ===
search_worker start
[39m[reporter.hh:42] [Batch 0] Compute: 654,256.00 ms, Network: 621,837.00 ms, Deserialize: 783,355.00 ms, Meta Search: 6,751.00 ms, Throughput: 244.99 qps, Total Time: 1,359,217.00 ms
[0mThread 3 EF 100 benchmark:
  Queries executed: 333
  Avg total latency: 4081.73 us
  Avg meta search latency: 20.2733 us
  Avg compute time: 1964.73 us
  Avg network latency: 1867.38 us
  Avg deserialize time: 2352.42 us
  Recall: 0.914715
  Throughput: 244.255 QPS
FRONTIER_THREAD_RESULT ef=100 thread=3 queries=333 elapsed_s=1.363329047 recall=0.914714694
[35m[search_client_pipelined_reuse_thread.cc:581] Thread 3 returns
[0m[39m[reporter.hh:42] [Batch 0] Compute: 605,342.00 ms, Network: 589,801.00 ms, Deserialize: 1,191,609.00 ms, Meta Search: 6,314.00 ms, Throughput: 229.79 qps, Total Time: 1,449,164.00 ms
[0mThread 7 EF 100 benchmark:
  Queries executed: 333
  Avg total latency: 4351.84 us
  Avg meta search latency: 18.961 us
  Avg compute time: 1817.84 us
  Avg network latency: 1771.17 us
  Avg deserialize time: 3578.41 us
  Recall: 0.884384
  Throughput: 229.213 QPS
FRONTIER_THREAD_RESULT ef=100 thread=7 queries=333 elapsed_s=1.452795025 recall=0.884384394
[35m[search_client_pipelined_reuse_thread.cc:581] Thread 7 returns
[0m[39m[reporter.hh:42] [Batch 0] Compute: 1,376,974.00 ms, Network: 487,938.00 ms, Deserialize: 1,393,283.00 ms, Meta Search: 5,694.00 ms, Throughput: 143.82 qps, Total Time: 2,336,238.00 ms
[0mThread 9 EF 100 benchmark:
  Queries executed: 336
  Avg total latency: 6953.09 us
  Avg meta search latency: 16.9464 us
  Avg compute time: 4098.14 us
  Avg network latency: 1452.2 us
  Avg deserialize time: 4146.68 us
  Recall: 0.914286
  Throughput: 143.605 QPS
FRONTIER_THREAD_RESULT ef=100 thread=9 queries=336 elapsed_s=2.339759492 recall=0.914285719
[35m[search_client_pipelined_reuse_thread.cc:581] Thread 9 returns
[0m[39m[reporter.hh:42] [Batch 0] Compute: 3,242,540.00 ms, Network: 7,957,881.00 ms, Deserialize: 737,972.00 ms, Meta Search: 6,900.00 ms, Throughput: 29.78 qps, Total Time: 11,180,221.00 ms
[0mThread 1 EF 100 benchmark:
  Queries executed: 333
  Avg total latency: 33574.2 us
  Avg meta search latency: 20.7207 us
  Avg compute time: 9737.36 us
  Avg network latency: 23897.5 us
  Avg deserialize time: 2216.13 us
  Recall: 0.872973
  Throughput: 29.7754 QPS
FRONTIER_THREAD_RESULT ef=100 thread=1 queries=333 elapsed_s=11.183734099 recall=0.872972965
[35m[search_client_pipelined_reuse_thread.cc:581] Thread 1 returns
[0m[39m[reporter.hh:42] [Batch 0] Compute: 3,448,983.00 ms, Network: 7,947,690.00 ms, Deserialize: 1,208,709.00 ms, Meta Search: 6,516.00 ms, Throughput: 28.88 qps, Total Time: 11,532,220.00 ms
[0mThread 5 EF 100 benchmark:
  Queries executed: 333
  Avg total latency: 34631.3 us
  Avg meta search latency: 19.5676 us
  Avg compute time: 10357.3 us
  Avg network latency: 23866.9 us
  Avg deserialize time: 3629.76 us
  Recall: 0.887688
  Throughput: 28.8641 QPS
FRONTIER_THREAD_RESULT ef=100 thread=5 queries=333 elapsed_s=11.536803128 recall=0.887687683
[35m[search_client_pipelined_reuse_thread.cc:581] Thread 5 returns
[0m[39m[reporter.hh:42] [Batch 0] Compute: 3,241,848.00 ms, Network: 16,502,397.00 ms, Deserialize: 1,123,464.00 ms, Meta Search: 5,922.00 ms, Throughput: 16.71 qps, Total Time: 19,924,240.00 ms
[0mThread 8 EF 100 benchmark:
  Queries executed: 333
  Avg total latency: 59832.6 us
  Avg meta search latency: 17.7838 us
  Avg compute time: 9735.28 us
  Avg network latency: 49556.7 us
  Avg deserialize time: 3373.77 us
  Recall: 0.895195
  Throughput: 16.7091 QPS
FRONTIER_THREAD_RESULT ef=100 thread=8 queries=333 elapsed_s=19.929255287 recall=0.895195186
[35m[search_client_pipelined_reuse_thread.cc:581] Thread 8 returns
[0m[39m[reporter.hh:42] [Batch 0] Compute: 4,092,169.00 ms, Network: 16,423,342.00 ms, Deserialize: 1,399,669.00 ms, Meta Search: 5,526.00 ms, Throughput: 15.98 qps, Total Time: 20,832,242.00 ms
[0mThread 4 EF 100 benchmark:
  Queries executed: 333
  Avg total latency: 62559.3 us
  Avg meta search latency: 16.5946 us
  Avg compute time: 12288.8 us
  Avg network latency: 49319.3 us
  Avg deserialize time: 4203.21 us
  Recall: 0.921922
  Throughput: 15.981 QPS
FRONTIER_THREAD_RESULT ef=100 thread=4 queries=333 elapsed_s=20.837230100 recall=0.921921909
[35m[search_client_pipelined_reuse_thread.cc:581] Thread 4 returns
[0m[39m[reporter.hh:42] [Batch 0] Compute: 4,787,256.00 ms, Network: 16,766,828.00 ms, Deserialize: 607,602.00 ms, Meta Search: 6,988.00 ms, Throughput: 15.36 qps, Total Time: 21,676,226.00 ms
[0mThread 0 EF 100 benchmark:
  Queries executed: 333
  Avg total latency: 65093.8 us
  Avg meta search latency: 20.985 us
  Avg compute time: 14376.1 us
  Avg network latency: 50350.8 us
  Avg deserialize time: 1824.63 us
  Recall: 0.896997
  Throughput: 15.3599 QPS
FRONTIER_THREAD_RESULT ef=100 thread=0 queries=333 elapsed_s=21.679895011 recall=0.896996975
[35m[search_client_pipelined_reuse_thread.cc:581] Thread 0 returns
[0m[39m[reporter.hh:42] [Batch 0] Compute: 3,262,659.00 ms, Network: 25,107,648.00 ms, Deserialize: 1,258,213.00 ms, Meta Search: 4,977.00 ms, Throughput: 11.69 qps, Total Time: 28,484,244.00 ms
[0mThread 6 EF 100 benchmark:
  Queries executed: 333
  Avg total latency: 85538.3 us
  Avg meta search latency: 14.9459 us
  Avg compute time: 9797.77 us
  Avg network latency: 75398.3 us
  Avg deserialize time: 3778.42 us
  Recall: 0.916517
  Throughput: 11.6886 QPS
FRONTIER_THREAD_RESULT ef=100 thread=6 queries=333 elapsed_s=28.489365150 recall=0.916516542
[35m[search_client_pipelined_reuse_thread.cc:581] Thread 6 returns
[0m[39m[reporter.hh:42] [Batch 0] Compute: 4,955,101.00 ms, Network: 25,367,301.00 ms, Deserialize: 610,669.00 ms, Meta Search: 6,532.00 ms, Throughput: 10.93 qps, Total Time: 30,476,225.00 ms
[0mThread 2 EF 100 benchmark:
  Queries executed: 333
  Avg total latency: 91520.2 us
  Avg meta search latency: 19.6156 us
  Avg compute time: 14880.2 us
  Avg network latency: 76178.1 us
  Avg deserialize time: 1833.84 us
  Recall: 0.908709
  Throughput: 10.9253 QPS
FRONTIER_THREAD_RESULT ef=100 thread=2 queries=333 elapsed_s=30.479699490 recall=0.908708692
[35m[search_client_pipelined_reuse_thread.cc:581] Thread 2 returns
[0mEF: 100
Thread 0 recall: 0.896997
Thread 0 latency: 65093.8
Thread 0 network latency: 50350.8
Thread 0 duration_meta_search: 20.985
Thread 0 compute time: 14376.1
Thread 1 recall: 0.872973
Thread 1 latency: 33574.2
Thread 1 network latency: 23897.5
Thread 1 duration_meta_search: 20.7207
Thread 1 compute time: 9737.36
Thread 2 recall: 0.908709
Thread 2 latency: 91520.2
Thread 2 network latency: 76178.1
Thread 2 duration_meta_search: 19.6156
Thread 2 compute time: 14880.2
Thread 3 recall: 0.914715
Thread 3 latency: 4081.73
Thread 3 network latency: 1867.38
Thread 3 duration_meta_search: 20.2733
Thread 3 compute time: 1964.73
Thread 4 recall: 0.921922
Thread 4 latency: 62559.3
Thread 4 network latency: 49319.3
Thread 4 duration_meta_search: 16.5946
Thread 4 compute time: 12288.8
Thread 5 recall: 0.887688
Thread 5 latency: 34631.3
Thread 5 network latency: 23866.9
Thread 5 duration_meta_search: 19.5676
Thread 5 compute time: 10357.3
Thread 6 recall: 0.916517
Thread 6 latency: 85538.3
Thread 6 network latency: 75398.3
Thread 6 duration_meta_search: 14.9459
Thread 6 compute time: 9797.77
Thread 7 recall: 0.884384
Thread 7 latency: 4351.84
Thread 7 network latency: 1771.17
Thread 7 duration_meta_search: 18.961
Thread 7 compute time: 1817.84
Thread 8 recall: 0.895195
Thread 8 latency: 59832.6
Thread 8 network latency: 49556.7
Thread 8 duration_meta_search: 17.7838
Thread 8 compute time: 9735.28
Thread 9 recall: 0.914286
Thread 9 latency: 6953.09
Thread 9 network latency: 1452.2
Thread 9 duration_meta_search: 16.9464
Thread 9 compute time: 4098.14
