============================================================
                        SERVER
============================================================
num clients:                  1
TCP port:                     21051
IB port:                      1
max outstanding CQEs:         16
max send work requests:       1024
max receive work requests:    1024
============================================================
index region bytes:           4294967296
2 device(s) found
Selected device: mlx5_1 (idx=1)
Link layer: Ethernet (RoCE), using GID index 3 (local IPv4 10.0.0.65)
num_cores: 80
physical cores per socket: 20
hyperthreading enabled
interleaved policy
pairing: 19694 -- 15481
[STATUS]: pinned main thread to core 20
[STATUS]: query QP/CQ contexts per compute node=16
[STATUS]: LAVD neighborhood region: resolved bytes=4294967296
allocation size: 4294967296
allocated ALIGNED MEM (no hugepage) at 140046422327360 with buffer size 4294967296
allocated ALIGNED MEM (no hugepage) at 140042127355968 with buffer size 4294967296
[STATUS]: LAVD neighborhood region: allocated bytes=4294967296
[STATUS]: register memory and distribute access token
[STATUS]: LAVD neighborhood region: registered bytes=4294967296
[STATUS]: connect QPs of compute threads
pairing: 19695 -- 15482
pairing: 19696 -- 15483
pairing: 19697 -- 15484
pairing: 19698 -- 15485
pairing: 19699 -- 15486
pairing: 19700 -- 15487
pairing: 19701 -- 15488
pairing: 19702 -- 15489
pairing: 19703 -- 15490
pairing: 19704 -- 15491
pairing: 19705 -- 15492
pairing: 19706 -- 15493
pairing: 19707 -- 15494
pairing: 19708 -- 15495
pairing: 19709 -- 15496
pairing: 19710 -- 15497
[STATUS]: idle: index construction
[STATUS]: loading index (672573128 Bytes) from /home/kvgroup/chaomei/hnsw-data/deep1m/dump/index_m16_efc100_node1_of1.dat
[STATUS]: query processing
[STATUS]: idle: queries
