query_data_path: ../datasets/gist/gist_query.fvecs
Reading from vector 1 to -1
Seekg position: 0 bytes
Each vector size: 3844 bytes (dim=960)
Reading 500 vectors
Reading 500 vectors
QUERY_GT_SHAPE query_rows=500 ground_truth_rows=500 query_rows_per_ground_truth=1
original_n_query_data = 500
sampling_mod = 1, sampling_count = 0
query_data.size(): 480000
ground_truth.size(): 50000
FRONTIER_QUERY_POOL total_queries=500 threads=10 top_k=10 fixed=1
queries_per_thread: 50
ground_truth.size(): 50000
Using physical cores only (skipping hyperthreads)
[35m[search_client_pipelined_reuse_thread.cc:234] Thread 0 fetch QP authentication key: 515530019
[0m[35m[search_client_pipelined_reuse_thread.cc:238] Thread 0 RDMA resources initialized
[0m[35m[search_client_pipelined_reuse_thread.cc:234] Thread 1 fetch QP authentication key: 1573363368
[0m[35m[search_client_pipelined_reuse_thread.cc:238] Thread 1 RDMA resources initialized
[0m[35m[search_client_pipelined_reuse_thread.cc:234] Thread 2 fetch QP authentication key: 2077486715
[0m[35m[search_client_pipelined_reuse_thread.cc:238] Thread 2 RDMA resources initialized
[0m[35m[search_client_pipelined_reuse_thread.cc:234] Thread 3 fetch QP authentication key: 1631518149
[0m[35m[search_client_pipelined_reuse_thread.cc:238] Thread 3 RDMA resources initialized
[0m[35m[search_client_pipelined_reuse_thread.cc:234] Thread 4 fetch QP authentication key: 289700723
[0m[35m[search_client_pipelined_reuse_thread.cc:238] Thread 4 RDMA resources initialized
[0m[35m[search_client_pipelined_reuse_thread.cc:234] Thread 5 fetch QP authentication key: 168002245
[0m[35m[search_client_pipelined_reuse_thread.cc:238] Thread 5 RDMA resources initialized
[0m[35m[search_client_pipelined_reuse_thread.cc:234] Thread 6 fetch QP authentication key: 439493451
[0m[35m[search_client_pipelined_reuse_thread.cc:238] Thread 6 RDMA resources initialized
[0m[35m[search_client_pipelined_reuse_thread.cc:234] Thread 7 fetch QP authentication key: 1760243555
[0m[35m[search_client_pipelined_reuse_thread.cc:238] Thread 7 RDMA resources initialized
[0m[35m[search_client_pipelined_reuse_thread.cc:234] Thread 8 fetch QP authentication key: 1622597488
[0m[35m[search_client_pipelined_reuse_thread.cc:238] Thread 8 RDMA resources initialized
[0m[35m[search_client_pipelined_reuse_thread.cc:234] Thread 9 fetch QP authentication key: 338888228
[0m[35m[search_client_pipelined_reuse_thread.cc:238] Thread 9 RDMA resources initialized
[0m=== gRPC Service Parameters Debug ===
epoch: 0
rdma_base_offset: 0
serialized_meta_hnsw size: 493450 bytes
offset size: 240 elements
offset_para size: 1080 elements
overflow size: 360 elements
mapping size: 120 elements
Thread 0 local_hnsw mapping size: 120
deserialize_worker start
=== Thread 0 testing EF = 300 for 20 seconds ===
fetch_worker start
search_worker start
=== gRPC Service Parameters Debug ===
epoch: 0
rdma_base_offset: 0
serialized_meta_hnsw size: 493450 bytes
offset size: 240 elements
offset_para size: 1080 elements
overflow size: 360 elements
mapping size: 120 elements
Thread 1 local_hnsw mapping size: 120
fetch_worker start
deserialize_worker start
search_worker start
=== Thread 1 testing EF = 300 for 20 seconds ===
=== gRPC Service Parameters Debug ===
epoch: 0
rdma_base_offset: 0
serialized_meta_hnsw size: 493450 bytes
offset size: 240 elements
offset_para size: 1080 elements
overflow size: 360 elements
mapping size: 120 elements
Thread 2 local_hnsw mapping size: 120
fetch_worker start
deserialize_worker start
search_worker start
=== Thread 2 testing EF = 300 for 20 seconds ===
=== gRPC Service Parameters Debug ===
epoch: 0
rdma_base_offset: 0
serialized_meta_hnsw size: 493450 bytes
offset size: 240 elements
offset_para size: 1080 elements
overflow size: 360 elements
mapping size: 120 elements
Thread 3 local_hnsw mapping size: 120
fetch_worker start
deserialize_worker start
search_worker start
=== Thread 3 testing EF = 300 for 20 seconds ===
=== gRPC Service Parameters Debug ===
epoch: 0
rdma_base_offset: 0
serialized_meta_hnsw size: 493450 bytes
offset size: 240 elements
offset_para size: 1080 elements
overflow size: 360 elements
mapping size: 120 elements
Thread 4 local_hnsw mapping size: 120
fetch_worker start
deserialize_worker start
search_worker start
=== Thread 4 testing EF = 300 for 20 seconds ===
=== gRPC Service Parameters Debug ===
epoch: 0
rdma_base_offset: 0
serialized_meta_hnsw size: 493450 bytes
offset size: 240 elements
offset_para size: 1080 elements
overflow size: 360 elements
mapping size: 120 elements
Thread 5 local_hnsw mapping size: 120
fetch_worker start
deserialize_worker start
=== Thread 5 testing EF = 300 for 20 seconds ===
search_worker start
=== gRPC Service Parameters Debug ===
epoch: 0
rdma_base_offset: 0
serialized_meta_hnsw size: 493450 bytes
offset size: 240 elements
offset_para size: 1080 elements
overflow size: 360 elements
mapping size: 120 elements
Thread 7 local_hnsw mapping size: === gRPC Service Parameters Debug ===
epoch: 0
rdma_base_offset: 0
serialized_meta_hnsw size: 493450 bytes
offset size: 240 elements
offset_para size: 1080 elements
overflow size: 360 elements
mapping size: 120 elements
Thread 6 local_hnsw mapping size: 120
fetch_worker start
deserialize_worker start
=== Thread 7 testing EF = 300 for 20 seconds ===
search_worker start
120
fetch_worker start
deserialize_worker start
search_worker start
=== Thread 6 testing EF = 300 for 20 seconds ===
=== gRPC Service Parameters Debug ===
epoch: 0
rdma_base_offset: 0
serialized_meta_hnsw size: 493450 bytes
offset size: 240 elements
offset_para size: 1080 elements
overflow size: 360 elements
mapping size: 120 elements
Thread 8 local_hnsw mapping size: 120
fetch_worker start
deserialize_worker start
=== Thread search_worker start8 testing EF = 300 for 20 seconds ===

=== gRPC Service Parameters Debug ===
epoch: 0
rdma_base_offset: 0
serialized_meta_hnsw size: 493450 bytes
offset size: 240 elements
offset_para size: 1080 elements
overflow size: 360 elements
mapping size: 120 elements
Thread 9 local_hnsw mapping size: 120
fetch_worker start
deserialize_worker start
=== Thread 9 testing EF = 300 for 20 seconds ===
search_worker start
[39m[reporter.hh:42] [Batch 0] Compute: 3,362,293.00 ms, Network: 789,054.00 ms, Deserialize: 2,498,554.00 ms, Meta Search: 3,964.00 ms, Throughput: 8.43 qps, Total Time: 5,932,312.00 ms
[0mThread 2 EF 300 benchmark:
  Queries executed: 50
  Avg total latency: 118646 us
  Avg meta search latency: 79.28 us
  Avg compute time: 67245.9 us
  Avg network latency: 15781.1 us
  Avg deserialize time: 49971.1 us
  Recall: 0.784
  Throughput: 8.42373 QPS
FRONTIER_THREAD_RESULT ef=300 thread=2 queries=50 elapsed_s=5.935612241 recall=0.783999979
[35m[search_client_pipelined_reuse_thread.cc:581] Thread 2 returns
[0m[39m[reporter.hh:42] [Batch 0] Compute: 3,590,734.00 ms, Network: 775,095.00 ms, Deserialize: 4,556,373.00 ms, Meta Search: 22,335.00 ms, Throughput: 5.79 qps, Total Time: 8,633,691.00 ms
[0mThread 5 EF 300 benchmark:
  Queries executed: 50
  Avg total latency: 172674 us
  Avg meta search latency: 446.7 us
  Avg compute time: 71814.7 us
  Avg network latency: 15501.9 us
  Avg deserialize time: 91127.5 us
  Recall: 0.734
  Throughput: 5.78825 QPS
FRONTIER_THREAD_RESULT ef=300 thread=5 queries=50 elapsed_s=8.638190070 recall=0.734000027
[35m[search_client_pipelined_reuse_thread.cc:581] Thread 5 returns
[0m[39m[reporter.hh:42] [Batch 0] Compute: 3,392,302.00 ms, Network: 721,648.00 ms, Deserialize: 5,375,342.00 ms, Meta Search: 4,593.00 ms, Throughput: 4.97 qps, Total Time: 10,057,260.00 ms
[0mThread 9 EF 300 benchmark:
  Queries executed: 50
  Avg total latency: 201145 us
  Avg meta search latency: 91.86 us
  Avg compute time: 67846 us
  Avg network latency: 14433 us
  Avg deserialize time: 107507 us
  Recall: 0.792
  Throughput: 4.96702 QPS
FRONTIER_THREAD_RESULT ef=300 thread=9 queries=50 elapsed_s=10.066391804 recall=0.791999996
[35m[search_client_pipelined_reuse_thread.cc:581] Thread 9 returns
[0m[39m[reporter.hh:42] [Batch 0] Compute: 3,269,955.00 ms, Network: 5,630,527.00 ms, Deserialize: 2,723,472.00 ms, Meta Search: 3,650.00 ms, Throughput: 4.88 qps, Total Time: 10,254,924.00 ms
[0mThread 1 EF 300 benchmark:
  Queries executed: 50
  Avg total latency: 205098 us
  Avg meta search latency: 73 us
  Avg compute time: 65399.1 us
  Avg network latency: 112611 us
  Avg deserialize time: 54469.4 us
  Recall: 0.84
  Throughput: 4.8747 QPS
FRONTIER_THREAD_RESULT ef=300 thread=1 queries=50 elapsed_s=10.257041798 recall=0.839999974
[35m[search_client_pipelined_reuse_thread.cc:581] Thread 1 returns
[0m[39m[reporter.hh:42] [Batch 0] Compute: 3,295,932.00 ms, Network: 5,637,951.00 ms, Deserialize: 2,284,974.00 ms, Meta Search: 21,045.00 ms, Throughput: 4.85 qps, Total Time: 10,304,266.00 ms
[0mThread 3 EF 300 benchmark:
  Queries executed: 50
  Avg total latency: 206085 us
  Avg meta search latency: 420.9 us
  Avg compute time: 65918.6 us
  Avg network latency: 112759 us
  Avg deserialize time: 45699.5 us
  Recall: 0.806
  Throughput: 4.85084 QPS
FRONTIER_THREAD_RESULT ef=300 thread=3 queries=50 elapsed_s=10.307484994 recall=0.805999994
[35m[search_client_pipelined_reuse_thread.cc:581] Thread 3 returns
[0m[39m[reporter.hh:42] [Batch 0] Compute: 2,950,222.00 ms, Network: 9,326,647.00 ms, Deserialize: 2,658,962.00 ms, Meta Search: 7,189.00 ms, Throughput: 3.42 qps, Total Time: 14,628,351.00 ms
[0mThread 0 EF 300 benchmark:
  Queries executed: 50
  Avg total latency: 292567 us
  Avg meta search latency: 143.78 us
  Avg compute time: 59004.4 us
  Avg network latency: 186533 us
  Avg deserialize time: 53179.2 us
  Recall: 0.83
  Throughput: 3.41717 QPS
FRONTIER_THREAD_RESULT ef=300 thread=0 queries=50 elapsed_s=14.631979286 recall=0.829999983
[35m[search_client_pipelined_reuse_thread.cc:581] Thread 0 returns
[0m[39m[reporter.hh:42] [Batch 0] Compute: 3,377,098.00 ms, Network: 8,270,940.00 ms, Deserialize: 4,436,418.00 ms, Meta Search: 2,827.00 ms, Throughput: 3.22 qps, Total Time: 15,504,197.00 ms
[0mThread 8 EF 300 benchmark:
  Queries executed: 50
  Avg total latency: 310084 us
  Avg meta search latency: 56.54 us
  Avg compute time: 67542 us
  Avg network latency: 165419 us
  Avg deserialize time: 88728.4 us
  Recall: 0.646
  Throughput: 3.22367 QPS
FRONTIER_THREAD_RESULT ef=300 thread=8 queries=50 elapsed_s=15.510275977 recall=0.646000028
[35m[search_client_pipelined_reuse_thread.cc:581] Thread 8 returns
[0m[39m[reporter.hh:42] [Batch 0] Compute: 2,837,706.00 ms, Network: 8,229,251.00 ms, Deserialize: 5,088,985.00 ms, Meta Search: 22,335.00 ms, Throughput: 3.13 qps, Total Time: 15,984,322.00 ms
[0mThread 4 EF 300 benchmark:
  Queries executed: 50
  Avg total latency: 319686 us
  Avg meta search latency: 446.7 us
  Avg compute time: 56754.1 us
  Avg network latency: 164585 us
  Avg deserialize time: 101780 us
  Recall: 0.712
  Throughput: 3.12738 QPS
FRONTIER_THREAD_RESULT ef=300 thread=4 queries=50 elapsed_s=15.987802832 recall=0.712000012
[35m[search_client_pipelined_reuse_thread.cc:581] Thread 4 returns
[0m[39m[reporter.hh:42] [Batch 0] Compute: 3,462,232.00 ms, Network: 9,288,559.00 ms, Deserialize: 5,037,457.00 ms, Meta Search: 4,383.00 ms, Throughput: 2.95 qps, Total Time: 16,948,308.00 ms
[0mThread 6 EF 300 benchmark:
  Queries executed: 50
  Avg total latency: 338966 us
  Avg meta search latency: 87.66 us
  Avg compute time: 69244.6 us
  Avg network latency: 185771 us
  Avg deserialize time: 100749 us
  Recall: 0.802
  Throughput: 2.9495 QPS
FRONTIER_THREAD_RESULT ef=300 thread=6 queries=50 elapsed_s=16.952010434 recall=0.801999986
[35m[search_client_pipelined_reuse_thread.cc:581] Thread 6 returns
[0m[39m[reporter.hh:42] [Batch 0] Compute: 3,449,331.00 ms, Network: 13,752,983.00 ms, Deserialize: 4,180,329.00 ms, Meta Search: 3,879.00 ms, Throughput: 2.47 qps, Total Time: 20,276,262.00 ms
[0mThread 7 EF 300 benchmark:
  Queries executed: 50
  Avg total latency: 405525 us
  Avg meta search latency: 77.58 us
  Avg compute time: 68986.6 us
  Avg network latency: 275060 us
  Avg deserialize time: 83606.6 us
  Recall: 0.848
  Throughput: 2.46553 QPS
FRONTIER_THREAD_RESULT ef=300 thread=7 queries=50 elapsed_s=20.279619515 recall=0.847999990
[35m[search_client_pipelined_reuse_thread.cc:581] Thread 7 returns
[0mEF: 300
Thread 0 recall: 0.83
Thread 0 latency: 292567
Thread 0 network latency: 186533
Thread 0 duration_meta_search: 143.78
Thread 0 compute time: 59004.4
Thread 1 recall: 0.84
Thread 1 latency: 205098
Thread 1 network latency: 112611
Thread 1 duration_meta_search: 73
Thread 1 compute time: 65399.1
Thread 2 recall: 0.784
Thread 2 latency: 118646
Thread 2 network latency: 15781.1
Thread 2 duration_meta_search: 79.28
Thread 2 compute time: 67245.9
Thread 3 recall: 0.806
Thread 3 latency: 206085
Thread 3 network latency: 112759
Thread 3 duration_meta_search: 420.9
Thread 3 compute time: 65918.6
Thread 4 recall: 0.712
Thread 4 latency: 319686
Thread 4 network latency: 164585
Thread 4 duration_meta_search: 446.7
Thread 4 compute time: 56754.1
Thread 5 recall: 0.734
Thread 5 latency: 172674
Thread 5 network latency: 15501.9
Thread 5 duration_meta_search: 446.7
Thread 5 compute time: 71814.7
Thread 6 recall: 0.802
Thread 6 latency: 338966
Thread 6 network latency: 185771
Thread 6 duration_meta_search: 87.66
Thread 6 compute time: 69244.6
Thread 7 recall: 0.848
Thread 7 latency: 405525
Thread 7 network latency: 275060
Thread 7 duration_meta_search: 77.58
Thread 7 compute time: 68986.6
Thread 8 recall: 0.646
Thread 8 latency: 310084
Thread 8 network latency: 165419
Thread 8 duration_meta_search: 56.54
Thread 8 compute time: 67542
Thread 9 recall: 0.792
Thread 9 latency: 201145
Thread 9 network latency: 14433
Thread 9 duration_meta_search: 91.86
Thread 9 compute time: 67846
