============================================================
                        SERVER
============================================================
num clients:                  1
TCP port:                     1314
IB port:                      1
max outstanding CQEs:         16
max send work requests:       1024
max receive work requests:    1024
============================================================
index region bytes:           4294967296
2 device(s) found
Selected device: mlx5_1 (idx=1)
Link layer: Ethernet (RoCE), using GID index 3 (local IPv4 10.0.0.65)
num_cores: 80
physical cores per socket: 20
hyperthreading enabled
interleaved policy
pairing: 17682 -- 190577
[STATUS]: pinned main thread to core 20
[STATUS]: query QP/CQ contexts per compute node=10
[STATUS]: LAVD neighborhood region: resolved bytes=6442450944
allocation size: 4294967296
allocated ALIGNED MEM (no hugepage) at 139740340912192 with buffer size 4294967296
allocated ALIGNED MEM (no hugepage) at 139733898457152 with buffer size 6442450944
[STATUS]: LAVD neighborhood region: allocated bytes=6442450944
[STATUS]: register memory and distribute access token
[STATUS]: LAVD neighborhood region: registered bytes=6442450944
[STATUS]: connect QPs of compute threads
pairing: 17683 -- 190578
pairing: 17684 -- 190579
pairing: 17685 -- 190580
pairing: 17686 -- 190581
pairing: 17687 -- 190582
pairing: 17688 -- 190583
pairing: 17689 -- 190584
pairing: 17690 -- 190585
pairing: 17691 -- 190586
pairing: 17692 -- 190587
[STATUS]: idle: index construction
[STATUS]: loading index (672573128 Bytes) from /home/kvgroup/chaomei/hnsw-data/deep1m/dump/index_m16_efc100_node1_of1.dat
[STATUS]: query processing
[STATUS]: idle: queries
	Command being timed: "/home/kvgroup/chaomei/graphbeyond-vldb-closure-20260713/build-final-v5/shine --is-server --num-clients 1 --port 1314 --index-region-bytes 4294967296"
	User time (seconds): 35.26
	System time (seconds): 5.12
	Percent of CPU this job got: 89%
	Elapsed (wall clock) time (h:mm:ss or m:ss): 0:45.19
	Average shared text size (kbytes): 0
	Average unshared data size (kbytes): 0
	Average stack size (kbytes): 0
	Average total size (kbytes): 0
	Maximum resident set size (kbytes): 10501108
	Average resident set size (kbytes): 0
	Major (requiring I/O) page faults: 0
	Minor (reclaiming a frame) page faults: 2624171
	Voluntary context switches: 428
	Involuntary context switches: 160
	Swaps: 0
	File system inputs: 0
	File system outputs: 40
	Socket messages sent: 0
	Socket messages received: 0
	Signals delivered: 0
	Page size (bytes): 4096
	Exit status: 0
