query_data_path: ../datasets/gist/gist_query.fvecs
Reading from vector 1 to -1
Seekg position: 0 bytes
Each vector size: 3844 bytes (dim=960)
Reading 334 vectors
Reading 334 vectors
QUERY_GT_SHAPE query_rows=334 ground_truth_rows=334 query_rows_per_ground_truth=1
original_n_query_data = 334
sampling_mod = 1, sampling_count = 0
query_data.size(): 320640
ground_truth.size(): 33400
FRONTIER_QUERY_POOL total_queries=334 threads=10 top_k=10 fixed=1
queries_per_thread: 33
ground_truth.size(): 33400
Using physical cores only (skipping hyperthreads)
[35m[search_client_pipelined_reuse_thread.cc:234] Thread 0 fetch QP authentication key: 269441500
[0m[35m[search_client_pipelined_reuse_thread.cc:238] Thread 0 RDMA resources initialized
[0m[35m[search_client_pipelined_reuse_thread.cc:234] Thread 1 fetch QP authentication key: 116087764
[0m[35m[search_client_pipelined_reuse_thread.cc:238] Thread 1 RDMA resources initialized
[0m[35m[search_client_pipelined_reuse_thread.cc:234] Thread 2 fetch QP authentication key: 8936987
[0m[35m[search_client_pipelined_reuse_thread.cc:238] Thread 2 RDMA resources initialized
[0m[35m[search_client_pipelined_reuse_thread.cc:234] Thread 3 fetch QP authentication key: 1982275856
[0m[35m[search_client_pipelined_reuse_thread.cc:238] Thread 3 RDMA resources initialized
[0m[35m[search_client_pipelined_reuse_thread.cc:234] Thread 4 fetch QP authentication key: 350322227
[0m[35m[search_client_pipelined_reuse_thread.cc:238] Thread 4 RDMA resources initialized
[0m[35m[search_client_pipelined_reuse_thread.cc:234] Thread 5 fetch QP authentication key: 1760281936
[0m[35m[search_client_pipelined_reuse_thread.cc:238] Thread 5 RDMA resources initialized
[0m[35m[search_client_pipelined_reuse_thread.cc:234] Thread 6 fetch QP authentication key: 771151432
[0m[35m[search_client_pipelined_reuse_thread.cc:238] Thread 6 RDMA resources initialized
[0m[35m[search_client_pipelined_reuse_thread.cc:234] Thread 7 fetch QP authentication key: 971899228
[0m[35m[search_client_pipelined_reuse_thread.cc:238] Thread 7 RDMA resources initialized
[0m[35m[search_client_pipelined_reuse_thread.cc:234] Thread 8 fetch QP authentication key: 1139901474
[0m[35m[search_client_pipelined_reuse_thread.cc:238] Thread 8 RDMA resources initialized
[0m[35m[search_client_pipelined_reuse_thread.cc:234] Thread 9 fetch QP authentication key: 1626276121
[0m[35m[search_client_pipelined_reuse_thread.cc:238] Thread 9 RDMA resources initialized
[0m=== gRPC Service Parameters Debug ===
epoch: 0
rdma_base_offset: 0
serialized_meta_hnsw size: 493450 bytes
offset size: 240 elements
offset_para size: 1080 elements
overflow size: 360 elements
mapping size: 120 elements
Thread 0 local_hnsw mapping size: 120
deserialize_worker startfetch_worker start

search_worker start
=== Thread 0 testing EF = 300 for 20 seconds ===
=== gRPC Service Parameters Debug ===
epoch: 0
rdma_base_offset: 0
serialized_meta_hnsw size: 493450 bytes
offset size: 240 elements
offset_para size: 1080 elements
overflow size: 360 elements
mapping size: 120 elements
Thread 1 local_hnsw mapping size: 120
fetch_worker start
deserialize_worker start
search_worker start
=== Thread 1 testing EF = 300 for 20 seconds ===
=== gRPC Service Parameters Debug ===
epoch: 0
rdma_base_offset: 0
serialized_meta_hnsw size: 493450 bytes
offset size: 240 elements
offset_para size: 1080 elements
overflow size: 360 elements
mapping size: 120 elements
Thread 2 local_hnsw mapping size: 120
fetch_worker start
deserialize_worker start
search_worker start
=== Thread 2 testing EF = 300 for 20 seconds ===
=== gRPC Service Parameters Debug ===
epoch: 0
rdma_base_offset: 0
serialized_meta_hnsw size: 493450 bytes
offset size: 240 elements
offset_para size: 1080 elements
overflow size: 360 elements
mapping size: 120 elements
Thread 3 local_hnsw mapping size: 120
fetch_worker start
deserialize_worker start
search_worker start
=== Thread 3 testing EF = 300 for 20 seconds ===
=== gRPC Service Parameters Debug ===
epoch: 0
rdma_base_offset: 0
serialized_meta_hnsw size: 493450 bytes
offset size: 240 elements
offset_para size: 1080 elements
overflow size: 360 elements
mapping size: 120 elements
Thread 4 local_hnsw mapping size: 120
fetch_worker start
deserialize_worker start
=== Thread 4 testing EF = 300 for 20 seconds ===
search_worker start
=== gRPC Service Parameters Debug ===
epoch: 0
rdma_base_offset: 0
serialized_meta_hnsw size: 493450 bytes
offset size: 240 elements
offset_para size: 1080 elements
overflow size: 360 elements
mapping size: 120 elements
Thread 5 local_hnsw mapping size: 120
fetch_worker start
deserialize_worker start
=== Thread 5 testing EF = 300 for 20 seconds ===
search_worker start
=== gRPC Service Parameters Debug ===
epoch: 0
rdma_base_offset: 0
serialized_meta_hnsw size: 493450 bytes
offset size: 240 elements
offset_para size: 1080 elements
overflow size: 360 elements
mapping size: 120 elements
Thread 6 local_hnsw mapping size: 120
fetch_worker start
deserialize_worker start
=== Thread 6 testing EF = 300 for 20 seconds ===
search_worker start
=== gRPC Service Parameters Debug ===
epoch: 0
rdma_base_offset: 0
serialized_meta_hnsw size: 493450 bytes
offset size: 240 elements
offset_para size: 1080 elements
overflow size: 360 elements
mapping size: 120 elements
Thread 7 local_hnsw mapping size: 120
fetch_worker start
deserialize_worker start
search_worker start
=== Thread 7 testing EF = 300 for 20 seconds ===
=== gRPC Service Parameters Debug ===
epoch: 0
rdma_base_offset: 0
serialized_meta_hnsw size: 493450 bytes
offset size: 240 elements
offset_para size: 1080 elements
overflow size: 360 elements
mapping size: 120 elements
Thread 8 local_hnsw mapping size: 120
fetch_worker start
deserialize_worker start
search_worker start
=== Thread 8 testing EF = 300 for 20 seconds ===
=== gRPC Service Parameters Debug ===
epoch: 0
rdma_base_offset: 0
serialized_meta_hnsw size: 493450 bytes
offset size: 240 elements
offset_para size: 1080 elements
overflow size: 360 elements
mapping size: 120 elements
Thread 9 local_hnsw mapping size: 120
fetch_worker start
deserialize_worker start
search_worker start
=== Thread 9 testing EF = 300 for 20 seconds ===
[39m[reporter.hh:42] [Batch 0] Compute: 2,808,110.00 ms, Network: 1,351,251.00 ms, Deserialize: 2,886,235.00 ms, Meta Search: 3,388.00 ms, Throughput: 4.54 qps, Total Time: 7,268,168.00 ms
[0mThread 2 EF 300 benchmark:
  Queries executed: 33
  Avg total latency: 220248 us
  Avg meta search latency: 102.667 us
  Avg compute time: 85094.2 us
  Avg network latency: 40947 us
  Avg deserialize time: 87461.7 us
  Recall: 0.80303
  Throughput: 4.53821 QPS
FRONTIER_THREAD_RESULT ef=300 thread=2 queries=33 elapsed_s=7.271584480 recall=0.803030312
[35m[search_client_pipelined_reuse_thread.cc:581] Thread 2 returns
[0m[39m[reporter.hh:42] [Batch 0] Compute: 2,867,356.00 ms, Network: 1,350,302.00 ms, Deserialize: 2,761,821.00 ms, Meta Search: 3,154.00 ms, Throughput: 4.52 qps, Total Time: 7,305,291.00 ms
[0mThread 3 EF 300 benchmark:
  Queries executed: 33
  Avg total latency: 221372 us
  Avg meta search latency: 95.5758 us
  Avg compute time: 86889.6 us
  Avg network latency: 40918.2 us
  Avg deserialize time: 83691.5 us
  Recall: 0.769697
  Throughput: 4.51603 QPS
FRONTIER_THREAD_RESULT ef=300 thread=3 queries=33 elapsed_s=7.307304065 recall=0.769696951
[35m[search_client_pipelined_reuse_thread.cc:581] Thread 3 returns
[0m[39m[reporter.hh:42] [Batch 0] Compute: 2,686,921.00 ms, Network: 1,464,367.00 ms, Deserialize: 2,795,420.00 ms, Meta Search: 3,679.00 ms, Throughput: 4.44 qps, Total Time: 7,427,244.00 ms
[0mThread 1 EF 300 benchmark:
  Queries executed: 33
  Avg total latency: 225068 us
  Avg meta search latency: 111.485 us
  Avg compute time: 81421.8 us
  Avg network latency: 44374.8 us
  Avg deserialize time: 84709.7 us
  Recall: 0.89697
  Throughput: 4.44093 QPS
FRONTIER_THREAD_RESULT ef=300 thread=1 queries=33 elapsed_s=7.430879838 recall=0.896969676
[35m[search_client_pipelined_reuse_thread.cc:581] Thread 1 returns
[0m[39m[reporter.hh:42] [Batch 0] Compute: 2,476,961.00 ms, Network: 1,188,762.00 ms, Deserialize: 4,983,801.00 ms, Meta Search: 15,480.00 ms, Throughput: 3.46 qps, Total Time: 9,528,322.00 ms
[0mThread 7 EF 300 benchmark:
  Queries executed: 33
  Avg total latency: 288737 us
  Avg meta search latency: 469.091 us
  Avg compute time: 75059.4 us
  Avg network latency: 36023.1 us
  Avg deserialize time: 151024 us
  Recall: 0.672727
  Throughput: 3.46175 QPS
FRONTIER_THREAD_RESULT ef=300 thread=7 queries=33 elapsed_s=9.532750638 recall=0.672727287
[35m[search_client_pipelined_reuse_thread.cc:581] Thread 7 returns
[0m[39m[reporter.hh:42] [Batch 0] Compute: 2,714,311.00 ms, Network: 1,321,786.00 ms, Deserialize: 5,390,055.00 ms, Meta Search: 12,053.00 ms, Throughput: 3.40 qps, Total Time: 9,709,178.00 ms
[0mThread 5 EF 300 benchmark:
  Queries executed: 33
  Avg total latency: 294218 us
  Avg meta search latency: 365.242 us
  Avg compute time: 82251.8 us
  Avg network latency: 40054.1 us
  Avg deserialize time: 163335 us
  Recall: 0.778788
  Throughput: 3.39725 QPS
FRONTIER_THREAD_RESULT ef=300 thread=5 queries=33 elapsed_s=9.713747890 recall=0.778787851
[35m[search_client_pipelined_reuse_thread.cc:581] Thread 5 returns
[0m[39m[reporter.hh:42] [Batch 0] Compute: 3,320,145.00 ms, Network: 1,194,913.00 ms, Deserialize: 6,839,146.00 ms, Meta Search: 8,125.00 ms, Throughput: 2.68 qps, Total Time: 12,329,453.00 ms
[0mThread 4 EF 300 benchmark:
  Queries executed: 33
  Avg total latency: 373620 us
  Avg meta search latency: 246.212 us
  Avg compute time: 100610 us
  Avg network latency: 36209.5 us
  Avg deserialize time: 207247 us
  Recall: 0.842424
  Throughput: 2.67566 QPS
FRONTIER_THREAD_RESULT ef=300 thread=4 queries=33 elapsed_s=12.333426401 recall=0.842424214
[35m[search_client_pipelined_reuse_thread.cc:581] Thread 4 returns
[0m[39m[reporter.hh:42] [Batch 0] Compute: 3,084,502.00 ms, Network: 1,201,062.00 ms, Deserialize: 6,427,600.00 ms, Meta Search: 15,742.00 ms, Throughput: 3.00 qps, Total Time: 12,336,237.00 ms
[0mThread 9 EF 300 benchmark:
  Queries executed: 37
  Avg total latency: 333412 us
  Avg meta search latency: 425.459 us
  Avg compute time: 83364.9 us
  Avg network latency: 32461.1 us
  Avg deserialize time: 173719 us
  Recall: 0.745946
  Throughput: 2.99768 QPS
FRONTIER_THREAD_RESULT ef=300 thread=9 queries=37 elapsed_s=12.342879496 recall=0.745945930
[35m[search_client_pipelined_reuse_thread.cc:581] Thread 9 returns
[0m[39m[reporter.hh:42] [Batch 0] Compute: 3,003,504.00 ms, Network: 8,882,721.00 ms, Deserialize: 4,338,021.00 ms, Meta Search: 6,845.00 ms, Throughput: 2.10 qps, Total Time: 15,720,224.00 ms
[0mThread 8 EF 300 benchmark:
  Queries executed: 33
  Avg total latency: 476370 us
  Avg meta search latency: 207.424 us
  Avg compute time: 91015.3 us
  Avg network latency: 269173 us
  Avg deserialize time: 131455 us
  Recall: 0.809091
  Throughput: 2.09874 QPS
FRONTIER_THREAD_RESULT ef=300 thread=8 queries=33 elapsed_s=15.723724297 recall=0.809090912
[35m[search_client_pipelined_reuse_thread.cc:581] Thread 8 returns
[0m[39m[reporter.hh:42] [Batch 0] Compute: 2,469,545.00 ms, Network: 9,126,175.00 ms, Deserialize: 4,208,149.00 ms, Meta Search: 22,068.00 ms, Throughput: 2.08 qps, Total Time: 15,828,424.00 ms
[0mThread 6 EF 300 benchmark:
  Queries executed: 33
  Avg total latency: 479649 us
  Avg meta search latency: 668.727 us
  Avg compute time: 74834.7 us
  Avg network latency: 276551 us
  Avg deserialize time: 127520 us
  Recall: 0.709091
  Throughput: 2.08439 QPS
FRONTIER_THREAD_RESULT ef=300 thread=6 queries=33 elapsed_s=15.831957112 recall=0.709090889
[35m[search_client_pipelined_reuse_thread.cc:581] Thread 6 returns
[0m[39m[reporter.hh:42] [Batch 0] Compute: 2,543,747.00 ms, Network: 16,248,379.00 ms, Deserialize: 2,583,086.00 ms, Meta Search: 8,736.00 ms, Throughput: 1.59 qps, Total Time: 20,740,274.00 ms
[0mThread 0 EF 300 benchmark:
  Queries executed: 33
  Avg total latency: 628493 us
  Avg meta search latency: 264.727 us
  Avg compute time: 77083.2 us
  Avg network latency: 492375 us
  Avg deserialize time: 78275.3 us
  Recall: 0.806061
  Throughput: 1.5908 QPS
FRONTIER_THREAD_RESULT ef=300 thread=0 queries=33 elapsed_s=20.744343088 recall=0.806060612
[35m[search_client_pipelined_reuse_thread.cc:581] Thread 0 returns
[0mEF: 300
Thread 0 recall: 0.806061
Thread 0 latency: 628493
Thread 0 network latency: 492375
Thread 0 duration_meta_search: 264.727
Thread 0 compute time: 77083.2
Thread 1 recall: 0.89697
Thread 1 latency: 225068
Thread 1 network latency: 44374.8
Thread 1 duration_meta_search: 111.485
Thread 1 compute time: 81421.8
Thread 2 recall: 0.80303
Thread 2 latency: 220248
Thread 2 network latency: 40947
Thread 2 duration_meta_search: 102.667
Thread 2 compute time: 85094.2
Thread 3 recall: 0.769697
Thread 3 latency: 221372
Thread 3 network latency: 40918.2
Thread 3 duration_meta_search: 95.5758
Thread 3 compute time: 86889.6
Thread 4 recall: 0.842424
Thread 4 latency: 373620
Thread 4 network latency: 36209.5
Thread 4 duration_meta_search: 246.212
Thread 4 compute time: 100610
Thread 5 recall: 0.778788
Thread 5 latency: 294218
Thread 5 network latency: 40054.1
Thread 5 duration_meta_search: 365.242
Thread 5 compute time: 82251.8
Thread 6 recall: 0.709091
Thread 6 latency: 479649
Thread 6 network latency: 276551
Thread 6 duration_meta_search: 668.727
Thread 6 compute time: 74834.7
Thread 7 recall: 0.672727
Thread 7 latency: 288737
Thread 7 network latency: 36023.1
Thread 7 duration_meta_search: 469.091
Thread 7 compute time: 75059.4
Thread 8 recall: 0.809091
Thread 8 latency: 476370
Thread 8 network latency: 269173
Thread 8 duration_meta_search: 207.424
Thread 8 compute time: 91015.3
Thread 9 recall: 0.745946
Thread 9 latency: 333412
Thread 9 network latency: 32461.1
Thread 9 duration_meta_search: 425.459
Thread 9 compute time: 83364.9
