query_data_path: ../datasets/gist/gist_query.fvecs
Reading from vector 1 to -1
Seekg position: 0 bytes
Each vector size: 3844 bytes (dim=960)
Reading 333 vectors
Reading 333 vectors
QUERY_GT_SHAPE query_rows=333 ground_truth_rows=333 query_rows_per_ground_truth=1
original_n_query_data = 333
sampling_mod = 1, sampling_count = 0
query_data.size(): 319680
ground_truth.size(): 33300
FRONTIER_QUERY_POOL total_queries=333 threads=10 top_k=10 fixed=1
queries_per_thread: 33
ground_truth.size(): 33300
Using physical cores only (skipping hyperthreads)
[35m[search_client_pipelined_reuse_thread.cc:234] Thread 0 fetch QP authentication key: 2142757034
[0m[35m[search_client_pipelined_reuse_thread.cc:238] Thread 0 RDMA resources initialized
[0m[35m[search_client_pipelined_reuse_thread.cc:234] Thread 1 fetch QP authentication key: 155324914
[0m[35m[search_client_pipelined_reuse_thread.cc:238] Thread 1 RDMA resources initialized
[0m[35m[search_client_pipelined_reuse_thread.cc:234] Thread 2 fetch QP authentication key: 387346491
[0m[35m[search_client_pipelined_reuse_thread.cc:238] Thread 2 RDMA resources initialized
[0m[35m[search_client_pipelined_reuse_thread.cc:234] Thread 3 fetch QP authentication key: 1960709859
[0m[35m[search_client_pipelined_reuse_thread.cc:238] Thread 3 RDMA resources initialized
[0m[35m[search_client_pipelined_reuse_thread.cc:234] Thread 4 fetch QP authentication key: 1244316437
[0m[35m[search_client_pipelined_reuse_thread.cc:238] Thread 4 RDMA resources initialized
[0m[35m[search_client_pipelined_reuse_thread.cc:234] Thread 5 fetch QP authentication key: 213975407
[0m[35m[search_client_pipelined_reuse_thread.cc:238] Thread 5 RDMA resources initialized
[0m[35m[search_client_pipelined_reuse_thread.cc:234] Thread 6 fetch QP authentication key: 2130794395
[0m[35m[search_client_pipelined_reuse_thread.cc:238] Thread 6 RDMA resources initialized
[0m[35m[search_client_pipelined_reuse_thread.cc:234] Thread 7 fetch QP authentication key: 1884661237
[0m[35m[search_client_pipelined_reuse_thread.cc:238] Thread 7 RDMA resources initialized
[0m[35m[search_client_pipelined_reuse_thread.cc:234] Thread 8 fetch QP authentication key: 1350573793
[0m[35m[search_client_pipelined_reuse_thread.cc:238] Thread 8 RDMA resources initialized
[0m[35m[search_client_pipelined_reuse_thread.cc:234] Thread 9 fetch QP authentication key: 1605894428
[0m[35m[search_client_pipelined_reuse_thread.cc:238] Thread 9 RDMA resources initialized
[0m=== gRPC Service Parameters Debug ===
epoch: 0
rdma_base_offset: 0
serialized_meta_hnsw size: 493450 bytes
offset size: 240 elements
offset_para size: 1080 elements
overflow size: 360 elements
mapping size: 120 elements
Thread 0 local_hnsw mapping size: 120
fetch_worker start
deserialize_worker start
search_worker start
=== Thread 0 testing EF = 300 for 20 seconds ===
=== gRPC Service Parameters Debug ===
epoch: 0
rdma_base_offset: 0
serialized_meta_hnsw size: 493450 bytes
offset size: 240 elements
offset_para size: 1080 elements
overflow size: 360 elements
mapping size: 120 elements
Thread 1 local_hnsw mapping size: 120
fetch_worker start
deserialize_worker start
search_worker start=== Thread 
1 testing EF = 300 for 20 seconds ===
=== gRPC Service Parameters Debug ===
epoch: 0
rdma_base_offset: 0
serialized_meta_hnsw size: 493450 bytes
offset size: 240 elements
offset_para size: 1080 elements
overflow size: 360 elements
mapping size: 120 elements
Thread 2 local_hnsw mapping size: 120
fetch_worker start
deserialize_worker start
search_worker start
=== Thread 2 testing EF = 300 for 20 seconds ===
=== gRPC Service Parameters Debug ===
epoch: 0
rdma_base_offset: 0
serialized_meta_hnsw size: 493450 bytes
offset size: 240 elements
offset_para size: 1080 elements
overflow size: 360 elements
mapping size: 120 elements
Thread 3 local_hnsw mapping size: 120
fetch_worker start
deserialize_worker start
=== Thread 3 testing EF = 300 for 20search_worker start seconds ===

=== gRPC Service Parameters Debug ===
epoch: 0
rdma_base_offset: 0
serialized_meta_hnsw size: 493450 bytes
offset size: 240 elements
offset_para size: 1080 elements
overflow size: 360 elements
mapping size: 120 elements
Thread 4 local_hnsw mapping size: 120
fetch_worker start
deserialize_worker start
search_worker start=== Thread 
4 testing EF = 300 for 20 seconds ===
=== gRPC Service Parameters Debug ===
epoch: 0
rdma_base_offset: 0
serialized_meta_hnsw size: 493450 bytes
offset size: 240 elements
offset_para size: 1080 elements
overflow size: 360 elements
mapping size: 120 elements
Thread 5 local_hnsw mapping size: 120
fetch_worker start
deserialize_worker start
=== Thread 5 testing EF = 300 for 20 seconds ===
search_worker start
=== gRPC Service Parameters Debug ===
epoch: 0
rdma_base_offset: 0
serialized_meta_hnsw size: 493450 bytes
offset size: 240 elements
offset_para size: 1080 elements
overflow size: 360 elements
mapping size: 120 elements
Thread 6 local_hnsw mapping size: 120
fetch_worker start
deserialize_worker start
search_worker start=== Thread 
6 testing EF = 300 for 20 seconds ===
=== gRPC Service Parameters Debug ===
epoch: 0
rdma_base_offset: 0
serialized_meta_hnsw size: 493450 bytes
offset size: 240 elements
offset_para size: 1080 elements
overflow size: 360 elements
mapping size: 120 elements
Thread 7 local_hnsw mapping size: 120
fetch_worker start
deserialize_worker start
search_worker start=== Thread 
7 testing EF = 300 for 20 seconds ===
=== gRPC Service Parameters Debug ===
epoch: 0
rdma_base_offset: 0
serialized_meta_hnsw size: 493450 bytes
offset size: 240 elements
offset_para size: 1080 elements
overflow size: 360 elements
mapping size: 120 elements
Thread 8 local_hnsw mapping size: 120
fetch_worker start
deserialize_worker start
search_worker start
=== Thread 8 testing EF = 300 for 20 seconds ===
=== gRPC Service Parameters Debug ===
epoch: 0
rdma_base_offset: 0
serialized_meta_hnsw size: 493450 bytes
offset size: 240 elements
offset_para size: 1080 elements
overflow size: 360 elements
mapping size: 120 elements
Thread 9 local_hnsw mapping size: 120
fetch_worker start
deserialize_worker start
search_worker start
=== Thread 9 testing EF = 300 for 20 seconds ===
[39m[reporter.hh:42] [Batch 0] Compute: 2,583,876.00 ms, Network: 1,476,128.00 ms, Deserialize: 2,523,636.00 ms, Meta Search: 4,590.00 ms, Throughput: 4.63 qps, Total Time: 7,123,013.00 ms
[0mThread 2 EF 300 benchmark:
  Queries executed: 33
  Avg total latency: 215849 us
  Avg meta search latency: 139.091 us
  Avg compute time: 78299.3 us
  Avg network latency: 44731.2 us
  Avg deserialize time: 76473.8 us
  Recall: 0.590909
  Throughput: 4.63096 QPS
FRONTIER_THREAD_RESULT ef=300 thread=2 queries=33 elapsed_s=7.125949515 recall=0.590909064
[35m[search_client_pipelined_reuse_thread.cc:581] Thread 2 returns
[0m[39m[reporter.hh:42] [Batch 0] Compute: 2,787,342.00 ms, Network: 1,433,702.00 ms, Deserialize: 2,547,536.00 ms, Meta Search: 4,851.00 ms, Throughput: 4.61 qps, Total Time: 7,151,018.00 ms
[0mThread 0 EF 300 benchmark:
  Queries executed: 33
  Avg total latency: 216698 us
  Avg meta search latency: 147 us
  Avg compute time: 84464.9 us
  Avg network latency: 43445.5 us
  Avg deserialize time: 77198.1 us
  Recall: 0.884848
  Throughput: 4.61316 QPS
FRONTIER_THREAD_RESULT ef=300 thread=0 queries=33 elapsed_s=7.153451939 recall=0.884848475
[35m[search_client_pipelined_reuse_thread.cc:581] Thread 0 returns
[0m[39m[reporter.hh:42] [Batch 0] Compute: 2,897,656.00 ms, Network: 1,334,256.00 ms, Deserialize: 4,895,649.00 ms, Meta Search: 4,669.00 ms, Throughput: 3.57 qps, Total Time: 9,231,014.00 ms
[0mThread 5 EF 300 benchmark:
  Queries executed: 33
  Avg total latency: 279728 us
  Avg meta search latency: 141.485 us
  Avg compute time: 87807.8 us
  Avg network latency: 40432 us
  Avg deserialize time: 148353 us
  Recall: 0.854545
  Throughput: 3.5736 QPS
FRONTIER_THREAD_RESULT ef=300 thread=5 queries=33 elapsed_s=9.234378191 recall=0.854545474
[35m[search_client_pipelined_reuse_thread.cc:581] Thread 5 returns
[0m[39m[reporter.hh:42] [Batch 0] Compute: 2,692,321.00 ms, Network: 1,428,891.00 ms, Deserialize: 4,700,929.00 ms, Meta Search: 4,690.00 ms, Throughput: 3.57 qps, Total Time: 9,243,010.00 ms
[0mThread 6 EF 300 benchmark:
  Queries executed: 33
  Avg total latency: 280091 us
  Avg meta search latency: 142.121 us
  Avg compute time: 81585.5 us
  Avg network latency: 43299.7 us
  Avg deserialize time: 142452 us
  Recall: 0.690909
  Throughput: 3.56867 QPS
FRONTIER_THREAD_RESULT ef=300 thread=6 queries=33 elapsed_s=9.247145565 recall=0.690909088
[35m[search_client_pipelined_reuse_thread.cc:581] Thread 6 returns
[0m[39m[reporter.hh:42] [Batch 0] Compute: 2,826,482.00 ms, Network: 1,265,422.00 ms, Deserialize: 5,308,647.00 ms, Meta Search: 4,710.00 ms, Throughput: 3.07 qps, Total Time: 10,751,014.00 ms
[0mThread 4 EF 300 benchmark:
  Queries executed: 33
  Avg total latency: 325788 us
  Avg meta search latency: 142.727 us
  Avg compute time: 85651 us
  Avg network latency: 38346.1 us
  Avg deserialize time: 160868 us
  Recall: 0.8
  Throughput: 3.06762 QPS
FRONTIER_THREAD_RESULT ef=300 thread=4 queries=33 elapsed_s=10.757527998 recall=0.800000012
[35m[search_client_pipelined_reuse_thread.cc:581] Thread 4 returns
[0m[39m[reporter.hh:42] [Batch 0] Compute: 2,739,210.00 ms, Network: 8,415,343.00 ms, Deserialize: 2,568,356.00 ms, Meta Search: 4,760.00 ms, Throughput: 2.47 qps, Total Time: 13,366,818.00 ms
[0mThread 3 EF 300 benchmark:
  Queries executed: 33
  Avg total latency: 405055 us
  Avg meta search latency: 144.242 us
  Avg compute time: 83006.4 us
  Avg network latency: 255010 us
  Avg deserialize time: 77829 us
  Recall: 0.760606
  Throughput: 2.46838 QPS
FRONTIER_THREAD_RESULT ef=300 thread=3 queries=33 elapsed_s=13.369101420 recall=0.760606050
[35m[search_client_pipelined_reuse_thread.cc:581] Thread 3 returns
[0m[39m[reporter.hh:42] [Batch 0] Compute: 2,732,097.00 ms, Network: 8,781,676.00 ms, Deserialize: 2,441,581.00 ms, Meta Search: 4,453.00 ms, Throughput: 2.44 qps, Total Time: 13,524,925.00 ms
[0mThread 1 EF 300 benchmark:
  Queries executed: 33
  Avg total latency: 409846 us
  Avg meta search latency: 134.939 us
  Avg compute time: 82790.8 us
  Avg network latency: 266111 us
  Avg deserialize time: 73987.3 us
  Recall: 0.821212
  Throughput: 2.43954 QPS
FRONTIER_THREAD_RESULT ef=300 thread=1 queries=33 elapsed_s=13.527143337 recall=0.821212113
[35m[search_client_pipelined_reuse_thread.cc:581] Thread 1 returns
[0m[39m[reporter.hh:42] [Batch 0] Compute: 2,634,316.00 ms, Network: 8,023,594.00 ms, Deserialize: 4,599,131.00 ms, Meta Search: 4,455.00 ms, Throughput: 2.12 qps, Total Time: 15,587,009.00 ms
[0mThread 7 EF 300 benchmark:
  Queries executed: 33
  Avg total latency: 472334 us
  Avg meta search latency: 135 us
  Avg compute time: 79827.8 us
  Avg network latency: 243139 us
  Avg deserialize time: 139368 us
  Recall: 0.739394
  Throughput: 2.11671 QPS
FRONTIER_THREAD_RESULT ef=300 thread=7 queries=33 elapsed_s=15.590208499 recall=0.739393950
[35m[search_client_pipelined_reuse_thread.cc:581] Thread 7 returns
[0m[39m[reporter.hh:42] [Batch 0] Compute: 2,590,445.00 ms, Network: 8,336,249.00 ms, Deserialize: 4,766,609.00 ms, Meta Search: 5,999.00 ms, Throughput: 2.23 qps, Total Time: 16,151,961.00 ms
[0mThread 9 EF 300 benchmark:
  Queries executed: 36
  Avg total latency: 448666 us
  Avg meta search latency: 166.639 us
  Avg compute time: 71956.8 us
  Avg network latency: 231562 us
  Avg deserialize time: 132406 us
  Recall: 0.816667
  Throughput: 2.22835 QPS
FRONTIER_THREAD_RESULT ef=300 thread=9 queries=36 elapsed_s=16.155461495 recall=0.816666663
[35m[search_client_pipelined_reuse_thread.cc:581] Thread 9 returns
[0m[39m[reporter.hh:42] [Batch 0] Compute: 3,023,446.00 ms, Network: 16,572,029.00 ms, Deserialize: 3,996,661.00 ms, Meta Search: 4,214.00 ms, Throughput: 1.44 qps, Total Time: 22,883,008.00 ms
[0mThread 8 EF 300 benchmark:
  Queries executed: 33
  Avg total latency: 693424 us
  Avg meta search latency: 127.697 us
  Avg compute time: 91619.6 us
  Avg network latency: 502183 us
  Avg deserialize time: 121111 us
  Recall: 0.775758
  Throughput: 1.4419 QPS
FRONTIER_THREAD_RESULT ef=300 thread=8 queries=33 elapsed_s=22.886496645 recall=0.775757551
[35m[search_client_pipelined_reuse_thread.cc:581] Thread 8 returns
[0mEF: 300
Thread 0 recall: 0.884848
Thread 0 latency: 216698
Thread 0 network latency: 43445.5
Thread 0 duration_meta_search: 147
Thread 0 compute time: 84464.9
Thread 1 recall: 0.821212
Thread 1 latency: 409846
Thread 1 network latency: 266111
Thread 1 duration_meta_search: 134.939
Thread 1 compute time: 82790.8
Thread 2 recall: 0.590909
Thread 2 latency: 215849
Thread 2 network latency: 44731.2
Thread 2 duration_meta_search: 139.091
Thread 2 compute time: 78299.3
Thread 3 recall: 0.760606
Thread 3 latency: 405055
Thread 3 network latency: 255010
Thread 3 duration_meta_search: 144.242
Thread 3 compute time: 83006.4
Thread 4 recall: 0.8
Thread 4 latency: 325788
Thread 4 network latency: 38346.1
Thread 4 duration_meta_search: 142.727
Thread 4 compute time: 85651
Thread 5 recall: 0.854545
Thread 5 latency: 279728
Thread 5 network latency: 40432
Thread 5 duration_meta_search: 141.485
Thread 5 compute time: 87807.8
Thread 6 recall: 0.690909
Thread 6 latency: 280091
Thread 6 network latency: 43299.7
Thread 6 duration_meta_search: 142.121
Thread 6 compute time: 81585.5
Thread 7 recall: 0.739394
Thread 7 latency: 472334
Thread 7 network latency: 243139
Thread 7 duration_meta_search: 135
Thread 7 compute time: 79827.8
Thread 8 recall: 0.775758
Thread 8 latency: 693424
Thread 8 network latency: 502183
Thread 8 duration_meta_search: 127.697
Thread 8 compute time: 91619.6
Thread 9 recall: 0.816667
Thread 9 latency: 448666
Thread 9 network latency: 231562
Thread 9 duration_meta_search: 166.639
Thread 9 compute time: 71956.8
