query_data_path: ../datasets/gist/gist_query.fvecs
Reading from vector 1 to -1
Seekg position: 0 bytes
Each vector size: 3844 bytes (dim=960)
Reading 333 vectors
Reading 333 vectors
QUERY_GT_SHAPE query_rows=333 ground_truth_rows=333 query_rows_per_ground_truth=1
original_n_query_data = 333
sampling_mod = 1, sampling_count = 0
query_data.size(): 319680
ground_truth.size(): 33300
FRONTIER_QUERY_POOL total_queries=333 threads=10 top_k=10 fixed=1
queries_per_thread: 33
ground_truth.size(): 33300
Using physical cores only (skipping hyperthreads)
[35m[search_client_pipelined_reuse_thread.cc:234] Thread 0 fetch QP authentication key: 1869470124
[0m[35m[search_client_pipelined_reuse_thread.cc:238] Thread 0 RDMA resources initialized
[0m[35m[search_client_pipelined_reuse_thread.cc:234] Thread 1 fetch QP authentication key: 1275373743
[0m[35m[search_client_pipelined_reuse_thread.cc:238] Thread 1 RDMA resources initialized
[0m[35m[search_client_pipelined_reuse_thread.cc:234] Thread 2 fetch QP authentication key: 841148365
[0m[35m[search_client_pipelined_reuse_thread.cc:238] Thread 2 RDMA resources initialized
[0m[35m[search_client_pipelined_reuse_thread.cc:234] Thread 3 fetch QP authentication key: 1186452551
[0m[35m[search_client_pipelined_reuse_thread.cc:238] Thread 3 RDMA resources initialized
[0m[35m[search_client_pipelined_reuse_thread.cc:234] Thread 4 fetch QP authentication key: 1476153275
[0m[35m[search_client_pipelined_reuse_thread.cc:238] Thread 4 RDMA resources initialized
[0m[35m[search_client_pipelined_reuse_thread.cc:234] Thread 5 fetch QP authentication key: 653468858
[0m[35m[search_client_pipelined_reuse_thread.cc:238] Thread 5 RDMA resources initialized
[0m[35m[search_client_pipelined_reuse_thread.cc:234] Thread 6 fetch QP authentication key: 1605908235
[0m[35m[search_client_pipelined_reuse_thread.cc:238] Thread 6 RDMA resources initialized
[0m[35m[search_client_pipelined_reuse_thread.cc:234] Thread 7 fetch QP authentication key: 76065818
[0m[35m[search_client_pipelined_reuse_thread.cc:238] Thread 7 RDMA resources initialized
[0m[35m[search_client_pipelined_reuse_thread.cc:234] Thread 8 fetch QP authentication key: 1789366143
[0m[35m[search_client_pipelined_reuse_thread.cc:238] Thread 8 RDMA resources initialized
[0m[35m[search_client_pipelined_reuse_thread.cc:234] Thread 9 fetch QP authentication key: 1875335928
[0m[35m[search_client_pipelined_reuse_thread.cc:238] Thread 9 RDMA resources initialized
[0m=== gRPC Service Parameters Debug ===
epoch: 0
rdma_base_offset: 0
serialized_meta_hnsw size: 493450 bytes
offset size: 240 elements
offset_para size: 1080 elements
overflow size: 360 elements
mapping size: 120 elements
Thread 0 local_hnsw mapping size: 120
fetch_worker start
deserialize_worker start
search_worker start
=== Thread 0 testing EF = 300 for 20 seconds ===
=== gRPC Service Parameters Debug ===
epoch: 0
rdma_base_offset: 0
serialized_meta_hnsw size: 493450 bytes
offset size: 240 elements
offset_para size: 1080 elements
overflow size: 360 elements
mapping size: 120 elements
Thread 1 local_hnsw mapping size: 120
fetch_worker start
deserialize_worker start
=== Thread 1 testing EF = 300 for 20 seconds ===
search_worker start
=== gRPC Service Parameters Debug ===
epoch: 0
rdma_base_offset: 0
serialized_meta_hnsw size: 493450 bytes
offset size: 240 elements
offset_para size: 1080 elements
overflow size: 360 elements
mapping size: 120 elements
Thread 2 local_hnsw mapping size: === gRPC Service Parameters Debug ===
epoch: 0
rdma_base_offset: 0
serialized_meta_hnsw size: 493450 bytes
offset size: 240 elements
offset_para size: 1080 elements
overflow size: 360 elements
mapping size: 120 elements
Thread 3 local_hnsw mapping size: 120
fetch_worker start
deserialize_worker start
120
fetch_worker start=== Thread 3 testing EF = 300 for 20 seconds ===

search_worker start
deserialize_worker start
search_worker start
=== Thread 2 testing EF = 300 for 20 seconds ===
=== gRPC Service Parameters Debug ===
epoch: 0
rdma_base_offset: 0
serialized_meta_hnsw size: 493450 bytes
offset size: 240 elements
offset_para size: 1080 elements
overflow size: 360 elements
mapping size: 120 elements
Thread 5 local_hnsw mapping size: === gRPC Service Parameters Debug ===
epoch: 0
rdma_base_offset: 0
serialized_meta_hnsw size: 493450 bytes
offset size: 240 elements
offset_para size: 1080 elements
overflow size: 360 elements
mapping size: 120 elements
Thread 4 local_hnsw mapping size: 120
fetch_worker start
deserialize_worker start
=== Thread 5 testing EF = 300 for 20 seconds ===search_worker start

120
fetch_worker start
deserialize_worker start
=== Thread 4 testing EF = 300 for 20 seconds ===
search_worker start
=== gRPC Service Parameters Debug ===
epoch: 0
rdma_base_offset: 0
serialized_meta_hnsw size: 493450 bytes
offset size: 240 elements
offset_para size: 1080 elements
overflow size: 360 elements
mapping size: 120 elements
Thread 7 local_hnsw mapping size: === gRPC Service Parameters Debug ===
epoch: 0
rdma_base_offset: 0
serialized_meta_hnsw size: 493450 bytes
offset size: 240 elements
offset_para size: 1080 elements
overflow size: 360 elements
mapping size: 120 elements
Thread 6 local_hnsw mapping size: 120
fetch_worker start
deserialize_worker start
search_worker start
=== Thread 7 testing EF = 300 for 20 seconds ===
120
fetch_worker start
deserialize_worker start
=== Thread 6 testing EF = 300 for 20 seconds ===
search_worker start
=== gRPC Service Parameters Debug ===
epoch: 0
rdma_base_offset: 0
serialized_meta_hnsw size: 493450 bytes
offset size: 240 elements
offset_para size: 1080 elements
overflow size: 360 elements
mapping size: 120 elements
Thread 8 local_hnsw mapping size: === gRPC Service Parameters Debug ===
epoch: 0
rdma_base_offset: 0
serialized_meta_hnsw size: 493450 bytes
offset size: 240 elements
offset_para size: 1080 elements
overflow size: 360 elements
mapping size: 120 elements
Thread 9 local_hnsw mapping size: 120
fetch_worker start
deserialize_worker start
search_worker start
=== Thread 8 testing EF = 300 for 20 seconds ===
120
fetch_worker start
deserialize_worker start
=== Thread 9 testing EF = 300 for 20 seconds ===
search_worker start
[39m[reporter.hh:42] [Batch 0] Compute: 2,517,735.00 ms, Network: 1,455,857.00 ms, Deserialize: 2,127,925.00 ms, Meta Search: 3,186.00 ms, Throughput: 4.93 qps, Total Time: 6,690,440.00 ms
[0mThread 2 EF 300 benchmark:
  Queries executed: 33
  Avg total latency: 202741 us
  Avg meta search latency: 96.5455 us
  Avg compute time: 76295 us
  Avg network latency: 44116.9 us
  Avg deserialize time: 64482.6 us
  Recall: 0.715151
  Throughput: 4.92963 QPS
FRONTIER_THREAD_RESULT ef=300 thread=2 queries=33 elapsed_s=6.694218148 recall=0.715151489
[35m[search_client_pipelined_reuse_thread.cc:581] Thread 2 returns
[0m[39m[reporter.hh:42] [Batch 0] Compute: 2,572,513.00 ms, Network: 1,481,342.00 ms, Deserialize: 2,259,167.00 ms, Meta Search: 2,507.00 ms, Throughput: 4.90 qps, Total Time: 6,734,451.00 ms
[0mThread 3 EF 300 benchmark:
  Queries executed: 33
  Avg total latency: 204074 us
  Avg meta search latency: 75.9697 us
  Avg compute time: 77954.9 us
  Avg network latency: 44889.2 us
  Avg deserialize time: 68459.6 us
  Recall: 0.787879
  Throughput: 4.89789 QPS
FRONTIER_THREAD_RESULT ef=300 thread=3 queries=33 elapsed_s=6.737590490 recall=0.787878811
[35m[search_client_pipelined_reuse_thread.cc:581] Thread 3 returns
[0m[39m[reporter.hh:42] [Batch 0] Compute: 2,774,236.00 ms, Network: 1,492,725.00 ms, Deserialize: 2,303,556.00 ms, Meta Search: 3,415.00 ms, Throughput: 4.82 qps, Total Time: 6,849,323.00 ms
[0mThread 0 EF 300 benchmark:
  Queries executed: 33
  Avg total latency: 207555 us
  Avg meta search latency: 103.485 us
  Avg compute time: 84067.8 us
  Avg network latency: 45234.1 us
  Avg deserialize time: 69804.7 us
  Recall: 0.772727
  Throughput: 4.81507 QPS
FRONTIER_THREAD_RESULT ef=300 thread=0 queries=33 elapsed_s=6.853485034 recall=0.772727251
[35m[search_client_pipelined_reuse_thread.cc:581] Thread 0 returns
[0m[39m[reporter.hh:42] [Batch 0] Compute: 2,011,666.00 ms, Network: 1,325,100.00 ms, Deserialize: 3,524,300.00 ms, Meta Search: 3,340.00 ms, Throughput: 3.75 qps, Total Time: 8,810,442.00 ms
[0mThread 7 EF 300 benchmark:
  Queries executed: 33
  Avg total latency: 266983 us
  Avg meta search latency: 101.212 us
  Avg compute time: 60959.6 us
  Avg network latency: 40154.5 us
  Avg deserialize time: 106797 us
  Recall: 0.893939
  Throughput: 3.74357 QPS
FRONTIER_THREAD_RESULT ef=300 thread=7 queries=33 elapsed_s=8.815113020 recall=0.893939376
[35m[search_client_pipelined_reuse_thread.cc:581] Thread 7 returns
[0m[39m[reporter.hh:42] [Batch 0] Compute: 2,209,685.00 ms, Network: 5,598,656.00 ms, Deserialize: 3,233,974.00 ms, Meta Search: 3,487.00 ms, Throughput: 2.76 qps, Total Time: 11,966,429.00 ms
[0mThread 6 EF 300 benchmark:
  Queries executed: 33
  Avg total latency: 362619 us
  Avg meta search latency: 105.667 us
  Avg compute time: 66960.2 us
  Avg network latency: 169656 us
  Avg deserialize time: 97999.2 us
  Recall: 0.681818
  Throughput: 2.75685 QPS
FRONTIER_THREAD_RESULT ef=300 thread=6 queries=33 elapsed_s=11.970165618 recall=0.681818187
[35m[search_client_pipelined_reuse_thread.cc:581] Thread 6 returns
[0m[39m[reporter.hh:42] [Batch 0] Compute: 2,847,315.00 ms, Network: 6,667,956.00 ms, Deserialize: 3,145,269.00 ms, Meta Search: 7,663.00 ms, Throughput: 2.61 qps, Total Time: 13,771,808.00 ms
[0mThread 9 EF 300 benchmark:
  Queries executed: 36
  Avg total latency: 382550 us
  Avg meta search latency: 212.861 us
  Avg compute time: 79092.1 us
  Avg network latency: 185221 us
  Avg deserialize time: 87368.6 us
  Recall: 0.622222
  Throughput: 2.61312 QPS
FRONTIER_THREAD_RESULT ef=300 thread=9 queries=36 elapsed_s=13.776628345 recall=0.622222245
[35m[search_client_pipelined_reuse_thread.cc:581] Thread 9 returns
[0m[39m[reporter.hh:42] [Batch 0] Compute: 2,501,612.00 ms, Network: 5,956,516.00 ms, Deserialize: 3,788,997.00 ms, Meta Search: 2,632.00 ms, Throughput: 2.35 qps, Total Time: 14,050,431.00 ms
[0mThread 4 EF 300 benchmark:
  Queries executed: 33
  Avg total latency: 425771 us
  Avg meta search latency: 79.7576 us
  Avg compute time: 75806.4 us
  Avg network latency: 180500 us
  Avg deserialize time: 114818 us
  Recall: 0.812121
  Throughput: 2.34811 QPS
FRONTIER_THREAD_RESULT ef=300 thread=4 queries=33 elapsed_s=14.053874260 recall=0.812121212
[35m[search_client_pipelined_reuse_thread.cc:581] Thread 4 returns
[0m[39m[reporter.hh:42] [Batch 0] Compute: 3,150,820.00 ms, Network: 9,867,485.00 ms, Deserialize: 2,529,773.00 ms, Meta Search: 2,507.00 ms, Throughput: 2.19 qps, Total Time: 15,035,495.00 ms
[0mThread 1 EF 300 benchmark:
  Queries executed: 33
  Avg total latency: 455621 us
  Avg meta search latency: 75.9697 us
  Avg compute time: 95479.4 us
  Avg network latency: 299015 us
  Avg deserialize time: 76659.8 us
  Recall: 0.730303
  Throughput: 2.19448 QPS
FRONTIER_THREAD_RESULT ef=300 thread=1 queries=33 elapsed_s=15.037724393 recall=0.730303049
[35m[search_client_pipelined_reuse_thread.cc:581] Thread 1 returns
[0m[39m[reporter.hh:42] [Batch 0] Compute: 2,803,903.00 ms, Network: 13,881,340.00 ms, Deserialize: 2,687,287.00 ms, Meta Search: 2,516.00 ms, Throughput: 1.67 qps, Total Time: 19,742,445.00 ms
[0mThread 8 EF 300 benchmark:
  Queries executed: 33
  Avg total latency: 598256 us
  Avg meta search latency: 76.2424 us
  Avg compute time: 84966.8 us
  Avg network latency: 420647 us
  Avg deserialize time: 81432.9 us
  Recall: 0.727273
  Throughput: 1.6712 QPS
FRONTIER_THREAD_RESULT ef=300 thread=8 queries=33 elapsed_s=19.746282025 recall=0.727272749
[35m[search_client_pipelined_reuse_thread.cc:581] Thread 8 returns
[0m[39m[reporter.hh:42] [Batch 0] Compute: 2,906,454.00 ms, Network: 14,754,884.00 ms, Deserialize: 2,984,995.00 ms, Meta Search: 14,862.00 ms, Throughput: 1.62 qps, Total Time: 20,346,429.00 ms
[0mThread 5 EF 300 benchmark:
  Queries executed: 33
  Avg total latency: 616558 us
  Avg meta search latency: 450.364 us
  Avg compute time: 88074.4 us
  Avg network latency: 447118 us
  Avg deserialize time: 90454.4 us
  Recall: 0.784849
  Throughput: 1.62164 QPS
FRONTIER_THREAD_RESULT ef=300 thread=5 queries=33 elapsed_s=20.349831012 recall=0.784848511
[35m[search_client_pipelined_reuse_thread.cc:581] Thread 5 returns
[0mEF: 300
Thread 0 recall: 0.772727
Thread 0 latency: 207555
Thread 0 network latency: 45234.1
Thread 0 duration_meta_search: 103.485
Thread 0 compute time: 84067.8
Thread 1 recall: 0.730303
Thread 1 latency: 455621
Thread 1 network latency: 299015
Thread 1 duration_meta_search: 75.9697
Thread 1 compute time: 95479.4
Thread 2 recall: 0.715151
Thread 2 latency: 202741
Thread 2 network latency: 44116.9
Thread 2 duration_meta_search: 96.5455
Thread 2 compute time: 76295
Thread 3 recall: 0.787879
Thread 3 latency: 204074
Thread 3 network latency: 44889.2
Thread 3 duration_meta_search: 75.9697
Thread 3 compute time: 77954.9
Thread 4 recall: 0.812121
Thread 4 latency: 425771
Thread 4 network latency: 180500
Thread 4 duration_meta_search: 79.7576
Thread 4 compute time: 75806.4
Thread 5 recall: 0.784849
Thread 5 latency: 616558
Thread 5 network latency: 447118
Thread 5 duration_meta_search: 450.364
Thread 5 compute time: 88074.4
Thread 6 recall: 0.681818
Thread 6 latency: 362619
Thread 6 network latency: 169656
Thread 6 duration_meta_search: 105.667
Thread 6 compute time: 66960.2
Thread 7 recall: 0.893939
Thread 7 latency: 266983
Thread 7 network latency: 40154.5
Thread 7 duration_meta_search: 101.212
Thread 7 compute time: 60959.6
Thread 8 recall: 0.727273
Thread 8 latency: 598256
Thread 8 network latency: 420647
Thread 8 duration_meta_search: 76.2424
Thread 8 compute time: 84966.8
Thread 9 recall: 0.622222
Thread 9 latency: 382550
Thread 9 network latency: 185221
Thread 9 duration_meta_search: 212.861
Thread 9 compute time: 79092.1
