============================================================
                        CLIENT
============================================================
connect to:                   [skv-node5, ]
is initiator:                 true
TCP port:                     1298
IB port:                      1
max outstanding CQEs:         16
max send work requests:       1024
max receive work requests:    1024
============================================================
index region bytes:           17179869184
data path:                    "/home/kvgroup/chaomei/hnsw-data/deep10m/"
query suffix:                 uniform
number of threads:            10
number of coroutines:         2
query QP/CQ contexts:         10
threads pinned:               true
seed:                         1234
------------------------------------------------------------
K:                            10
M:                            32
ef search:                    48
ef construction:              200
spec-k (GraphBeyond C1):      1
============================================================
2 device(s) found
Selected device: mlx5_1 (idx=1)
Link layer: Ethernet (RoCE), using GID index 3 (local IPv4 10.0.0.67)
num_cores: 80
physical cores per socket: 20
hyperthreading enabled
interleaved policy
[STATUS]: LAVD neighborhood region: requested bytes=42949672960, resolved bytes=42949672960
client id: 0
number of clients: 1
connect to server skv-node5
pairing: 128590 -- 14321
[STATUS]: pinned main thread to core 20
[STATUS]: receive access tokens of remote memory regions
[STATUS]: LAVD neighborhood region: registered bytes per MN=42949672960
reading input data... (dim=96, num vectors=10000/10000, filesize=3840008)
reading input data... (dim=10, num vectors=10000/10000, filesize=400008)
[STATUS]: allocate worker threads and read buffers
allocated ALIGNED MEM (no hugepage) at 140026374697024 with buffer size 4294967296
2 device(s) found
Selected device: mlx5_1 (idx=1)
Link layer: Ethernet (RoCE), using GID index 3 (local IPv4 10.0.0.67)
pairing: 128591 -- 14322
2 device(s) found
Selected device: mlx5_1 (idx=1)
Link layer: Ethernet (RoCE), using GID index 3 (local IPv4 10.0.0.67)
pairing: 128592 -- 14323
2 device(s) found
Selected device: mlx5_1 (idx=1)
Link layer: Ethernet (RoCE), using GID index 3 (local IPv4 10.0.0.67)
pairing: 128593 -- 14324
2 device(s) found
Selected device: mlx5_1 (idx=1)
Link layer: Ethernet (RoCE), using GID index 3 (local IPv4 10.0.0.67)
pairing: 128594 -- 14325
2 device(s) found
Selected device: mlx5_1 (idx=1)
Link layer: Ethernet (RoCE), using GID index 3 (local IPv4 10.0.0.67)
pairing: 128595 -- 14326
2 device(s) found
Selected device: mlx5_1 (idx=1)
Link layer: Ethernet (RoCE), using GID index 3 (local IPv4 10.0.0.67)
pairing: 128596 -- 14327
2 device(s) found
Selected device: mlx5_1 (idx=1)
Link layer: Ethernet (RoCE), using GID index 3 (local IPv4 10.0.0.67)
pairing: 128597 -- 14328
2 device(s) found
Selected device: mlx5_1 (idx=1)
Link layer: Ethernet (RoCE), using GID index 3 (local IPv4 10.0.0.67)
pairing: 128598 -- 14329
2 device(s) found
Selected device: mlx5_1 (idx=1)
Link layer: Ethernet (RoCE), using GID index 3 (local IPv4 10.0.0.67)
pairing: 128599 -- 14330
2 device(s) found
Selected device: mlx5_1 (idx=1)
Link layer: Ethernet (RoCE), using GID index 3 (local IPv4 10.0.0.67)
pairing: 128600 -- 14331
[STATUS]: synchronize compute nodes
[STATUS]: LAVD: building neighborhood region
[LAVD][multi] start build, num_mns=1 bits=8 stride=7176 rabitq_b=0
[LAVD][multi] MN 0 staged-read 9282606464B via 67108864B MR
[LAVD][multi] parsed N=10000000 uids across 1 MNs
[LAVD][native][export] N=10000000 mns=1 policy=block_cyclic mode=packed_write packed_region=71760016384 sparse_region=71760016384 saved=0 MN[0]_blocks=10000000 MN[0]_bytes=71760016384
[LAVD][varblock][multi] MN[0] offset_table written: L=10000000 table_bytes=80000008 blocks_total=37785033632 avg_stride=3778
LAVD_PHYSICAL_ACCOUNTING {"descriptor_version":2,"policy":"block_cyclic","record_layout":"variable","scoring_code":"scalar","scoring_bits":8,"total_slots":10000000,"num_mns":1,"mn":0,"local_slots":10000000,"header_bytes":16384,"budget_map_bytes":0,"placement_padding_bytes":0,"offset_table_bytes":80000008,"record_bytes":37785033632,"materialized_bytes":37865050024,"registered_bytes":42949672960,"actual_write_bytes":37865050024}
[LAVD][multi] build done: N=10000000 edges=336652086 avg_deg=33.6652 MN[0]=10000000
[LAVD][multi] retained authoritative snapshot for resident upper graph: shards=1
[STATUS]: synchronize compute nodes
[LAVD][native] packed addressing restored from descriptor: N=10000000 mns=1 policy=block_cyclic layout=variable descriptor_version=2 packed_bytes=37865050024 sparse_bytes=0
[STATUS]: LAVD: config ready (bits=8 stride=7176 rerank=24)
[STATUS]: CRANE: building CN-resident upper-nav cache
[CRANE][multi] reused authoritative build snapshot: shards=1
[CRANE][multi] upper cache built: U=312393 (96-d) comp=119958912B entry_uid=68397 num_mns=1
[STATUS]: construct placement datastructure
  fetched 1 nodes on level 5
  fetched 7 nodes on level 4
  fetched 274 nodes on level 3
  fetched 9703 nodes on level 2
[STATUS]: run balanced k-means
run kmeans
cluster sizes:
  cluster 0: 5705
  cluster 1: 3998
  final iteration: 13, final error: 0.000572924
run balanced kmeans
num iterations: 296
reported cluster sizes:
  cluster 0: 4852
  cluster 1: 4851
actual cluster sizes:
  cluster 0: 4959
  cluster 1: 4744
combine clusters
final cluster sizes:
  cluster 0: 9703
final mapping: 0 0 
[STATUS]: synchronize compute nodes
[STATUS]: run queries
allocated ALIGNED MEM (no hugepage) at 94717553352448 with buffer size 313600
routing buffer size: 313600
[STATUS]: **QUERY**: running worker threads...
[STATUS]: pinned thread 1 to core 0
[STATUS]: pinned thread 2 to core 21
[STATUS]: pinned thread 3 to core 1
[STATUS]: pinned thread 4 to core 22
[STATUS]: pinned thread 5 to core 2
[STATUS]: pinned thread 6 to core 23
[STATUS]: pinned thread 7 to core 3
[STATUS]: pinned thread 8 to core 24
[STATUS]: pinned thread 9 to core 4
query 0/10000
query 1000/10000
query 2000/10000
query 3000/10000
query 4000/10000
query 5000/10000
query 6000/10000
query 7000/10000
query 8000/10000
query 9000/10000
[STATUS]: join compute threads
t0 processed: 1015, CHR: 0
t1 processed: 984, CHR: 0
t2 processed: 1036, CHR: 0
t3 processed: 1033, CHR: 0
t4 processed: 957, CHR: 0
t5 processed: 976, CHR: 0
t6 processed: 1019, CHR: 0
t7 processed: 1030, CHR: 0
t8 processed: 973, CHR: 0
t9 processed: 977, CHR: 0
[STATUS]: processed queries: 10000
[STATUS]: local recall: 0.931840
[STATUS]: collect statistics and timings from compute nodes

statistics:
cache histogram
  size: 0 | freq: 1155483
total entries: 0
cooling table histogram
  size: 0 | freq: 19258
  size: 1 | freq: 0
  size: 2 | freq: 0
  size: 3 | freq: 0
  size: 4 | freq: 0
  size: 5 | freq: 0
  size: 6 | freq: 0
CT total entries: 0
