============================================================
                        SERVER
============================================================
num clients:                  1
TCP port:                     1300
IB port:                      1
max outstanding CQEs:         16
max send work requests:       1024
max receive work requests:    1024
============================================================
index region bytes:           4294967296
2 device(s) found
Selected device: mlx5_1 (idx=1)
Link layer: Ethernet (RoCE), using GID index 3 (local IPv4 10.0.0.65)
num_cores: 80
physical cores per socket: 20
hyperthreading enabled
interleaved policy
pairing: 15901 -- 187915
[STATUS]: pinned main thread to core 20
[STATUS]: query QP/CQ contexts per compute node=10
[STATUS]: LAVD neighborhood region: resolved bytes=3221225472
allocation size: 4294967296
allocated ALIGNED MEM (no hugepage) at 140330148384832 with buffer size 4294967296
allocated ALIGNED MEM (no hugepage) at 140326927155264 with buffer size 3221225472
[STATUS]: LAVD neighborhood region: allocated bytes=3221225472
[STATUS]: register memory and distribute access token
[STATUS]: LAVD neighborhood region: registered bytes=3221225472
[STATUS]: connect QPs of compute threads
pairing: 15902 -- 187918
pairing: 15903 -- 187921
pairing: 15904 -- 187924
pairing: 15905 -- 187927
pairing: 15906 -- 187930
pairing: 15907 -- 187933
pairing: 15908 -- 187936
pairing: 15909 -- 187939
pairing: 15910 -- 187942
pairing: 15911 -- 187945
[STATUS]: idle: index construction
[STATUS]: loading index (1376205248 Bytes) from /home/kvgroup/chaomei/hnsw-data/gist1m/dump/index_m16_efc100_node3_of3.dat
[STATUS]: query processing
[STATUS]: idle: queries
	Command being timed: "/home/kvgroup/chaomei/graphbeyond-vldb-closure-20260713/build-final-v5/shine --is-server --num-clients 1 --port 1300 --index-region-bytes 4294967296"
	User time (seconds): 45.93
	System time (seconds): 4.01
	Percent of CPU this job got: 90%
	Elapsed (wall clock) time (h:mm:ss or m:ss): 0:55.33
	Average shared text size (kbytes): 0
	Average unshared data size (kbytes): 0
	Average stack size (kbytes): 0
	Average total size (kbytes): 0
	Maximum resident set size (kbytes): 7355644
	Average resident set size (kbytes): 0
	Major (requiring I/O) page faults: 0
	Minor (reclaiming a frame) page faults: 1837650
	Voluntary context switches: 421
	Involuntary context switches: 153
	Swaps: 0
	File system inputs: 0
	File system outputs: 40
	Socket messages sent: 0
	Socket messages received: 0
	Signals delivered: 0
	Page size (bytes): 4096
	Exit status: 0
