============================================================
                        SERVER
============================================================
num clients:                  1
TCP port:                     1300
IB port:                      1
max outstanding CQEs:         16
max send work requests:       1024
max receive work requests:    1024
============================================================
index region bytes:           4294967296
2 device(s) found
Selected device: mlx5_1 (idx=1)
Link layer: Ethernet (RoCE), using GID index 3 (local IPv4 10.0.0.63)
num_cores: 80
physical cores per socket: 20
hyperthreading enabled
interleaved policy
pairing: 12691 -- 188573
[STATUS]: pinned main thread to core 20
[STATUS]: query QP/CQ contexts per compute node=10
[STATUS]: LAVD neighborhood region: resolved bytes=2147483648
allocation size: 4294967296
allocated ALIGNED MEM (no hugepage) at 140398774186048 with buffer size 4294967296
allocated ALIGNED MEM (no hugepage) at 140396626698304 with buffer size 2147483648
[STATUS]: LAVD neighborhood region: allocated bytes=2147483648
[STATUS]: register memory and distribute access token
[STATUS]: LAVD neighborhood region: registered bytes=2147483648
[STATUS]: connect QPs of compute threads
pairing: 12692 -- 188576
pairing: 12693 -- 188579
pairing: 12694 -- 188582
pairing: 12695 -- 188585
pairing: 12696 -- 188588
pairing: 12697 -- 188591
pairing: 12698 -- 188594
pairing: 12699 -- 188597
pairing: 12700 -- 188600
pairing: 12701 -- 188603
[STATUS]: idle: index construction
[STATUS]: loading index (1376191224 Bytes) from /home/kvgroup/chaomei/hnsw-data/gist1m/dump/index_m16_efc100_node1_of3.dat
[STATUS]: query processing
[STATUS]: idle: queries
	Command being timed: "/home/kvgroup/chaomei/graphbeyond-vldb-closure-20260713/build-final-v5/shine --is-server --num-clients 1 --port 1300 --index-region-bytes 4294967296"
	User time (seconds): 44.19
	System time (seconds): 3.92
	Percent of CPU this job got: 86%
	Elapsed (wall clock) time (h:mm:ss or m:ss): 0:55.39
	Average shared text size (kbytes): 0
	Average unshared data size (kbytes): 0
	Average stack size (kbytes): 0
	Average total size (kbytes): 0
	Maximum resident set size (kbytes): 6306836
	Average resident set size (kbytes): 0
	Major (requiring I/O) page faults: 0
	Minor (reclaiming a frame) page faults: 1575594
	Voluntary context switches: 412
	Involuntary context switches: 5038
	Swaps: 0
	File system inputs: 0
	File system outputs: 48
	Socket messages sent: 0
	Socket messages received: 0
	Signals delivered: 0
	Page size (bytes): 4096
	Exit status: 0
