============================================================
                        SERVER
============================================================
num clients:                  1
TCP port:                     1300
IB port:                      1
max outstanding CQEs:         16
max send work requests:       1024
max receive work requests:    1024
============================================================
index region bytes:           4294967296
2 device(s) found
Selected device: mlx5_1 (idx=1)
Link layer: Ethernet (RoCE), using GID index 3 (local IPv4 10.0.0.64)
num_cores: 80
physical cores per socket: 20
hyperthreading enabled
interleaved policy
pairing: 2367 -- 188013
[STATUS]: pinned main thread to core 20
[STATUS]: query QP/CQ contexts per compute node=10
[STATUS]: LAVD neighborhood region: resolved bytes=3221225472
allocation size: 4294967296
allocated ALIGNED MEM (no hugepage) at 140013250342976 with buffer size 4294967296
allocated ALIGNED MEM (no hugepage) at 140010029113408 with buffer size 3221225472
[STATUS]: LAVD neighborhood region: allocated bytes=3221225472
[STATUS]: register memory and distribute access token
[STATUS]: LAVD neighborhood region: registered bytes=3221225472
[STATUS]: connect QPs of compute threads
pairing: 2368 -- 188016
pairing: 2369 -- 188019
pairing: 2370 -- 188022
pairing: 2371 -- 188025
pairing: 2372 -- 188028
pairing: 2373 -- 188031
pairing: 2374 -- 188034
pairing: 2375 -- 188037
pairing: 2376 -- 188040
pairing: 2377 -- 188043
[STATUS]: idle: index construction
[STATUS]: loading index (1376176688 Bytes) from /home/kvgroup/chaomei/hnsw-data/gist1m/dump/index_m16_efc100_node2_of3.dat
[STATUS]: query processing
[STATUS]: idle: queries
	Command being timed: "/home/kvgroup/chaomei/graphbeyond-vldb-closure-20260713/build-final-v5/shine --is-server --num-clients 1 --port 1300 --index-region-bytes 4294967296"
	User time (seconds): 45.28
	System time (seconds): 5.12
	Percent of CPU this job got: 89%
	Elapsed (wall clock) time (h:mm:ss or m:ss): 0:56.21
	Average shared text size (kbytes): 0
	Average unshared data size (kbytes): 0
	Average stack size (kbytes): 0
	Average total size (kbytes): 0
	Maximum resident set size (kbytes): 7355404
	Average resident set size (kbytes): 0
	Major (requiring I/O) page faults: 0
	Minor (reclaiming a frame) page faults: 1969112
	Voluntary context switches: 430
	Involuntary context switches: 423
	Swaps: 0
	File system inputs: 0
	File system outputs: 56
	Socket messages sent: 0
	Socket messages received: 0
	Signals delivered: 0
	Page size (bytes): 4096
	Exit status: 0
