============================================================
                        SERVER
============================================================
num clients:                  1
TCP port:                     21036
IB port:                      1
max outstanding CQEs:         16
max send work requests:       1024
max receive work requests:    1024
============================================================
index region bytes:           4294967296
2 device(s) found
Selected device: mlx5_1 (idx=1)
Link layer: Ethernet (RoCE), using GID index 3 (local IPv4 10.0.0.65)
num_cores: 80
physical cores per socket: 20
hyperthreading enabled
interleaved policy
pairing: 19439 -- 15226
[STATUS]: pinned main thread to core 20
[STATUS]: query QP/CQ contexts per compute node=16
[STATUS]: LAVD neighborhood region: resolved bytes=4294967296
allocation size: 4294967296
allocated ALIGNED MEM (no hugepage) at 140009516208192 with buffer size 4294967296
allocated ALIGNED MEM (no hugepage) at 140005221236800 with buffer size 4294967296
[STATUS]: LAVD neighborhood region: allocated bytes=4294967296
[STATUS]: register memory and distribute access token
[STATUS]: LAVD neighborhood region: registered bytes=4294967296
[STATUS]: connect QPs of compute threads
pairing: 19440 -- 15227
pairing: 19441 -- 15228
pairing: 19442 -- 15229
pairing: 19443 -- 15230
pairing: 19444 -- 15231
pairing: 19445 -- 15232
pairing: 19446 -- 15233
pairing: 19447 -- 15234
pairing: 19448 -- 15235
pairing: 19449 -- 15236
pairing: 19450 -- 15237
pairing: 19451 -- 15238
pairing: 19452 -- 15239
pairing: 19453 -- 15240
pairing: 19454 -- 15241
pairing: 19455 -- 15242
[STATUS]: idle: index construction
[STATUS]: loading index (672573128 Bytes) from /home/kvgroup/chaomei/hnsw-data/deep1m/dump/index_m16_efc100_node1_of1.dat
[STATUS]: query processing
[STATUS]: idle: queries
