============================================================
                        SERVER
============================================================
num clients:                  1
TCP port:                     21045
IB port:                      1
max outstanding CQEs:         16
max send work requests:       1024
max receive work requests:    1024
============================================================
index region bytes:           4294967296
2 device(s) found
Selected device: mlx5_1 (idx=1)
Link layer: Ethernet (RoCE), using GID index 3 (local IPv4 10.0.0.65)
num_cores: 80
physical cores per socket: 20
hyperthreading enabled
interleaved policy
pairing: 19592 -- 15379
[STATUS]: pinned main thread to core 20
[STATUS]: query QP/CQ contexts per compute node=16
[STATUS]: LAVD neighborhood region: resolved bytes=4294967296
allocation size: 4294967296
allocated ALIGNED MEM (no hugepage) at 140113617924160 with buffer size 4294967296
allocated ALIGNED MEM (no hugepage) at 140109322952768 with buffer size 4294967296
[STATUS]: LAVD neighborhood region: allocated bytes=4294967296
[STATUS]: register memory and distribute access token
[STATUS]: LAVD neighborhood region: registered bytes=4294967296
[STATUS]: connect QPs of compute threads
pairing: 19593 -- 15380
pairing: 19594 -- 15381
pairing: 19595 -- 15382
pairing: 19596 -- 15383
pairing: 19597 -- 15384
pairing: 19598 -- 15385
pairing: 19599 -- 15386
pairing: 19600 -- 15387
pairing: 19601 -- 15388
pairing: 19602 -- 15389
pairing: 19603 -- 15390
pairing: 19604 -- 15391
pairing: 19605 -- 15392
pairing: 19606 -- 15393
pairing: 19607 -- 15394
pairing: 19608 -- 15395
[STATUS]: idle: index construction
[STATUS]: loading index (672573128 Bytes) from /home/kvgroup/chaomei/hnsw-data/deep1m/dump/index_m16_efc100_node1_of1.dat
[STATUS]: query processing
[STATUS]: idle: queries
