	Command being timed: "/home/kvgroup/chaomei/graphbeyond-hnswlib-converter-v1-20260714/convert_hnswlib_dump --input /home/kvgroup/chaomei/graphbeyond-hnswlib-converter-v1-20260714/formal-tti10m-v1/tti10m_m16_efc100_seed47.hnswlib --output /home/kvgroup/chaomei/graphbeyond-hnswlib-converter-v1-20260714/formal-tti10m-v1/index_m16_efc100_node1_of1.dat --dim 200 --expect-m 16 --expect-ef-construction 100 --manifest /home/kvgroup/chaomei/graphbeyond-hnswlib-converter-v1-20260714/formal-tti10m-v1/conversion.json"
	User time (seconds): 150.29
	System time (seconds): 13.92
	Percent of CPU this job got: 99%
	Elapsed (wall clock) time (h:mm:ss or m:ss): 2:45.57
	Average shared text size (kbytes): 0
	Average unshared data size (kbytes): 0
	Average stack size (kbytes): 0
	Average total size (kbytes): 0
	Maximum resident set size (kbytes): 20401852
	Average resident set size (kbytes): 0
	Major (requiring I/O) page faults: 0
	Minor (reclaiming a frame) page faults: 458694
	Voluntary context switches: 32
	Involuntary context switches: 17047
	Swaps: 0
	File system inputs: 0
	File system outputs: 21261088
	Socket messages sent: 0
	Socket messages received: 0
	Signals delivered: 0
	Page size (bytes): 4096
	Exit status: 0
