============================================================
                        SERVER
============================================================
num clients:                  1
TCP port:                     21153
IB port:                      1
max outstanding CQEs:         16
max send work requests:       1024
max receive work requests:    1024
============================================================
index region bytes:           8589934592
2 device(s) found
Selected device: mlx5_1 (idx=1)
Link layer: Ethernet (RoCE), using GID index 3 (local IPv4 10.0.0.65)
num_cores: 80
physical cores per socket: 20
hyperthreading enabled
interleaved policy
pairing: 21428 -- 17215
[STATUS]: pinned main thread to core 20
[STATUS]: query QP/CQ contexts per compute node=16
[STATUS]: LAVD neighborhood region: resolved bytes=8589934592
allocation size: 8589934592
allocated ALIGNED MEM (no hugepage) at 139724299550784 with buffer size 8589934592
allocated ALIGNED MEM (no hugepage) at 139715709612096 with buffer size 8589934592
[STATUS]: LAVD neighborhood region: allocated bytes=8589934592
[STATUS]: register memory and distribute access token
[STATUS]: LAVD neighborhood region: registered bytes=8589934592
[STATUS]: connect QPs of compute threads
pairing: 21429 -- 17216
pairing: 21430 -- 17217
pairing: 21431 -- 17218
pairing: 21432 -- 17219
pairing: 21433 -- 17220
pairing: 21434 -- 17221
pairing: 21435 -- 17222
pairing: 21436 -- 17223
pairing: 21437 -- 17224
pairing: 21438 -- 17225
pairing: 21439 -- 17226
pairing: 21440 -- 17227
pairing: 21441 -- 17228
pairing: 21442 -- 17229
pairing: 21443 -- 17230
pairing: 21444 -- 17231
[STATUS]: idle: index construction
[STATUS]: loading index (4128573128 Bytes) from /home/kvgroup/chaomei/hnsw-data/gist1m/dump/index_m16_efc100_node1_of1.dat
[STATUS]: query processing
[STATUS]: idle: queries
