============================================================
                        SERVER
============================================================
num clients:                  1
TCP port:                     21118
IB port:                      1
max outstanding CQEs:         16
max send work requests:       1024
max receive work requests:    1024
============================================================
index region bytes:           4294967296
2 device(s) found
Selected device: mlx5_1 (idx=1)
Link layer: Ethernet (RoCE), using GID index 3 (local IPv4 10.0.0.65)
num_cores: 80
physical cores per socket: 20
hyperthreading enabled
interleaved policy
pairing: 20833 -- 16620
[STATUS]: pinned main thread to core 20
[STATUS]: query QP/CQ contexts per compute node=16
[STATUS]: LAVD neighborhood region: resolved bytes=4294967296
allocation size: 4294967296
allocated ALIGNED MEM (no hugepage) at 139647660924992 with buffer size 4294967296
allocated ALIGNED MEM (no hugepage) at 139643365953600 with buffer size 4294967296
[STATUS]: LAVD neighborhood region: allocated bytes=4294967296
[STATUS]: register memory and distribute access token
[STATUS]: LAVD neighborhood region: registered bytes=4294967296
[STATUS]: connect QPs of compute threads
pairing: 20834 -- 16621
pairing: 20835 -- 16622
pairing: 20836 -- 16623
pairing: 20837 -- 16624
pairing: 20838 -- 16625
pairing: 20839 -- 16626
pairing: 20840 -- 16627
pairing: 20841 -- 16628
pairing: 20842 -- 16629
pairing: 20843 -- 16630
pairing: 20844 -- 16631
pairing: 20845 -- 16632
pairing: 20846 -- 16633
pairing: 20847 -- 16634
pairing: 20848 -- 16635
pairing: 20849 -- 16636
[STATUS]: idle: index construction
[STATUS]: loading index (800573128 Bytes) from /home/kvgroup/chaomei/hnsw-data/sift1m/dump/index_m16_efc100_node1_of1.dat
[STATUS]: query processing
[STATUS]: idle: queries
