============================================================
                        SERVER
============================================================
num clients:                  1
TCP port:                     21017
IB port:                      1
max outstanding CQEs:         16
max send work requests:       1024
max receive work requests:    1024
============================================================
index region bytes:           4294967296
2 device(s) found
Selected device: mlx5_1 (idx=1)
Link layer: Ethernet (RoCE), using GID index 3 (local IPv4 10.0.0.65)
num_cores: 80
physical cores per socket: 20
hyperthreading enabled
interleaved policy
pairing: 19116 -- 14903
[STATUS]: pinned main thread to core 20
[STATUS]: query QP/CQ contexts per compute node=16
[STATUS]: LAVD neighborhood region: resolved bytes=4294967296
allocation size: 4294967296
allocated ALIGNED MEM (no hugepage) at 140526520541248 with buffer size 4294967296
allocated ALIGNED MEM (no hugepage) at 140522225569856 with buffer size 4294967296
[STATUS]: LAVD neighborhood region: allocated bytes=4294967296
[STATUS]: register memory and distribute access token
[STATUS]: LAVD neighborhood region: registered bytes=4294967296
[STATUS]: connect QPs of compute threads
pairing: 19117 -- 14904
pairing: 19118 -- 14905
pairing: 19119 -- 14906
pairing: 19120 -- 14907
pairing: 19121 -- 14908
pairing: 19122 -- 14909
pairing: 19123 -- 14910
pairing: 19124 -- 14911
pairing: 19125 -- 14912
pairing: 19126 -- 14913
pairing: 19127 -- 14914
pairing: 19128 -- 14915
pairing: 19129 -- 14916
pairing: 19130 -- 14917
pairing: 19131 -- 14918
pairing: 19132 -- 14919
[STATUS]: idle: index construction
[STATUS]: loading index (672573128 Bytes) from /home/kvgroup/chaomei/hnsw-data/deep1m/dump/index_m16_efc100_node1_of1.dat
[STATUS]: query processing
[STATUS]: idle: queries
