============================================================
                        CLIENT
============================================================
connect to:                   [skv-node3, skv-node4, skv-node5, skv-node6, skv-node7, ]
is initiator:                 true
TCP port:                     1300
IB port:                      1
max outstanding CQEs:         16
max send work requests:       1024
max receive work requests:    1024
============================================================
index region bytes:           4294967296
data path:                    "/home/kvgroup/chaomei/hnsw-data/gist1m"
query suffix:                 u10k
number of threads:            10
number of coroutines:         2
query QP/CQ contexts:         10
threads pinned:               true
seed:                         1234
------------------------------------------------------------
K:                            10
M:                            16
ef search:                    400
ef construction:              100
spec-k (GraphBeyond C1):      1
============================================================
2 device(s) found
Selected device: mlx5_1 (idx=1)
Link layer: Ethernet (RoCE), using GID index 3 (local IPv4 10.0.0.61)
num_cores: 80
physical cores per socket: 20
hyperthreading enabled
interleaved policy
[STATUS]: LAVD neighborhood region: requested bytes=2147483648, resolved bytes=2147483648
client id: 0
number of clients: 1
connect to server skv-node3
pairing: 188188 -- 12548
connect to server skv-node4
pairing: 188189 -- 2411
connect to server skv-node5
pairing: 188190 -- 15978
connect to server skv-node6
pairing: 188191 -- 28472
connect to server skv-node7
pairing: 188192 -- 130324
[STATUS]: pinned main thread to core 20
[STATUS]: receive access tokens of remote memory regions
[STATUS]: LAVD neighborhood region: registered bytes per MN=2147483648
reading input data... (dim=960, num vectors=10000/10000, filesize=38400008)
reading input data... (dim=100, num vectors=10000/10000, filesize=4000008)
[STATUS]: allocate worker threads and read buffers
allocated ALIGNED MEM (no hugepage) at 139770641952832 with buffer size 4294967296
2 device(s) found
Selected device: mlx5_1 (idx=1)
Link layer: Ethernet (RoCE), using GID index 3 (local IPv4 10.0.0.61)
pairing: 188193 -- 12549
pairing: 188194 -- 2412
pairing: 188195 -- 15979
pairing: 188196 -- 28473
pairing: 188197 -- 130325
2 device(s) found
Selected device: mlx5_1 (idx=1)
Link layer: Ethernet (RoCE), using GID index 3 (local IPv4 10.0.0.61)
pairing: 188198 -- 12550
pairing: 188199 -- 2413
pairing: 188200 -- 15980
pairing: 188201 -- 28474
pairing: 188202 -- 130326
2 device(s) found
Selected device: mlx5_1 (idx=1)
Link layer: Ethernet (RoCE), using GID index 3 (local IPv4 10.0.0.61)
pairing: 188203 -- 12551
pairing: 188204 -- 2414
pairing: 188205 -- 15981
pairing: 188206 -- 28475
pairing: 188207 -- 130327
2 device(s) found
Selected device: mlx5_1 (idx=1)
Link layer: Ethernet (RoCE), using GID index 3 (local IPv4 10.0.0.61)
pairing: 188208 -- 12552
pairing: 188209 -- 2415
pairing: 188210 -- 15982
pairing: 188211 -- 28476
pairing: 188212 -- 130328
2 device(s) found
Selected device: mlx5_1 (idx=1)
Link layer: Ethernet (RoCE), using GID index 3 (local IPv4 10.0.0.61)
pairing: 188213 -- 12553
pairing: 188214 -- 2416
pairing: 188215 -- 15983
pairing: 188216 -- 28477
pairing: 188217 -- 130329
2 device(s) found
Selected device: mlx5_1 (idx=1)
Link layer: Ethernet (RoCE), using GID index 3 (local IPv4 10.0.0.61)
pairing: 188218 -- 12554
pairing: 188219 -- 2417
pairing: 188220 -- 15984
pairing: 188221 -- 28478
pairing: 188222 -- 130330
2 device(s) found
Selected device: mlx5_1 (idx=1)
Link layer: Ethernet (RoCE), using GID index 3 (local IPv4 10.0.0.61)
pairing: 188223 -- 12555
pairing: 188224 -- 2418
pairing: 188225 -- 15985
pairing: 188226 -- 28479
pairing: 188227 -- 130331
2 device(s) found
Selected device: mlx5_1 (idx=1)
Link layer: Ethernet (RoCE), using GID index 3 (local IPv4 10.0.0.61)
pairing: 188228 -- 12556
pairing: 188229 -- 2419
pairing: 188230 -- 15986
pairing: 188231 -- 28480
pairing: 188232 -- 130332
2 device(s) found
Selected device: mlx5_1 (idx=1)
Link layer: Ethernet (RoCE), using GID index 3 (local IPv4 10.0.0.61)
pairing: 188233 -- 12557
pairing: 188234 -- 2420
pairing: 188235 -- 15987
pairing: 188236 -- 28481
pairing: 188237 -- 130333
2 device(s) found
Selected device: mlx5_1 (idx=1)
Link layer: Ethernet (RoCE), using GID index 3 (local IPv4 10.0.0.61)
pairing: 188238 -- 12558
pairing: 188239 -- 2421
pairing: 188240 -- 15988
pairing: 188241 -- 28482
pairing: 188242 -- 130334
[STATUS]: synchronize compute nodes
[STATUS]: LAVD: building neighborhood region
[LAVD][multi] start build, num_mns=5 bits=8 stride=8456 rabitq_b=2
[LAVD][multi] MN 0 staged-read 825701848B via 67108864B MR
[LAVD][multi] MN 1 staged-read 825723344B via 67108864B MR
[LAVD][multi] MN 2 staged-read 825702856B via 67108864B MR
[LAVD][multi] MN 3 staged-read 825730400B via 67108864B MR
[LAVD][multi] MN 4 staged-read 825714744B via 67108864B MR
[LAVD][multi] parsed N=1000000 uids across 5 MNs
[LAVD][native][export] N=1000000 mns=5 policy=block_cyclic mode=packed_write packed_region=8456081920 sparse_region=42280081920 saved=33824000000 MN[0]_blocks=200000 MN[0]_bytes=1691216384 MN[1]_blocks=200000 MN[1]_bytes=1691216384 MN[2]_blocks=200000 MN[2]_bytes=1691216384 MN[3]_blocks=200000 MN[3]_bytes=1691216384 MN[4]_blocks=200000 MN[4]_bytes=1691216384
[LAVD][multi][rabitq] B=2 code_bytes=240 (scalar would be 960 B) build_threads=20
LAVD_PHYSICAL_ACCOUNTING {"descriptor_version":2,"policy":"block_cyclic","record_layout":"fixed","scoring_code":"rabitq","scoring_bits":2,"total_slots":1000000,"num_mns":5,"mn":0,"local_slots":200000,"header_bytes":16384,"budget_map_bytes":0,"placement_padding_bytes":0,"offset_table_bytes":0,"record_bytes":1691200000,"materialized_bytes":1691216384,"registered_bytes":2147483648,"actual_write_bytes":1691216384}
LAVD_PHYSICAL_ACCOUNTING {"descriptor_version":2,"policy":"block_cyclic","record_layout":"fixed","scoring_code":"rabitq","scoring_bits":2,"total_slots":1000000,"num_mns":5,"mn":1,"local_slots":200000,"header_bytes":16384,"budget_map_bytes":0,"placement_padding_bytes":0,"offset_table_bytes":0,"record_bytes":1691200000,"materialized_bytes":1691216384,"registered_bytes":2147483648,"actual_write_bytes":1691216384}
LAVD_PHYSICAL_ACCOUNTING {"descriptor_version":2,"policy":"block_cyclic","record_layout":"fixed","scoring_code":"rabitq","scoring_bits":2,"total_slots":1000000,"num_mns":5,"mn":2,"local_slots":200000,"header_bytes":16384,"budget_map_bytes":0,"placement_padding_bytes":0,"offset_table_bytes":0,"record_bytes":1691200000,"materialized_bytes":1691216384,"registered_bytes":2147483648,"actual_write_bytes":1691216384}
LAVD_PHYSICAL_ACCOUNTING {"descriptor_version":2,"policy":"block_cyclic","record_layout":"fixed","scoring_code":"rabitq","scoring_bits":2,"total_slots":1000000,"num_mns":5,"mn":3,"local_slots":200000,"header_bytes":16384,"budget_map_bytes":0,"placement_padding_bytes":0,"offset_table_bytes":0,"record_bytes":1691200000,"materialized_bytes":1691216384,"registered_bytes":2147483648,"actual_write_bytes":1691216384}
LAVD_PHYSICAL_ACCOUNTING {"descriptor_version":2,"policy":"block_cyclic","record_layout":"fixed","scoring_code":"rabitq","scoring_bits":2,"total_slots":1000000,"num_mns":5,"mn":4,"local_slots":200000,"header_bytes":16384,"budget_map_bytes":0,"placement_padding_bytes":0,"offset_table_bytes":0,"record_bytes":1691200000,"materialized_bytes":1691216384,"registered_bytes":2147483648,"actual_write_bytes":1691216384}
[LAVD][multi] build done: N=1000000 edges=9794739 avg_deg=9.79474 MN[0]=200000 MN[1]=200000 MN[2]=200000 MN[3]=200000 MN[4]=200000
[LAVD][multi] retained authoritative snapshot for resident upper graph: shards=5
[STATUS]: synchronize compute nodes
[LAVD][rabitq] CN reconstructed encoder from header: B=2 dim=960 code_bytes=240
[LAVD][native] packed addressing restored from descriptor: N=1000000 mns=5 policy=block_cyclic layout=fixed descriptor_version=2 packed_bytes=8456081920 sparse_bytes=42280081920
[STATUS]: LAVD: config ready (bits=8 stride=8456 rerank=200)
[STATUS]: CRANE: building CN-resident upper-nav cache
[CRANE][multi] reused authoritative build snapshot: shards=5
[CRANE][multi] upper cache built: U=62529 (960-d) comp=240111360B entry_uid=12678 num_mns=5
[STATUS]: construct placement datastructure
  fetched 20 nodes on level 4
  fetched 257 nodes on level 3
  fetched 3832 nodes on level 2
[STATUS]: run balanced k-means
run kmeans
cluster sizes:
  cluster 0: 3831
  cluster 1: 1
  final iteration: 3, final error: 0
run balanced kmeans
num iterations: 64
reported cluster sizes:
  cluster 0: 1916
  cluster 1: 1916
actual cluster sizes:
  cluster 0: 2007
  cluster 1: 1825
combine clusters
final cluster sizes:
  cluster 0: 3832
final mapping: 0 0 
[STATUS]: synchronize compute nodes
[STATUS]: run queries
allocated ALIGNED MEM (no hugepage) at 93859112315520 with buffer size 9235200
routing buffer size: 9235200
[STATUS]: **QUERY**: running worker threads...
[STATUS]: pinned thread 1 to core 0
[STATUS]: pinned thread 2 to core 21
[STATUS]: pinned thread 3 to core 1
[STATUS]: pinned thread 4 to core 22
[STATUS]: pinned thread 5 to core 2
[STATUS]: pinned thread 6 to core 23
[STATUS]: pinned thread 7 to core 3
[STATUS]: pinned thread 8 to core 24
[STATUS]: pinned thread 9 to core 4
query 0/10000
query 1000/10000
query 2000/10000
query 3000/10000
query 4000/10000
query 5000/10000
query 6000/10000
query 7000/10000
query 8000/10000
query 9000/10000
[STATUS]: join compute threads
t0 processed: 986, CHR: 0
t1 processed: 983, CHR: 0
t2 processed: 1004, CHR: 0
t3 processed: 991, CHR: 0
t4 processed: 990, CHR: 0
t5 processed: 992, CHR: 0
t6 processed: 1021, CHR: 0
t7 processed: 1024, CHR: 0
t8 processed: 1002, CHR: 0
t9 processed: 1007, CHR: 0
[STATUS]: processed queries: 10000
[STATUS]: local recall: 0.925700
[STATUS]: collect statistics and timings from compute nodes

statistics:
cache histogram
  size: 0 | freq: 53485
total entries: 0
cooling table histogram
  size: 0 | freq: 892
  size: 1 | freq: 0
  size: 2 | freq: 0
  size: 3 | freq: 0
  size: 4 | freq: 0
  size: 5 | freq: 0
  size: 6 | freq: 0
CT total entries: 0
	Command being timed: "env SHINE_LAVD_RABITQ_B=2 SHINE_CRANE=1 GB_BITMAP_DEDUP=1 GB_QUERY_LATENCY=1 SHINE_LAVD_BUILD_THREADS=20 SHINE_LAVD_BUILD_CPU_BASE=1 SHINE_LAVD_BUILD_CPU_STRIDE=2 SHINE_LAVD_NATIVE_PACKED_WRITE=1 numactl --preferred=1 /home/kvgroup/chaomei/graphbeyond-vldb-closure-20260713/build-final-v5/shine --servers skv-node3 skv-node4 skv-node5 skv-node6 skv-node7 --initiator --port 1300 --index-region-bytes 4294967296 --data-path /home/kvgroup/chaomei/hnsw-data/gist1m --threads 10 --coroutines 2 --query-contexts 10 --query-suffix u10k --load-index --ef-search 400 --ef-construction 100 --k 10 --m 16 --lavd 8 --lavd-rerank 200 --lavd-region-bytes 2147483648 --label gist1m_fixed_s5_measure_r1"
	User time (seconds): 278.26
	System time (seconds): 8.71
	Percent of CPU this job got: 573%
	Elapsed (wall clock) time (h:mm:ss or m:ss): 0:50.03
	Average shared text size (kbytes): 0
	Average unshared data size (kbytes): 0
	Average stack size (kbytes): 0
	Average total size (kbytes): 0
	Maximum resident set size (kbytes): 8955008
	Average resident set size (kbytes): 0
	Major (requiring I/O) page faults: 0
	Minor (reclaiming a frame) page faults: 2380287
	Voluntary context switches: 2597
	Involuntary context switches: 430
	Swaps: 0
	File system inputs: 0
	File system outputs: 40
	Socket messages sent: 0
	Socket messages received: 0
	Signals delivered: 0
	Page size (bytes): 4096
	Exit status: 0
