============================================================
                        SERVER
============================================================
num clients:                  1
TCP port:                     21091
IB port:                      1
max outstanding CQEs:         16
max send work requests:       1024
max receive work requests:    1024
============================================================
index region bytes:           4294967296
2 device(s) found
Selected device: mlx5_1 (idx=1)
Link layer: Ethernet (RoCE), using GID index 3 (local IPv4 10.0.0.65)
num_cores: 80
physical cores per socket: 20
hyperthreading enabled
interleaved policy
pairing: 20374 -- 16161
[STATUS]: pinned main thread to core 20
[STATUS]: query QP/CQ contexts per compute node=16
[STATUS]: LAVD neighborhood region: resolved bytes=4294967296
allocation size: 4294967296
allocated ALIGNED MEM (no hugepage) at 139826228760640 with buffer size 4294967296
allocated ALIGNED MEM (no hugepage) at 139821933789248 with buffer size 4294967296
[STATUS]: LAVD neighborhood region: allocated bytes=4294967296
[STATUS]: register memory and distribute access token
[STATUS]: LAVD neighborhood region: registered bytes=4294967296
[STATUS]: connect QPs of compute threads
pairing: 20375 -- 16162
pairing: 20376 -- 16163
pairing: 20377 -- 16164
pairing: 20378 -- 16165
pairing: 20379 -- 16166
pairing: 20380 -- 16167
pairing: 20381 -- 16168
pairing: 20382 -- 16169
pairing: 20383 -- 16170
pairing: 20384 -- 16171
pairing: 20385 -- 16172
pairing: 20386 -- 16173
pairing: 20387 -- 16174
pairing: 20388 -- 16175
pairing: 20389 -- 16176
pairing: 20390 -- 16177
[STATUS]: idle: index construction
[STATUS]: loading index (800573128 Bytes) from /home/kvgroup/chaomei/hnsw-data/sift1m/dump/index_m16_efc100_node1_of1.dat
[STATUS]: query processing
[STATUS]: idle: queries
