============================================================
                        SERVER
============================================================
num clients:                  1
TCP port:                     1316
IB port:                      1
max outstanding CQEs:         16
max send work requests:       1024
max receive work requests:    1024
============================================================
index region bytes:           4294967296
2 device(s) found
Selected device: mlx5_1 (idx=1)
Link layer: Ethernet (RoCE), using GID index 3 (local IPv4 10.0.0.65)
num_cores: 80
physical cores per socket: 20
hyperthreading enabled
interleaved policy
pairing: 17327 -- 190222
[STATUS]: pinned main thread to core 20
[STATUS]: query QP/CQ contexts per compute node=16
[STATUS]: LAVD neighborhood region: resolved bytes=17179869184
allocation size: 4294967296
allocated ALIGNED MEM (no hugepage) at 140315814219840 with buffer size 4294967296
allocated ALIGNED MEM (no hugepage) at 140298634346560 with buffer size 17179869184
[STATUS]: LAVD neighborhood region: allocated bytes=17179869184
[STATUS]: register memory and distribute access token
[STATUS]: LAVD neighborhood region: registered bytes=17179869184
[STATUS]: connect QPs of compute threads
pairing: 17328 -- 190223
pairing: 17329 -- 190224
pairing: 17330 -- 190225
pairing: 17331 -- 190226
pairing: 17332 -- 190227
pairing: 17333 -- 190228
pairing: 17334 -- 190229
pairing: 17335 -- 190230
pairing: 17336 -- 190231
pairing: 17337 -- 190232
pairing: 17338 -- 190233
pairing: 17339 -- 190234
pairing: 17340 -- 190235
pairing: 17341 -- 190236
pairing: 17342 -- 190237
pairing: 17343 -- 190238
[STATUS]: idle: index construction
[STATUS]: loading index (876871208 Bytes) from /home/kvgroup/chaomei/hnsw-data/gist200k/dump/index_m32_efc200_node1_of1.dat
[STATUS]: query processing
[STATUS]: idle: queries
	Command being timed: "/home/kvgroup/chaomei/graphbeyond-vldb-closure-20260713/build-final-v5/shine --is-server --num-clients 1 --port 1316 --index-region-bytes 4294967296 --lavd-region-bytes 17179869184"
	User time (seconds): 31.78
	System time (seconds): 10.67
	Percent of CPU this job got: 90%
	Elapsed (wall clock) time (h:mm:ss or m:ss): 0:47.03
	Average shared text size (kbytes): 0
	Average unshared data size (kbytes): 0
	Average stack size (kbytes): 0
	Average total size (kbytes): 0
	Maximum resident set size (kbytes): 20992140
	Average resident set size (kbytes): 0
	Major (requiring I/O) page faults: 0
	Minor (reclaiming a frame) page faults: 5272052
	Voluntary context switches: 585
	Involuntary context switches: 143
	Swaps: 0
	File system inputs: 0
	File system outputs: 40
	Socket messages sent: 0
	Socket messages received: 0
	Signals delivered: 0
	Page size (bytes): 4096
	Exit status: 0
