============================================================
                        SERVER
============================================================
num clients:                  1
TCP port:                     21082
IB port:                      1
max outstanding CQEs:         16
max send work requests:       1024
max receive work requests:    1024
============================================================
index region bytes:           4294967296
2 device(s) found
Selected device: mlx5_1 (idx=1)
Link layer: Ethernet (RoCE), using GID index 3 (local IPv4 10.0.0.65)
num_cores: 80
physical cores per socket: 20
hyperthreading enabled
interleaved policy
pairing: 20221 -- 16008
[STATUS]: pinned main thread to core 20
[STATUS]: query QP/CQ contexts per compute node=16
[STATUS]: LAVD neighborhood region: resolved bytes=4294967296
allocation size: 4294967296
allocated ALIGNED MEM (no hugepage) at 140511334682688 with buffer size 4294967296
allocated ALIGNED MEM (no hugepage) at 140507039711296 with buffer size 4294967296
[STATUS]: LAVD neighborhood region: allocated bytes=4294967296
[STATUS]: register memory and distribute access token
[STATUS]: LAVD neighborhood region: registered bytes=4294967296
[STATUS]: connect QPs of compute threads
pairing: 20222 -- 16009
pairing: 20223 -- 16010
pairing: 20224 -- 16011
pairing: 20225 -- 16012
pairing: 20226 -- 16013
pairing: 20227 -- 16014
pairing: 20228 -- 16015
pairing: 20229 -- 16016
pairing: 20230 -- 16017
pairing: 20231 -- 16018
pairing: 20232 -- 16019
pairing: 20233 -- 16020
pairing: 20234 -- 16021
pairing: 20235 -- 16022
pairing: 20236 -- 16023
pairing: 20237 -- 16024
[STATUS]: idle: index construction
[STATUS]: loading index (800573128 Bytes) from /home/kvgroup/chaomei/hnsw-data/sift1m/dump/index_m16_efc100_node1_of1.dat
[STATUS]: query processing
[STATUS]: idle: queries
