query_data_path: ../datasets/sift/sift_query.fvecs
Reading from vector 1 to -1
Seekg position: 0 bytes
Each vector size: 516 bytes (dim=128)
Reading 3334 vectors
Reading 3334 vectors
QUERY_GT_SHAPE query_rows=3334 ground_truth_rows=3334 query_rows_per_ground_truth=1
original_n_query_data = 3334
sampling_mod = 1, sampling_count = 0
query_data.size(): 426752
ground_truth.size(): 333400
FRONTIER_QUERY_POOL total_queries=3334 threads=10 top_k=10 fixed=1
queries_per_thread: 333
ground_truth.size(): 333400
Using physical cores only (skipping hyperthreads)
[35m[search_client_pipelined_reuse_thread.cc:234] Thread 0 fetch QP authentication key: 2103318776
[0m[35m[search_client_pipelined_reuse_thread.cc:238] Thread 0 RDMA resources initialized
[0m[35m[search_client_pipelined_reuse_thread.cc:234] Thread 1 fetch QP authentication key: 1939964443
[0m[35m[search_client_pipelined_reuse_thread.cc:238] Thread 1 RDMA resources initialized
[0m[35m[search_client_pipelined_reuse_thread.cc:234] Thread 2 fetch QP authentication key: 1432114613
[0m[35m[search_client_pipelined_reuse_thread.cc:238] Thread 2 RDMA resources initialized
[0m[35m[search_client_pipelined_reuse_thread.cc:234] Thread 3 fetch QP authentication key: 1782436840
[0m[35m[search_client_pipelined_reuse_thread.cc:238] Thread 3 RDMA resources initialized
[0m[35m[search_client_pipelined_reuse_thread.cc:234] Thread 4 fetch QP authentication key: 1395235128
[0m[35m[search_client_pipelined_reuse_thread.cc:238] Thread 4 RDMA resources initialized
[0m[35m[search_client_pipelined_reuse_thread.cc:234] Thread 5 fetch QP authentication key: 1351797369
[0m[35m[search_client_pipelined_reuse_thread.cc:238] Thread 5 RDMA resources initialized
[0m[35m[search_client_pipelined_reuse_thread.cc:234] Thread 6 fetch QP authentication key: 680466996
[0m[35m[search_client_pipelined_reuse_thread.cc:238] Thread 6 RDMA resources initialized
[0m[35m[search_client_pipelined_reuse_thread.cc:234] Thread 7 fetch QP authentication key: 159259470
[0m[35m[search_client_pipelined_reuse_thread.cc:238] Thread 7 RDMA resources initialized
[0m[35m[search_client_pipelined_reuse_thread.cc:234] Thread 8 fetch QP authentication key: 480298490
[0m[35m[search_client_pipelined_reuse_thread.cc:238] Thread 8 RDMA resources initialized
[0m[35m[search_client_pipelined_reuse_thread.cc:234] Thread 9 fetch QP authentication key: 2086206725
[0m[35m[search_client_pipelined_reuse_thread.cc:238] Thread 9 RDMA resources initialized
[0m=== gRPC Service Parameters Debug ===
epoch: 0
rdma_base_offset: 0
serialized_meta_hnsw size: 125546 bytes
offset size: 320 elements
offset_para size: 1440 elements
overflow size: 480 elements
mapping size: 160 elements
Thread 0 local_hnsw mapping size: 160
fetch_worker start
=== Thread 0 testing EF = search_worker start
100 for 20 seconds ===deserialize_worker start

=== gRPC Service Parameters Debug ===
epoch: 0
rdma_base_offset: 0
serialized_meta_hnsw size: 125546 bytes
offset size: 320 elements
offset_para size: 1440 elements
overflow size: 480 elements
mapping size: 160 elements
Thread 1 local_hnsw mapping size: 160
deserialize_worker startfetch_worker start

search_worker start
=== Thread 1 testing EF = 100 for 20 seconds ===
=== gRPC Service Parameters Debug ===
epoch: 0
rdma_base_offset: 0
serialized_meta_hnsw size: 125546 bytes
offset size: 320 elements
offset_para size: 1440 elements
overflow size: 480 elements
mapping size: 160 elements
Thread 2 local_hnsw mapping size: 160
fetch_worker start
deserialize_worker start
search_worker start
=== Thread 2 testing EF = 100 for 20 seconds ===
=== gRPC Service Parameters Debug ===
epoch: 0
rdma_base_offset: 0
serialized_meta_hnsw size: 125546 bytes
offset size: 320 elements
offset_para size: 1440 elements
overflow size: 480 elements
mapping size: 160 elements
Thread 3 local_hnsw mapping size: 160
fetch_worker start
deserialize_worker start
=== Thread 3 testing EF = 100 for 20 seconds ===
search_worker start
=== gRPC Service Parameters Debug ===
epoch: 0
rdma_base_offset: 0
serialized_meta_hnsw size: 125546 bytes
offset size: 320 elements
offset_para size: 1440 elements
overflow size: 480 elements
mapping size: 160 elements
Thread 4 local_hnsw mapping size: 160
fetch_worker start
deserialize_worker start
search_worker start
=== Thread 4 testing EF = 100 for 20 seconds ===
=== gRPC Service Parameters Debug ===
epoch: 0
rdma_base_offset: 0
serialized_meta_hnsw size: 125546 bytes
offset size: 320 elements
offset_para size: 1440 elements
overflow size: 480 elements
mapping size: 160 elements
Thread 5 local_hnsw mapping size: 160
fetch_worker start
deserialize_worker start
=== Thread 5 testing EF = 100 for 20 seconds ===
search_worker start
=== gRPC Service Parameters Debug ===
epoch: 0
rdma_base_offset: 0
serialized_meta_hnsw size: 125546 bytes
offset size: 320 elements
offset_para size: 1440 elements
overflow size: 480 elements
mapping size: 160 elements
Thread 6 local_hnsw mapping size: 160
fetch_worker start
deserialize_worker start
search_worker start
=== Thread 6 testing EF = 100 for 20 seconds ===
=== gRPC Service Parameters Debug ===
epoch: 0
rdma_base_offset: 0
serialized_meta_hnsw size: 125546 bytes
offset size: 320 elements
offset_para size: 1440 elements
overflow size: 480 elements
mapping size: 160 elements
Thread 7 local_hnsw mapping size: 160
deserialize_worker start
fetch_worker start
search_worker start
=== Thread 7 testing EF = 100 for 20 seconds ===
=== gRPC Service Parameters Debug ===
epoch: 0
rdma_base_offset: 0
serialized_meta_hnsw size: 125546 bytes
offset size: 320 elements
offset_para size: 1440 elements
overflow size: 480 elements
mapping size: 160 elements
Thread 8 local_hnsw mapping size: 160
fetch_worker start
deserialize_worker start
=== Thread 8 testing EF = 100 for 20 seconds ===
search_worker start
=== gRPC Service Parameters Debug ===
epoch: 0
rdma_base_offset: 0
serialized_meta_hnsw size: 125546 bytes
offset size: 320 elements
offset_para size: 1440 elements
overflow size: 480 elements
mapping size: 160 elements
Thread 9 local_hnsw mapping size: 160
fetch_worker start
deserialize_worker start
=== Thread 9 testing EF = 100 for 20 seconds ===
search_worker start
[39m[reporter.hh:42] [Batch 0] Compute: 402,384.00 ms, Network: 139,760.00 ms, Deserialize: 1,075,985.00 ms, Meta Search: 20,357.00 ms, Throughput: 267.99 qps, Total Time: 1,242,605.00 ms
[0m[39m[reporter.hh:42] [Batch 0] Compute: 369,828.00 ms, Network: 146,020.00 ms, Deserialize: 1,076,620.00 ms, Meta Search: 6,972.00 ms, Throughput: 267.65 qps, Total Time: 1,244,169.00 ms
[0mThread 6 EF 100 benchmark:
  Queries executed: 333
  Avg total latency: 3731.55 us
  Avg meta search latency: 61.1321 us
  Avg compute time: 1208.36 us
  Avg network latency: 419.7 us
  Avg deserialize time: 3231.19 us
  Recall: 0.888589
  Throughput: 267.138 QPS
FRONTIER_THREAD_RESULT ef=100 thread=6 queries=333 elapsed_s=1.246545739 recall=0.888588607
[35m[search_client_pipelined_reuse_thread.cc:581] Thread 6 returns
[0mThread 8 EF 100 benchmark:
  Queries executed: 333
  Avg total latency: 3736.24 us
  Avg meta search latency: 20.9369 us
  Avg compute time: 1110.59 us
  Avg network latency: 438.498 us
  Avg deserialize time: 3233.09 us
  Recall: 0.878078
  Throughput: 266.875 QPS
FRONTIER_THREAD_RESULT ef=100 thread=8 queries=333 elapsed_s=1.247777128 recall=0.878078103
[35m[search_client_pipelined_reuse_thread.cc:581] Thread 8 returns
[0m[39m[reporter.hh:42] [Batch 0] Compute: 5,354,281.00 ms, Network: 5,794,728.00 ms, Deserialize: 747,245.00 ms, Meta Search: 6,931.00 ms, Throughput: 29.35 qps, Total Time: 11,345,159.00 ms
[0mThread 1 EF 100 benchmark:
  Queries executed: 333
  Avg total latency: 34069.5 us
  Avg meta search latency: 20.8138 us
  Avg compute time: 16078.9 us
  Avg network latency: 17401.6 us
  Avg deserialize time: 2243.98 us
  Recall: 0.892793
  Throughput: 29.3435 QPS
FRONTIER_THREAD_RESULT ef=100 thread=1 queries=333 elapsed_s=11.348328319 recall=0.892792821
[35m[search_client_pipelined_reuse_thread.cc:581] Thread 1 returns
[0m[39m[reporter.hh:42] [Batch 0] Compute: 5,480,211.00 ms, Network: 5,813,475.00 ms, Deserialize: 871,836.00 ms, Meta Search: 7,838.00 ms, Throughput: 29.11 qps, Total Time: 11,441,166.00 ms
[0mThread 0 EF 100 benchmark:
  Queries executed: 333
  Avg total latency: 34357.9 us
  Avg meta search latency: 23.5375 us
  Avg compute time: 16457.1 us
  Avg network latency: 17457.9 us
  Avg deserialize time: 2618.13 us
  Recall: 0.881982
  Throughput: 29.0955 QPS
FRONTIER_THREAD_RESULT ef=100 thread=0 queries=333 elapsed_s=11.445086263 recall=0.881981969
[35m[search_client_pipelined_reuse_thread.cc:581] Thread 0 returns
[0m[39m[reporter.hh:42] [Batch 0] Compute: 5,529,869.00 ms, Network: 5,813,880.00 ms, Deserialize: 804,959.00 ms, Meta Search: 7,218.00 ms, Throughput: 28.77 qps, Total Time: 11,573,110.00 ms
[0mThread 2 EF 100 benchmark:
  Queries executed: 333
  Avg total latency: 34754.1 us
  Avg meta search latency: 21.6757 us
  Avg compute time: 16606.2 us
  Avg network latency: 17459.1 us
  Avg deserialize time: 2417.29 us
  Recall: 0.892192
  Throughput: 28.7647 QPS
FRONTIER_THREAD_RESULT ef=100 thread=2 queries=333 elapsed_s=11.576677447 recall=0.892192185
[35m[search_client_pipelined_reuse_thread.cc:581] Thread 2 returns
[0m[39m[reporter.hh:42] [Batch 0] Compute: 5,490,679.00 ms, Network: 5,746,263.00 ms, Deserialize: 1,127,274.00 ms, Meta Search: 19,198.00 ms, Throughput: 29.06 qps, Total Time: 11,597,170.00 ms
[0mThread 9 EF 100 benchmark:
  Queries executed: 337
  Avg total latency: 34413 us
  Avg meta search latency: 56.9674 us
  Avg compute time: 16292.8 us
  Avg network latency: 17051.2 us
  Avg deserialize time: 3345.03 us
  Recall: 0.889318
  Throughput: 29.0455 QPS
FRONTIER_THREAD_RESULT ef=100 thread=9 queries=337 elapsed_s=11.602483954 recall=0.889317513
[35m[search_client_pipelined_reuse_thread.cc:581] Thread 9 returns
[0m[39m[reporter.hh:42] [Batch 0] Compute: 5,410,025.00 ms, Network: 5,803,570.00 ms, Deserialize: 853,757.00 ms, Meta Search: 7,778.00 ms, Throughput: 28.69 qps, Total Time: 11,605,062.00 ms
[0mThread 3 EF 100 benchmark:
  Queries executed: 333
  Avg total latency: 34850 us
  Avg meta search latency: 23.3574 us
  Avg compute time: 16246.3 us
  Avg network latency: 17428.1 us
  Avg deserialize time: 2563.83 us
  Recall: 0.896096
  Throughput: 28.6848 QPS
FRONTIER_THREAD_RESULT ef=100 thread=3 queries=333 elapsed_s=11.608937669 recall=0.896096110
[35m[search_client_pipelined_reuse_thread.cc:581] Thread 3 returns
[0m[39m[reporter.hh:42] [Batch 0] Compute: 5,431,649.00 ms, Network: 5,735,328.00 ms, Deserialize: 1,051,568.00 ms, Meta Search: 19,648.00 ms, Throughput: 28.64 qps, Total Time: 11,625,161.00 ms
[0mThread 7 EF 100 benchmark:
  Queries executed: 333
  Avg total latency: 34910.4 us
  Avg meta search latency: 59.003 us
  Avg compute time: 16311.3 us
  Avg network latency: 17223.2 us
  Avg deserialize time: 3157.86 us
  Recall: 0.879279
  Throughput: 28.6327 QPS
FRONTIER_THREAD_RESULT ef=100 thread=7 queries=333 elapsed_s=11.630077343 recall=0.879279256
[35m[search_client_pipelined_reuse_thread.cc:581] Thread 7 returns
[0m[39m[reporter.hh:42] [Batch 0] Compute: 5,622,440.00 ms, Network: 5,746,700.00 ms, Deserialize: 1,017,462.00 ms, Meta Search: 6,601.00 ms, Throughput: 28.59 qps, Total Time: 11,649,181.00 ms
[0mThread 5 EF 100 benchmark:
  Queries executed: 333
  Avg total latency: 34982.5 us
  Avg meta search latency: 19.8228 us
  Avg compute time: 16884.2 us
  Avg network latency: 17257.4 us
  Avg deserialize time: 3055.44 us
  Recall: 0.881682
  Throughput: 28.574 QPS
FRONTIER_THREAD_RESULT ef=100 thread=5 queries=333 elapsed_s=11.653970714 recall=0.881681681
[35m[search_client_pipelined_reuse_thread.cc:581] Thread 5 returns
[0m[39m[reporter.hh:42] [Batch 0] Compute: 5,667,281.00 ms, Network: 14,316,378.00 ms, Deserialize: 1,088,376.00 ms, Meta Search: 18,484.00 ms, Throughput: 16.44 qps, Total Time: 20,253,225.00 ms
[0mThread 4 EF 100 benchmark:
  Queries executed: 333
  Avg total latency: 60820.5 us
  Avg meta search latency: 55.5075 us
  Avg compute time: 17018.9 us
  Avg network latency: 42992.1 us
  Avg deserialize time: 3268.4 us
  Recall: 0.898498
  Throughput: 16.438 QPS
FRONTIER_THREAD_RESULT ef=100 thread=4 queries=333 elapsed_s=20.257897038 recall=0.898498476
[35m[search_client_pipelined_reuse_thread.cc:581] Thread 4 returns
[0mEF: 100
Thread 0 recall: 0.881982
Thread 0 latency: 34357.9
Thread 0 network latency: 17457.9
Thread 0 duration_meta_search: 23.5375
Thread 0 compute time: 16457.1
Thread 1 recall: 0.892793
Thread 1 latency: 34069.5
Thread 1 network latency: 17401.6
Thread 1 duration_meta_search: 20.8138
Thread 1 compute time: 16078.9
Thread 2 recall: 0.892192
Thread 2 latency: 34754.1
Thread 2 network latency: 17459.1
Thread 2 duration_meta_search: 21.6757
Thread 2 compute time: 16606.2
Thread 3 recall: 0.896096
Thread 3 latency: 34850
Thread 3 network latency: 17428.1
Thread 3 duration_meta_search: 23.3574
Thread 3 compute time: 16246.3
Thread 4 recall: 0.898498
Thread 4 latency: 60820.5
Thread 4 network latency: 42992.1
Thread 4 duration_meta_search: 55.5075
Thread 4 compute time: 17018.9
Thread 5 recall: 0.881682
Thread 5 latency: 34982.5
Thread 5 network latency: 17257.4
Thread 5 duration_meta_search: 19.8228
Thread 5 compute time: 16884.2
Thread 6 recall: 0.888589
Thread 6 latency: 3731.55
Thread 6 network latency: 419.7
Thread 6 duration_meta_search: 61.1321
Thread 6 compute time: 1208.36
Thread 7 recall: 0.879279
Thread 7 latency: 34910.4
Thread 7 network latency: 17223.2
Thread 7 duration_meta_search: 59.003
Thread 7 compute time: 16311.3
Thread 8 recall: 0.878078
Thread 8 latency: 3736.24
Thread 8 network latency: 438.498
Thread 8 duration_meta_search: 20.9369
Thread 8 compute time: 1110.59
Thread 9 recall: 0.889318
Thread 9 latency: 34413
Thread 9 network latency: 17051.2
Thread 9 duration_meta_search: 56.9674
Thread 9 compute time: 16292.8
