query_data_path: ../datasets/sift/sift_query.fvecs
Reading from vector 1 to -1
Seekg position: 0 bytes
Each vector size: 516 bytes (dim=128)
Reading 3333 vectors
Reading 3333 vectors
QUERY_GT_SHAPE query_rows=3333 ground_truth_rows=3333 query_rows_per_ground_truth=1
original_n_query_data = 3333
sampling_mod = 1, sampling_count = 0
query_data.size(): 426624
ground_truth.size(): 333300
FRONTIER_QUERY_POOL total_queries=3333 threads=10 top_k=10 fixed=1
queries_per_thread: 333
ground_truth.size(): 333300
Using physical cores only (skipping hyperthreads)
[35m[search_client_pipelined_reuse_thread.cc:234] Thread 0 fetch QP authentication key: 1597322404
[0m[35m[search_client_pipelined_reuse_thread.cc:238] Thread 0 RDMA resources initialized
[0m[35m[search_client_pipelined_reuse_thread.cc:234] Thread 1 fetch QP authentication key: 1067854538
[0m[35m[search_client_pipelined_reuse_thread.cc:238] Thread 1 RDMA resources initialized
[0m[35m[search_client_pipelined_reuse_thread.cc:234] Thread 2 fetch QP authentication key: 165344818
[0m[35m[search_client_pipelined_reuse_thread.cc:238] Thread 2 RDMA resources initialized
[0m[35m[search_client_pipelined_reuse_thread.cc:234] Thread 3 fetch QP authentication key: 492067917
[0m[35m[search_client_pipelined_reuse_thread.cc:238] Thread 3 RDMA resources initialized
[0m[35m[search_client_pipelined_reuse_thread.cc:234] Thread 4 fetch QP authentication key: 496987743
[0m[35m[search_client_pipelined_reuse_thread.cc:238] Thread 4 RDMA resources initialized
[0m[35m[search_client_pipelined_reuse_thread.cc:234] Thread 5 fetch QP authentication key: 1398295499
[0m[35m[search_client_pipelined_reuse_thread.cc:238] Thread 5 RDMA resources initialized
[0m[35m[search_client_pipelined_reuse_thread.cc:234] Thread 6 fetch QP authentication key: 601385644
[0m[35m[search_client_pipelined_reuse_thread.cc:238] Thread 6 RDMA resources initialized
[0m[35m[search_client_pipelined_reuse_thread.cc:234] Thread 7 fetch QP authentication key: 1012502954
[0m[35m[search_client_pipelined_reuse_thread.cc:238] Thread 7 RDMA resources initialized
[0m[35m[search_client_pipelined_reuse_thread.cc:234] Thread 8 fetch QP authentication key: 2027907669
[0m[35m[search_client_pipelined_reuse_thread.cc:238] Thread 8 RDMA resources initialized
[0m[35m[search_client_pipelined_reuse_thread.cc:234] Thread 9 fetch QP authentication key: 968338082
[0m[35m[search_client_pipelined_reuse_thread.cc:238] Thread 9 RDMA resources initialized
[0m=== gRPC Service Parameters Debug ===
epoch: 0
rdma_base_offset: 0
serialized_meta_hnsw size: 125546 bytes
offset size: 320 elements
offset_para size: 1440 elements
overflow size: 480 elements
mapping size: 160 elements
Thread 0 local_hnsw mapping size: 160
fetch_worker start
deserialize_worker start
search_worker start
=== Thread 0 testing EF = 100 for 20 seconds ===
=== gRPC Service Parameters Debug ===
epoch: 0
rdma_base_offset: 0
serialized_meta_hnsw size: 125546 bytes
offset size: 320 elements
offset_para size: 1440 elements
overflow size: 480 elements
mapping size: 160 elements
Thread 1 local_hnsw mapping size: 160
fetch_worker start
deserialize_worker start
=== Thread 1 testing EF = 100 for 20 seconds ===
search_worker start
=== gRPC Service Parameters Debug ===
epoch: 0
rdma_base_offset: 0
serialized_meta_hnsw size: 125546 bytes
offset size: 320 elements
offset_para size: 1440 elements
overflow size: 480 elements
mapping size: 160 elements
Thread 2 local_hnsw mapping size: 160
fetch_worker start
deserialize_worker start
search_worker start
=== Thread 2 testing EF = 100 for 20 seconds ===
=== gRPC Service Parameters Debug ===
epoch: 0
rdma_base_offset: 0
serialized_meta_hnsw size: 125546 bytes
offset size: 320 elements
offset_para size: 1440 elements
overflow size: 480 elements
mapping size: 160 elements
Thread 3 local_hnsw mapping size: 160
fetch_worker start
deserialize_worker start
search_worker start
=== Thread 3 testing EF = 100 for 20 seconds ===
=== gRPC Service Parameters Debug ===
epoch: 0
rdma_base_offset: 0
serialized_meta_hnsw size: 125546 bytes
offset size: 320 elements
offset_para size: 1440 elements
overflow size: 480 elements
mapping size: 160 elements
Thread 4 local_hnsw mapping size: 160
fetch_worker start
deserialize_worker start
search_worker start
=== Thread 4 testing EF = 100 for 20 seconds ===
=== gRPC Service Parameters Debug ===
epoch: 0
rdma_base_offset: 0
serialized_meta_hnsw size: 125546 bytes
offset size: 320 elements
offset_para size: 1440 elements
overflow size: 480 elements
mapping size: 160 elements
Thread 5 local_hnsw mapping size: 160
fetch_worker start
deserialize_worker start
=== Thread search_worker start
5 testing EF = 100 for 20 seconds ===
=== gRPC Service Parameters Debug ===
epoch: 0
rdma_base_offset: 0
serialized_meta_hnsw size: 125546 bytes
offset size: 320 elements
offset_para size: 1440 elements
overflow size: 480 elements
mapping size: 160 elements
Thread 6 local_hnsw mapping size: 160
fetch_worker start
deserialize_worker start
search_worker start
=== Thread 6 testing EF = 100 for 20 seconds ===
=== gRPC Service Parameters Debug ===
epoch: 0
rdma_base_offset: 0
serialized_meta_hnsw size: 125546 bytes
offset size: 320 elements
offset_para size: 1440 elements
overflow size: 480 elements
mapping size: 160 elements
Thread 7 local_hnsw mapping size: 160
fetch_worker start
deserialize_worker start
search_worker start
=== Thread 7 testing EF = 100 for 20 seconds ===
=== gRPC Service Parameters Debug ===
epoch: 0
rdma_base_offset: 0
serialized_meta_hnsw size: 125546 bytes
offset size: 320 elements
offset_para size: 1440 elements
overflow size: 480 elements
mapping size: 160 elements
Thread 8 local_hnsw mapping size: 160
fetch_worker start
deserialize_worker start
=== Thread 8 testing EF = 100 for 20 seconds ===
search_worker start
=== gRPC Service Parameters Debug ===
epoch: 0
rdma_base_offset: 0
serialized_meta_hnsw size: 125546 bytes
offset size: 320 elements
offset_para size: 1440 elements
overflow size: 480 elements
mapping size: 160 elements
Thread 9 local_hnsw mapping size: 160
fetch_worker start
deserialize_worker start
search_worker start
=== Thread 9 testing EF = 100 for 20 seconds ===
[39m[reporter.hh:42] [Batch 0] Compute: 436,943.00 ms, Network: 162,055.00 ms, Deserialize: 726,864.00 ms, Meta Search: 2,499.00 ms, Throughput: 373.98 qps, Total Time: 890,415.00 ms
[0mThread 2 EF 100 benchmark:
  Queries executed: 333
  Avg total latency: 2673.92 us
  Avg meta search latency: 7.5045 us
  Avg compute time: 1312.14 us
  Avg network latency: 486.652 us
  Avg deserialize time: 2182.77 us
  Recall: 0.887087
  Throughput: 372.606 QPS
FRONTIER_THREAD_RESULT ef=100 thread=2 queries=333 elapsed_s=0.893705346 recall=0.887087107
[35m[search_client_pipelined_reuse_thread.cc:581] Thread 2 returns
[0m[39m[reporter.hh:42] [Batch 0] Compute: 336,913.00 ms, Network: 160,046.00 ms, Deserialize: 767,840.00 ms, Meta Search: 2,463.00 ms, Throughput: 368.00 qps, Total Time: 904,893.00 ms
[0mThread 3 EF 100 benchmark:
  Queries executed: 333
  Avg total latency: 2717.4 us
  Avg meta search latency: 7.3964 us
  Avg compute time: 1011.75 us
  Avg network latency: 480.619 us
  Avg deserialize time: 2305.83 us
  Recall: 0.892492
  Throughput: 366.994 QPS
FRONTIER_THREAD_RESULT ef=100 thread=3 queries=333 elapsed_s=0.907372048 recall=0.892492473
[35m[search_client_pipelined_reuse_thread.cc:581] Thread 3 returns
[0m[39m[reporter.hh:42] [Batch 0] Compute: 2,855,130.00 ms, Network: 125,294.00 ms, Deserialize: 982,574.00 ms, Meta Search: 2,476.00 ms, Throughput: 94.41 qps, Total Time: 3,527,245.00 ms
[0mThread 8 EF 100 benchmark:
  Queries executed: 333
  Avg total latency: 10592.3 us
  Avg meta search latency: 7.43544 us
  Avg compute time: 8573.96 us
  Avg network latency: 376.258 us
  Avg deserialize time: 2950.67 us
  Recall: 0.915916
  Throughput: 94.3124 QPS
FRONTIER_THREAD_RESULT ef=100 thread=8 queries=333 elapsed_s=3.530818491 recall=0.915915906
[35m[search_client_pipelined_reuse_thread.cc:581] Thread 8 returns
[0m[39m[reporter.hh:42] [Batch 0] Compute: 3,134,998.00 ms, Network: 117,674.00 ms, Deserialize: 977,807.00 ms, Meta Search: 12,969.00 ms, Throughput: 85.66 qps, Total Time: 3,887,242.00 ms
[0mThread 4 EF 100 benchmark:
  Queries executed: 333
  Avg total latency: 11673.4 us
  Avg meta search latency: 38.9459 us
  Avg compute time: 9414.41 us
  Avg network latency: 353.375 us
  Avg deserialize time: 2936.36 us
  Recall: 0.897898
  Throughput: 85.5858 QPS
FRONTIER_THREAD_RESULT ef=100 thread=4 queries=333 elapsed_s=3.890831503 recall=0.897897899
[35m[search_client_pipelined_reuse_thread.cc:581] Thread 4 returns
[0m[39m[reporter.hh:42] [Batch 0] Compute: 4,841,521.00 ms, Network: 5,978,733.00 ms, Deserialize: 611,790.00 ms, Meta Search: 2,826.00 ms, Throughput: 30.34 qps, Total Time: 10,975,253.00 ms
[0mThread 1 EF 100 benchmark:
  Queries executed: 333
  Avg total latency: 32958.7 us
  Avg meta search latency: 8.48649 us
  Avg compute time: 14539.1 us
  Avg network latency: 17954.2 us
  Avg deserialize time: 1837.21 us
  Recall: 0.911411
  Throughput: 30.335 QPS
FRONTIER_THREAD_RESULT ef=100 thread=1 queries=333 elapsed_s=10.977410759 recall=0.911411405
[35m[search_client_pipelined_reuse_thread.cc:581] Thread 1 returns
[0m[39m[reporter.hh:42] [Batch 0] Compute: 4,974,159.00 ms, Network: 5,872,566.00 ms, Deserialize: 1,024,865.00 ms, Meta Search: 2,872.00 ms, Throughput: 30.07 qps, Total Time: 11,075,246.00 ms
[0mThread 6 EF 100 benchmark:
  Queries executed: 333
  Avg total latency: 33259 us
  Avg meta search latency: 8.62462 us
  Avg compute time: 14937.4 us
  Avg network latency: 17635.3 us
  Avg deserialize time: 3077.67 us
  Recall: 0.9
  Throughput: 30.058 QPS
FRONTIER_THREAD_RESULT ef=100 thread=6 queries=333 elapsed_s=11.078579124 recall=0.899999976
[35m[search_client_pipelined_reuse_thread.cc:581] Thread 6 returns
[0m[39m[reporter.hh:42] [Batch 0] Compute: 5,101,878.00 ms, Network: 6,018,208.00 ms, Deserialize: 514,315.00 ms, Meta Search: 2,648.00 ms, Throughput: 29.72 qps, Total Time: 11,203,248.00 ms
[0mThread 0 EF 100 benchmark:
  Queries executed: 333
  Avg total latency: 33643.4 us
  Avg meta search latency: 7.95195 us
  Avg compute time: 15321 us
  Avg network latency: 18072.7 us
  Avg deserialize time: 1544.49 us
  Recall: 0.885285
  Throughput: 29.7177 QPS
FRONTIER_THREAD_RESULT ef=100 thread=0 queries=333 elapsed_s=11.205458983 recall=0.885285258
[35m[search_client_pipelined_reuse_thread.cc:581] Thread 0 returns
[0m[39m[reporter.hh:42] [Batch 0] Compute: 5,300,340.00 ms, Network: 5,887,507.00 ms, Deserialize: 917,190.00 ms, Meta Search: 10,857.00 ms, Throughput: 29.29 qps, Total Time: 11,471,250.00 ms
[0mThread 9 EF 100 benchmark:
  Queries executed: 336
  Avg total latency: 34140.6 us
  Avg meta search latency: 32.3125 us
  Avg compute time: 15774.8 us
  Avg network latency: 17522.3 us
  Avg deserialize time: 2729.73 us
  Recall: 0.93125
  Throughput: 29.2816 QPS
FRONTIER_THREAD_RESULT ef=100 thread=9 queries=336 elapsed_s=11.474789379 recall=0.931249976
[35m[search_client_pipelined_reuse_thread.cc:581] Thread 9 returns
[0m[39m[reporter.hh:42] [Batch 0] Compute: 5,366,373.00 ms, Network: 5,986,979.00 ms, Deserialize: 871,050.00 ms, Meta Search: 2,500.00 ms, Throughput: 28.82 qps, Total Time: 11,555,243.00 ms
[0mThread 7 EF 100 benchmark:
  Queries executed: 333
  Avg total latency: 34700.4 us
  Avg meta search latency: 7.50751 us
  Avg compute time: 16115.2 us
  Avg network latency: 17978.9 us
  Avg deserialize time: 2615.77 us
  Recall: 0.907507
  Throughput: 28.8097 QPS
FRONTIER_THREAD_RESULT ef=100 thread=7 queries=333 elapsed_s=11.558609899 recall=0.907507479
[35m[search_client_pipelined_reuse_thread.cc:581] Thread 7 returns
[0m[39m[reporter.hh:42] [Batch 0] Compute: 5,371,210.00 ms, Network: 5,986,210.00 ms, Deserialize: 840,824.00 ms, Meta Search: 2,826.00 ms, Throughput: 28.73 qps, Total Time: 11,591,236.00 ms
[0mThread 5 EF 100 benchmark:
  Queries executed: 333
  Avg total latency: 34808.5 us
  Avg meta search latency: 8.48649 us
  Avg compute time: 16129.8 us
  Avg network latency: 17976.6 us
  Avg deserialize time: 2525 us
  Recall: 0.923724
  Throughput: 28.7208 QPS
FRONTIER_THREAD_RESULT ef=100 thread=5 queries=333 elapsed_s=11.594380645 recall=0.923723698
[35m[search_client_pipelined_reuse_thread.cc:581] Thread 5 returns
[0mEF: 100
Thread 0 recall: 0.885285
Thread 0 latency: 33643.4
Thread 0 network latency: 18072.7
Thread 0 duration_meta_search: 7.95195
Thread 0 compute time: 15321
Thread 1 recall: 0.911411
Thread 1 latency: 32958.7
Thread 1 network latency: 17954.2
Thread 1 duration_meta_search: 8.48649
Thread 1 compute time: 14539.1
Thread 2 recall: 0.887087
Thread 2 latency: 2673.92
Thread 2 network latency: 486.652
Thread 2 duration_meta_search: 7.5045
Thread 2 compute time: 1312.14
Thread 3 recall: 0.892492
Thread 3 latency: 2717.4
Thread 3 network latency: 480.619
Thread 3 duration_meta_search: 7.3964
Thread 3 compute time: 1011.75
Thread 4 recall: 0.897898
Thread 4 latency: 11673.4
Thread 4 network latency: 353.375
Thread 4 duration_meta_search: 38.9459
Thread 4 compute time: 9414.41
Thread 5 recall: 0.923724
Thread 5 latency: 34808.5
Thread 5 network latency: 17976.6
Thread 5 duration_meta_search: 8.48649
Thread 5 compute time: 16129.8
Thread 6 recall: 0.9
Thread 6 latency: 33259
Thread 6 network latency: 17635.3
Thread 6 duration_meta_search: 8.62462
Thread 6 compute time: 14937.4
Thread 7 recall: 0.907507
Thread 7 latency: 34700.4
Thread 7 network latency: 17978.9
Thread 7 duration_meta_search: 7.50751
Thread 7 compute time: 16115.2
Thread 8 recall: 0.915916
Thread 8 latency: 10592.3
Thread 8 network latency: 376.258
Thread 8 duration_meta_search: 7.43544
Thread 8 compute time: 8573.96
Thread 9 recall: 0.93125
Thread 9 latency: 34140.6
Thread 9 network latency: 17522.3
Thread 9 duration_meta_search: 32.3125
Thread 9 compute time: 15774.8
