============================================================
                        SERVER
============================================================
num clients:                  1
TCP port:                     21028
IB port:                      1
max outstanding CQEs:         16
max send work requests:       1024
max receive work requests:    1024
============================================================
index region bytes:           4294967296
2 device(s) found
Selected device: mlx5_1 (idx=1)
Link layer: Ethernet (RoCE), using GID index 3 (local IPv4 10.0.0.65)
num_cores: 80
physical cores per socket: 20
hyperthreading enabled
interleaved policy
pairing: 19303 -- 15090
[STATUS]: pinned main thread to core 20
[STATUS]: query QP/CQ contexts per compute node=16
[STATUS]: LAVD neighborhood region: resolved bytes=4294967296
allocation size: 4294967296
allocated ALIGNED MEM (no hugepage) at 140573735321664 with buffer size 4294967296
allocated ALIGNED MEM (no hugepage) at 140569440350272 with buffer size 4294967296
[STATUS]: LAVD neighborhood region: allocated bytes=4294967296
[STATUS]: register memory and distribute access token
[STATUS]: LAVD neighborhood region: registered bytes=4294967296
[STATUS]: connect QPs of compute threads
pairing: 19304 -- 15091
pairing: 19305 -- 15092
pairing: 19306 -- 15093
pairing: 19307 -- 15094
pairing: 19308 -- 15095
pairing: 19309 -- 15096
pairing: 19310 -- 15097
pairing: 19311 -- 15098
pairing: 19312 -- 15099
pairing: 19313 -- 15100
pairing: 19314 -- 15101
pairing: 19315 -- 15102
pairing: 19316 -- 15103
pairing: 19317 -- 15104
pairing: 19318 -- 15105
pairing: 19319 -- 15106
[STATUS]: idle: index construction
[STATUS]: loading index (672573128 Bytes) from /home/kvgroup/chaomei/hnsw-data/deep1m/dump/index_m16_efc100_node1_of1.dat
[STATUS]: query processing
[STATUS]: idle: queries
