============================================================
                        CLIENT
============================================================
connect to:                   [skv-node4, ]
is initiator:                 false
TCP port:                     14330
IB port:                      1
max outstanding CQEs:         16
max send work requests:       1024
max receive work requests:    1024
============================================================
index region bytes:           4294967296
2 device(s) found
Selected device: mlx5_1 (idx=1)
Link layer: Ethernet (RoCE), using GID index 3 (local IPv4 10.0.0.62)
num_cores: 80
physical cores per socket: 20
hyperthreading enabled
interleaved policy
[STATUS]: LAVD neighborhood region: requested bytes=0, resolved bytes=6442450944
connect to initiator
pairing: 10460 -- 212819
client id: 1
number of clients: 3
connect to server skv-node4
pairing: 10461 -- 11332
[STATUS]: pinned main thread to core 20
[STATUS]: receive access tokens of remote memory regions
[STATUS]: LAVD neighborhood region: registered bytes per MN=0
reading input data... (dim=96, num vectors=3333/10000, filesize=3840008)
reading input data... (dim=100, num vectors=10000/10000, filesize=4000008)
[STATUS]: allocate worker threads and read buffers
allocated ALIGNED MEM (no hugepage) at 140448769245248 with buffer size 4294967296
2 device(s) found
Selected device: mlx5_1 (idx=1)
Link layer: Ethernet (RoCE), using GID index 3 (local IPv4 10.0.0.62)
pairing: 10462 -- 11345
2 device(s) found
Selected device: mlx5_1 (idx=1)
Link layer: Ethernet (RoCE), using GID index 3 (local IPv4 10.0.0.62)
pairing: 10463 -- 11346
2 device(s) found
Selected device: mlx5_1 (idx=1)
Link layer: Ethernet (RoCE), using GID index 3 (local IPv4 10.0.0.62)
pairing: 10464 -- 11347
2 device(s) found
Selected device: mlx5_1 (idx=1)
Link layer: Ethernet (RoCE), using GID index 3 (local IPv4 10.0.0.62)
pairing: 10465 -- 11348
2 device(s) found
Selected device: mlx5_1 (idx=1)
Link layer: Ethernet (RoCE), using GID index 3 (local IPv4 10.0.0.62)
pairing: 10466 -- 11349
2 device(s) found
Selected device: mlx5_1 (idx=1)
Link layer: Ethernet (RoCE), using GID index 3 (local IPv4 10.0.0.62)
pairing: 10467 -- 11350
2 device(s) found
Selected device: mlx5_1 (idx=1)
Link layer: Ethernet (RoCE), using GID index 3 (local IPv4 10.0.0.62)
pairing: 10468 -- 11351
2 device(s) found
Selected device: mlx5_1 (idx=1)
Link layer: Ethernet (RoCE), using GID index 3 (local IPv4 10.0.0.62)
pairing: 10469 -- 11352
2 device(s) found
Selected device: mlx5_1 (idx=1)
Link layer: Ethernet (RoCE), using GID index 3 (local IPv4 10.0.0.62)
pairing: 10470 -- 11353
2 device(s) found
Selected device: mlx5_1 (idx=1)
Link layer: Ethernet (RoCE), using GID index 3 (local IPv4 10.0.0.62)
pairing: 10471 -- 11354
[STATUS]: synchronize compute nodes
[STATUS]: construct placement datastructure
  fetched 20 nodes on level 4
  fetched 259 nodes on level 3
  fetched 3923 nodes on level 2
[STATUS]: run balanced k-means
run kmeans
cluster sizes:
  cluster 0: 348
  cluster 1: 968
  cluster 2: 646
  cluster 3: 907
  cluster 4: 855
  cluster 5: 199
  final iteration: 40, final error: 0
run balanced kmeans
num iterations: 169
reported cluster sizes:
  cluster 0: 653
  cluster 1: 654
  cluster 2: 654
  cluster 3: 654
  cluster 4: 654
  cluster 5: 654
actual cluster sizes:
  cluster 0: 633
  cluster 1: 646
  cluster 2: 649
  cluster 3: 660
  cluster 4: 673
  cluster 5: 662
combine clusters
final cluster sizes:
  cluster 0: 1295
  cluster 1: 1306
  cluster 2: 1322
final mapping: 0 1 2 1 2 0 
[STATUS]: synchronize compute nodes
[STATUS]: run queries
allocated ALIGNED MEM (no hugepage) at 140448756576320 with buffer size 940800
routing buffer size: 940800
[STATUS]: **QUERY**: running worker threads...
[STATUS]: pinned thread 1 to core 0
[STATUS]: pinned thread 2 to core 21
[STATUS]: pinned thread 3 to core 1
[STATUS]: pinned thread 4 to core 22
[STATUS]: pinned thread 5 to core 2
[STATUS]: pinned thread 6 to core 23
[STATUS]: pinned thread 7 to core 3
[STATUS]: pinned thread 8 to core 24
[STATUS]: pinned thread 9 to core 4
query 1/10000
query 3001/10000
query 6001/10000
query 9001/10000
[STATUS]: join compute threads
t0 processed: 327, CHR: 0
t1 processed: 318, CHR: 0
t2 processed: 334, CHR: 0
t3 processed: 342, CHR: 0
t4 processed: 329, CHR: 0
t5 processed: 321, CHR: 0
t6 processed: 352, CHR: 0
t7 processed: 339, CHR: 0
t8 processed: 332, CHR: 0
t9 processed: 339, CHR: 0
[STATUS]: processed queries: 3333
[STATUS]: local recall: 0.988209
[STATUS]: collect statistics and timings from compute nodes
{"build_c0":0.0,"placement_fetch":41.384496,"placement_kmeans":119.358544,"query_c0":2926.554525,"routing":0.0}
cache histogram
  size: 0 | freq: 83599
total entries: 0
cooling table histogram
  size: 0 | freq: 1394
  size: 1 | freq: 0
  size: 2 | freq: 0
  size: 3 | freq: 0
  size: 4 | freq: 0
  size: 5 | freq: 0
  size: 6 | freq: 0
CT total entries: 0
