============================================================
                        SERVER
============================================================
num clients:                  1
TCP port:                     1300
IB port:                      1
max outstanding CQEs:         16
max send work requests:       1024
max receive work requests:    1024
============================================================
index region bytes:           4294967296
2 device(s) found
Selected device: mlx5_1 (idx=1)
Link layer: Ethernet (RoCE), using GID index 3 (local IPv4 10.0.0.63)
num_cores: 80
physical cores per socket: 20
hyperthreading enabled
interleaved policy
pairing: 12240 -- 187264
[STATUS]: pinned main thread to core 20
[STATUS]: query QP/CQ contexts per compute node=10
[STATUS]: LAVD neighborhood region: resolved bytes=9663676416
allocation size: 4294967296
allocated ALIGNED MEM (no hugepage) at 139915425751104 with buffer size 4294967296
allocated ALIGNED MEM (no hugepage) at 139905762070592 with buffer size 9663676416
[STATUS]: LAVD neighborhood region: allocated bytes=9663676416
[STATUS]: register memory and distribute access token
[STATUS]: LAVD neighborhood region: registered bytes=9663676416
[STATUS]: connect QPs of compute threads
pairing: 12241 -- 187265
pairing: 12242 -- 187266
pairing: 12243 -- 187267
pairing: 12244 -- 187268
pairing: 12245 -- 187269
pairing: 12246 -- 187270
pairing: 12247 -- 187271
pairing: 12248 -- 187272
pairing: 12249 -- 187273
pairing: 12250 -- 187274
[STATUS]: idle: index construction
[STATUS]: loading index (4128573128 Bytes) from /home/kvgroup/chaomei/hnsw-data/gist1m/dump/index_m16_efc100_node1_of1.dat
[STATUS]: query processing
[STATUS]: idle: queries
	Command being timed: "/home/kvgroup/chaomei/graphbeyond-vldb-closure-20260713/build-final-v5/shine --is-server --num-clients 1 --port 1300 --index-region-bytes 4294967296"
	User time (seconds): 48.77
	System time (seconds): 8.11
	Percent of CPU this job got: 92%
	Elapsed (wall clock) time (h:mm:ss or m:ss): 1:01.63
	Average shared text size (kbytes): 0
	Average unshared data size (kbytes): 0
	Average stack size (kbytes): 0
	Average total size (kbytes): 0
	Maximum resident set size (kbytes): 13646888
	Average resident set size (kbytes): 0
	Major (requiring I/O) page faults: 0
	Minor (reclaiming a frame) page faults: 3410600
	Voluntary context switches: 427
	Involuntary context switches: 5964
	Swaps: 0
	File system inputs: 0
	File system outputs: 48
	Socket messages sent: 0
	Socket messages received: 0
	Signals delivered: 0
	Page size (bytes): 4096
	Exit status: 0
