============================================================
                        SERVER
============================================================
num clients:                  1
TCP port:                     21079
IB port:                      1
max outstanding CQEs:         16
max send work requests:       1024
max receive work requests:    1024
============================================================
index region bytes:           4294967296
2 device(s) found
Selected device: mlx5_1 (idx=1)
Link layer: Ethernet (RoCE), using GID index 3 (local IPv4 10.0.0.65)
num_cores: 80
physical cores per socket: 20
hyperthreading enabled
interleaved policy
pairing: 20170 -- 15957
[STATUS]: pinned main thread to core 20
[STATUS]: query QP/CQ contexts per compute node=16
[STATUS]: LAVD neighborhood region: resolved bytes=4294967296
allocation size: 4294967296
allocated ALIGNED MEM (no hugepage) at 140031511060544 with buffer size 4294967296
allocated ALIGNED MEM (no hugepage) at 140027216089152 with buffer size 4294967296
[STATUS]: LAVD neighborhood region: allocated bytes=4294967296
[STATUS]: register memory and distribute access token
[STATUS]: LAVD neighborhood region: registered bytes=4294967296
[STATUS]: connect QPs of compute threads
pairing: 20171 -- 15958
pairing: 20172 -- 15959
pairing: 20173 -- 15960
pairing: 20174 -- 15961
pairing: 20175 -- 15962
pairing: 20176 -- 15963
pairing: 20177 -- 15964
pairing: 20178 -- 15965
pairing: 20179 -- 15966
pairing: 20180 -- 15967
pairing: 20181 -- 15968
pairing: 20182 -- 15969
pairing: 20183 -- 15970
pairing: 20184 -- 15971
pairing: 20185 -- 15972
pairing: 20186 -- 15973
[STATUS]: idle: index construction
[STATUS]: loading index (800573128 Bytes) from /home/kvgroup/chaomei/hnsw-data/sift1m/dump/index_m16_efc100_node1_of1.dat
[STATUS]: query processing
[STATUS]: idle: queries
