============================================================
                        SERVER
============================================================
num clients:                  1
TCP port:                     21183
IB port:                      1
max outstanding CQEs:         16
max send work requests:       1024
max receive work requests:    1024
============================================================
index region bytes:           8589934592
2 device(s) found
Selected device: mlx5_1 (idx=1)
Link layer: Ethernet (RoCE), using GID index 3 (local IPv4 10.0.0.65)
num_cores: 80
physical cores per socket: 20
hyperthreading enabled
interleaved policy
pairing: 21938 -- 17725
[STATUS]: pinned main thread to core 20
[STATUS]: query QP/CQ contexts per compute node=16
[STATUS]: LAVD neighborhood region: resolved bytes=8589934592
allocation size: 8589934592
allocated ALIGNED MEM (no hugepage) at 140010247766080 with buffer size 8589934592
allocated ALIGNED MEM (no hugepage) at 140001657827392 with buffer size 8589934592
[STATUS]: LAVD neighborhood region: allocated bytes=8589934592
[STATUS]: register memory and distribute access token
[STATUS]: LAVD neighborhood region: registered bytes=8589934592
[STATUS]: connect QPs of compute threads
pairing: 21939 -- 17726
pairing: 21940 -- 17727
pairing: 21941 -- 17728
pairing: 21942 -- 17729
pairing: 21943 -- 17730
pairing: 21944 -- 17731
pairing: 21945 -- 17732
pairing: 21946 -- 17733
pairing: 21947 -- 17734
pairing: 21948 -- 17735
pairing: 21949 -- 17736
pairing: 21950 -- 17737
pairing: 21951 -- 17738
pairing: 21952 -- 17739
pairing: 21953 -- 17740
pairing: 21954 -- 17741
[STATUS]: idle: index construction
[STATUS]: loading index (4128573128 Bytes) from /home/kvgroup/chaomei/hnsw-data/gist1m/dump/index_m16_efc100_node1_of1.dat
[STATUS]: query processing
[STATUS]: idle: queries
