============================================================
                        SERVER
============================================================
num clients:                  1
TCP port:                     21075
IB port:                      1
max outstanding CQEs:         16
max send work requests:       1024
max receive work requests:    1024
============================================================
index region bytes:           4294967296
2 device(s) found
Selected device: mlx5_1 (idx=1)
Link layer: Ethernet (RoCE), using GID index 3 (local IPv4 10.0.0.65)
num_cores: 80
physical cores per socket: 20
hyperthreading enabled
interleaved policy
pairing: 20102 -- 15889
[STATUS]: pinned main thread to core 20
[STATUS]: query QP/CQ contexts per compute node=16
[STATUS]: LAVD neighborhood region: resolved bytes=4294967296
allocation size: 4294967296
allocated ALIGNED MEM (no hugepage) at 140107681800256 with buffer size 4294967296
allocated ALIGNED MEM (no hugepage) at 140103386828864 with buffer size 4294967296
[STATUS]: LAVD neighborhood region: allocated bytes=4294967296
[STATUS]: register memory and distribute access token
[STATUS]: LAVD neighborhood region: registered bytes=4294967296
[STATUS]: connect QPs of compute threads
pairing: 20103 -- 15890
pairing: 20104 -- 15891
pairing: 20105 -- 15892
pairing: 20106 -- 15893
pairing: 20107 -- 15894
pairing: 20108 -- 15895
pairing: 20109 -- 15896
pairing: 20110 -- 15897
pairing: 20111 -- 15898
pairing: 20112 -- 15899
pairing: 20113 -- 15900
pairing: 20114 -- 15901
pairing: 20115 -- 15902
pairing: 20116 -- 15903
pairing: 20117 -- 15904
pairing: 20118 -- 15905
[STATUS]: idle: index construction
[STATUS]: loading index (800573128 Bytes) from /home/kvgroup/chaomei/hnsw-data/sift1m/dump/index_m16_efc100_node1_of1.dat
[STATUS]: query processing
[STATUS]: idle: queries
