query_data_path: ../datasets/gist/gist_query.fvecs
Reading from vector 1 to -1
Seekg position: 0 bytes
Each vector size: 3844 bytes (dim=960)
Reading 500 vectors
Reading 500 vectors
QUERY_GT_SHAPE query_rows=500 ground_truth_rows=500 query_rows_per_ground_truth=1
original_n_query_data = 500
sampling_mod = 1, sampling_count = 0
query_data.size(): 480000
ground_truth.size(): 50000
FRONTIER_QUERY_POOL total_queries=500 threads=10 top_k=10 fixed=1
queries_per_thread: 50
ground_truth.size(): 50000
Using physical cores only (skipping hyperthreads)
[35m[search_client_pipelined_reuse_thread.cc:234] Thread 0 fetch QP authentication key: 760313750
[0m[35m[search_client_pipelined_reuse_thread.cc:238] Thread 0 RDMA resources initialized
[0m[35m[search_client_pipelined_reuse_thread.cc:234] Thread 1 fetch QP authentication key: 356426808
[0m[35m[search_client_pipelined_reuse_thread.cc:238] Thread 1 RDMA resources initialized
[0m[35m[search_client_pipelined_reuse_thread.cc:234] Thread 2 fetch QP authentication key: 945117276
[0m[35m[search_client_pipelined_reuse_thread.cc:238] Thread 2 RDMA resources initialized
[0m[35m[search_client_pipelined_reuse_thread.cc:234] Thread 3 fetch QP authentication key: 1780695788
[0m[35m[search_client_pipelined_reuse_thread.cc:238] Thread 3 RDMA resources initialized
[0m[35m[search_client_pipelined_reuse_thread.cc:234] Thread 4 fetch QP authentication key: 491705403
[0m[35m[search_client_pipelined_reuse_thread.cc:238] Thread 4 RDMA resources initialized
[0m[35m[search_client_pipelined_reuse_thread.cc:234] Thread 5 fetch QP authentication key: 752392754
[0m[35m[search_client_pipelined_reuse_thread.cc:238] Thread 5 RDMA resources initialized
[0m[35m[search_client_pipelined_reuse_thread.cc:234] Thread 6 fetch QP authentication key: 1474612399
[0m[35m[search_client_pipelined_reuse_thread.cc:238] Thread 6 RDMA resources initialized
[0m[35m[search_client_pipelined_reuse_thread.cc:234] Thread 7 fetch QP authentication key: 1264095060
[0m[35m[search_client_pipelined_reuse_thread.cc:238] Thread 7 RDMA resources initialized
[0m[35m[search_client_pipelined_reuse_thread.cc:234] Thread 8 fetch QP authentication key: 1843993368
[0m[35m[search_client_pipelined_reuse_thread.cc:238] Thread 8 RDMA resources initialized
[0m[35m[search_client_pipelined_reuse_thread.cc:234] Thread 9 fetch QP authentication key: 943947739
[0m[35m[search_client_pipelined_reuse_thread.cc:238] Thread 9 RDMA resources initialized
[0m=== gRPC Service Parameters Debug ===
epoch: 0
rdma_base_offset: 0
serialized_meta_hnsw size: 493450 bytes
offset size: 240 elements
offset_para size: 1080 elements
overflow size: 360 elements
mapping size: 120 elements
Thread 0 local_hnsw mapping size: 120
deserialize_worker start
search_worker start
fetch_worker start
=== Thread 0 testing EF = 300 for 20 seconds ===
=== gRPC Service Parameters Debug ===
epoch: 0
rdma_base_offset: 0
serialized_meta_hnsw size: 493450 bytes
offset size: 240 elements
offset_para size: 1080 elements
overflow size: 360 elements
mapping size: 120 elements
Thread 1 local_hnsw mapping size: 120
fetch_worker start
deserialize_worker start
search_worker start
=== Thread 1 testing EF = 300 for 20 seconds ===
=== gRPC Service Parameters Debug ===
epoch: 0
rdma_base_offset: 0
serialized_meta_hnsw size: 493450 bytes
offset size: 240 elements
offset_para size: 1080 elements
overflow size: 360 elements
mapping size: 120 elements
Thread 2 local_hnsw mapping size: 120
fetch_worker start
search_worker start
deserialize_worker start
=== Thread 2 testing EF = 300 for 20 seconds ===
=== gRPC Service Parameters Debug ===
epoch: 0
rdma_base_offset: 0
serialized_meta_hnsw size: 493450 bytes
offset size: 240 elements
offset_para size: 1080 elements
overflow size: 360 elements
mapping size: 120 elements
Thread 3 local_hnsw mapping size: 120
fetch_worker start
deserialize_worker start
search_worker start
=== Thread 3 testing EF = 300 for 20 seconds ===
=== gRPC Service Parameters Debug ===
epoch: 0
rdma_base_offset: 0
serialized_meta_hnsw size: 493450 bytes
offset size: 240 elements
offset_para size: 1080 elements
overflow size: 360 elements
mapping size: 120 elements
Thread 4 local_hnsw mapping size: 120
fetch_worker start
deserialize_worker start
=== Thread 4 testing EF = search_worker start300 for 
20 seconds ===
=== gRPC Service Parameters Debug ===
epoch: 0
rdma_base_offset: 0
serialized_meta_hnsw size: 493450 bytes
offset size: 240 elements
offset_para size: 1080 elements
overflow size: 360 elements
mapping size: 120 elements
Thread 5 local_hnsw mapping size: 120
fetch_worker start
deserialize_worker start
=== Thread 5 testing EF = 300 for 20 seconds ===
search_worker start
=== gRPC Service Parameters Debug ===
epoch: 0
rdma_base_offset: 0
serialized_meta_hnsw size: 493450 bytes
offset size: 240 elements
offset_para size: 1080 elements
overflow size: 360 elements
mapping size: 120 elements
Thread 6 local_hnsw mapping size: 120
fetch_worker start
deserialize_worker start
=== Thread 6 testing EF = 300 for 20 seconds ===
search_worker start
=== gRPC Service Parameters Debug ===
epoch: 0
rdma_base_offset: 0
serialized_meta_hnsw size: 493450 bytes
offset size: 240 elements
offset_para size: 1080 elements
overflow size: 360 elements
mapping size: 120 elements
Thread 7 local_hnsw mapping size: 120
fetch_worker start
deserialize_worker start
search_worker start
=== Thread 7 testing EF = 300 for 20 seconds ===
=== gRPC Service Parameters Debug ===
epoch: 0
rdma_base_offset: 0
serialized_meta_hnsw size: 493450 bytes
offset size: 240 elements
offset_para size: 1080 elements
overflow size: 360 elements
mapping size: 120 elements
Thread 8 local_hnsw mapping size: 120
fetch_worker start
=== Thread 8 testing EF = 300 for 20 seconds ===
deserialize_worker start
search_worker start
=== gRPC Service Parameters Debug ===
epoch: 0
rdma_base_offset: 0
serialized_meta_hnsw size: 493450 bytes
offset size: 240 elements
offset_para size: 1080 elements
overflow size: 360 elements
mapping size: 120 elements
Thread 9 local_hnsw mapping size: 120
fetch_worker start
search_worker start
=== Thread 9 testing EF = 300 for 20 seconds ===
deserialize_worker start
[39m[reporter.hh:42] [Batch 0] Compute: 3,312,598.00 ms, Network: 756,350.00 ms, Deserialize: 2,783,319.00 ms, Meta Search: 9,852.00 ms, Throughput: 7.72 qps, Total Time: 6,480,228.00 ms
[0mThread 1 EF 300 benchmark:
  Queries executed: 50
  Avg total latency: 129605 us
  Avg meta search latency: 197.04 us
  Avg compute time: 66252 us
  Avg network latency: 15127 us
  Avg deserialize time: 55666.4 us
  Recall: 0.84
  Throughput: 7.70975 QPS
FRONTIER_THREAD_RESULT ef=300 thread=1 queries=50 elapsed_s=6.485297241 recall=0.839999974
[35m[search_client_pipelined_reuse_thread.cc:581] Thread 1 returns
[0m[39m[reporter.hh:42] [Batch 0] Compute: 3,436,515.00 ms, Network: 748,653.00 ms, Deserialize: 3,048,759.00 ms, Meta Search: 3,444.00 ms, Throughput: 7.59 qps, Total Time: 6,590,672.00 ms
[0mThread 3 EF 300 benchmark:
  Queries executed: 50
  Avg total latency: 131813 us
  Avg meta search latency: 68.88 us
  Avg compute time: 68730.3 us
  Avg network latency: 14973.1 us
  Avg deserialize time: 60975.2 us
  Recall: 0.806
  Throughput: 7.58392 QPS
FRONTIER_THREAD_RESULT ef=300 thread=3 queries=50 elapsed_s=6.592893284 recall=0.805999994
[35m[search_client_pipelined_reuse_thread.cc:581] Thread 3 returns
[0m[39m[reporter.hh:42] [Batch 0] Compute: 3,222,417.00 ms, Network: 819,966.00 ms, Deserialize: 3,237,050.00 ms, Meta Search: 12,694.00 ms, Throughput: 7.49 qps, Total Time: 6,678,853.00 ms
[0mThread 0 EF 300 benchmark:
  Queries executed: 50
  Avg total latency: 133577 us
  Avg meta search latency: 253.88 us
  Avg compute time: 64448.3 us
  Avg network latency: 16399.3 us
  Avg deserialize time: 64741 us
  Recall: 0.83
  Throughput: 7.48143 QPS
FRONTIER_THREAD_RESULT ef=300 thread=0 queries=50 elapsed_s=6.683217978 recall=0.829999983
[35m[search_client_pipelined_reuse_thread.cc:581] Thread 0 returns
[0m[39m[reporter.hh:42] [Batch 0] Compute: 3,525,004.00 ms, Network: 712,110.00 ms, Deserialize: 4,768,019.00 ms, Meta Search: 8,093.00 ms, Throughput: 5.60 qps, Total Time: 8,928,261.00 ms
[0mThread 5 EF 300 benchmark:
  Queries executed: 50
  Avg total latency: 178565 us
  Avg meta search latency: 161.86 us
  Avg compute time: 70500.1 us
  Avg network latency: 14242.2 us
  Avg deserialize time: 95360.4 us
  Recall: 0.734
  Throughput: 5.59749 QPS
FRONTIER_THREAD_RESULT ef=300 thread=5 queries=50 elapsed_s=8.932570945 recall=0.734000027
[35m[search_client_pipelined_reuse_thread.cc:581] Thread 5 returns
[0m[39m[reporter.hh:42] [Batch 0] Compute: 3,489,245.00 ms, Network: 746,299.00 ms, Deserialize: 4,732,433.00 ms, Meta Search: 12,571.00 ms, Throughput: 5.57 qps, Total Time: 8,984,206.00 ms
[0mThread 6 EF 300 benchmark:
  Queries executed: 50
  Avg total latency: 179684 us
  Avg meta search latency: 251.42 us
  Avg compute time: 69784.9 us
  Avg network latency: 14926 us
  Avg deserialize time: 94648.7 us
  Recall: 0.802
  Throughput: 5.56278 QPS
FRONTIER_THREAD_RESULT ef=300 thread=6 queries=50 elapsed_s=8.988309783 recall=0.801999986
[35m[search_client_pipelined_reuse_thread.cc:581] Thread 6 returns
[0m[39m[reporter.hh:42] [Batch 0] Compute: 3,291,171.00 ms, Network: 8,418,227.00 ms, Deserialize: 2,702,106.00 ms, Meta Search: 13,623.00 ms, Throughput: 3.54 qps, Total Time: 14,136,257.00 ms
[0mThread 2 EF 300 benchmark:
  Queries executed: 50
  Avg total latency: 282725 us
  Avg meta search latency: 272.46 us
  Avg compute time: 65823.4 us
  Avg network latency: 168365 us
  Avg deserialize time: 54042.1 us
  Recall: 0.784
  Throughput: 3.53648 QPS
FRONTIER_THREAD_RESULT ef=300 thread=2 queries=50 elapsed_s=14.138343709 recall=0.783999979
[35m[search_client_pipelined_reuse_thread.cc:581] Thread 2 returns
[0m[39m[reporter.hh:42] [Batch 0] Compute: 3,159,748.00 ms, Network: 4,948,511.00 ms, Deserialize: 6,305,868.00 ms, Meta Search: 12,506.00 ms, Throughput: 3.33 qps, Total Time: 15,016,334.00 ms
[0mThread 4 EF 300 benchmark:
  Queries executed: 50
  Avg total latency: 300327 us
  Avg meta search latency: 250.12 us
  Avg compute time: 63195 us
  Avg network latency: 98970.2 us
  Avg deserialize time: 126117 us
  Recall: 0.712
  Throughput: 3.32889 QPS
FRONTIER_THREAD_RESULT ef=300 thread=4 queries=50 elapsed_s=15.020013567 recall=0.712000012
[35m[search_client_pipelined_reuse_thread.cc:581] Thread 4 returns
[0m[39m[reporter.hh:42] [Batch 0] Compute: 3,567,583.00 ms, Network: 5,583,204.00 ms, Deserialize: 6,728,351.00 ms, Meta Search: 31,956.00 ms, Throughput: 3.26 qps, Total Time: 15,339,998.00 ms
[0mThread 9 EF 300 benchmark:
  Queries executed: 50
  Avg total latency: 306800 us
  Avg meta search latency: 639.12 us
  Avg compute time: 71351.7 us
  Avg network latency: 111664 us
  Avg deserialize time: 134567 us
  Recall: 0.792
  Throughput: 3.25859 QPS
FRONTIER_THREAD_RESULT ef=300 thread=9 queries=50 elapsed_s=15.344054846 recall=0.791999996
[35m[search_client_pipelined_reuse_thread.cc:581] Thread 9 returns
[0m[39m[reporter.hh:42] [Batch 0] Compute: 3,580,792.00 ms, Network: 9,139,221.00 ms, Deserialize: 4,259,842.00 ms, Meta Search: 11,722.00 ms, Throughput: 3.14 qps, Total Time: 15,942,048.00 ms
[0mThread 7 EF 300 benchmark:
  Queries executed: 50
  Avg total latency: 318841 us
  Avg meta search latency: 234.44 us
  Avg compute time: 71615.8 us
  Avg network latency: 182784 us
  Avg deserialize time: 85196.8 us
  Recall: 0.848
  Throughput: 3.13561 QPS
FRONTIER_THREAD_RESULT ef=300 thread=7 queries=50 elapsed_s=15.945867146 recall=0.847999990
[35m[search_client_pipelined_reuse_thread.cc:581] Thread 7 returns
[0m[39m[reporter.hh:42] [Batch 0] Compute: 3,214,389.00 ms, Network: 13,975,947.00 ms, Deserialize: 4,220,769.00 ms, Meta Search: 3,320.00 ms, Throughput: 2.46 qps, Total Time: 20,284,326.00 ms
[0mThread 8 EF 300 benchmark:
  Queries executed: 50
  Avg total latency: 405687 us
  Avg meta search latency: 66.4 us
  Avg compute time: 64287.8 us
  Avg network latency: 279519 us
  Avg deserialize time: 84415.4 us
  Recall: 0.646
  Throughput: 2.46453 QPS
FRONTIER_THREAD_RESULT ef=300 thread=8 queries=50 elapsed_s=20.287866065 recall=0.646000028
[35m[search_client_pipelined_reuse_thread.cc:581] Thread 8 returns
[0mEF: 300
Thread 0 recall: 0.83
Thread 0 latency: 133577
Thread 0 network latency: 16399.3
Thread 0 duration_meta_search: 253.88
Thread 0 compute time: 64448.3
Thread 1 recall: 0.84
Thread 1 latency: 129605
Thread 1 network latency: 15127
Thread 1 duration_meta_search: 197.04
Thread 1 compute time: 66252
Thread 2 recall: 0.784
Thread 2 latency: 282725
Thread 2 network latency: 168365
Thread 2 duration_meta_search: 272.46
Thread 2 compute time: 65823.4
Thread 3 recall: 0.806
Thread 3 latency: 131813
Thread 3 network latency: 14973.1
Thread 3 duration_meta_search: 68.88
Thread 3 compute time: 68730.3
Thread 4 recall: 0.712
Thread 4 latency: 300327
Thread 4 network latency: 98970.2
Thread 4 duration_meta_search: 250.12
Thread 4 compute time: 63195
Thread 5 recall: 0.734
Thread 5 latency: 178565
Thread 5 network latency: 14242.2
Thread 5 duration_meta_search: 161.86
Thread 5 compute time: 70500.1
Thread 6 recall: 0.802
Thread 6 latency: 179684
Thread 6 network latency: 14926
Thread 6 duration_meta_search: 251.42
Thread 6 compute time: 69784.9
Thread 7 recall: 0.848
Thread 7 latency: 318841
Thread 7 network latency: 182784
Thread 7 duration_meta_search: 234.44
Thread 7 compute time: 71615.8
Thread 8 recall: 0.646
Thread 8 latency: 405687
Thread 8 network latency: 279519
Thread 8 duration_meta_search: 66.4
Thread 8 compute time: 64287.8
Thread 9 recall: 0.792
Thread 9 latency: 306800
Thread 9 network latency: 111664
Thread 9 duration_meta_search: 639.12
Thread 9 compute time: 71351.7
