============================================================
                        SERVER
============================================================
num clients:                  1
TCP port:                     1300
IB port:                      1
max outstanding CQEs:         16
max send work requests:       1024
max receive work requests:    1024
============================================================
index region bytes:           4294967296
2 device(s) found
Selected device: mlx5_1 (idx=1)
Link layer: Ethernet (RoCE), using GID index 3 (local IPv4 10.0.0.63)
num_cores: 80
physical cores per socket: 20
hyperthreading enabled
interleaved policy
pairing: 12570 -- 188298
[STATUS]: pinned main thread to core 20
[STATUS]: query QP/CQ contexts per compute node=10
[STATUS]: LAVD neighborhood region: resolved bytes=2147483648
allocation size: 4294967296
allocated ALIGNED MEM (no hugepage) at 140611008475200 with buffer size 4294967296
allocated ALIGNED MEM (no hugepage) at 140608860987456 with buffer size 2147483648
[STATUS]: LAVD neighborhood region: allocated bytes=2147483648
[STATUS]: register memory and distribute access token
[STATUS]: LAVD neighborhood region: registered bytes=2147483648
[STATUS]: connect QPs of compute threads
pairing: 12571 -- 188303
pairing: 12572 -- 188308
pairing: 12573 -- 188313
pairing: 12574 -- 188318
pairing: 12575 -- 188323
pairing: 12576 -- 188328
pairing: 12577 -- 188333
pairing: 12578 -- 188338
pairing: 12579 -- 188343
pairing: 12580 -- 188348
[STATUS]: idle: index construction
[STATUS]: loading index (825701848 Bytes) from /home/kvgroup/chaomei/hnsw-data/gist1m/dump/index_m16_efc100_node1_of5.dat
[STATUS]: query processing
[STATUS]: idle: queries
	Command being timed: "/home/kvgroup/chaomei/graphbeyond-vldb-closure-20260713/build-final-v5/shine --is-server --num-clients 1 --port 1300 --index-region-bytes 4294967296"
	User time (seconds): 46.29
	System time (seconds): 3.71
	Percent of CPU this job got: 81%
	Elapsed (wall clock) time (h:mm:ss or m:ss): 1:01.30
	Average shared text size (kbytes): 0
	Average unshared data size (kbytes): 0
	Average stack size (kbytes): 0
	Average total size (kbytes): 0
	Maximum resident set size (kbytes): 6306880
	Average resident set size (kbytes): 0
	Major (requiring I/O) page faults: 0
	Minor (reclaiming a frame) page faults: 1575593
	Voluntary context switches: 414
	Involuntary context switches: 5254
	Swaps: 0
	File system inputs: 0
	File system outputs: 48
	Socket messages sent: 0
	Socket messages received: 0
	Signals delivered: 0
	Page size (bytes): 4096
	Exit status: 0
