============================================================
                        SERVER
============================================================
num clients:                  1
TCP port:                     1300
IB port:                      1
max outstanding CQEs:         16
max send work requests:       1024
max receive work requests:    1024
============================================================
index region bytes:           4294967296
2 device(s) found
Selected device: mlx5_1 (idx=1)
Link layer: Ethernet (RoCE), using GID index 3 (local IPv4 10.0.0.65)
num_cores: 80
physical cores per socket: 20
hyperthreading enabled
interleaved policy
pairing: 15978 -- 188190
[STATUS]: pinned main thread to core 20
[STATUS]: query QP/CQ contexts per compute node=10
[STATUS]: LAVD neighborhood region: resolved bytes=2147483648
allocation size: 4294967296
allocated ALIGNED MEM (no hugepage) at 139789394309184 with buffer size 4294967296
allocated ALIGNED MEM (no hugepage) at 139787246821440 with buffer size 2147483648
[STATUS]: LAVD neighborhood region: allocated bytes=2147483648
[STATUS]: register memory and distribute access token
[STATUS]: LAVD neighborhood region: registered bytes=2147483648
[STATUS]: connect QPs of compute threads
pairing: 15979 -- 188195
pairing: 15980 -- 188200
pairing: 15981 -- 188205
pairing: 15982 -- 188210
pairing: 15983 -- 188215
pairing: 15984 -- 188220
pairing: 15985 -- 188225
pairing: 15986 -- 188230
pairing: 15987 -- 188235
pairing: 15988 -- 188240
[STATUS]: idle: index construction
[STATUS]: loading index (825702856 Bytes) from /home/kvgroup/chaomei/hnsw-data/gist1m/dump/index_m16_efc100_node3_of5.dat
[STATUS]: query processing
[STATUS]: idle: queries
	Command being timed: "/home/kvgroup/chaomei/graphbeyond-vldb-closure-20260713/build-final-v5/shine --is-server --num-clients 1 --port 1300 --index-region-bytes 4294967296"
	User time (seconds): 45.73
	System time (seconds): 3.43
	Percent of CPU this job got: 84%
	Elapsed (wall clock) time (h:mm:ss or m:ss): 0:58.24
	Average shared text size (kbytes): 0
	Average unshared data size (kbytes): 0
	Average stack size (kbytes): 0
	Average total size (kbytes): 0
	Maximum resident set size (kbytes): 6306964
	Average resident set size (kbytes): 0
	Major (requiring I/O) page faults: 0
	Minor (reclaiming a frame) page faults: 1575508
	Voluntary context switches: 419
	Involuntary context switches: 158
	Swaps: 0
	File system inputs: 0
	File system outputs: 40
	Socket messages sent: 0
	Socket messages received: 0
	Signals delivered: 0
	Page size (bytes): 4096
	Exit status: 0
