query_data_path: ../datasets/deep1M/deep1M_query.fvecs
Reading from vector 1 to -1
Seekg position: 0 bytes
Each vector size: 388 bytes (dim=96)
Reading 3333 vectors
Reading 3333 vectors
QUERY_GT_SHAPE query_rows=3333 ground_truth_rows=3333 query_rows_per_ground_truth=1
original_n_query_data = 3333
sampling_mod = 1, sampling_count = 0
query_data.size(): 319968
ground_truth.size(): 333300
FRONTIER_QUERY_POOL total_queries=3333 threads=10 top_k=10 fixed=1
queries_per_thread: 333
ground_truth.size(): 333300
Using physical cores only (skipping hyperthreads)
[35m[search_client_pipelined_reuse_thread.cc:234] Thread 0 fetch QP authentication key: 1884167637
[0m[35m[search_client_pipelined_reuse_thread.cc:238] Thread 0 RDMA resources initialized
[0m[35m[search_client_pipelined_reuse_thread.cc:234] Thread 1 fetch QP authentication key: 238962600
[0m[35m[search_client_pipelined_reuse_thread.cc:238] Thread 1 RDMA resources initialized
[0m[35m[search_client_pipelined_reuse_thread.cc:234] Thread 2 fetch QP authentication key: 1238433452
[0m[35m[search_client_pipelined_reuse_thread.cc:238] Thread 2 RDMA resources initialized
[0m[35m[search_client_pipelined_reuse_thread.cc:234] Thread 3 fetch QP authentication key: 620145550
[0m[35m[search_client_pipelined_reuse_thread.cc:238] Thread 3 RDMA resources initialized
[0m[35m[search_client_pipelined_reuse_thread.cc:234] Thread 4 fetch QP authentication key: 707900973
[0m[35m[search_client_pipelined_reuse_thread.cc:238] Thread 4 RDMA resources initialized
[0m[35m[search_client_pipelined_reuse_thread.cc:234] Thread 5 fetch QP authentication key: 7684930
[0m[35m[search_client_pipelined_reuse_thread.cc:238] Thread 5 RDMA resources initialized
[0m[35m[search_client_pipelined_reuse_thread.cc:234] Thread 6 fetch QP authentication key: 404158660
[0m[35m[search_client_pipelined_reuse_thread.cc:238] Thread 6 RDMA resources initialized
[0m[35m[search_client_pipelined_reuse_thread.cc:234] Thread 7 fetch QP authentication key: 1973387981
[0m[35m[search_client_pipelined_reuse_thread.cc:238] Thread 7 RDMA resources initialized
[0m[35m[search_client_pipelined_reuse_thread.cc:234] Thread 8 fetch QP authentication key: 260152959
[0m[35m[search_client_pipelined_reuse_thread.cc:238] Thread 8 RDMA resources initialized
[0m[35m[search_client_pipelined_reuse_thread.cc:234] Thread 9 fetch QP authentication key: 1662739668
[0m[35m[search_client_pipelined_reuse_thread.cc:238] Thread 9 RDMA resources initialized
[0m=== gRPC Service Parameters Debug ===
epoch: 0
rdma_base_offset: 0
serialized_meta_hnsw size: 105066 bytes
offset size: 320 elements
offset_para size: 1440 elements
overflow size: 480 elements
mapping size: 160 elements
Thread 0 local_hnsw mapping size: 160
fetch_worker start
deserialize_worker start
search_worker start
=== Thread 0 testing EF = 200 for 20 seconds ===
=== gRPC Service Parameters Debug ===
epoch: 0
rdma_base_offset: 0
serialized_meta_hnsw size: 105066 bytes
offset size: 320 elements
offset_para size: 1440 elements
overflow size: 480 elements
mapping size: 160 elements
Thread 1 local_hnsw mapping size: 160
fetch_worker start
deserialize_worker start
search_worker start=== Thread 
1 testing EF = 200 for 20 seconds ===
=== gRPC Service Parameters Debug ===
epoch: 0
rdma_base_offset: 0
serialized_meta_hnsw size: 105066 bytes
offset size: 320 elements
offset_para size: 1440 elements
overflow size: 480 elements
mapping size: 160 elements
Thread 2 local_hnsw mapping size: 160
fetch_worker start
deserialize_worker start
search_worker start
=== Thread 2 testing EF = 200 for 20 seconds ===
=== gRPC Service Parameters Debug ===
epoch: 0
rdma_base_offset: 0
serialized_meta_hnsw size: 105066 bytes
offset size: 320 elements
offset_para size: 1440 elements
overflow size: 480 elements
mapping size: 160 elements
Thread 3 local_hnsw mapping size: 160
fetch_worker start
deserialize_worker start
search_worker start
=== Thread 3 testing EF = 200 for 20 seconds ===
=== gRPC Service Parameters Debug ===
epoch: 0
rdma_base_offset: 0
serialized_meta_hnsw size: 105066 bytes
offset size: 320 elements
offset_para size: 1440 elements
overflow size: 480 elements
mapping size: 160 elements
Thread 4 local_hnsw mapping size: 160
fetch_worker start
deserialize_worker start
search_worker start
=== Thread 4 testing EF = 200 for 20 seconds ===
=== gRPC Service Parameters Debug ===
epoch: 0
rdma_base_offset: 0
serialized_meta_hnsw size: 105066 bytes
offset size: 320 elements
offset_para size: 1440 elements
overflow size: 480 elements
mapping size: 160 elements
Thread 5 local_hnsw mapping size: 160
fetch_worker start
deserialize_worker start
search_worker start
=== Thread 5 testing EF = 200 for 20 seconds ===
=== gRPC Service Parameters Debug ===
epoch: 0
rdma_base_offset: 0
serialized_meta_hnsw size: 105066 bytes
offset size: 320 elements
offset_para size: 1440 elements
overflow size: 480 elements
mapping size: 160 elements
Thread 6 local_hnsw mapping size: 160
fetch_worker start
deserialize_worker start
search_worker start
=== Thread 6 testing EF = 200 for 20 seconds ===
=== gRPC Service Parameters Debug ===
epoch: 0
rdma_base_offset: 0
serialized_meta_hnsw size: 105066 bytes
offset size: 320 elements
offset_para size: 1440 elements
overflow size: 480 elements
mapping size: 160 elements
Thread 7 local_hnsw mapping size: 160
fetch_worker start
deserialize_worker start
search_worker start=== Thread 
7 testing EF = 200 for 20 seconds ===
=== gRPC Service Parameters Debug ===
epoch: 0
rdma_base_offset: 0
serialized_meta_hnsw size: 105066 bytes
offset size: 320 elements
offset_para size: 1440 elements
overflow size: 480 elements
mapping size: 160 elements
Thread 8 local_hnsw mapping size: 160
fetch_worker start
deserialize_worker start
search_worker start
=== Thread 8 testing EF = 200 for 20 seconds ===
=== gRPC Service Parameters Debug ===
epoch: 0
rdma_base_offset: 0
serialized_meta_hnsw size: 105066 bytes
offset size: 320 elements
offset_para size: 1440 elements
overflow size: 480 elements
mapping size: 160 elements
Thread 9 local_hnsw mapping size: 160
fetch_worker start
deserialize_worker start
search_worker start
=== Thread 9 testing EF = 200 for 20 seconds ===
[39m[reporter.hh:42] [Batch 0] Compute: 588,273.00 ms, Network: 407,553.00 ms, Deserialize: 610,409.00 ms, Meta Search: 2,543.00 ms, Throughput: 319.43 qps, Total Time: 1,042,498.00 ms
[0mThread 2 EF 200 benchmark:
  Queries executed: 333
  Avg total latency: 3130.62 us
  Avg meta search latency: 7.63664 us
  Avg compute time: 1766.59 us
  Avg network latency: 1223.88 us
  Avg deserialize time: 1833.06 us
  Recall: 0.901501
  Throughput: 318.547 QPS
FRONTIER_THREAD_RESULT ef=200 thread=2 queries=333 elapsed_s=1.045370295 recall=0.901501477
[35m[search_client_pipelined_reuse_thread.cc:581] Thread 2 returns
[0m[39m[reporter.hh:42] [Batch 0] Compute: 529,098.00 ms, Network: 413,098.00 ms, Deserialize: 586,575.00 ms, Meta Search: 2,653.00 ms, Throughput: 313.11 qps, Total Time: 1,063,509.00 ms
[0mThread 0 EF 200 benchmark:
  Queries executed: 333
  Avg total latency: 3193.72 us
  Avg meta search latency: 7.96697 us
  Avg compute time: 1588.88 us
  Avg network latency: 1240.53 us
  Avg deserialize time: 1761.49 us
  Recall: 0.912913
  Throughput: 312.315 QPS
FRONTIER_THREAD_RESULT ef=200 thread=0 queries=333 elapsed_s=1.066231565 recall=0.912912905
[35m[search_client_pipelined_reuse_thread.cc:581] Thread 0 returns
[0m[39m[reporter.hh:42] [Batch 0] Compute: 2,281,930.00 ms, Network: 344,090.00 ms, Deserialize: 916,909.00 ms, Meta Search: 2,570.00 ms, Throughput: 112.03 qps, Total Time: 2,972,432.00 ms
[0mThread 5 EF 200 benchmark:
  Queries executed: 333
  Avg total latency: 8926.22 us
  Avg meta search latency: 7.71772 us
  Avg compute time: 6852.64 us
  Avg network latency: 1033.3 us
  Avg deserialize time: 2753.48 us
  Recall: 0.901501
  Throughput: 111.899 QPS
FRONTIER_THREAD_RESULT ef=200 thread=5 queries=333 elapsed_s=2.975895525 recall=0.901501477
[35m[search_client_pipelined_reuse_thread.cc:581] Thread 5 returns
[0m[39m[reporter.hh:42] [Batch 0] Compute: 2,306,075.00 ms, Network: 349,574.00 ms, Deserialize: 979,549.00 ms, Meta Search: 2,601.00 ms, Throughput: 109.09 qps, Total Time: 3,052,428.00 ms
[0mThread 7 EF 200 benchmark:
  Queries executed: 333
  Avg total latency: 9166.45 us
  Avg meta search latency: 7.81081 us
  Avg compute time: 6925.15 us
  Avg network latency: 1049.77 us
  Avg deserialize time: 2941.59 us
  Recall: 0.903003
  Throughput: 108.97 QPS
FRONTIER_THREAD_RESULT ef=200 thread=7 queries=333 elapsed_s=3.055892696 recall=0.903002977
[35m[search_client_pipelined_reuse_thread.cc:581] Thread 7 returns
[0m[39m[reporter.hh:42] [Batch 0] Compute: 3,198,581.00 ms, Network: 314,111.00 ms, Deserialize: 1,250,471.00 ms, Meta Search: 10,091.00 ms, Throughput: 83.24 qps, Total Time: 4,036,432.00 ms
[0mThread 9 EF 200 benchmark:
  Queries executed: 336
  Avg total latency: 12013.2 us
  Avg meta search latency: 30.0327 us
  Avg compute time: 9519.59 us
  Avg network latency: 934.854 us
  Avg deserialize time: 3721.64 us
  Recall: 0.900893
  Throughput: 83.1683 QPS
FRONTIER_THREAD_RESULT ef=200 thread=9 queries=336 elapsed_s=4.040000113 recall=0.900892854
[35m[search_client_pipelined_reuse_thread.cc:581] Thread 9 returns
[0m[39m[reporter.hh:42] [Batch 0] Compute: 3,890,980.00 ms, Network: 308,101.00 ms, Deserialize: 1,284,969.00 ms, Meta Search: 2,703.00 ms, Throughput: 71.03 qps, Total Time: 4,688,424.00 ms
[0mThread 4 EF 200 benchmark:
  Queries executed: 333
  Avg total latency: 14079.4 us
  Avg meta search latency: 8.11712 us
  Avg compute time: 11684.6 us
  Avg network latency: 925.228 us
  Avg deserialize time: 3858.77 us
  Recall: 0.902703
  Throughput: 70.9751 QPS
FRONTIER_THREAD_RESULT ef=200 thread=4 queries=333 elapsed_s=4.691783471 recall=0.902702689
[35m[search_client_pipelined_reuse_thread.cc:581] Thread 4 returns
[0m[39m[reporter.hh:42] [Batch 0] Compute: 5,091,389.00 ms, Network: 7,239,994.00 ms, Deserialize: 758,995.00 ms, Meta Search: 2,698.00 ms, Throughput: 26.62 qps, Total Time: 12,508,429.00 ms
[0mThread 6 EF 200 benchmark:
  Queries executed: 333
  Avg total latency: 37562.8 us
  Avg meta search latency: 8.1021 us
  Avg compute time: 15289.5 us
  Avg network latency: 21741.7 us
  Avg deserialize time: 2279.26 us
  Recall: 0.914715
  Throughput: 26.615 QPS
FRONTIER_THREAD_RESULT ef=200 thread=6 queries=333 elapsed_s=12.511762618 recall=0.914714694
[35m[search_client_pipelined_reuse_thread.cc:581] Thread 6 returns
[0m[39m[reporter.hh:42] [Batch 0] Compute: 5,133,326.00 ms, Network: 7,308,075.00 ms, Deserialize: 483,352.00 ms, Meta Search: 2,542.00 ms, Throughput: 26.46 qps, Total Time: 12,584,426.00 ms
[0mThread 1 EF 200 benchmark:
  Queries executed: 333
  Avg total latency: 37791.1 us
  Avg meta search latency: 7.63363 us
  Avg compute time: 15415.4 us
  Avg network latency: 21946.2 us
  Avg deserialize time: 1451.51 us
  Recall: 0.913514
  Throughput: 26.4567 QPS
FRONTIER_THREAD_RESULT ef=200 thread=1 queries=333 elapsed_s=12.586594499 recall=0.913513541
[35m[search_client_pipelined_reuse_thread.cc:581] Thread 1 returns
[0m[39m[reporter.hh:42] [Batch 0] Compute: 5,235,209.00 ms, Network: 7,334,965.00 ms, Deserialize: 468,608.00 ms, Meta Search: 2,578.00 ms, Throughput: 26.28 qps, Total Time: 12,672,425.00 ms
[0mThread 3 EF 200 benchmark:
  Queries executed: 333
  Avg total latency: 38055.3 us
  Avg meta search latency: 7.74174 us
  Avg compute time: 15721.3 us
  Avg network latency: 22026.9 us
  Avg deserialize time: 1407.23 us
  Recall: 0.928529
  Throughput: 26.273 QPS
FRONTIER_THREAD_RESULT ef=200 thread=3 queries=333 elapsed_s=12.674595493 recall=0.928528547
[35m[search_client_pipelined_reuse_thread.cc:581] Thread 3 returns
[0m[39m[reporter.hh:42] [Batch 0] Compute: 5,419,094.00 ms, Network: 7,314,982.00 ms, Deserialize: 750,009.00 ms, Meta Search: 2,582.00 ms, Throughput: 25.85 qps, Total Time: 12,880,427.00 ms
[0mThread 8 EF 200 benchmark:
  Queries executed: 333
  Avg total latency: 38680 us
  Avg meta search latency: 7.75375 us
  Avg compute time: 16273.6 us
  Avg network latency: 21966.9 us
  Avg deserialize time: 2252.28 us
  Recall: 0.906907
  Throughput: 25.8465 QPS
FRONTIER_THREAD_RESULT ef=200 thread=8 queries=333 elapsed_s=12.883749658 recall=0.906906903
[35m[search_client_pipelined_reuse_thread.cc:581] Thread 8 returns
[0mEF: 200
Thread 0 recall: 0.912913
Thread 0 latency: 3193.72
Thread 0 network latency: 1240.53
Thread 0 duration_meta_search: 7.96697
Thread 0 compute time: 1588.88
Thread 1 recall: 0.913514
Thread 1 latency: 37791.1
Thread 1 network latency: 21946.2
Thread 1 duration_meta_search: 7.63363
Thread 1 compute time: 15415.4
Thread 2 recall: 0.901501
Thread 2 latency: 3130.62
Thread 2 network latency: 1223.88
Thread 2 duration_meta_search: 7.63664
Thread 2 compute time: 1766.59
Thread 3 recall: 0.928529
Thread 3 latency: 38055.3
Thread 3 network latency: 22026.9
Thread 3 duration_meta_search: 7.74174
Thread 3 compute time: 15721.3
Thread 4 recall: 0.902703
Thread 4 latency: 14079.4
Thread 4 network latency: 925.228
Thread 4 duration_meta_search: 8.11712
Thread 4 compute time: 11684.6
Thread 5 recall: 0.901501
Thread 5 latency: 8926.22
Thread 5 network latency: 1033.3
Thread 5 duration_meta_search: 7.71772
Thread 5 compute time: 6852.64
Thread 6 recall: 0.914715
Thread 6 latency: 37562.8
Thread 6 network latency: 21741.7
Thread 6 duration_meta_search: 8.1021
Thread 6 compute time: 15289.5
Thread 7 recall: 0.903003
Thread 7 latency: 9166.45
Thread 7 network latency: 1049.77
Thread 7 duration_meta_search: 7.81081
Thread 7 compute time: 6925.15
Thread 8 recall: 0.906907
Thread 8 latency: 38680
Thread 8 network latency: 21966.9
Thread 8 duration_meta_search: 7.75375
Thread 8 compute time: 16273.6
Thread 9 recall: 0.900893
Thread 9 latency: 12013.2
Thread 9 network latency: 934.854
Thread 9 duration_meta_search: 30.0327
Thread 9 compute time: 9519.59
