query_data_path: ../datasets/deep1M/deep1M_query.fvecs
Reading from vector 1 to -1
Seekg position: 0 bytes
Each vector size: 388 bytes (dim=96)
Reading 3333 vectors
Reading 3333 vectors
QUERY_GT_SHAPE query_rows=3333 ground_truth_rows=3333 query_rows_per_ground_truth=1
original_n_query_data = 3333
sampling_mod = 1, sampling_count = 0
query_data.size(): 319968
ground_truth.size(): 333300
FRONTIER_QUERY_POOL total_queries=3333 threads=10 top_k=10 fixed=1
queries_per_thread: 333
ground_truth.size(): 333300
Using physical cores only (skipping hyperthreads)
[35m[search_client_pipelined_reuse_thread.cc:234] Thread 0 fetch QP authentication key: 1473442062
[0m[35m[search_client_pipelined_reuse_thread.cc:238] Thread 0 RDMA resources initialized
[0m[35m[search_client_pipelined_reuse_thread.cc:234] Thread 1 fetch QP authentication key: 776532036
[0m[35m[search_client_pipelined_reuse_thread.cc:238] Thread 1 RDMA resources initialized
[0m[35m[search_client_pipelined_reuse_thread.cc:234] Thread 2 fetch QP authentication key: 1431419379
[0m[35m[search_client_pipelined_reuse_thread.cc:238] Thread 2 RDMA resources initialized
[0m[35m[search_client_pipelined_reuse_thread.cc:234] Thread 3 fetch QP authentication key: 619290071
[0m[35m[search_client_pipelined_reuse_thread.cc:238] Thread 3 RDMA resources initialized
[0m[35m[search_client_pipelined_reuse_thread.cc:234] Thread 4 fetch QP authentication key: 2113903881
[0m[35m[search_client_pipelined_reuse_thread.cc:238] Thread 4 RDMA resources initialized
[0m[35m[search_client_pipelined_reuse_thread.cc:234] Thread 5 fetch QP authentication key: 711845894
[0m[35m[search_client_pipelined_reuse_thread.cc:238] Thread 5 RDMA resources initialized
[0m[35m[search_client_pipelined_reuse_thread.cc:234] Thread 6 fetch QP authentication key: 2058657199
[0m[35m[search_client_pipelined_reuse_thread.cc:238] Thread 6 RDMA resources initialized
[0m[35m[search_client_pipelined_reuse_thread.cc:234] Thread 7 fetch QP authentication key: 1501252996
[0m[35m[search_client_pipelined_reuse_thread.cc:238] Thread 7 RDMA resources initialized
[0m[35m[search_client_pipelined_reuse_thread.cc:234] Thread 8 fetch QP authentication key: 824272813
[0m[35m[search_client_pipelined_reuse_thread.cc:238] Thread 8 RDMA resources initialized
[0m[35m[search_client_pipelined_reuse_thread.cc:234] Thread 9 fetch QP authentication key: 1967681095
[0m[35m[search_client_pipelined_reuse_thread.cc:238] Thread 9 RDMA resources initialized
[0m=== gRPC Service Parameters Debug ===
epoch: 0
rdma_base_offset: 0
serialized_meta_hnsw size: 105066 bytes
offset size: 320 elements
offset_para size: 1440 elements
overflow size: 480 elements
mapping size: 160 elements
Thread 0 local_hnsw mapping size: 160
fetch_worker start
deserialize_worker start
search_worker start
=== Thread 0 testing EF = 200 for 20 seconds ===
=== gRPC Service Parameters Debug ===
epoch: 0
rdma_base_offset: 0
serialized_meta_hnsw size: 105066 bytes
offset size: 320 elements
offset_para size: 1440 elements
overflow size: 480 elements
mapping size: 160 elements
Thread 1 local_hnsw mapping size: 160
fetch_worker start
deserialize_worker start
search_worker start
=== Thread 1 testing EF = 200 for 20 seconds ===
=== gRPC Service Parameters Debug ===
epoch: 0
rdma_base_offset: 0
serialized_meta_hnsw size: 105066 bytes
offset size: 320 elements
offset_para size: 1440 elements
overflow size: 480 elements
mapping size: 160 elements
Thread 2 local_hnsw mapping size: 160
fetch_worker start
deserialize_worker start
=== Thread 2 testing EF = 200 for 20 seconds ===
search_worker start
=== gRPC Service Parameters Debug ===
epoch: 0
rdma_base_offset: 0
serialized_meta_hnsw size: 105066 bytes
offset size: 320 elements
offset_para size: 1440 elements
overflow size: 480 elements
mapping size: 160 elements
Thread 3 local_hnsw mapping size: 160
fetch_worker start
deserialize_worker start
search_worker start
=== Thread 3 testing EF = 200 for 20 seconds ===
=== gRPC Service Parameters Debug ===
epoch: 0
rdma_base_offset: 0
serialized_meta_hnsw size: 105066 bytes
offset size: 320 elements
offset_para size: 1440 elements
overflow size: 480 elements
mapping size: 160 elements
Thread 4 local_hnsw mapping size: 160
fetch_worker start
deserialize_worker start
=== Thread 4 testing EF = 200 for 20 seconds ===
search_worker start
=== gRPC Service Parameters Debug ===
epoch: 0
rdma_base_offset: 0
serialized_meta_hnsw size: 105066 bytes
offset size: 320 elements
offset_para size: 1440 elements
overflow size: 480 elements
mapping size: 160 elements
Thread 5 local_hnsw mapping size: 160
fetch_worker start
deserialize_worker start
search_worker start
=== Thread 5 testing EF = 200 for 20 seconds ===
=== gRPC Service Parameters Debug ===
epoch: 0
rdma_base_offset: 0
serialized_meta_hnsw size: 105066 bytes
offset size: 320 elements
offset_para size: 1440 elements
overflow size: 480 elements
mapping size: 160 elements
Thread 6 local_hnsw mapping size: 160
fetch_worker start
deserialize_worker start
=== Thread 6 testing EF = 200 for 20 seconds ===
search_worker start
=== gRPC Service Parameters Debug ===
epoch: 0
rdma_base_offset: 0
serialized_meta_hnsw size: 105066 bytes
offset size: 320 elements
offset_para size: 1440 elements
overflow size: 480 elements
mapping size: 160 elements
Thread 7 local_hnsw mapping size: 160
fetch_worker start
deserialize_worker start
search_worker start
=== Thread 7 testing EF = 200 for 20 seconds ===
=== gRPC Service Parameters Debug ===
epoch: 0
rdma_base_offset: 0
serialized_meta_hnsw size: 105066 bytes
offset size: 320 elements
offset_para size: 1440 elements
overflow size: 480 elements
mapping size: 160 elements
Thread 8 local_hnsw mapping size: 160
fetch_worker start
deserialize_worker start
=== Thread 8 testing EF = 200 for 20 seconds ===
search_worker start
=== gRPC Service Parameters Debug ===
epoch: 0
rdma_base_offset: 0
serialized_meta_hnsw size: 105066 bytes
offset size: 320 elements
offset_para size: 1440 elements
overflow size: 480 elements
mapping size: 160 elements
Thread 9 local_hnsw mapping size: 160
fetch_worker start
deserialize_worker start
=== Thread 9 testing EF = 200 for 20 seconds ===
search_worker start
[39m[reporter.hh:42] [Batch 0] Compute: 526,384.00 ms, Network: 337,949.00 ms, Deserialize: 874,075.00 ms, Meta Search: 5,544.00 ms, Throughput: 315.95 qps, Total Time: 1,053,973.00 ms
[0mThread 8 EF 200 benchmark:
  Queries executed: 333
  Avg total latency: 3165.08 us
  Avg meta search latency: 16.6486 us
  Avg compute time: 1580.73 us
  Avg network latency: 1014.86 us
  Avg deserialize time: 2624.85 us
  Recall: 0.906907
  Throughput: 314.706 QPS
FRONTIER_THREAD_RESULT ef=200 thread=8 queries=333 elapsed_s=1.058131680 recall=0.906906903
[35m[search_client_pipelined_reuse_thread.cc:581] Thread 8 returns
[0m[39m[reporter.hh:42] [Batch 0] Compute: 522,893.00 ms, Network: 293,821.00 ms, Deserialize: 921,466.00 ms, Meta Search: 5,527.00 ms, Throughput: 304.09 qps, Total Time: 1,095,066.00 ms
[0mThread 4 EF 200 benchmark:
  Queries executed: 333
  Avg total latency: 3288.49 us
  Avg meta search latency: 16.5976 us
  Avg compute time: 1570.25 us
  Avg network latency: 882.345 us
  Avg deserialize time: 2767.17 us
  Recall: 0.927928
  Throughput: 303.188 QPS
FRONTIER_THREAD_RESULT ef=200 thread=4 queries=333 elapsed_s=1.098327680 recall=0.927927911
[35m[search_client_pipelined_reuse_thread.cc:581] Thread 4 returns
[0m[39m[reporter.hh:42] [Batch 0] Compute: 4,046,261.00 ms, Network: 5,079,446.00 ms, Deserialize: 614,292.00 ms, Meta Search: 6,333.00 ms, Throughput: 36.24 qps, Total Time: 9,189,605.00 ms
[0mThread 3 EF 200 benchmark:
  Queries executed: 333
  Avg total latency: 27596.4 us
  Avg meta search latency: 19.018 us
  Avg compute time: 12150.9 us
  Avg network latency: 15253.6 us
  Avg deserialize time: 1844.72 us
  Recall: 0.915015
  Throughput: 36.2226 QPS
FRONTIER_THREAD_RESULT ef=200 thread=3 queries=333 elapsed_s=9.193152795 recall=0.915015042
[35m[search_client_pipelined_reuse_thread.cc:581] Thread 3 returns
[0m[39m[reporter.hh:42] [Batch 0] Compute: 4,163,109.00 ms, Network: 5,100,115.00 ms, Deserialize: 720,324.00 ms, Meta Search: 6,884.00 ms, Throughput: 35.54 qps, Total Time: 9,369,582.00 ms
[0mThread 2 EF 200 benchmark:
  Queries executed: 333
  Avg total latency: 28136.9 us
  Avg meta search latency: 20.6727 us
  Avg compute time: 12501.8 us
  Avg network latency: 15315.7 us
  Avg deserialize time: 2163.14 us
  Recall: 0.895195
  Throughput: 35.5272 QPS
FRONTIER_THREAD_RESULT ef=200 thread=2 queries=333 elapsed_s=9.373087026 recall=0.895195186
[35m[search_client_pipelined_reuse_thread.cc:581] Thread 2 returns
[0m[39m[reporter.hh:42] [Batch 0] Compute: 4,292,387.00 ms, Network: 5,099,741.00 ms, Deserialize: 675,457.00 ms, Meta Search: 5,484.00 ms, Throughput: 35.12 qps, Total Time: 9,481,599.00 ms
[0mThread 0 EF 200 benchmark:
  Queries executed: 333
  Avg total latency: 28473.3 us
  Avg meta search latency: 16.4685 us
  Avg compute time: 12890.1 us
  Avg network latency: 15314.5 us
  Avg deserialize time: 2028.4 us
  Recall: 0.914715
  Throughput: 35.1083 QPS
FRONTIER_THREAD_RESULT ef=200 thread=0 queries=333 elapsed_s=9.484936252 recall=0.914714694
[35m[search_client_pipelined_reuse_thread.cc:581] Thread 0 returns
[0m[39m[reporter.hh:42] [Batch 0] Compute: 4,538,896.00 ms, Network: 13,654,081.00 ms, Deserialize: 895,621.00 ms, Meta Search: 15,170.00 ms, Throughput: 18.17 qps, Total Time: 18,493,617.00 ms
[0mThread 9 EF 200 benchmark:
  Queries executed: 336
  Avg total latency: 55040.5 us
  Avg meta search latency: 45.1488 us
  Avg compute time: 13508.6 us
  Avg network latency: 40637.1 us
  Avg deserialize time: 2665.54 us
  Recall: 0.903274
  Throughput: 18.1638 QPS
FRONTIER_THREAD_RESULT ef=200 thread=9 queries=336 elapsed_s=18.498337008 recall=0.903273821
[35m[search_client_pipelined_reuse_thread.cc:581] Thread 9 returns
[0m[39m[reporter.hh:42] [Batch 0] Compute: 5,302,937.00 ms, Network: 13,770,719.00 ms, Deserialize: 817,613.00 ms, Meta Search: 6,556.00 ms, Throughput: 17.31 qps, Total Time: 19,241,602.00 ms
[0mThread 5 EF 200 benchmark:
  Queries executed: 333
  Avg total latency: 57782.6 us
  Avg meta search latency: 19.6877 us
  Avg compute time: 15924.7 us
  Avg network latency: 41353.5 us
  Avg deserialize time: 2455.29 us
  Recall: 0.918619
  Throughput: 17.3018 QPS
FRONTIER_THREAD_RESULT ef=200 thread=5 queries=333 elapsed_s=19.246589261 recall=0.918618619
[35m[search_client_pipelined_reuse_thread.cc:581] Thread 5 returns
[0m[39m[reporter.hh:42] [Batch 0] Compute: 5,298,649.00 ms, Network: 13,752,392.00 ms, Deserialize: 744,627.00 ms, Meta Search: 6,942.00 ms, Throughput: 17.27 qps, Total Time: 19,281,602.00 ms
[0mThread 6 EF 200 benchmark:
  Queries executed: 333
  Avg total latency: 57902.7 us
  Avg meta search latency: 20.8468 us
  Avg compute time: 15911.9 us
  Avg network latency: 41298.5 us
  Avg deserialize time: 2236.12 us
  Recall: 0.91021
  Throughput: 17.2663 QPS
FRONTIER_THREAD_RESULT ef=200 thread=6 queries=333 elapsed_s=19.286168212 recall=0.910210192
[35m[search_client_pipelined_reuse_thread.cc:581] Thread 6 returns
[0m[39m[reporter.hh:42] [Batch 0] Compute: 3,924,739.00 ms, Network: 22,244,420.00 ms, Deserialize: 792,520.00 ms, Meta Search: 6,957.00 ms, Throughput: 12.62 qps, Total Time: 26,377,606.00 ms
[0mThread 7 EF 200 benchmark:
  Queries executed: 333
  Avg total latency: 79212 us
  Avg meta search latency: 20.8919 us
  Avg compute time: 11786 us
  Avg network latency: 66800.1 us
  Avg deserialize time: 2379.94 us
  Recall: 0.904504
  Throughput: 12.6219 QPS
FRONTIER_THREAD_RESULT ef=200 thread=7 queries=333 elapsed_s=26.382630219 recall=0.904504478
[35m[search_client_pipelined_reuse_thread.cc:581] Thread 7 returns
[0m[39m[reporter.hh:42] [Batch 0] Compute: 4,214,554.00 ms, Network: 22,264,882.00 ms, Deserialize: 664,538.00 ms, Meta Search: 6,562.00 ms, Throughput: 12.54 qps, Total Time: 26,545,611.00 ms
[0mThread 1 EF 200 benchmark:
  Queries executed: 333
  Avg total latency: 79716.5 us
  Avg meta search latency: 19.7057 us
  Avg compute time: 12656.3 us
  Avg network latency: 66861.5 us
  Avg deserialize time: 1995.61 us
  Recall: 0.912913
  Throughput: 12.5426 QPS
FRONTIER_THREAD_RESULT ef=200 thread=1 queries=333 elapsed_s=26.549463202 recall=0.912912905
[35m[search_client_pipelined_reuse_thread.cc:581] Thread 1 returns
[0mEF: 200
Thread 0 recall: 0.914715
Thread 0 latency: 28473.3
Thread 0 network latency: 15314.5
Thread 0 duration_meta_search: 16.4685
Thread 0 compute time: 12890.1
Thread 1 recall: 0.912913
Thread 1 latency: 79716.5
Thread 1 network latency: 66861.5
Thread 1 duration_meta_search: 19.7057
Thread 1 compute time: 12656.3
Thread 2 recall: 0.895195
Thread 2 latency: 28136.9
Thread 2 network latency: 15315.7
Thread 2 duration_meta_search: 20.6727
Thread 2 compute time: 12501.8
Thread 3 recall: 0.915015
Thread 3 latency: 27596.4
Thread 3 network latency: 15253.6
Thread 3 duration_meta_search: 19.018
Thread 3 compute time: 12150.9
Thread 4 recall: 0.927928
Thread 4 latency: 3288.49
Thread 4 network latency: 882.345
Thread 4 duration_meta_search: 16.5976
Thread 4 compute time: 1570.25
Thread 5 recall: 0.918619
Thread 5 latency: 57782.6
Thread 5 network latency: 41353.5
Thread 5 duration_meta_search: 19.6877
Thread 5 compute time: 15924.7
Thread 6 recall: 0.91021
Thread 6 latency: 57902.7
Thread 6 network latency: 41298.5
Thread 6 duration_meta_search: 20.8468
Thread 6 compute time: 15911.9
Thread 7 recall: 0.904504
Thread 7 latency: 79212
Thread 7 network latency: 66800.1
Thread 7 duration_meta_search: 20.8919
Thread 7 compute time: 11786
Thread 8 recall: 0.906907
Thread 8 latency: 3165.08
Thread 8 network latency: 1014.86
Thread 8 duration_meta_search: 16.6486
Thread 8 compute time: 1580.73
Thread 9 recall: 0.903274
Thread 9 latency: 55040.5
Thread 9 network latency: 40637.1
Thread 9 duration_meta_search: 45.1488
Thread 9 compute time: 13508.6
