query_data_path: ../datasets/sift/sift_query.fvecs
Reading from vector 1 to -1
Seekg position: 0 bytes
Each vector size: 516 bytes (dim=128)
Reading 5000 vectors
Reading 5000 vectors
QUERY_GT_SHAPE query_rows=5000 ground_truth_rows=5000 query_rows_per_ground_truth=1
original_n_query_data = 5000
sampling_mod = 1, sampling_count = 0
query_data.size(): 640000
ground_truth.size(): 500000
FRONTIER_QUERY_POOL total_queries=5000 threads=10 top_k=10 fixed=1
queries_per_thread: 500
ground_truth.size(): 500000
Using physical cores only (skipping hyperthreads)
[35m[search_client_pipelined_reuse_thread.cc:234] Thread 0 fetch QP authentication key: 2040651434
[0m[35m[search_client_pipelined_reuse_thread.cc:238] Thread 0 RDMA resources initialized
[0m[35m[search_client_pipelined_reuse_thread.cc:234] Thread 1 fetch QP authentication key: 317097467
[0m[35m[search_client_pipelined_reuse_thread.cc:238] Thread 1 RDMA resources initialized
[0m[35m[search_client_pipelined_reuse_thread.cc:234] Thread 2 fetch QP authentication key: 927612902
[0m[35m[search_client_pipelined_reuse_thread.cc:238] Thread 2 RDMA resources initialized
[0m[35m[search_client_pipelined_reuse_thread.cc:234] Thread 3 fetch QP authentication key: 603570492
[0m[35m[search_client_pipelined_reuse_thread.cc:238] Thread 3 RDMA resources initialized
[0m[35m[search_client_pipelined_reuse_thread.cc:234] Thread 4 fetch QP authentication key: 959997301
[0m[35m[search_client_pipelined_reuse_thread.cc:238] Thread 4 RDMA resources initialized
[0m[35m[search_client_pipelined_reuse_thread.cc:234] Thread 5 fetch QP authentication key: 402724286
[0m[35m[search_client_pipelined_reuse_thread.cc:238] Thread 5 RDMA resources initialized
[0m[35m[search_client_pipelined_reuse_thread.cc:234] Thread 6 fetch QP authentication key: 894429689
[0m[35m[search_client_pipelined_reuse_thread.cc:238] Thread 6 RDMA resources initialized
[0m[35m[search_client_pipelined_reuse_thread.cc:234] Thread 7 fetch QP authentication key: 1947346619
[0m[35m[search_client_pipelined_reuse_thread.cc:238] Thread 7 RDMA resources initialized
[0m[35m[search_client_pipelined_reuse_thread.cc:234] Thread 8 fetch QP authentication key: 221558440
[0m[35m[search_client_pipelined_reuse_thread.cc:238] Thread 8 RDMA resources initialized
[0m[35m[search_client_pipelined_reuse_thread.cc:234] Thread 9 fetch QP authentication key: 270744729
[0m[35m[search_client_pipelined_reuse_thread.cc:238] Thread 9 RDMA resources initialized
[0m=== gRPC Service Parameters Debug ===
epoch: 0
rdma_base_offset: 0
serialized_meta_hnsw size: 125546 bytes
offset size: 320 elements
offset_para size: 1440 elements
overflow size: 480 elements
mapping size: 160 elements
Thread 0 local_hnsw mapping size: 160
fetch_worker start
deserialize_worker start
search_worker start
=== Thread 0 testing EF = 100 for 20 seconds ===
=== gRPC Service Parameters Debug ===
epoch: 0
rdma_base_offset: 0
serialized_meta_hnsw size: 125546 bytes
offset size: 320 elements
offset_para size: 1440 elements
overflow size: 480 elements
mapping size: 160 elements
Thread 1 local_hnsw mapping size: 160
fetch_worker start
deserialize_worker start
search_worker start=== Thread 
1 testing EF = 100 for 20 seconds ===
=== gRPC Service Parameters Debug ===
epoch: 0
rdma_base_offset: 0
serialized_meta_hnsw size: 125546 bytes
offset size: 320 elements
offset_para size: 1440 elements
overflow size: 480 elements
mapping size: 160 elements
Thread 2 local_hnsw mapping size: 160
fetch_worker start
deserialize_worker start
search_worker start
=== Thread 2 testing EF = 100 for 20 seconds ===
=== gRPC Service Parameters Debug ===
epoch: 0
rdma_base_offset: 0
serialized_meta_hnsw size: 125546 bytes
offset size: 320 elements
offset_para size: 1440 elements
overflow size: 480 elements
mapping size: 160 elements
Thread 3 local_hnsw mapping size: 160
fetch_worker start
deserialize_worker start
search_worker start
=== Thread 3 testing EF = 100 for 20 seconds ===
=== gRPC Service Parameters Debug ===
epoch: 0
rdma_base_offset: 0
serialized_meta_hnsw size: 125546 bytes
offset size: 320 elements
offset_para size: 1440 elements
overflow size: 480 elements
mapping size: 160 elements
Thread 4 local_hnsw mapping size: 160
fetch_worker start
deserialize_worker start
search_worker start
=== Thread 4 testing EF = 100 for 20 seconds ===
=== gRPC Service Parameters Debug ===
epoch: 0
rdma_base_offset: 0
serialized_meta_hnsw size: 125546 bytes
offset size: 320 elements
offset_para size: 1440 elements
overflow size: 480 elements
mapping size: 160 elements
Thread 5 local_hnsw mapping size: 160
fetch_worker start
deserialize_worker start
=== Thread 5 testing EF = 100 for 20 seconds ===
search_worker start
=== gRPC Service Parameters Debug ===
epoch: 0
rdma_base_offset: 0
serialized_meta_hnsw size: 125546 bytes
offset size: 320 elements
offset_para size: 1440 elements
overflow size: 480 elements
mapping size: 160 elements
Thread 6 local_hnsw mapping size: 160
fetch_worker start
deserialize_worker start
=== Thread 6 testing EF = 100 for search_worker start20
 seconds ===
=== gRPC Service Parameters Debug ===
epoch: 0
rdma_base_offset: 0
serialized_meta_hnsw size: 125546 bytes
offset size: 320 elements
offset_para size: 1440 elements
overflow size: 480 elements
mapping size: 160 elements
Thread 7 local_hnsw mapping size: 160
fetch_worker start
deserialize_worker start
=== Thread 7 testing EF = 100 for 20 seconds ===
search_worker start
=== gRPC Service Parameters Debug ===
epoch: 0
rdma_base_offset: 0
serialized_meta_hnsw size: 125546 bytes
offset size: 320 elements
offset_para size: 1440 elements
overflow size: 480 elements
mapping size: 160 elements
Thread 8 local_hnsw mapping size: 160
fetch_worker start
deserialize_worker start
search_worker start
=== Thread 8 testing EF = 100 for 20 seconds ===
=== gRPC Service Parameters Debug ===
epoch: 0
rdma_base_offset: 0
serialized_meta_hnsw size: 125546 bytes
offset size: 320 elements
offset_para size: 1440 elements
overflow size: 480 elements
mapping size: 160 elements
Thread 9 local_hnsw mapping size: 160
fetch_worker start
deserialize_worker start
search_worker start
=== Thread 9 testing EF = 100 for 20 seconds ===
[39m[reporter.hh:42] [Batch 0] Compute: 503,252.00 ms, Network: 122,811.00 ms, Deserialize: 655,966.00 ms, Meta Search: 8,468.00 ms, Throughput: 636.64 qps, Total Time: 785,375.00 ms
[0mThread 1 EF 100 benchmark:
  Queries executed: 500
  Avg total latency: 1570.75 us
  Avg meta search latency: 16.936 us
  Avg compute time: 1006.5 us
  Avg network latency: 245.622 us
  Avg deserialize time: 1311.93 us
  Recall: 0.9028
  Throughput: 634.096 QPS
FRONTIER_THREAD_RESULT ef=100 thread=1 queries=500 elapsed_s=0.788523897 recall=0.902800024
[35m[search_client_pipelined_reuse_thread.cc:581] Thread 1 returns
[0m[39m[reporter.hh:42] [Batch 0] Compute: 489,641.00 ms, Network: 118,833.00 ms, Deserialize: 1,028,758.00 ms, Meta Search: 7,315.00 ms, Throughput: 418.85 qps, Total Time: 1,193,752.00 ms
[0m[39m[reporter.hh:42] [Batch 0] Compute: 443,239.00 ms, Network: 120,499.00 ms, Deserialize: 1,101,596.00 ms, Meta Search: 7,308.00 ms, Throughput: 417.81 qps, Total Time: 1,196,710.00 ms
[0mThread 5 EF 100 benchmark:
  Queries executed: 500
  Avg total latency: 2387.5 us
  Avg meta search latency: 14.63 us
  Avg compute time: 979.282 us
  Avg network latency: 237.666 us
  Avg deserialize time: 2057.52 us
  Recall: 0.9178
  Throughput: 417.57 QPS
FRONTIER_THREAD_RESULT ef=100 thread=5 queries=500 elapsed_s=1.197403422 recall=0.917800009
[35m[search_client_pipelined_reuse_thread.cc:581] Thread 5 returns
[0mThread 8 EF 100 benchmark:
  Queries executed: 500
  Avg total latency: 2393.42 us
  Avg meta search latency: 14.616 us
  Avg compute time: 886.478 us
  Avg network latency: 240.998 us
  Avg deserialize time: 2203.19 us
  Recall: 0.8886
  Throughput: 416.474 QPS
FRONTIER_THREAD_RESULT ef=100 thread=8 queries=500 elapsed_s=1.200556055 recall=0.888599992
[35m[search_client_pipelined_reuse_thread.cc:581] Thread 8 returns
[0m[39m[reporter.hh:42] [Batch 0] Compute: 596,160.00 ms, Network: 124,312.00 ms, Deserialize: 1,054,810.00 ms, Meta Search: 9,132.00 ms, Throughput: 361.71 qps, Total Time: 1,382,318.00 ms
[0mThread 9 EF 100 benchmark:
  Queries executed: 500
  Avg total latency: 2764.64 us
  Avg meta search latency: 18.264 us
  Avg compute time: 1192.32 us
  Avg network latency: 248.624 us
  Avg deserialize time: 2109.62 us
  Recall: 0.908
  Throughput: 360.751 QPS
FRONTIER_THREAD_RESULT ef=100 thread=9 queries=500 elapsed_s=1.385999381 recall=0.907999992
[35m[search_client_pipelined_reuse_thread.cc:581] Thread 9 returns
[0m[39m[reporter.hh:42] [Batch 0] Compute: 4,578,158.00 ms, Network: 8,536,845.00 ms, Deserialize: 528,383.00 ms, Meta Search: 7,276.00 ms, Throughput: 37.78 qps, Total Time: 13,234,299.00 ms
[0mThread 3 EF 100 benchmark:
  Queries executed: 500
  Avg total latency: 26468.6 us
  Avg meta search latency: 14.552 us
  Avg compute time: 9156.32 us
  Avg network latency: 17073.7 us
  Avg deserialize time: 1056.77 us
  Recall: 0.9058
  Throughput: 37.7738 QPS
FRONTIER_THREAD_RESULT ef=100 thread=3 queries=500 elapsed_s=13.236673309 recall=0.905799985
[35m[search_client_pipelined_reuse_thread.cc:581] Thread 3 returns
[0m[39m[reporter.hh:42] [Batch 0] Compute: 4,922,370.00 ms, Network: 8,578,000.00 ms, Deserialize: 506,252.00 ms, Meta Search: 8,544.00 ms, Throughput: 36.67 qps, Total Time: 13,634,307.00 ms
[0mThread 0 EF 100 benchmark:
  Queries executed: 500
  Avg total latency: 27268.6 us
  Avg meta search latency: 17.088 us
  Avg compute time: 9844.74 us
  Avg network latency: 17156 us
  Avg deserialize time: 1012.5 us
  Recall: 0.9176
  Throughput: 36.666 QPS
FRONTIER_THREAD_RESULT ef=100 thread=0 queries=500 elapsed_s=13.636624290 recall=0.917599976
[35m[search_client_pipelined_reuse_thread.cc:581] Thread 0 returns
[0m[39m[reporter.hh:42] [Batch 0] Compute: 4,965,117.00 ms, Network: 8,607,342.00 ms, Deserialize: 502,702.00 ms, Meta Search: 8,601.00 ms, Throughput: 36.38 qps, Total Time: 13,742,298.00 ms
[0mThread 2 EF 100 benchmark:
  Queries executed: 500
  Avg total latency: 27484.6 us
  Avg meta search latency: 17.202 us
  Avg compute time: 9930.23 us
  Avg network latency: 17214.7 us
  Avg deserialize time: 1005.4 us
  Recall: 0.924
  Throughput: 36.3777 QPS
FRONTIER_THREAD_RESULT ef=100 thread=2 queries=500 elapsed_s=13.744677434 recall=0.924000025
[35m[search_client_pipelined_reuse_thread.cc:581] Thread 2 returns
[0m[39m[reporter.hh:42] [Batch 0] Compute: 5,381,335.00 ms, Network: 8,588,066.00 ms, Deserialize: 816,088.00 ms, Meta Search: 7,300.00 ms, Throughput: 35.44 qps, Total Time: 14,110,305.00 ms
[0mThread 7 EF 100 benchmark:
  Queries executed: 500
  Avg total latency: 28220.6 us
  Avg meta search latency: 14.6 us
  Avg compute time: 10762.7 us
  Avg network latency: 17176.1 us
  Avg deserialize time: 1632.18 us
  Recall: 0.9058
  Throughput: 35.426 QPS
FRONTIER_THREAD_RESULT ef=100 thread=7 queries=500 elapsed_s=14.113918861 recall=0.905799985
[35m[search_client_pipelined_reuse_thread.cc:581] Thread 7 returns
[0m[39m[reporter.hh:42] [Batch 0] Compute: 5,556,202.00 ms, Network: 8,694,964.00 ms, Deserialize: 760,021.00 ms, Meta Search: 9,401.00 ms, Throughput: 34.78 qps, Total Time: 14,374,300.00 ms
[0mThread 4 EF 100 benchmark:
  Queries executed: 500
  Avg total latency: 28748.6 us
  Avg meta search latency: 18.802 us
  Avg compute time: 11112.4 us
  Avg network latency: 17389.9 us
  Avg deserialize time: 1520.04 us
  Recall: 0.8798
  Throughput: 34.7754 QPS
FRONTIER_THREAD_RESULT ef=100 thread=4 queries=500 elapsed_s=14.377979499 recall=0.879800022
[35m[search_client_pipelined_reuse_thread.cc:581] Thread 4 returns
[0m[39m[reporter.hh:42] [Batch 0] Compute: 5,263,746.00 ms, Network: 17,121,012.00 ms, Deserialize: 855,954.00 ms, Meta Search: 7,325.00 ms, Throughput: 22.15 qps, Total Time: 22,578,304.00 ms
[0mThread 6 EF 100 benchmark:
  Queries executed: 500
  Avg total latency: 45156.6 us
  Avg meta search latency: 14.65 us
  Avg compute time: 10527.5 us
  Avg network latency: 34242 us
  Avg deserialize time: 1711.91 us
  Recall: 0.911
  Throughput: 22.1415 QPS
FRONTIER_THREAD_RESULT ef=100 thread=6 queries=500 elapsed_s=22.581984603 recall=0.911000013
[35m[search_client_pipelined_reuse_thread.cc:581] Thread 6 returns
[0mEF: 100
Thread 0 recall: 0.9176
Thread 0 latency: 27268.6
Thread 0 network latency: 17156
Thread 0 duration_meta_search: 17.088
Thread 0 compute time: 9844.74
Thread 1 recall: 0.9028
Thread 1 latency: 1570.75
Thread 1 network latency: 245.622
Thread 1 duration_meta_search: 16.936
Thread 1 compute time: 1006.5
Thread 2 recall: 0.924
Thread 2 latency: 27484.6
Thread 2 network latency: 17214.7
Thread 2 duration_meta_search: 17.202
Thread 2 compute time: 9930.23
Thread 3 recall: 0.9058
Thread 3 latency: 26468.6
Thread 3 network latency: 17073.7
Thread 3 duration_meta_search: 14.552
Thread 3 compute time: 9156.32
Thread 4 recall: 0.8798
Thread 4 latency: 28748.6
Thread 4 network latency: 17389.9
Thread 4 duration_meta_search: 18.802
Thread 4 compute time: 11112.4
Thread 5 recall: 0.9178
Thread 5 latency: 2387.5
Thread 5 network latency: 237.666
Thread 5 duration_meta_search: 14.63
Thread 5 compute time: 979.282
Thread 6 recall: 0.911
Thread 6 latency: 45156.6
Thread 6 network latency: 34242
Thread 6 duration_meta_search: 14.65
Thread 6 compute time: 10527.5
Thread 7 recall: 0.9058
Thread 7 latency: 28220.6
Thread 7 network latency: 17176.1
Thread 7 duration_meta_search: 14.6
Thread 7 compute time: 10762.7
Thread 8 recall: 0.8886
Thread 8 latency: 2393.42
Thread 8 network latency: 240.998
Thread 8 duration_meta_search: 14.616
Thread 8 compute time: 886.478
Thread 9 recall: 0.908
Thread 9 latency: 2764.64
Thread 9 network latency: 248.624
Thread 9 duration_meta_search: 18.264
Thread 9 compute time: 1192.32
