============================================================
                        SERVER
============================================================
num clients:                  1
TCP port:                     21111
IB port:                      1
max outstanding CQEs:         16
max send work requests:       1024
max receive work requests:    1024
============================================================
index region bytes:           4294967296
2 device(s) found
Selected device: mlx5_1 (idx=1)
Link layer: Ethernet (RoCE), using GID index 3 (local IPv4 10.0.0.65)
num_cores: 80
physical cores per socket: 20
hyperthreading enabled
interleaved policy
pairing: 20714 -- 16501
[STATUS]: pinned main thread to core 20
[STATUS]: query QP/CQ contexts per compute node=16
[STATUS]: LAVD neighborhood region: resolved bytes=4294967296
allocation size: 4294967296
allocated ALIGNED MEM (no hugepage) at 140642474426432 with buffer size 4294967296
allocated ALIGNED MEM (no hugepage) at 140638179455040 with buffer size 4294967296
[STATUS]: LAVD neighborhood region: allocated bytes=4294967296
[STATUS]: register memory and distribute access token
[STATUS]: LAVD neighborhood region: registered bytes=4294967296
[STATUS]: connect QPs of compute threads
pairing: 20715 -- 16502
pairing: 20716 -- 16503
pairing: 20717 -- 16504
pairing: 20718 -- 16505
pairing: 20719 -- 16506
pairing: 20720 -- 16507
pairing: 20721 -- 16508
pairing: 20722 -- 16509
pairing: 20723 -- 16510
pairing: 20724 -- 16511
pairing: 20725 -- 16512
pairing: 20726 -- 16513
pairing: 20727 -- 16514
pairing: 20728 -- 16515
pairing: 20729 -- 16516
pairing: 20730 -- 16517
[STATUS]: idle: index construction
[STATUS]: loading index (800573128 Bytes) from /home/kvgroup/chaomei/hnsw-data/sift1m/dump/index_m16_efc100_node1_of1.dat
[STATUS]: query processing
[STATUS]: idle: queries
