============================================================
                        CLIENT
============================================================
connect to:                   [skv-node5, ]
is initiator:                 true
TCP port:                     21111
IB port:                      1
max outstanding CQEs:         16
max send work requests:       1024
max receive work requests:    1024
============================================================
index region bytes:           4294967296
data path:                    "/home/kvgroup/chaomei/hnsw-data/sift1m/"
query suffix:                 uniform
number of threads:            16
number of coroutines:         4
query QP/CQ contexts:         16
threads pinned:               true
seed:                         1234
------------------------------------------------------------
K:                            10
M:                            16
ef search:                    200
ef construction:              100
spec-k (GraphBeyond C1):      1
============================================================
2 device(s) found
Selected device: mlx5_1 (idx=1)
Link layer: Ethernet (RoCE), using GID index 3 (local IPv4 10.0.0.63)
num_cores: 80
physical cores per socket: 20
hyperthreading enabled
interleaved policy
[STATUS]: LAVD neighborhood region: requested bytes=4294967296, resolved bytes=4294967296
client id: 0
number of clients: 1
connect to server skv-node5
pairing: 16501 -- 20714
[STATUS]: pinned main thread to core 20
[STATUS]: receive access tokens of remote memory regions
[STATUS]: LAVD neighborhood region: registered bytes per MN=4294967296
reading input data... (dim=128, num vectors=10000/10000, filesize=5120008)
reading input data... (dim=100, num vectors=10000/10000, filesize=4000008)
[STATUS]: allocate worker threads and read buffers
allocated ALIGNED MEM (no hugepage) at 140317430157376 with buffer size 4294967296
2 device(s) found
Selected device: mlx5_1 (idx=1)
Link layer: Ethernet (RoCE), using GID index 3 (local IPv4 10.0.0.63)
pairing: 16502 -- 20715
2 device(s) found
Selected device: mlx5_1 (idx=1)
Link layer: Ethernet (RoCE), using GID index 3 (local IPv4 10.0.0.63)
pairing: 16503 -- 20716
2 device(s) found
Selected device: mlx5_1 (idx=1)
Link layer: Ethernet (RoCE), using GID index 3 (local IPv4 10.0.0.63)
pairing: 16504 -- 20717
2 device(s) found
Selected device: mlx5_1 (idx=1)
Link layer: Ethernet (RoCE), using GID index 3 (local IPv4 10.0.0.63)
pairing: 16505 -- 20718
2 device(s) found
Selected device: mlx5_1 (idx=1)
Link layer: Ethernet (RoCE), using GID index 3 (local IPv4 10.0.0.63)
pairing: 16506 -- 20719
2 device(s) found
Selected device: mlx5_1 (idx=1)
Link layer: Ethernet (RoCE), using GID index 3 (local IPv4 10.0.0.63)
pairing: 16507 -- 20720
2 device(s) found
Selected device: mlx5_1 (idx=1)
Link layer: Ethernet (RoCE), using GID index 3 (local IPv4 10.0.0.63)
pairing: 16508 -- 20721
2 device(s) found
Selected device: mlx5_1 (idx=1)
Link layer: Ethernet (RoCE), using GID index 3 (local IPv4 10.0.0.63)
pairing: 16509 -- 20722
2 device(s) found
Selected device: mlx5_1 (idx=1)
Link layer: Ethernet (RoCE), using GID index 3 (local IPv4 10.0.0.63)
pairing: 16510 -- 20723
2 device(s) found
Selected device: mlx5_1 (idx=1)
Link layer: Ethernet (RoCE), using GID index 3 (local IPv4 10.0.0.63)
pairing: 16511 -- 20724
2 device(s) found
Selected device: mlx5_1 (idx=1)
Link layer: Ethernet (RoCE), using GID index 3 (local IPv4 10.0.0.63)
pairing: 16512 -- 20725
2 device(s) found
Selected device: mlx5_1 (idx=1)
Link layer: Ethernet (RoCE), using GID index 3 (local IPv4 10.0.0.63)
pairing: 16513 -- 20726
2 device(s) found
Selected device: mlx5_1 (idx=1)
Link layer: Ethernet (RoCE), using GID index 3 (local IPv4 10.0.0.63)
pairing: 16514 -- 20727
2 device(s) found
Selected device: mlx5_1 (idx=1)
Link layer: Ethernet (RoCE), using GID index 3 (local IPv4 10.0.0.63)
pairing: 16515 -- 20728
2 device(s) found
Selected device: mlx5_1 (idx=1)
Link layer: Ethernet (RoCE), using GID index 3 (local IPv4 10.0.0.63)
pairing: 16516 -- 20729
2 device(s) found
Selected device: mlx5_1 (idx=1)
Link layer: Ethernet (RoCE), using GID index 3 (local IPv4 10.0.0.63)
pairing: 16517 -- 20730
[STATUS]: synchronize compute nodes
[STATUS]: LAVD: building neighborhood region
[LAVD][multi] start build, num_mns=1 bits=8 stride=4616 rabitq_b=0
[LAVD][multi] MN 0 staged-read 800573128B via 67108864B MR
[LAVD][multi] parsed N=1000000 uids across 1 MNs
[LAVD][native][export] N=1000000 mns=1 policy=block_cyclic mode=packed_write packed_region=4616016384 sparse_region=4616016384 saved=0 MN[0]_blocks=1000000 MN[0]_bytes=4616016384
LAVD_MATERIALIZATION_POLICY {"version":1,"policy":"indeg","budget_scope":"aggregate_high_water_across_mns","requested_bytes":2147483648,"fixed_bytes":12016392,"record_bytes":2135467144,"admitted_bytes":2147483536,"unused_bytes":112,"selected_records":646217,"total_records":1000000,"budget_map_required":true,"selection_hash":127712115153289297,"total_benefit":381277074,"reached":1000000,"rank_workers":20}
[LAVD][multi][budget] compact_idx map written to MN[0]: N=1000000 H=646217
[LAVD][varblock][multi] MN[0] offset_table written: L=1000000 table_bytes=8000008 blocks_total=2135467144 avg_stride=2135
LAVD_BUILD_PUBLICATION {"version":1,"mode":"staged","workers":20,"staging_bytes":67108864,"records":646217,"record_write_posts":32}
LAVD_PHYSICAL_ACCOUNTING {"descriptor_version":3,"policy":"block_cyclic","record_layout":"variable","scoring_code":"scalar","scoring_bits":8,"max_record_bytes":4616,"max_degree":32,"colocated_degree":32,"slot_only":false,"budget_map_required":true,"total_slots":1000000,"num_mns":1,"mn":0,"local_slots":1000000,"header_bytes":16384,"budget_map_bytes":4000000,"placement_padding_bytes":0,"offset_table_bytes":8000008,"record_bytes":2135467144,"materialized_bytes":2147483536,"registered_bytes":4294967296,"hash_version":2,"hash_algorithm":"fnv1a64","hash_scope":"field_scoped_physical_artifacts","header_hash_scope":"replicated_header_source_bytes","descriptor_hash_scope":"descriptor_slice_of_replicated_header","map_hash_scope":"global_budget_map_source_bytes","offset_table_hash_scope":"per_mn_offset_table_source_bytes","record_payload_hash_scope":"per_mn_record_payload_source_bytes","selected_uid_hash_scope":"global_selected_uid_u32le_sequence","budget_map_owner_mn":0,"header_hash":"926dccdbc787474a","descriptor_hash":"9617bf82e9220e29","map_hash":"3c30dd5c1dc83f5c","offset_table_hash":"d89ceef800a997ec","record_payload_hash":"1d8b66c2046f84e3","selected_uid_hash":"437a7c3fcc6e40cf","actual_write_bytes":2147483536}
[LAVD][multi] build done: N=1000000 edges=14793732 avg_deg=14.7937 MN[0]=646217
[LAVD][multi][prefilter] rev_index built: total=1000000 entries across 1 MNs
[LAVD][multi] retained authoritative snapshot for resident upper graph: shards=1
[STATUS]: synchronize compute nodes
[LAVD][native] packed addressing restored from descriptor: N=1000000 mns=1 policy=block_cyclic layout=variable descriptor_version=3 packed_bytes=2147483536 sparse_bytes=0
[LAVD][budget] CN loaded map: N=1000000 H=646217 (64.6217% co-located)
[STATUS]: LAVD: config ready (bits=8 stride=4616 rerank=100)
[STATUS]: CRANE: building CN-resident upper-nav cache
[CRANE][multi] reused authoritative build snapshot: shards=1
[CRANE][multi] upper cache built: U=62529 (128-d) comp=32014848B entry_uid=1325 num_mns=1
[STATUS]: construct placement datastructure
  fetched 20 nodes on level 4
  fetched 259 nodes on level 3
  fetched 3923 nodes on level 2
[STATUS]: run balanced k-means
run kmeans
cluster sizes:
  cluster 0: 1920
  cluster 1: 2003
  final iteration: 5, final error: 0
run balanced kmeans
num iterations: 75
reported cluster sizes:
  cluster 0: 1961
  cluster 1: 1962
actual cluster sizes:
  cluster 0: 1922
  cluster 1: 2001
combine clusters
final cluster sizes:
  cluster 0: 3923
final mapping: 0 0 
[STATUS]: synchronize compute nodes
[STATUS]: run queries
allocated ALIGNED MEM (no hugepage) at 94317999084544 with buffer size 416000
routing buffer size: 416000
[STATUS]: **QUERY**: running worker threads...
[STATUS]: pinned thread 1 to core 0
[STATUS]: pinned thread 2 to core 21
[STATUS]: pinned thread 3 to core 1
[STATUS]: pinned thread 4 to core 22
[STATUS]: pinned thread 5 to core 2
[STATUS]: pinned thread 6 to core 23
[STATUS]: pinned thread 7 to core 3
[STATUS]: pinned thread 8 to core 24
[STATUS]: pinned thread 9 to core 4
[STATUS]: pinned thread 10 to core 25
[STATUS]: pinned thread 11 to core 5
[STATUS]: pinned thread 12 to core 26
[STATUS]: pinned thread 13 to core 6
[STATUS]: pinned thread 14 to core 27
[STATUS]: pinned thread 15 to core 7
query 0/10000
query 1000/10000
query 2000/10000
query 3000/10000
query 4000/10000
query 5000/10000
query 6000/10000
query 7000/10000
query 8000/10000
query 9000/10000
[STATUS]: join compute threads
t0 processed: 615, CHR: 0
t1 processed: 602, CHR: 0
t2 processed: 639, CHR: 0
t3 processed: 647, CHR: 0
t4 processed: 615, CHR: 0
t5 processed: 602, CHR: 0
t6 processed: 634, CHR: 0
t7 processed: 643, CHR: 0
t8 processed: 616, CHR: 0
t9 processed: 618, CHR: 0
t10 processed: 642, CHR: 0
t11 processed: 639, CHR: 0
t12 processed: 610, CHR: 0
t13 processed: 607, CHR: 0
t14 processed: 652, CHR: 0
t15 processed: 619, CHR: 0
[STATUS]: processed queries: 10000
[STATUS]: local recall: 0.992220
[STATUS]: collect statistics and timings from compute nodes

statistics:
cache histogram
  size: 0 | freq: 75454
total entries: 0
cooling table histogram
  size: 0 | freq: 1258
  size: 1 | freq: 0
  size: 2 | freq: 0
  size: 3 | freq: 0
  size: 4 | freq: 0
  size: 5 | freq: 0
  size: 6 | freq: 0
CT total entries: 0
