============================================================
                        SERVER
============================================================
num clients:                  1
TCP port:                     1510
IB port:                      1
max outstanding CQEs:         16
max send work requests:       1024
max receive work requests:    1024
============================================================
index region bytes:           17179869184
2 device(s) found
Selected device: mlx5_1 (idx=1)
Link layer: Ethernet (RoCE), using GID index 3 (local IPv4 10.0.0.65)
num_cores: 80
physical cores per socket: 20
hyperthreading enabled
interleaved policy
pairing: 15640 -- 10430
[STATUS]: pinned main thread to core 20
[STATUS]: query QP/CQ contexts per compute node=1
[STATUS]: LAVD neighborhood region: resolved bytes=4294967296
allocation size: 17179869184
allocated ALIGNED MEM (no hugepage) at 140395801509952 with buffer size 17179869184
allocated ALIGNED MEM (no hugepage) at 140391506538560 with buffer size 4294967296
[STATUS]: LAVD neighborhood region: allocated bytes=4294967296
[STATUS]: register memory and distribute access token
[STATUS]: LAVD neighborhood region: registered bytes=4294967296
[STATUS]: connect QPs of compute threads
pairing: 15641 -- 10431
[STATUS]: idle: index construction
[STATUS]: loading index (672573128 Bytes) from /home/kvgroup/chaomei/hnsw-data/deep1m/dump/index_m16_efc100_node1_of1.dat
[STATUS]: query processing
[STATUS]: idle: queries
