============================================================
                        SERVER
============================================================
num clients:                  1
TCP port:                     21060
IB port:                      1
max outstanding CQEs:         16
max send work requests:       1024
max receive work requests:    1024
============================================================
index region bytes:           4294967296
2 device(s) found
Selected device: mlx5_1 (idx=1)
Link layer: Ethernet (RoCE), using GID index 3 (local IPv4 10.0.0.65)
num_cores: 80
physical cores per socket: 20
hyperthreading enabled
interleaved policy
pairing: 19847 -- 15634
[STATUS]: pinned main thread to core 20
[STATUS]: query QP/CQ contexts per compute node=16
[STATUS]: LAVD neighborhood region: resolved bytes=4294967296
allocation size: 4294967296
allocated ALIGNED MEM (no hugepage) at 139739709591616 with buffer size 4294967296
allocated ALIGNED MEM (no hugepage) at 139735414620224 with buffer size 4294967296
[STATUS]: LAVD neighborhood region: allocated bytes=4294967296
[STATUS]: register memory and distribute access token
[STATUS]: LAVD neighborhood region: registered bytes=4294967296
[STATUS]: connect QPs of compute threads
pairing: 19848 -- 15635
pairing: 19849 -- 15636
pairing: 19850 -- 15637
pairing: 19851 -- 15638
pairing: 19852 -- 15639
pairing: 19853 -- 15640
pairing: 19854 -- 15641
pairing: 19855 -- 15642
pairing: 19856 -- 15643
pairing: 19857 -- 15644
pairing: 19858 -- 15645
pairing: 19859 -- 15646
pairing: 19860 -- 15647
pairing: 19861 -- 15648
pairing: 19862 -- 15649
pairing: 19863 -- 15650
[STATUS]: idle: index construction
[STATUS]: loading index (672573128 Bytes) from /home/kvgroup/chaomei/hnsw-data/deep1m/dump/index_m16_efc100_node1_of1.dat
[STATUS]: query processing
[STATUS]: idle: queries
