query_data_path: ../datasets/gist/gist_query.fvecs
Reading from vector 1 to -1
Seekg position: 0 bytes
Each vector size: 3844 bytes (dim=960)
Reading 333 vectors
Reading 333 vectors
QUERY_GT_SHAPE query_rows=333 ground_truth_rows=333 query_rows_per_ground_truth=1
original_n_query_data = 333
sampling_mod = 1, sampling_count = 0
query_data.size(): 319680
ground_truth.size(): 33300
FRONTIER_QUERY_POOL total_queries=333 threads=10 top_k=10 fixed=1
queries_per_thread: 33
ground_truth.size(): 33300
Using physical cores only (skipping hyperthreads)
[35m[search_client_pipelined_reuse_thread.cc:234] Thread 0 fetch QP authentication key: 1943327684
[0m[35m[search_client_pipelined_reuse_thread.cc:238] Thread 0 RDMA resources initialized
[0m[35m[search_client_pipelined_reuse_thread.cc:234] Thread 1 fetch QP authentication key: 1069755936
[0m[35m[search_client_pipelined_reuse_thread.cc:238] Thread 1 RDMA resources initialized
[0m[35m[search_client_pipelined_reuse_thread.cc:234] Thread 2 fetch QP authentication key: 349517445
[0m[35m[search_client_pipelined_reuse_thread.cc:238] Thread 2 RDMA resources initialized
[0m[35m[search_client_pipelined_reuse_thread.cc:234] Thread 3 fetch QP authentication key: 1057418418
[0m[35m[search_client_pipelined_reuse_thread.cc:238] Thread 3 RDMA resources initialized
[0m[35m[search_client_pipelined_reuse_thread.cc:234] Thread 4 fetch QP authentication key: 1065103348
[0m[35m[search_client_pipelined_reuse_thread.cc:238] Thread 4 RDMA resources initialized
[0m[35m[search_client_pipelined_reuse_thread.cc:234] Thread 5 fetch QP authentication key: 1469262009
[0m[35m[search_client_pipelined_reuse_thread.cc:238] Thread 5 RDMA resources initialized
[0m[35m[search_client_pipelined_reuse_thread.cc:234] Thread 6 fetch QP authentication key: 298625210
[0m[35m[search_client_pipelined_reuse_thread.cc:238] Thread 6 RDMA resources initialized
[0m[35m[search_client_pipelined_reuse_thread.cc:234] Thread 7 fetch QP authentication key: 1799878206
[0m[35m[search_client_pipelined_reuse_thread.cc:238] Thread 7 RDMA resources initialized
[0m[35m[search_client_pipelined_reuse_thread.cc:234] Thread 8 fetch QP authentication key: 476667372
[0m[35m[search_client_pipelined_reuse_thread.cc:238] Thread 8 RDMA resources initialized
[0m[35m[search_client_pipelined_reuse_thread.cc:234] Thread 9 fetch QP authentication key: 296864819
[0m[35m[search_client_pipelined_reuse_thread.cc:238] Thread 9 RDMA resources initialized
[0m=== gRPC Service Parameters Debug ===
epoch: 0
rdma_base_offset: 0
serialized_meta_hnsw size: 493450 bytes
offset size: 240 elements
offset_para size: 1080 elements
overflow size: 360 elements
mapping size: 120 elements
Thread 1 local_hnsw mapping size: === gRPC Service Parameters Debug ===
epoch: 0
rdma_base_offset: 0
serialized_meta_hnsw size: 493450 bytes
offset size: 240 elements
offset_para size: 1080 elements
overflow size: 360 elements
mapping size: 120 elements
Thread 0 local_hnsw mapping size: 120
fetch_worker start
deserialize_worker start
=== Thread 1 testing EF = 300 for 20 seconds ===
search_worker start
120
fetch_worker start
deserialize_worker start
=== Thread 0 testing EF = 300search_worker start for 20 seconds ===

=== gRPC Service Parameters Debug ===
epoch: 0
rdma_base_offset: 0
serialized_meta_hnsw size: 493450 bytes
offset size: 240 elements
offset_para size: 1080 elements
overflow size: 360 elements
mapping size: 120 elements
Thread 2 local_hnsw mapping size: === gRPC Service Parameters Debug ===
epoch: 0
rdma_base_offset: 0
serialized_meta_hnsw size: 493450 bytes
offset size: 240 elements
offset_para size: 1080 elements
overflow size: 360 elements
mapping size: 120 elements
Thread 3 local_hnsw mapping size: 120
fetch_worker start
deserialize_worker start
search_worker start
=== Thread 2 testing EF = 300 for 20 seconds ===
120
fetch_worker start
deserialize_worker start
search_worker start
=== Thread 3 testing EF = 300 for 20 seconds ===
=== gRPC Service Parameters Debug ===
epoch: 0
rdma_base_offset: 0
serialized_meta_hnsw size: 493450 bytes
offset size: 240 elements
offset_para size: 1080 elements
overflow size: 360 elements
mapping size: 120 elements
Thread 4 local_hnsw mapping size: === gRPC Service Parameters Debug ===
epoch: 0
rdma_base_offset: 0
serialized_meta_hnsw size: 493450 bytes
offset size: 240 elements
offset_para size: 1080 elements
overflow size: 360 elements
mapping size: 120 elements
Thread 5 local_hnsw mapping size: 120
fetch_worker start
deserialize_worker start
120
=== Thread 5 testing EF = 300 for 20 seconds ===
search_worker start
fetch_worker start
deserialize_worker start
search_worker start
=== Thread 4 testing EF = 300 for 20 seconds ===
=== gRPC Service Parameters Debug ===
epoch: 0
rdma_base_offset: 0
serialized_meta_hnsw size: 493450 bytes
offset size: 240 elements
offset_para size: 1080 elements
overflow size: 360 elements
mapping size: 120 elements
Thread 6 local_hnsw mapping size: 120
fetch_worker start
deserialize_worker start
=== Thread 6 testing EF = 300 for 20 seconds ===
search_worker start
=== gRPC Service Parameters Debug ===
epoch: 0
rdma_base_offset: 0
serialized_meta_hnsw size: 493450 bytes
offset size: 240 elements
offset_para size: 1080 elements
overflow size: 360 elements
mapping size: 120 elements
Thread 7 local_hnsw mapping size: 120
fetch_worker start
deserialize_worker start
search_worker start
=== Thread 7 testing EF = 300 for 20 seconds ===
=== gRPC Service Parameters Debug ===
epoch: 0
rdma_base_offset: 0
serialized_meta_hnsw size: 493450 bytes
offset size: 240 elements
offset_para size: 1080 elements
overflow size: 360 elements
mapping size: 120 elements
Thread 9 local_hnsw mapping size: === gRPC Service Parameters Debug ===
epoch: 0
rdma_base_offset: 0
serialized_meta_hnsw size: 493450 bytes
offset size: 240 elements
offset_para size: 1080 elements
overflow size: 360 elements
mapping size: 120 elements
Thread 8 local_hnsw mapping size: 120
fetch_worker start
deserialize_worker start
=== Thread 9 testing EF = 300 for 20 seconds ===
search_worker start
120
fetch_worker start
deserialize_worker start
=== Thread 8 testing EF = 300 for 20 seconds ===
search_worker start
[39m[reporter.hh:42] [Batch 0] Compute: 2,068,439.00 ms, Network: 1,300,395.00 ms, Deserialize: 3,156,626.00 ms, Meta Search: 7,080.00 ms, Throughput: 4.23 qps, Total Time: 7,794,829.00 ms
[0mThread 7 EF 300 benchmark:
  Queries executed: 33
  Avg total latency: 236207 us
  Avg meta search latency: 214.545 us
  Avg compute time: 62680 us
  Avg network latency: 39405.9 us
  Avg deserialize time: 95655.3 us
  Recall: 0.893939
  Throughput: 4.23152 QPS
FRONTIER_THREAD_RESULT ef=300 thread=7 queries=33 elapsed_s=7.798609760 recall=0.893939376
[35m[search_client_pipelined_reuse_thread.cc:581] Thread 7 returns
[0m[39m[reporter.hh:42] [Batch 0] Compute: 2,486,812.00 ms, Network: 6,516,152.00 ms, Deserialize: 1,943,397.00 ms, Meta Search: 7,398.00 ms, Throughput: 2.98 qps, Total Time: 11,074,813.00 ms
[0mThread 2 EF 300 benchmark:
  Queries executed: 33
  Avg total latency: 335600 us
  Avg meta search latency: 224.182 us
  Avg compute time: 75357.9 us
  Avg network latency: 197459 us
  Avg deserialize time: 58890.8 us
  Recall: 0.715151
  Throughput: 2.97909 QPS
FRONTIER_THREAD_RESULT ef=300 thread=2 queries=33 elapsed_s=11.077211823 recall=0.715151489
[35m[search_client_pipelined_reuse_thread.cc:581] Thread 2 returns
[0m[39m[reporter.hh:42] [Batch 0] Compute: 2,983,044.00 ms, Network: 6,485,717.00 ms, Deserialize: 1,919,521.00 ms, Meta Search: 8,225.00 ms, Throughput: 2.97 qps, Total Time: 11,106,824.00 ms
[0mThread 1 EF 300 benchmark:
  Queries executed: 33
  Avg total latency: 336570 us
  Avg meta search latency: 249.242 us
  Avg compute time: 90395.3 us
  Avg network latency: 196537 us
  Avg deserialize time: 58167.3 us
  Recall: 0.730303
  Throughput: 2.97061 QPS
FRONTIER_THREAD_RESULT ef=300 thread=1 queries=33 elapsed_s=11.108828923 recall=0.730303049
[35m[search_client_pipelined_reuse_thread.cc:581] Thread 1 returns
[0m[39m[reporter.hh:42] [Batch 0] Compute: 2,511,982.00 ms, Network: 6,587,078.00 ms, Deserialize: 2,246,243.00 ms, Meta Search: 6,973.00 ms, Throughput: 2.97 qps, Total Time: 11,121,698.00 ms
[0mThread 3 EF 300 benchmark:
  Queries executed: 33
  Avg total latency: 337021 us
  Avg meta search latency: 211.303 us
  Avg compute time: 76120.7 us
  Avg network latency: 199608 us
  Avg deserialize time: 68068 us
  Recall: 0.787879
  Throughput: 2.96662 QPS
FRONTIER_THREAD_RESULT ef=300 thread=3 queries=33 elapsed_s=11.123780416 recall=0.787878811
[35m[search_client_pipelined_reuse_thread.cc:581] Thread 3 returns
[0m[39m[reporter.hh:42] [Batch 0] Compute: 2,107,237.00 ms, Network: 6,470,930.00 ms, Deserialize: 3,134,341.00 ms, Meta Search: 7,162.00 ms, Throughput: 2.61 qps, Total Time: 12,650,820.00 ms
[0mThread 6 EF 300 benchmark:
  Queries executed: 33
  Avg total latency: 383358 us
  Avg meta search latency: 217.03 us
  Avg compute time: 63855.7 us
  Avg network latency: 196089 us
  Avg deserialize time: 94980 us
  Recall: 0.681818
  Throughput: 2.60783 QPS
FRONTIER_THREAD_RESULT ef=300 thread=6 queries=33 elapsed_s=12.654207803 recall=0.681818187
[35m[search_client_pipelined_reuse_thread.cc:581] Thread 6 returns
[0m[39m[reporter.hh:42] [Batch 0] Compute: 2,793,503.00 ms, Network: 9,449,838.00 ms, Deserialize: 2,076,668.00 ms, Meta Search: 7,260.00 ms, Throughput: 2.28 qps, Total Time: 14,498,861.00 ms
[0mThread 0 EF 300 benchmark:
  Queries executed: 33
  Avg total latency: 439359 us
  Avg meta search latency: 220 us
  Avg compute time: 84651.6 us
  Avg network latency: 286359 us
  Avg deserialize time: 62929.3 us
  Recall: 0.772727
  Throughput: 2.27531 QPS
FRONTIER_THREAD_RESULT ef=300 thread=0 queries=33 elapsed_s=14.503498616 recall=0.772727251
[35m[search_client_pipelined_reuse_thread.cc:581] Thread 0 returns
[0m[39m[reporter.hh:42] [Batch 0] Compute: 2,874,747.00 ms, Network: 9,483,615.00 ms, Deserialize: 3,048,549.00 ms, Meta Search: 8,143.00 ms, Throughput: 2.19 qps, Total Time: 16,458,843.00 ms
[0mThread 9 EF 300 benchmark:
  Queries executed: 36
  Avg total latency: 457190 us
  Avg meta search latency: 226.194 us
  Avg compute time: 79854.1 us
  Avg network latency: 263434 us
  Avg deserialize time: 84681.9 us
  Recall: 0.622222
  Throughput: 2.18677 QPS
FRONTIER_THREAD_RESULT ef=300 thread=9 queries=36 elapsed_s=16.462636137 recall=0.622222245
[35m[search_client_pipelined_reuse_thread.cc:581] Thread 9 returns
[0m[39m[reporter.hh:42] [Batch 0] Compute: 2,930,442.00 ms, Network: 14,490,455.00 ms, Deserialize: 2,766,870.00 ms, Meta Search: 7,295.00 ms, Throughput: 1.67 qps, Total Time: 19,774,828.00 ms
[0mThread 5 EF 300 benchmark:
  Queries executed: 33
  Avg total latency: 599237 us
  Avg meta search latency: 221.061 us
  Avg compute time: 88801.3 us
  Avg network latency: 439105 us
  Avg deserialize time: 83844.5 us
  Recall: 0.784849
  Throughput: 1.66854 QPS
FRONTIER_THREAD_RESULT ef=300 thread=5 queries=33 elapsed_s=19.777765951 recall=0.784848511
[35m[search_client_pipelined_reuse_thread.cc:581] Thread 5 returns
[0m[39m[reporter.hh:42] [Batch 0] Compute: 2,865,464.00 ms, Network: 17,189,553.00 ms, Deserialize: 3,137,962.00 ms, Meta Search: 7,179.00 ms, Throughput: 1.40 qps, Total Time: 23,507,788.00 ms
[0mThread 8 EF 300 benchmark:
  Queries executed: 33
  Avg total latency: 712357 us
  Avg meta search latency: 217.545 us
  Avg compute time: 86832.2 us
  Avg network latency: 520896 us
  Avg deserialize time: 95089.8 us
  Recall: 0.727273
  Throughput: 1.40357 QPS
FRONTIER_THREAD_RESULT ef=300 thread=8 queries=33 elapsed_s=23.511395136 recall=0.727272749
[35m[search_client_pipelined_reuse_thread.cc:581] Thread 8 returns
[0m[39m[reporter.hh:42] [Batch 0] Compute: 2,734,559.00 ms, Network: 22,748,886.00 ms, Deserialize: 2,929,008.00 ms, Meta Search: 11,051.00 ms, Throughput: 1.17 qps, Total Time: 28,094,649.00 ms
[0mThread 4 EF 300 benchmark:
  Queries executed: 33
  Avg total latency: 851353 us
  Avg meta search latency: 334.879 us
  Avg compute time: 82865.4 us
  Avg network latency: 689360 us
  Avg deserialize time: 88757.8 us
  Recall: 0.812121
  Throughput: 1.17446 QPS
FRONTIER_THREAD_RESULT ef=300 thread=4 queries=33 elapsed_s=28.098042245 recall=0.812121212
[35m[search_client_pipelined_reuse_thread.cc:581] Thread 4 returns
[0mEF: 300
Thread 0 recall: 0.772727
Thread 0 latency: 439359
Thread 0 network latency: 286359
Thread 0 duration_meta_search: 220
Thread 0 compute time: 84651.6
Thread 1 recall: 0.730303
Thread 1 latency: 336570
Thread 1 network latency: 196537
Thread 1 duration_meta_search: 249.242
Thread 1 compute time: 90395.3
Thread 2 recall: 0.715151
Thread 2 latency: 335600
Thread 2 network latency: 197459
Thread 2 duration_meta_search: 224.182
Thread 2 compute time: 75357.9
Thread 3 recall: 0.787879
Thread 3 latency: 337021
Thread 3 network latency: 199608
Thread 3 duration_meta_search: 211.303
Thread 3 compute time: 76120.7
Thread 4 recall: 0.812121
Thread 4 latency: 851353
Thread 4 network latency: 689360
Thread 4 duration_meta_search: 334.879
Thread 4 compute time: 82865.4
Thread 5 recall: 0.784849
Thread 5 latency: 599237
Thread 5 network latency: 439105
Thread 5 duration_meta_search: 221.061
Thread 5 compute time: 88801.3
Thread 6 recall: 0.681818
Thread 6 latency: 383358
Thread 6 network latency: 196089
Thread 6 duration_meta_search: 217.03
Thread 6 compute time: 63855.7
Thread 7 recall: 0.893939
Thread 7 latency: 236207
Thread 7 network latency: 39405.9
Thread 7 duration_meta_search: 214.545
Thread 7 compute time: 62680
Thread 8 recall: 0.727273
Thread 8 latency: 712357
Thread 8 network latency: 520896
Thread 8 duration_meta_search: 217.545
Thread 8 compute time: 86832.2
Thread 9 recall: 0.622222
Thread 9 latency: 457190
Thread 9 network latency: 263434
Thread 9 duration_meta_search: 226.194
Thread 9 compute time: 79854.1
