============================================================
                        SERVER
============================================================
num clients:                  1
TCP port:                     21066
IB port:                      1
max outstanding CQEs:         16
max send work requests:       1024
max receive work requests:    1024
============================================================
index region bytes:           4294967296
2 device(s) found
Selected device: mlx5_1 (idx=1)
Link layer: Ethernet (RoCE), using GID index 3 (local IPv4 10.0.0.65)
num_cores: 80
physical cores per socket: 20
hyperthreading enabled
interleaved policy
pairing: 19949 -- 15736
[STATUS]: pinned main thread to core 20
[STATUS]: query QP/CQ contexts per compute node=16
[STATUS]: LAVD neighborhood region: resolved bytes=4294967296
allocation size: 4294967296
allocated ALIGNED MEM (no hugepage) at 139726956900416 with buffer size 4294967296
allocated ALIGNED MEM (no hugepage) at 139722661929024 with buffer size 4294967296
[STATUS]: LAVD neighborhood region: allocated bytes=4294967296
[STATUS]: register memory and distribute access token
[STATUS]: LAVD neighborhood region: registered bytes=4294967296
[STATUS]: connect QPs of compute threads
pairing: 19950 -- 15737
pairing: 19951 -- 15738
pairing: 19952 -- 15739
pairing: 19953 -- 15740
pairing: 19954 -- 15741
pairing: 19955 -- 15742
pairing: 19956 -- 15743
pairing: 19957 -- 15744
pairing: 19958 -- 15745
pairing: 19959 -- 15746
pairing: 19960 -- 15747
pairing: 19961 -- 15748
pairing: 19962 -- 15749
pairing: 19963 -- 15750
pairing: 19964 -- 15751
pairing: 19965 -- 15752
[STATUS]: idle: index construction
[STATUS]: loading index (800573128 Bytes) from /home/kvgroup/chaomei/hnsw-data/sift1m/dump/index_m16_efc100_node1_of1.dat
[STATUS]: query processing
[STATUS]: idle: queries
