query_data_path: ../datasets/deep1M/deep1M_query.fvecs
Reading from vector 1 to -1
Seekg position: 0 bytes
Each vector size: 388 bytes (dim=96)
Reading 3333 vectors
Reading 3333 vectors
QUERY_GT_SHAPE query_rows=3333 ground_truth_rows=3333 query_rows_per_ground_truth=1
original_n_query_data = 3333
sampling_mod = 1, sampling_count = 0
query_data.size(): 319968
ground_truth.size(): 333300
FRONTIER_QUERY_POOL total_queries=3333 threads=10 top_k=10 fixed=1
queries_per_thread: 333
ground_truth.size(): 333300
Using physical cores only (skipping hyperthreads)
[35m[search_client_pipelined_reuse_thread.cc:234] Thread 0 fetch QP authentication key: 1869470124
[0m[35m[search_client_pipelined_reuse_thread.cc:238] Thread 0 RDMA resources initialized
[0m[35m[search_client_pipelined_reuse_thread.cc:234] Thread 1 fetch QP authentication key: 1982275856
[0m[35m[search_client_pipelined_reuse_thread.cc:238] Thread 1 RDMA resources initialized
[0m[35m[search_client_pipelined_reuse_thread.cc:234] Thread 2 fetch QP authentication key: 350322227
[0m[35m[search_client_pipelined_reuse_thread.cc:238] Thread 2 RDMA resources initialized
[0m[35m[search_client_pipelined_reuse_thread.cc:234] Thread 3 fetch QP authentication key: 771151432
[0m[35m[search_client_pipelined_reuse_thread.cc:238] Thread 3 RDMA resources initialized
[0m[35m[search_client_pipelined_reuse_thread.cc:234] Thread 4 fetch QP authentication key: 971899228
[0m[35m[search_client_pipelined_reuse_thread.cc:238] Thread 4 RDMA resources initialized
[0m[35m[search_client_pipelined_reuse_thread.cc:234] Thread 5 fetch QP authentication key: 1139901474
[0m[35m[search_client_pipelined_reuse_thread.cc:238] Thread 5 RDMA resources initialized
[0m[35m[search_client_pipelined_reuse_thread.cc:234] Thread 6 fetch QP authentication key: 2130794395
[0m[35m[search_client_pipelined_reuse_thread.cc:238] Thread 6 RDMA resources initialized
[0m[35m[search_client_pipelined_reuse_thread.cc:234] Thread 7 fetch QP authentication key: 1605908235
[0m[35m[search_client_pipelined_reuse_thread.cc:238] Thread 7 RDMA resources initialized
[0m[35m[search_client_pipelined_reuse_thread.cc:234] Thread 8 fetch QP authentication key: 1605894428
[0m[35m[search_client_pipelined_reuse_thread.cc:238] Thread 8 RDMA resources initialized
[0m[35m[search_client_pipelined_reuse_thread.cc:234] Thread 9 fetch QP authentication key: 1875335928
[0m[35m[search_client_pipelined_reuse_thread.cc:238] Thread 9 RDMA resources initialized
[0m=== gRPC Service Parameters Debug ===
epoch: 0
rdma_base_offset: 0
serialized_meta_hnsw size: 105066 bytes
offset size: 320 elements
offset_para size: 1440 elements
overflow size: 480 elements
mapping size: 160 elements
Thread 0 local_hnsw mapping size: 160
fetch_worker start
deserialize_worker start
=== Thread 0 testing EF = 200 for 20 seconds ===
search_worker start
=== gRPC Service Parameters Debug ===
epoch: 0
rdma_base_offset: 0
serialized_meta_hnsw size: 105066 bytes
offset size: 320 elements
offset_para size: 1440 elements
overflow size: 480 elements
mapping size: 160 elements
Thread 1 local_hnsw mapping size: 160
fetch_worker start
deserialize_worker start
search_worker start
=== Thread 1 testing EF = 200 for 20 seconds ===
=== gRPC Service Parameters Debug ===
epoch: 0
rdma_base_offset: 0
serialized_meta_hnsw size: 105066 bytes
offset size: 320 elements
offset_para size: 1440 elements
overflow size: 480 elements
mapping size: 160 elements
Thread 2 local_hnsw mapping size: 160
fetch_worker start
deserialize_worker start
=== Thread 2 testing EF = 200 for 20 seconds ===
search_worker start
=== gRPC Service Parameters Debug ===
epoch: 0
rdma_base_offset: 0
serialized_meta_hnsw size: 105066 bytes
offset size: 320 elements
offset_para size: 1440 elements
overflow size: 480 elements
mapping size: 160 elements
Thread 3 local_hnsw mapping size: 160
fetch_worker start
deserialize_worker start
search_worker start
=== Thread 3 testing EF = 200 for 20 seconds ===
=== gRPC Service Parameters Debug ===
epoch: 0
rdma_base_offset: 0
serialized_meta_hnsw size: 105066 bytes
offset size: 320 elements
offset_para size: 1440 elements
overflow size: 480 elements
mapping size: 160 elements
Thread 4 local_hnsw mapping size: 160
fetch_worker start
deserialize_worker start
=== Thread 4 testing EF = 200 for 20 seconds ===
search_worker start
=== gRPC Service Parameters Debug ===
epoch: 0
rdma_base_offset: 0
serialized_meta_hnsw size: 105066 bytes
offset size: 320 elements
offset_para size: 1440 elements
overflow size: 480 elements
mapping size: 160 elements
Thread 5 local_hnsw mapping size: 160
fetch_worker start
deserialize_worker start
=== Thread 5 testing EF = 200 for 20 seconds ===
search_worker start
=== gRPC Service Parameters Debug ===
epoch: 0
rdma_base_offset: 0
serialized_meta_hnsw size: 105066 bytes
offset size: 320 elements
offset_para size: 1440 elements
overflow size: 480 elements
mapping size: 160 elements
Thread 6 local_hnsw mapping size: 160
fetch_worker start
deserialize_worker start
search_worker start
=== Thread 6 testing EF = 200 for 20 seconds ===
=== gRPC Service Parameters Debug ===
epoch: 0
rdma_base_offset: 0
serialized_meta_hnsw size: 105066 bytes
offset size: 320 elements
offset_para size: 1440 elements
overflow size: 480 elements
mapping size: 160 elements
Thread 7 local_hnsw mapping size: 160
fetch_worker start
deserialize_worker start
=== Thread 7 testing EF = 200 for 20 seconds ===
search_worker start
=== gRPC Service Parameters Debug ===
epoch: 0
rdma_base_offset: 0
serialized_meta_hnsw size: 105066 bytes
offset size: 320 elements
offset_para size: 1440 elements
overflow size: 480 elements
mapping size: 160 elements
Thread 8 local_hnsw mapping size: 160
fetch_worker start
deserialize_worker start
=== Thread 8 testing EF = 200 for 20 seconds ===
search_worker start
=== gRPC Service Parameters Debug ===
epoch: 0
rdma_base_offset: 0
serialized_meta_hnsw size: 105066 bytes
offset size: 320 elements
offset_para size: 1440 elements
overflow size: 480 elements
mapping size: 160 elements
Thread 9 local_hnsw mapping size: 160
fetch_worker start
deserialize_worker start
search_worker start
=== Thread 9 testing EF = 200 for 20 seconds ===
[39m[reporter.hh:42] [Batch 0] Compute: 568,694.00 ms, Network: 399,126.00 ms, Deserialize: 536,968.00 ms, Meta Search: 4,823.00 ms, Throughput: 361.90 qps, Total Time: 920,153.00 ms
[0mThread 3 EF 200 benchmark:
  Queries executed: 333
  Avg total latency: 2763.22 us
  Avg meta search latency: 14.4835 us
  Avg compute time: 1707.79 us
  Avg network latency: 1198.58 us
  Avg deserialize time: 1612.52 us
  Recall: 0.915015
  Throughput: 360.954 QPS
FRONTIER_THREAD_RESULT ef=200 thread=3 queries=333 elapsed_s=0.922554032 recall=0.915015042
[35m[search_client_pipelined_reuse_thread.cc:581] Thread 3 returns
[0m[39m[reporter.hh:42] [Batch 0] Compute: 539,907.00 ms, Network: 368,795.00 ms, Deserialize: 712,858.00 ms, Meta Search: 6,299.00 ms, Throughput: 336.45 qps, Total Time: 989,740.00 ms
[0mThread 6 EF 200 benchmark:
  Queries executed: 333
  Avg total latency: 2972.19 us
  Avg meta search latency: 18.9159 us
  Avg compute time: 1621.34 us
  Avg network latency: 1107.49 us
  Avg deserialize time: 2140.71 us
  Recall: 0.91021
  Throughput: 335.286 QPS
FRONTIER_THREAD_RESULT ef=200 thread=6 queries=333 elapsed_s=0.993181610 recall=0.910210192
[35m[search_client_pipelined_reuse_thread.cc:581] Thread 6 returns
[0m[39m[reporter.hh:42] [Batch 0] Compute: 3,682,041.00 ms, Network: 5,130,769.00 ms, Deserialize: 536,197.00 ms, Meta Search: 6,616.00 ms, Throughput: 37.71 qps, Total Time: 8,831,541.00 ms
[0mThread 2 EF 200 benchmark:
  Queries executed: 333
  Avg total latency: 26521.1 us
  Avg meta search latency: 19.8679 us
  Avg compute time: 11057.2 us
  Avg network latency: 15407.7 us
  Avg deserialize time: 1610.2 us
  Recall: 0.895195
  Throughput: 37.6895 QPS
FRONTIER_THREAD_RESULT ef=200 thread=2 queries=333 elapsed_s=8.835360070 recall=0.895195186
[35m[search_client_pipelined_reuse_thread.cc:581] Thread 2 returns
[0m[39m[reporter.hh:42] [Batch 0] Compute: 5,695,175.00 ms, Network: 5,387,977.00 ms, Deserialize: 524,535.00 ms, Meta Search: 6,893.00 ms, Throughput: 29.95 qps, Total Time: 11,119,534.00 ms
[0mThread 1 EF 200 benchmark:
  Queries executed: 333
  Avg total latency: 33392 us
  Avg meta search latency: 20.6997 us
  Avg compute time: 17102.6 us
  Avg network latency: 16180.1 us
  Avg deserialize time: 1575.18 us
  Recall: 0.912913
  Throughput: 29.9386 QPS
FRONTIER_THREAD_RESULT ef=200 thread=1 queries=333 elapsed_s=11.122747918 recall=0.912912905
[35m[search_client_pipelined_reuse_thread.cc:581] Thread 1 returns
[0m[39m[reporter.hh:42] [Batch 0] Compute: 5,778,584.00 ms, Network: 5,377,173.00 ms, Deserialize: 689,861.00 ms, Meta Search: 4,711.00 ms, Throughput: 29.78 qps, Total Time: 11,183,532.00 ms
[0mThread 4 EF 200 benchmark:
  Queries executed: 333
  Avg total latency: 33584.2 us
  Avg meta search latency: 14.1471 us
  Avg compute time: 17353.1 us
  Avg network latency: 16147.7 us
  Avg deserialize time: 2071.65 us
  Recall: 0.927928
  Throughput: 29.7664 QPS
FRONTIER_THREAD_RESULT ef=200 thread=4 queries=333 elapsed_s=11.187100138 recall=0.927927911
[35m[search_client_pipelined_reuse_thread.cc:581] Thread 4 returns
[0m[39m[reporter.hh:42] [Batch 0] Compute: 3,779,870.00 ms, Network: 13,694,677.00 ms, Deserialize: 807,281.00 ms, Meta Search: 4,905.00 ms, Throughput: 18.97 qps, Total Time: 17,551,549.00 ms
[0mThread 5 EF 200 benchmark:
  Queries executed: 333
  Avg total latency: 52707.4 us
  Avg meta search latency: 14.7297 us
  Avg compute time: 11351 us
  Avg network latency: 41125.2 us
  Avg deserialize time: 2424.27 us
  Recall: 0.918619
  Throughput: 18.9688 QPS
FRONTIER_THREAD_RESULT ef=200 thread=5 queries=333 elapsed_s=17.555184721 recall=0.918618619
[35m[search_client_pipelined_reuse_thread.cc:581] Thread 5 returns
[0m[39m[reporter.hh:42] [Batch 0] Compute: 4,872,953.00 ms, Network: 13,776,858.00 ms, Deserialize: 764,281.00 ms, Meta Search: 5,727.00 ms, Throughput: 17.73 qps, Total Time: 18,783,544.00 ms
[0mThread 7 EF 200 benchmark:
  Queries executed: 333
  Avg total latency: 56407 us
  Avg meta search latency: 17.1982 us
  Avg compute time: 14633.5 us
  Avg network latency: 41371.9 us
  Avg deserialize time: 2295.14 us
  Recall: 0.904504
  Throughput: 17.724 QPS
FRONTIER_THREAD_RESULT ef=200 thread=7 queries=333 elapsed_s=18.788114471 recall=0.904504478
[35m[search_client_pipelined_reuse_thread.cc:581] Thread 7 returns
[0m[39m[reporter.hh:42] [Batch 0] Compute: 4,054,767.00 ms, Network: 22,326,603.00 ms, Deserialize: 555,012.00 ms, Meta Search: 6,659.00 ms, Throughput: 12.68 qps, Total Time: 26,251,545.00 ms
[0mThread 0 EF 200 benchmark:
  Queries executed: 333
  Avg total latency: 78833.5 us
  Avg meta search latency: 19.997 us
  Avg compute time: 12176.5 us
  Avg network latency: 67046.9 us
  Avg deserialize time: 1666.7 us
  Recall: 0.914715
  Throughput: 12.6833 QPS
FRONTIER_THREAD_RESULT ef=200 thread=0 queries=333 elapsed_s=26.255052607 recall=0.914714694
[35m[search_client_pipelined_reuse_thread.cc:581] Thread 0 returns
[0m[39m[reporter.hh:42] [Batch 0] Compute: 3,929,550.00 ms, Network: 22,268,433.00 ms, Deserialize: 780,345.00 ms, Meta Search: 11,108.00 ms, Throughput: 12.79 qps, Total Time: 26,271,554.00 ms
[0mThread 9 EF 200 benchmark:
  Queries executed: 336
  Avg total latency: 78189.1 us
  Avg meta search latency: 33.0595 us
  Avg compute time: 11695.1 us
  Avg network latency: 66275.1 us
  Avg deserialize time: 2322.46 us
  Recall: 0.903274
  Throughput: 12.7872 QPS
FRONTIER_THREAD_RESULT ef=200 thread=9 queries=336 elapsed_s=26.276213808 recall=0.903273821
[35m[search_client_pipelined_reuse_thread.cc:581] Thread 9 returns
[0m[39m[reporter.hh:42] [Batch 0] Compute: 4,070,026.00 ms, Network: 22,300,701.00 ms, Deserialize: 790,445.00 ms, Meta Search: 4,740.00 ms, Throughput: 12.64 qps, Total Time: 26,343,565.00 ms
[0mThread 8 EF 200 benchmark:
  Queries executed: 333
  Avg total latency: 79109.8 us
  Avg meta search latency: 14.2342 us
  Avg compute time: 12222.3 us
  Avg network latency: 66969.1 us
  Avg deserialize time: 2373.71 us
  Recall: 0.906907
  Throughput: 12.6383 QPS
FRONTIER_THREAD_RESULT ef=200 thread=8 queries=333 elapsed_s=26.348504868 recall=0.906906903
[35m[search_client_pipelined_reuse_thread.cc:581] Thread 8 returns
[0mEF: 200
Thread 0 recall: 0.914715
Thread 0 latency: 78833.5
Thread 0 network latency: 67046.9
Thread 0 duration_meta_search: 19.997
Thread 0 compute time: 12176.5
Thread 1 recall: 0.912913
Thread 1 latency: 33392
Thread 1 network latency: 16180.1
Thread 1 duration_meta_search: 20.6997
Thread 1 compute time: 17102.6
Thread 2 recall: 0.895195
Thread 2 latency: 26521.1
Thread 2 network latency: 15407.7
Thread 2 duration_meta_search: 19.8679
Thread 2 compute time: 11057.2
Thread 3 recall: 0.915015
Thread 3 latency: 2763.22
Thread 3 network latency: 1198.58
Thread 3 duration_meta_search: 14.4835
Thread 3 compute time: 1707.79
Thread 4 recall: 0.927928
Thread 4 latency: 33584.2
Thread 4 network latency: 16147.7
Thread 4 duration_meta_search: 14.1471
Thread 4 compute time: 17353.1
Thread 5 recall: 0.918619
Thread 5 latency: 52707.4
Thread 5 network latency: 41125.2
Thread 5 duration_meta_search: 14.7297
Thread 5 compute time: 11351
Thread 6 recall: 0.91021
Thread 6 latency: 2972.19
Thread 6 network latency: 1107.49
Thread 6 duration_meta_search: 18.9159
Thread 6 compute time: 1621.34
Thread 7 recall: 0.904504
Thread 7 latency: 56407
Thread 7 network latency: 41371.9
Thread 7 duration_meta_search: 17.1982
Thread 7 compute time: 14633.5
Thread 8 recall: 0.906907
Thread 8 latency: 79109.8
Thread 8 network latency: 66969.1
Thread 8 duration_meta_search: 14.2342
Thread 8 compute time: 12222.3
Thread 9 recall: 0.903274
Thread 9 latency: 78189.1
Thread 9 network latency: 66275.1
Thread 9 duration_meta_search: 33.0595
Thread 9 compute time: 11695.1
