============================================================
                        SERVER
============================================================
num clients:                  1
TCP port:                     21006
IB port:                      1
max outstanding CQEs:         16
max send work requests:       1024
max receive work requests:    1024
============================================================
index region bytes:           4294967296
2 device(s) found
Selected device: mlx5_1 (idx=1)
Link layer: Ethernet (RoCE), using GID index 3 (local IPv4 10.0.0.65)
num_cores: 80
physical cores per socket: 20
hyperthreading enabled
interleaved policy
pairing: 18929 -- 14716
[STATUS]: pinned main thread to core 20
[STATUS]: query QP/CQ contexts per compute node=16
[STATUS]: LAVD neighborhood region: resolved bytes=4294967296
allocation size: 4294967296
allocated ALIGNED MEM (no hugepage) at 140434845679680 with buffer size 4294967296
allocated ALIGNED MEM (no hugepage) at 140430550708288 with buffer size 4294967296
[STATUS]: LAVD neighborhood region: allocated bytes=4294967296
[STATUS]: register memory and distribute access token
[STATUS]: LAVD neighborhood region: registered bytes=4294967296
[STATUS]: connect QPs of compute threads
pairing: 18930 -- 14717
pairing: 18931 -- 14718
pairing: 18932 -- 14719
pairing: 18933 -- 14720
pairing: 18934 -- 14721
pairing: 18935 -- 14722
pairing: 18936 -- 14723
pairing: 18937 -- 14724
pairing: 18938 -- 14725
pairing: 18939 -- 14726
pairing: 18940 -- 14727
pairing: 18941 -- 14728
pairing: 18942 -- 14729
pairing: 18943 -- 14730
pairing: 18944 -- 14731
pairing: 18945 -- 14732
[STATUS]: idle: index construction
[STATUS]: loading index (672573128 Bytes) from /home/kvgroup/chaomei/hnsw-data/deep1m/dump/index_m16_efc100_node1_of1.dat
[STATUS]: query processing
[STATUS]: idle: queries
