============================================================
                        CLIENT
============================================================
connect to:                   [skv-node3, skv-node4, skv-node5, ]
is initiator:                 true
TCP port:                     1300
IB port:                      1
max outstanding CQEs:         16
max send work requests:       1024
max receive work requests:    1024
============================================================
index region bytes:           4294967296
data path:                    "/home/kvgroup/chaomei/hnsw-data/gist1m"
query suffix:                 u10k
number of threads:            10
number of coroutines:         2
query QP/CQ contexts:         10
threads pinned:               true
seed:                         1234
------------------------------------------------------------
K:                            10
M:                            16
ef search:                    400
ef construction:              100
spec-k (GraphBeyond C1):      1
============================================================
2 device(s) found
Selected device: mlx5_1 (idx=1)
Link layer: Ethernet (RoCE), using GID index 3 (local IPv4 10.0.0.61)
num_cores: 80
physical cores per socket: 20
hyperthreading enabled
interleaved policy
[STATUS]: LAVD neighborhood region: requested bytes=2147483648, resolved bytes=2147483648
client id: 0
number of clients: 1
connect to server skv-node3
pairing: 188573 -- 12691
connect to server skv-node4
pairing: 188574 -- 2488
connect to server skv-node5
pairing: 188575 -- 16055
[STATUS]: pinned main thread to core 20
[STATUS]: receive access tokens of remote memory regions
[STATUS]: LAVD neighborhood region: registered bytes per MN=2147483648
reading input data... (dim=960, num vectors=10000/10000, filesize=38400008)
reading input data... (dim=100, num vectors=10000/10000, filesize=4000008)
[STATUS]: allocate worker threads and read buffers
allocated ALIGNED MEM (no hugepage) at 140025098903616 with buffer size 4294967296
2 device(s) found
Selected device: mlx5_1 (idx=1)
Link layer: Ethernet (RoCE), using GID index 3 (local IPv4 10.0.0.61)
pairing: 188576 -- 12692
pairing: 188577 -- 2489
pairing: 188578 -- 16056
2 device(s) found
Selected device: mlx5_1 (idx=1)
Link layer: Ethernet (RoCE), using GID index 3 (local IPv4 10.0.0.61)
pairing: 188579 -- 12693
pairing: 188580 -- 2490
pairing: 188581 -- 16057
2 device(s) found
Selected device: mlx5_1 (idx=1)
Link layer: Ethernet (RoCE), using GID index 3 (local IPv4 10.0.0.61)
pairing: 188582 -- 12694
pairing: 188583 -- 2491
pairing: 188584 -- 16058
2 device(s) found
Selected device: mlx5_1 (idx=1)
Link layer: Ethernet (RoCE), using GID index 3 (local IPv4 10.0.0.61)
pairing: 188585 -- 12695
pairing: 188586 -- 2492
pairing: 188587 -- 16059
2 device(s) found
Selected device: mlx5_1 (idx=1)
Link layer: Ethernet (RoCE), using GID index 3 (local IPv4 10.0.0.61)
pairing: 188588 -- 12696
pairing: 188589 -- 2493
pairing: 188590 -- 16060
2 device(s) found
Selected device: mlx5_1 (idx=1)
Link layer: Ethernet (RoCE), using GID index 3 (local IPv4 10.0.0.61)
pairing: 188591 -- 12697
pairing: 188592 -- 2494
pairing: 188593 -- 16061
2 device(s) found
Selected device: mlx5_1 (idx=1)
Link layer: Ethernet (RoCE), using GID index 3 (local IPv4 10.0.0.61)
pairing: 188594 -- 12698
pairing: 188595 -- 2495
pairing: 188596 -- 16062
2 device(s) found
Selected device: mlx5_1 (idx=1)
Link layer: Ethernet (RoCE), using GID index 3 (local IPv4 10.0.0.61)
pairing: 188597 -- 12699
pairing: 188598 -- 2496
pairing: 188599 -- 16063
2 device(s) found
Selected device: mlx5_1 (idx=1)
Link layer: Ethernet (RoCE), using GID index 3 (local IPv4 10.0.0.61)
pairing: 188600 -- 12700
pairing: 188601 -- 2497
pairing: 188602 -- 16064
2 device(s) found
Selected device: mlx5_1 (idx=1)
Link layer: Ethernet (RoCE), using GID index 3 (local IPv4 10.0.0.61)
pairing: 188603 -- 12701
pairing: 188604 -- 2498
pairing: 188605 -- 16065
[STATUS]: synchronize compute nodes
[STATUS]: LAVD: building neighborhood region
[LAVD][multi] start build, num_mns=3 bits=8 stride=8456 rabitq_b=2
[LAVD][multi] MN 0 staged-read 1376191224B via 67108864B MR
[LAVD][multi] MN 1 staged-read 1376176688B via 67108864B MR
[LAVD][multi] MN 2 staged-read 1376205248B via 67108864B MR
[LAVD][multi] parsed N=1000000 uids across 3 MNs
[LAVD][native][export] N=1000000 mns=3 policy=block_cyclic mode=packed_write packed_region=8456049152 sparse_region=25368049152 saved=16912000000 MN[0]_blocks=333334 MN[0]_bytes=2818688688 MN[1]_blocks=333333 MN[1]_bytes=2818680232 MN[2]_blocks=333333 MN[2]_bytes=2818680232
[LAVD][multi][rabitq] B=2 code_bytes=240 (scalar would be 960 B) build_threads=20
[LAVD][varblock][multi] MN[0] offset_table written: L=333334 table_bytes=2666680 blocks_total=863765240 avg_stride=2591
[LAVD][varblock][multi] MN[1] offset_table written: L=333333 table_bytes=2666672 blocks_total=866343984 avg_stride=2599
[LAVD][varblock][multi] MN[2] offset_table written: L=333333 table_bytes=2666672 blocks_total=863701872 avg_stride=2591
LAVD_PHYSICAL_ACCOUNTING {"descriptor_version":2,"policy":"block_cyclic","record_layout":"variable","scoring_code":"rabitq","scoring_bits":2,"total_slots":1000000,"num_mns":3,"mn":0,"local_slots":333334,"header_bytes":16384,"budget_map_bytes":0,"placement_padding_bytes":0,"offset_table_bytes":2666680,"record_bytes":863765240,"materialized_bytes":866448304,"registered_bytes":2147483648,"actual_write_bytes":866448304}
LAVD_PHYSICAL_ACCOUNTING {"descriptor_version":2,"policy":"block_cyclic","record_layout":"variable","scoring_code":"rabitq","scoring_bits":2,"total_slots":1000000,"num_mns":3,"mn":1,"local_slots":333333,"header_bytes":16384,"budget_map_bytes":0,"placement_padding_bytes":0,"offset_table_bytes":2666672,"record_bytes":866343984,"materialized_bytes":869027040,"registered_bytes":2147483648,"actual_write_bytes":869027040}
LAVD_PHYSICAL_ACCOUNTING {"descriptor_version":2,"policy":"block_cyclic","record_layout":"variable","scoring_code":"rabitq","scoring_bits":2,"total_slots":1000000,"num_mns":3,"mn":2,"local_slots":333333,"header_bytes":16384,"budget_map_bytes":0,"placement_padding_bytes":0,"offset_table_bytes":2666672,"record_bytes":863701872,"materialized_bytes":866384928,"registered_bytes":2147483648,"actual_write_bytes":866384928}
[LAVD][multi] build done: N=1000000 edges=9794739 avg_deg=9.79474 MN[0]=333334 MN[1]=333333 MN[2]=333333
[LAVD][multi] retained authoritative snapshot for resident upper graph: shards=3
[STATUS]: synchronize compute nodes
[LAVD][rabitq] CN reconstructed encoder from header: B=2 dim=960 code_bytes=240
[LAVD][native] packed addressing restored from descriptor: N=1000000 mns=3 policy=block_cyclic layout=variable descriptor_version=2 packed_bytes=2601860272 sparse_bytes=0
[STATUS]: LAVD: config ready (bits=8 stride=8456 rerank=200)
[STATUS]: CRANE: building CN-resident upper-nav cache
[CRANE][multi] reused authoritative build snapshot: shards=3
[CRANE][multi] upper cache built: U=62529 (960-d) comp=240111360B entry_uid=21264 num_mns=3
[STATUS]: construct placement datastructure
  fetched 20 nodes on level 4
  fetched 257 nodes on level 3
  fetched 3832 nodes on level 2
[STATUS]: run balanced k-means
run kmeans
cluster sizes:
  cluster 0: 3831
  cluster 1: 1
  final iteration: 3, final error: 0
run balanced kmeans
num iterations: 64
reported cluster sizes:
  cluster 0: 1916
  cluster 1: 1916
actual cluster sizes:
  cluster 0: 2007
  cluster 1: 1825
combine clusters
final cluster sizes:
  cluster 0: 3832
final mapping: 0 0 
[STATUS]: synchronize compute nodes
[STATUS]: run queries
allocated ALIGNED MEM (no hugepage) at 94868244234240 with buffer size 6156800
routing buffer size: 6156800
[STATUS]: **QUERY**: running worker threads...
[STATUS]: pinned thread 1 to core 0
[STATUS]: pinned thread 2 to core 21
[STATUS]: pinned thread 3 to core 1
[STATUS]: pinned thread 4 to core 22
[STATUS]: pinned thread 5 to core 2
[STATUS]: pinned thread 6 to core 23
[STATUS]: pinned thread 7 to core 3
[STATUS]: pinned thread 8 to core 24
[STATUS]: pinned thread 9 to core 4
query 0/10000
query 1000/10000
query 2000/10000
query 3000/10000
query 4000/10000
query 5000/10000
query 6000/10000
query 7000/10000
query 8000/10000
query 9000/10000
[STATUS]: join compute threads
t0 processed: 992, CHR: 0
t1 processed: 982, CHR: 0
t2 processed: 1012, CHR: 0
t3 processed: 1001, CHR: 0
t4 processed: 985, CHR: 0
t5 processed: 993, CHR: 0
t6 processed: 1011, CHR: 0
t7 processed: 1018, CHR: 0
t8 processed: 1007, CHR: 0
t9 processed: 999, CHR: 0
[STATUS]: processed queries: 10000
[STATUS]: local recall: 0.925700
[STATUS]: collect statistics and timings from compute nodes

statistics:
cache histogram
  size: 0 | freq: 53485
total entries: 0
cooling table histogram
  size: 0 | freq: 892
  size: 1 | freq: 0
  size: 2 | freq: 0
  size: 3 | freq: 0
  size: 4 | freq: 0
  size: 5 | freq: 0
  size: 6 | freq: 0
CT total entries: 0
	Command being timed: "env SHINE_LAVD_RABITQ_B=2 SHINE_CRANE=1 GB_BITMAP_DEDUP=1 GB_QUERY_LATENCY=1 SHINE_LAVD_BUILD_THREADS=20 SHINE_LAVD_BUILD_CPU_BASE=1 SHINE_LAVD_BUILD_CPU_STRIDE=2 SHINE_LAVD_NATIVE_PACKED_WRITE=1 SHINE_LAVD_VARBLOCK=1 numactl --preferred=1 /home/kvgroup/chaomei/graphbeyond-vldb-closure-20260713/build-final-v5/shine --servers skv-node3 skv-node4 skv-node5 --initiator --port 1300 --index-region-bytes 4294967296 --data-path /home/kvgroup/chaomei/hnsw-data/gist1m --threads 10 --coroutines 2 --query-contexts 10 --query-suffix u10k --load-index --ef-search 400 --ef-construction 100 --k 10 --m 16 --lavd 8 --lavd-rerank 200 --lavd-region-bytes 2147483648 --label gist1m_variable_s3_measure_r2"
	User time (seconds): 272.91
	System time (seconds): 8.70
	Percent of CPU this job got: 576%
	Elapsed (wall clock) time (h:mm:ss or m:ss): 0:48.81
	Average shared text size (kbytes): 0
	Average unshared data size (kbytes): 0
	Average stack size (kbytes): 0
	Average total size (kbytes): 0
	Maximum resident set size (kbytes): 8942700
	Average resident set size (kbytes): 0
	Major (requiring I/O) page faults: 0
	Minor (reclaiming a frame) page faults: 2378754
	Voluntary context switches: 2197
	Involuntary context switches: 370
	Swaps: 0
	File system inputs: 0
	File system outputs: 40
	Socket messages sent: 0
	Socket messages received: 0
	Signals delivered: 0
	Page size (bytes): 4096
	Exit status: 0
