============================================================
                        SERVER
============================================================
num clients:                  1
TCP port:                     21035
IB port:                      1
max outstanding CQEs:         16
max send work requests:       1024
max receive work requests:    1024
============================================================
index region bytes:           4294967296
2 device(s) found
Selected device: mlx5_1 (idx=1)
Link layer: Ethernet (RoCE), using GID index 3 (local IPv4 10.0.0.65)
num_cores: 80
physical cores per socket: 20
hyperthreading enabled
interleaved policy
pairing: 19422 -- 15209
[STATUS]: pinned main thread to core 20
[STATUS]: query QP/CQ contexts per compute node=16
[STATUS]: LAVD neighborhood region: resolved bytes=4294967296
allocation size: 4294967296
allocated ALIGNED MEM (no hugepage) at 140066862350400 with buffer size 4294967296
allocated ALIGNED MEM (no hugepage) at 140062567379008 with buffer size 4294967296
[STATUS]: LAVD neighborhood region: allocated bytes=4294967296
[STATUS]: register memory and distribute access token
[STATUS]: LAVD neighborhood region: registered bytes=4294967296
[STATUS]: connect QPs of compute threads
pairing: 19423 -- 15210
pairing: 19424 -- 15211
pairing: 19425 -- 15212
pairing: 19426 -- 15213
pairing: 19427 -- 15214
pairing: 19428 -- 15215
pairing: 19429 -- 15216
pairing: 19430 -- 15217
pairing: 19431 -- 15218
pairing: 19432 -- 15219
pairing: 19433 -- 15220
pairing: 19434 -- 15221
pairing: 19435 -- 15222
pairing: 19436 -- 15223
pairing: 19437 -- 15224
pairing: 19438 -- 15225
[STATUS]: idle: index construction
[STATUS]: loading index (672573128 Bytes) from /home/kvgroup/chaomei/hnsw-data/deep1m/dump/index_m16_efc100_node1_of1.dat
[STATUS]: query processing
[STATUS]: idle: queries
