============================================================
                        SERVER
============================================================
num clients:                  1
TCP port:                     21052
IB port:                      1
max outstanding CQEs:         16
max send work requests:       1024
max receive work requests:    1024
============================================================
index region bytes:           4294967296
2 device(s) found
Selected device: mlx5_1 (idx=1)
Link layer: Ethernet (RoCE), using GID index 3 (local IPv4 10.0.0.65)
num_cores: 80
physical cores per socket: 20
hyperthreading enabled
interleaved policy
pairing: 19711 -- 15498
[STATUS]: pinned main thread to core 20
[STATUS]: query QP/CQ contexts per compute node=16
[STATUS]: LAVD neighborhood region: resolved bytes=4294967296
allocation size: 4294967296
allocated ALIGNED MEM (no hugepage) at 140386171985984 with buffer size 4294967296
allocated ALIGNED MEM (no hugepage) at 140381877014592 with buffer size 4294967296
[STATUS]: LAVD neighborhood region: allocated bytes=4294967296
[STATUS]: register memory and distribute access token
[STATUS]: LAVD neighborhood region: registered bytes=4294967296
[STATUS]: connect QPs of compute threads
pairing: 19712 -- 15499
pairing: 19713 -- 15500
pairing: 19714 -- 15501
pairing: 19715 -- 15502
pairing: 19716 -- 15503
pairing: 19717 -- 15504
pairing: 19718 -- 15505
pairing: 19719 -- 15506
pairing: 19720 -- 15507
pairing: 19721 -- 15508
pairing: 19722 -- 15509
pairing: 19723 -- 15510
pairing: 19724 -- 15511
pairing: 19725 -- 15512
pairing: 19726 -- 15513
pairing: 19727 -- 15514
[STATUS]: idle: index construction
[STATUS]: loading index (672573128 Bytes) from /home/kvgroup/chaomei/hnsw-data/deep1m/dump/index_m16_efc100_node1_of1.dat
[STATUS]: query processing
[STATUS]: idle: queries
