============================================================
                        SERVER
============================================================
num clients:                  1
TCP port:                     21033
IB port:                      1
max outstanding CQEs:         16
max send work requests:       1024
max receive work requests:    1024
============================================================
index region bytes:           4294967296
2 device(s) found
Selected device: mlx5_1 (idx=1)
Link layer: Ethernet (RoCE), using GID index 3 (local IPv4 10.0.0.65)
num_cores: 80
physical cores per socket: 20
hyperthreading enabled
interleaved policy
pairing: 19388 -- 15175
[STATUS]: pinned main thread to core 20
[STATUS]: query QP/CQ contexts per compute node=16
[STATUS]: LAVD neighborhood region: resolved bytes=4294967296
allocation size: 4294967296
allocated ALIGNED MEM (no hugepage) at 140415362584640 with buffer size 4294967296
allocated ALIGNED MEM (no hugepage) at 140411067613248 with buffer size 4294967296
[STATUS]: LAVD neighborhood region: allocated bytes=4294967296
[STATUS]: register memory and distribute access token
[STATUS]: LAVD neighborhood region: registered bytes=4294967296
[STATUS]: connect QPs of compute threads
pairing: 19389 -- 15176
pairing: 19390 -- 15177
pairing: 19391 -- 15178
pairing: 19392 -- 15179
pairing: 19393 -- 15180
pairing: 19394 -- 15181
pairing: 19395 -- 15182
pairing: 19396 -- 15183
pairing: 19397 -- 15184
pairing: 19398 -- 15185
pairing: 19399 -- 15186
pairing: 19400 -- 15187
pairing: 19401 -- 15188
pairing: 19402 -- 15189
pairing: 19403 -- 15190
pairing: 19404 -- 15191
[STATUS]: idle: index construction
[STATUS]: loading index (672573128 Bytes) from /home/kvgroup/chaomei/hnsw-data/deep1m/dump/index_m16_efc100_node1_of1.dat
[STATUS]: query processing
[STATUS]: idle: queries
