============================================================
                        SERVER
============================================================
num clients:                  1
TCP port:                     21116
IB port:                      1
max outstanding CQEs:         16
max send work requests:       1024
max receive work requests:    1024
============================================================
index region bytes:           4294967296
2 device(s) found
Selected device: mlx5_1 (idx=1)
Link layer: Ethernet (RoCE), using GID index 3 (local IPv4 10.0.0.65)
num_cores: 80
physical cores per socket: 20
hyperthreading enabled
interleaved policy
pairing: 20799 -- 16586
[STATUS]: pinned main thread to core 20
[STATUS]: query QP/CQ contexts per compute node=16
[STATUS]: LAVD neighborhood region: resolved bytes=4294967296
allocation size: 4294967296
allocated ALIGNED MEM (no hugepage) at 139655566692416 with buffer size 4294967296
allocated ALIGNED MEM (no hugepage) at 139651271721024 with buffer size 4294967296
[STATUS]: LAVD neighborhood region: allocated bytes=4294967296
[STATUS]: register memory and distribute access token
[STATUS]: LAVD neighborhood region: registered bytes=4294967296
[STATUS]: connect QPs of compute threads
pairing: 20800 -- 16587
pairing: 20801 -- 16588
pairing: 20802 -- 16589
pairing: 20803 -- 16590
pairing: 20804 -- 16591
pairing: 20805 -- 16592
pairing: 20806 -- 16593
pairing: 20807 -- 16594
pairing: 20808 -- 16595
pairing: 20809 -- 16596
pairing: 20810 -- 16597
pairing: 20811 -- 16598
pairing: 20812 -- 16599
pairing: 20813 -- 16600
pairing: 20814 -- 16601
pairing: 20815 -- 16602
[STATUS]: idle: index construction
[STATUS]: loading index (800573128 Bytes) from /home/kvgroup/chaomei/hnsw-data/sift1m/dump/index_m16_efc100_node1_of1.dat
[STATUS]: query processing
[STATUS]: idle: queries
