============================================================
                        CLIENT
============================================================
connect to:                   [skv-node4, ]
is initiator:                 false
TCP port:                     14363
IB port:                      1
max outstanding CQEs:         16
max send work requests:       1024
max receive work requests:    1024
============================================================
index region bytes:           4294967296
2 device(s) found
Selected device: mlx5_1 (idx=1)
Link layer: Ethernet (RoCE), using GID index 3 (local IPv4 10.0.0.62)
num_cores: 80
physical cores per socket: 20
hyperthreading enabled
interleaved policy
[STATUS]: LAVD neighborhood region: requested bytes=4294967296, resolved bytes=4294967296
connect to initiator
pairing: 10556 -- 212975
client id: 1
number of clients: 2
connect to server skv-node4
pairing: 10557 -- 11618
[STATUS]: pinned main thread to core 20
[STATUS]: receive access tokens of remote memory regions
[STATUS]: LAVD neighborhood region: registered bytes per MN=4294967296
reading input data... (dim=96, num vectors=5000/10000, filesize=3840008)
reading input data... (dim=100, num vectors=10000/10000, filesize=4000008)
[STATUS]: allocate worker threads and read buffers
allocated ALIGNED MEM (no hugepage) at 140201394958400 with buffer size 4294967296
2 device(s) found
Selected device: mlx5_1 (idx=1)
Link layer: Ethernet (RoCE), using GID index 3 (local IPv4 10.0.0.62)
pairing: 10558 -- 11630
2 device(s) found
Selected device: mlx5_1 (idx=1)
Link layer: Ethernet (RoCE), using GID index 3 (local IPv4 10.0.0.62)
pairing: 10559 -- 11631
2 device(s) found
Selected device: mlx5_1 (idx=1)
Link layer: Ethernet (RoCE), using GID index 3 (local IPv4 10.0.0.62)
pairing: 10560 -- 11632
2 device(s) found
Selected device: mlx5_1 (idx=1)
Link layer: Ethernet (RoCE), using GID index 3 (local IPv4 10.0.0.62)
pairing: 10561 -- 11633
2 device(s) found
Selected device: mlx5_1 (idx=1)
Link layer: Ethernet (RoCE), using GID index 3 (local IPv4 10.0.0.62)
pairing: 10562 -- 11634
2 device(s) found
Selected device: mlx5_1 (idx=1)
Link layer: Ethernet (RoCE), using GID index 3 (local IPv4 10.0.0.62)
pairing: 10563 -- 11635
2 device(s) found
Selected device: mlx5_1 (idx=1)
Link layer: Ethernet (RoCE), using GID index 3 (local IPv4 10.0.0.62)
pairing: 10564 -- 11636
2 device(s) found
Selected device: mlx5_1 (idx=1)
Link layer: Ethernet (RoCE), using GID index 3 (local IPv4 10.0.0.62)
pairing: 10565 -- 11637
2 device(s) found
Selected device: mlx5_1 (idx=1)
Link layer: Ethernet (RoCE), using GID index 3 (local IPv4 10.0.0.62)
pairing: 10566 -- 11638
2 device(s) found
Selected device: mlx5_1 (idx=1)
Link layer: Ethernet (RoCE), using GID index 3 (local IPv4 10.0.0.62)
pairing: 10567 -- 11639
[STATUS]: synchronize compute nodes
[STATUS]: synchronize compute nodes
[STATUS]: LAVD: config ready (bits=8 stride=3592 rerank=100)
[STATUS]: CRANE: building CN-resident upper-nav cache
[CRANE] upper cache built: U=62529 (96-d) comp=24011136B entry_uid=1325
[STATUS]: construct placement datastructure
  fetched 20 nodes on level 4
  fetched 259 nodes on level 3
  fetched 3923 nodes on level 2
[STATUS]: run balanced k-means
run kmeans
cluster sizes:
  cluster 0: 2318
  cluster 1: 1605
  final iteration: 18, final error: 0
run balanced kmeans
num iterations: 176
reported cluster sizes:
  cluster 0: 1962
  cluster 1: 1961
actual cluster sizes:
  cluster 0: 2020
  cluster 1: 1903
final cluster sizes:
  cluster 0: 2020
  cluster 1: 1903
final mapping: 0 1 
[STATUS]: synchronize compute nodes
[STATUS]: run queries
allocated ALIGNED MEM (no hugepage) at 94603146625216 with buffer size 627200
routing buffer size: 627200
[STATUS]: **QUERY**: running worker threads...
[STATUS]: pinned thread 1 to core 0
[STATUS]: pinned thread 2 to core 21
[STATUS]: pinned thread 3 to core 1
[STATUS]: pinned thread 4 to core 22
[STATUS]: pinned thread 5 to core 2
[STATUS]: pinned thread 6 to core 23
[STATUS]: pinned thread 7 to core 3
[STATUS]: pinned thread 8 to core 24
[STATUS]: pinned thread 9 to core 4
query 1/10000
query 2001/10000
query 4001/10000
query 6001/10000
query 8001/10000
[STATUS]: join compute threads
t0 processed: 492, CHR: 0
t1 processed: 500, CHR: 0
t2 processed: 509, CHR: 0
t3 processed: 501, CHR: 0
t4 processed: 499, CHR: 0
t5 processed: 493, CHR: 0
t6 processed: 508, CHR: 0
t7 processed: 501, CHR: 0
t8 processed: 497, CHR: 0
t9 processed: 500, CHR: 0
[STATUS]: processed queries: 5000
[STATUS]: local recall: 0.988820
[STATUS]: collect statistics and timings from compute nodes
{"build_c0":0.0,"crane_build":638.8310849999999,"placement_fetch":41.136631,"placement_kmeans":64.552514,"query_c0":667.574356,"routing":0.0}
cache histogram
  size: 0 | freq: 83599
total entries: 0
cooling table histogram
  size: 0 | freq: 1394
  size: 1 | freq: 0
  size: 2 | freq: 0
  size: 3 | freq: 0
  size: 4 | freq: 0
  size: 5 | freq: 0
  size: 6 | freq: 0
CT total entries: 0
