============================================================
                        SERVER
============================================================
num clients:                  1
TCP port:                     1300
IB port:                      1
max outstanding CQEs:         16
max send work requests:       1024
max receive work requests:    1024
============================================================
index region bytes:           4294967296
2 device(s) found
Selected device: mlx5_1 (idx=1)
Link layer: Ethernet (RoCE), using GID index 3 (local IPv4 10.0.0.63)
num_cores: 80
physical cores per socket: 20
hyperthreading enabled
interleaved policy
pairing: 12284 -- 187352
[STATUS]: pinned main thread to core 20
[STATUS]: query QP/CQ contexts per compute node=10
[STATUS]: LAVD neighborhood region: resolved bytes=9663676416
allocation size: 4294967296
allocated ALIGNED MEM (no hugepage) at 139879709675584 with buffer size 4294967296
allocated ALIGNED MEM (no hugepage) at 139870045995072 with buffer size 9663676416
[STATUS]: LAVD neighborhood region: allocated bytes=9663676416
[STATUS]: register memory and distribute access token
[STATUS]: LAVD neighborhood region: registered bytes=9663676416
[STATUS]: connect QPs of compute threads
pairing: 12285 -- 187355
pairing: 12286 -- 187358
pairing: 12287 -- 187361
pairing: 12288 -- 187364
pairing: 12289 -- 187367
pairing: 12290 -- 187370
pairing: 12291 -- 187373
pairing: 12292 -- 187376
pairing: 12293 -- 187379
pairing: 12294 -- 187382
[STATUS]: idle: index construction
[STATUS]: loading index (1376191224 Bytes) from /home/kvgroup/chaomei/hnsw-data/gist1m/dump/index_m16_efc100_node1_of3.dat
[STATUS]: query processing
[STATUS]: idle: queries
	Command being timed: "/home/kvgroup/chaomei/graphbeyond-vldb-closure-20260713/build-final-v5/shine --is-server --num-clients 1 --port 1300 --index-region-bytes 4294967296"
	User time (seconds): 50.09
	System time (seconds): 7.48
	Percent of CPU this job got: 87%
	Elapsed (wall clock) time (h:mm:ss or m:ss): 1:05.66
	Average shared text size (kbytes): 0
	Average unshared data size (kbytes): 0
	Average stack size (kbytes): 0
	Average total size (kbytes): 0
	Maximum resident set size (kbytes): 13646808
	Average resident set size (kbytes): 0
	Major (requiring I/O) page faults: 0
	Minor (reclaiming a frame) page faults: 3410601
	Voluntary context switches: 427
	Involuntary context switches: 6014
	Swaps: 0
	File system inputs: 0
	File system outputs: 56
	Socket messages sent: 0
	Socket messages received: 0
	Signals delivered: 0
	Page size (bytes): 4096
	Exit status: 0
