============================================================
                        SERVER
============================================================
num clients:                  1
TCP port:                     21057
IB port:                      1
max outstanding CQEs:         16
max send work requests:       1024
max receive work requests:    1024
============================================================
index region bytes:           4294967296
2 device(s) found
Selected device: mlx5_1 (idx=1)
Link layer: Ethernet (RoCE), using GID index 3 (local IPv4 10.0.0.65)
num_cores: 80
physical cores per socket: 20
hyperthreading enabled
interleaved policy
pairing: 19796 -- 15583
[STATUS]: pinned main thread to core 20
[STATUS]: query QP/CQ contexts per compute node=16
[STATUS]: LAVD neighborhood region: resolved bytes=4294967296
allocation size: 4294967296
allocated ALIGNED MEM (no hugepage) at 139851948646464 with buffer size 4294967296
allocated ALIGNED MEM (no hugepage) at 139847653675072 with buffer size 4294967296
[STATUS]: LAVD neighborhood region: allocated bytes=4294967296
[STATUS]: register memory and distribute access token
[STATUS]: LAVD neighborhood region: registered bytes=4294967296
[STATUS]: connect QPs of compute threads
pairing: 19797 -- 15584
pairing: 19798 -- 15585
pairing: 19799 -- 15586
pairing: 19800 -- 15587
pairing: 19801 -- 15588
pairing: 19802 -- 15589
pairing: 19803 -- 15590
pairing: 19804 -- 15591
pairing: 19805 -- 15592
pairing: 19806 -- 15593
pairing: 19807 -- 15594
pairing: 19808 -- 15595
pairing: 19809 -- 15596
pairing: 19810 -- 15597
pairing: 19811 -- 15598
pairing: 19812 -- 15599
[STATUS]: idle: index construction
[STATUS]: loading index (672573128 Bytes) from /home/kvgroup/chaomei/hnsw-data/deep1m/dump/index_m16_efc100_node1_of1.dat
[STATUS]: query processing
[STATUS]: idle: queries
