============================================================
                        SERVER
============================================================
num clients:                  1
TCP port:                     21024
IB port:                      1
max outstanding CQEs:         16
max send work requests:       1024
max receive work requests:    1024
============================================================
index region bytes:           4294967296
2 device(s) found
Selected device: mlx5_1 (idx=1)
Link layer: Ethernet (RoCE), using GID index 3 (local IPv4 10.0.0.65)
num_cores: 80
physical cores per socket: 20
hyperthreading enabled
interleaved policy
pairing: 19235 -- 15022
[STATUS]: pinned main thread to core 20
[STATUS]: query QP/CQ contexts per compute node=16
[STATUS]: LAVD neighborhood region: resolved bytes=4294967296
allocation size: 4294967296
allocated ALIGNED MEM (no hugepage) at 140129379590208 with buffer size 4294967296
allocated ALIGNED MEM (no hugepage) at 140125084618816 with buffer size 4294967296
[STATUS]: LAVD neighborhood region: allocated bytes=4294967296
[STATUS]: register memory and distribute access token
[STATUS]: LAVD neighborhood region: registered bytes=4294967296
[STATUS]: connect QPs of compute threads
pairing: 19236 -- 15023
pairing: 19237 -- 15024
pairing: 19238 -- 15025
pairing: 19239 -- 15026
pairing: 19240 -- 15027
pairing: 19241 -- 15028
pairing: 19242 -- 15029
pairing: 19243 -- 15030
pairing: 19244 -- 15031
pairing: 19245 -- 15032
pairing: 19246 -- 15033
pairing: 19247 -- 15034
pairing: 19248 -- 15035
pairing: 19249 -- 15036
pairing: 19250 -- 15037
pairing: 19251 -- 15038
[STATUS]: idle: index construction
[STATUS]: loading index (672573128 Bytes) from /home/kvgroup/chaomei/hnsw-data/deep1m/dump/index_m16_efc100_node1_of1.dat
[STATUS]: query processing
[STATUS]: idle: queries
