============================================================
                        SERVER
============================================================
num clients:                  1
TCP port:                     21181
IB port:                      1
max outstanding CQEs:         16
max send work requests:       1024
max receive work requests:    1024
============================================================
index region bytes:           8589934592
2 device(s) found
Selected device: mlx5_1 (idx=1)
Link layer: Ethernet (RoCE), using GID index 3 (local IPv4 10.0.0.65)
num_cores: 80
physical cores per socket: 20
hyperthreading enabled
interleaved policy
pairing: 21904 -- 17691
[STATUS]: pinned main thread to core 20
[STATUS]: query QP/CQ contexts per compute node=16
[STATUS]: LAVD neighborhood region: resolved bytes=8589934592
allocation size: 8589934592
allocated ALIGNED MEM (no hugepage) at 140478163365952 with buffer size 8589934592
allocated ALIGNED MEM (no hugepage) at 140469573427264 with buffer size 8589934592
[STATUS]: LAVD neighborhood region: allocated bytes=8589934592
[STATUS]: register memory and distribute access token
[STATUS]: LAVD neighborhood region: registered bytes=8589934592
[STATUS]: connect QPs of compute threads
pairing: 21905 -- 17692
pairing: 21906 -- 17693
pairing: 21907 -- 17694
pairing: 21908 -- 17695
pairing: 21909 -- 17696
pairing: 21910 -- 17697
pairing: 21911 -- 17698
pairing: 21912 -- 17699
pairing: 21913 -- 17700
pairing: 21914 -- 17701
pairing: 21915 -- 17702
pairing: 21916 -- 17703
pairing: 21917 -- 17704
pairing: 21918 -- 17705
pairing: 21919 -- 17706
pairing: 21920 -- 17707
[STATUS]: idle: index construction
[STATUS]: loading index (4128573128 Bytes) from /home/kvgroup/chaomei/hnsw-data/gist1m/dump/index_m16_efc100_node1_of1.dat
[STATUS]: query processing
[STATUS]: idle: queries
