============================================================
                        SERVER
============================================================
num clients:                  1
TCP port:                     21178
IB port:                      1
max outstanding CQEs:         16
max send work requests:       1024
max receive work requests:    1024
============================================================
index region bytes:           8589934592
2 device(s) found
Selected device: mlx5_1 (idx=1)
Link layer: Ethernet (RoCE), using GID index 3 (local IPv4 10.0.0.65)
num_cores: 80
physical cores per socket: 20
hyperthreading enabled
interleaved policy
pairing: 21853 -- 17640
[STATUS]: pinned main thread to core 20
[STATUS]: query QP/CQ contexts per compute node=16
[STATUS]: LAVD neighborhood region: resolved bytes=8589934592
allocation size: 8589934592
allocated ALIGNED MEM (no hugepage) at 139841124704320 with buffer size 8589934592
allocated ALIGNED MEM (no hugepage) at 139832534765632 with buffer size 8589934592
[STATUS]: LAVD neighborhood region: allocated bytes=8589934592
[STATUS]: register memory and distribute access token
[STATUS]: LAVD neighborhood region: registered bytes=8589934592
[STATUS]: connect QPs of compute threads
pairing: 21854 -- 17641
pairing: 21855 -- 17642
pairing: 21856 -- 17643
pairing: 21857 -- 17644
pairing: 21858 -- 17645
pairing: 21859 -- 17646
pairing: 21860 -- 17647
pairing: 21861 -- 17648
pairing: 21862 -- 17649
pairing: 21863 -- 17650
pairing: 21864 -- 17651
pairing: 21865 -- 17652
pairing: 21866 -- 17653
pairing: 21867 -- 17654
pairing: 21868 -- 17655
pairing: 21869 -- 17656
[STATUS]: idle: index construction
[STATUS]: loading index (4128573128 Bytes) from /home/kvgroup/chaomei/hnsw-data/gist1m/dump/index_m16_efc100_node1_of1.dat
[STATUS]: query processing
[STATUS]: idle: queries
