============================================================
                        SERVER
============================================================
num clients:                  1
TCP port:                     21127
IB port:                      1
max outstanding CQEs:         16
max send work requests:       1024
max receive work requests:    1024
============================================================
index region bytes:           8589934592
2 device(s) found
Selected device: mlx5_1 (idx=1)
Link layer: Ethernet (RoCE), using GID index 3 (local IPv4 10.0.0.65)
num_cores: 80
physical cores per socket: 20
hyperthreading enabled
interleaved policy
pairing: 20986 -- 16773
[STATUS]: pinned main thread to core 20
[STATUS]: query QP/CQ contexts per compute node=16
[STATUS]: LAVD neighborhood region: resolved bytes=8589934592
allocation size: 8589934592
allocated ALIGNED MEM (no hugepage) at 140646709506112 with buffer size 8589934592
allocated ALIGNED MEM (no hugepage) at 140638119567424 with buffer size 8589934592
[STATUS]: LAVD neighborhood region: allocated bytes=8589934592
[STATUS]: register memory and distribute access token
[STATUS]: LAVD neighborhood region: registered bytes=8589934592
[STATUS]: connect QPs of compute threads
pairing: 20987 -- 16774
pairing: 20988 -- 16775
pairing: 20989 -- 16776
pairing: 20990 -- 16777
pairing: 20991 -- 16778
pairing: 20992 -- 16779
pairing: 20993 -- 16780
pairing: 20994 -- 16781
pairing: 20995 -- 16782
pairing: 20996 -- 16783
pairing: 20997 -- 16784
pairing: 20998 -- 16785
pairing: 20999 -- 16786
pairing: 21000 -- 16787
pairing: 21001 -- 16788
pairing: 21002 -- 16789
[STATUS]: idle: index construction
[STATUS]: loading index (4128573128 Bytes) from /home/kvgroup/chaomei/hnsw-data/gist1m/dump/index_m16_efc100_node1_of1.dat
[STATUS]: query processing
[STATUS]: idle: queries
