============================================================
                        SERVER
============================================================
num clients:                  1
TCP port:                     21085
IB port:                      1
max outstanding CQEs:         16
max send work requests:       1024
max receive work requests:    1024
============================================================
index region bytes:           4294967296
2 device(s) found
Selected device: mlx5_1 (idx=1)
Link layer: Ethernet (RoCE), using GID index 3 (local IPv4 10.0.0.65)
num_cores: 80
physical cores per socket: 20
hyperthreading enabled
interleaved policy
pairing: 20272 -- 16059
[STATUS]: pinned main thread to core 20
[STATUS]: query QP/CQ contexts per compute node=16
[STATUS]: LAVD neighborhood region: resolved bytes=4294967296
allocation size: 4294967296
allocated ALIGNED MEM (no hugepage) at 140165855957056 with buffer size 4294967296
allocated ALIGNED MEM (no hugepage) at 140161560985664 with buffer size 4294967296
[STATUS]: LAVD neighborhood region: allocated bytes=4294967296
[STATUS]: register memory and distribute access token
[STATUS]: LAVD neighborhood region: registered bytes=4294967296
[STATUS]: connect QPs of compute threads
pairing: 20273 -- 16060
pairing: 20274 -- 16061
pairing: 20275 -- 16062
pairing: 20276 -- 16063
pairing: 20277 -- 16064
pairing: 20278 -- 16065
pairing: 20279 -- 16066
pairing: 20280 -- 16067
pairing: 20281 -- 16068
pairing: 20282 -- 16069
pairing: 20283 -- 16070
pairing: 20284 -- 16071
pairing: 20285 -- 16072
pairing: 20286 -- 16073
pairing: 20287 -- 16074
pairing: 20288 -- 16075
[STATUS]: idle: index construction
[STATUS]: loading index (800573128 Bytes) from /home/kvgroup/chaomei/hnsw-data/sift1m/dump/index_m16_efc100_node1_of1.dat
[STATUS]: query processing
[STATUS]: idle: queries
