============================================================
                        SERVER
============================================================
num clients:                  1
TCP port:                     21059
IB port:                      1
max outstanding CQEs:         16
max send work requests:       1024
max receive work requests:    1024
============================================================
index region bytes:           4294967296
2 device(s) found
Selected device: mlx5_1 (idx=1)
Link layer: Ethernet (RoCE), using GID index 3 (local IPv4 10.0.0.65)
num_cores: 80
physical cores per socket: 20
hyperthreading enabled
interleaved policy
pairing: 19830 -- 15617
[STATUS]: pinned main thread to core 20
[STATUS]: query QP/CQ contexts per compute node=16
[STATUS]: LAVD neighborhood region: resolved bytes=4294967296
allocation size: 4294967296
allocated ALIGNED MEM (no hugepage) at 140096622600256 with buffer size 4294967296
allocated ALIGNED MEM (no hugepage) at 140092327628864 with buffer size 4294967296
[STATUS]: LAVD neighborhood region: allocated bytes=4294967296
[STATUS]: register memory and distribute access token
[STATUS]: LAVD neighborhood region: registered bytes=4294967296
[STATUS]: connect QPs of compute threads
pairing: 19831 -- 15618
pairing: 19832 -- 15619
pairing: 19833 -- 15620
pairing: 19834 -- 15621
pairing: 19835 -- 15622
pairing: 19836 -- 15623
pairing: 19837 -- 15624
pairing: 19838 -- 15625
pairing: 19839 -- 15626
pairing: 19840 -- 15627
pairing: 19841 -- 15628
pairing: 19842 -- 15629
pairing: 19843 -- 15630
pairing: 19844 -- 15631
pairing: 19845 -- 15632
pairing: 19846 -- 15633
[STATUS]: idle: index construction
[STATUS]: loading index (672573128 Bytes) from /home/kvgroup/chaomei/hnsw-data/deep1m/dump/index_m16_efc100_node1_of1.dat
[STATUS]: query processing
[STATUS]: idle: queries
