============================================================
                        SERVER
============================================================
num clients:                  1
TCP port:                     21103
IB port:                      1
max outstanding CQEs:         16
max send work requests:       1024
max receive work requests:    1024
============================================================
index region bytes:           4294967296
2 device(s) found
Selected device: mlx5_1 (idx=1)
Link layer: Ethernet (RoCE), using GID index 3 (local IPv4 10.0.0.65)
num_cores: 80
physical cores per socket: 20
hyperthreading enabled
interleaved policy
pairing: 20578 -- 16365
[STATUS]: pinned main thread to core 20
[STATUS]: query QP/CQ contexts per compute node=16
[STATUS]: LAVD neighborhood region: resolved bytes=4294967296
allocation size: 4294967296
allocated ALIGNED MEM (no hugepage) at 140156995256384 with buffer size 4294967296
allocated ALIGNED MEM (no hugepage) at 140152700284992 with buffer size 4294967296
[STATUS]: LAVD neighborhood region: allocated bytes=4294967296
[STATUS]: register memory and distribute access token
[STATUS]: LAVD neighborhood region: registered bytes=4294967296
[STATUS]: connect QPs of compute threads
pairing: 20579 -- 16366
pairing: 20580 -- 16367
pairing: 20581 -- 16368
pairing: 20582 -- 16369
pairing: 20583 -- 16370
pairing: 20584 -- 16371
pairing: 20585 -- 16372
pairing: 20586 -- 16373
pairing: 20587 -- 16374
pairing: 20588 -- 16375
pairing: 20589 -- 16376
pairing: 20590 -- 16377
pairing: 20591 -- 16378
pairing: 20592 -- 16379
pairing: 20593 -- 16380
pairing: 20594 -- 16381
[STATUS]: idle: index construction
[STATUS]: loading index (800573128 Bytes) from /home/kvgroup/chaomei/hnsw-data/sift1m/dump/index_m16_efc100_node1_of1.dat
[STATUS]: query processing
[STATUS]: idle: queries
