============================================================
                        SERVER
============================================================
num clients:                  1
TCP port:                     21129
IB port:                      1
max outstanding CQEs:         16
max send work requests:       1024
max receive work requests:    1024
============================================================
index region bytes:           8589934592
2 device(s) found
Selected device: mlx5_1 (idx=1)
Link layer: Ethernet (RoCE), using GID index 3 (local IPv4 10.0.0.65)
num_cores: 80
physical cores per socket: 20
hyperthreading enabled
interleaved policy
pairing: 21020 -- 16807
[STATUS]: pinned main thread to core 20
[STATUS]: query QP/CQ contexts per compute node=16
[STATUS]: LAVD neighborhood region: resolved bytes=8589934592
allocation size: 8589934592
allocated ALIGNED MEM (no hugepage) at 140399088648256 with buffer size 8589934592
allocated ALIGNED MEM (no hugepage) at 140390498709568 with buffer size 8589934592
[STATUS]: LAVD neighborhood region: allocated bytes=8589934592
[STATUS]: register memory and distribute access token
[STATUS]: LAVD neighborhood region: registered bytes=8589934592
[STATUS]: connect QPs of compute threads
pairing: 21021 -- 16808
pairing: 21022 -- 16809
pairing: 21023 -- 16810
pairing: 21024 -- 16811
pairing: 21025 -- 16812
pairing: 21026 -- 16813
pairing: 21027 -- 16814
pairing: 21028 -- 16815
pairing: 21029 -- 16816
pairing: 21030 -- 16817
pairing: 21031 -- 16818
pairing: 21032 -- 16819
pairing: 21033 -- 16820
pairing: 21034 -- 16821
pairing: 21035 -- 16822
pairing: 21036 -- 16823
[STATUS]: idle: index construction
[STATUS]: loading index (4128573128 Bytes) from /home/kvgroup/chaomei/hnsw-data/gist1m/dump/index_m16_efc100_node1_of1.dat
[STATUS]: query processing
[STATUS]: idle: queries
