============================================================
                        SERVER
============================================================
num clients:                  1
TCP port:                     21047
IB port:                      1
max outstanding CQEs:         16
max send work requests:       1024
max receive work requests:    1024
============================================================
index region bytes:           4294967296
2 device(s) found
Selected device: mlx5_1 (idx=1)
Link layer: Ethernet (RoCE), using GID index 3 (local IPv4 10.0.0.65)
num_cores: 80
physical cores per socket: 20
hyperthreading enabled
interleaved policy
pairing: 19626 -- 15413
[STATUS]: pinned main thread to core 20
[STATUS]: query QP/CQ contexts per compute node=16
[STATUS]: LAVD neighborhood region: resolved bytes=4294967296
allocation size: 4294967296
allocated ALIGNED MEM (no hugepage) at 140197596651584 with buffer size 4294967296
allocated ALIGNED MEM (no hugepage) at 140193301680192 with buffer size 4294967296
[STATUS]: LAVD neighborhood region: allocated bytes=4294967296
[STATUS]: register memory and distribute access token
[STATUS]: LAVD neighborhood region: registered bytes=4294967296
[STATUS]: connect QPs of compute threads
pairing: 19627 -- 15414
pairing: 19628 -- 15415
pairing: 19629 -- 15416
pairing: 19630 -- 15417
pairing: 19631 -- 15418
pairing: 19632 -- 15419
pairing: 19633 -- 15420
pairing: 19634 -- 15421
pairing: 19635 -- 15422
pairing: 19636 -- 15423
pairing: 19637 -- 15424
pairing: 19638 -- 15425
pairing: 19639 -- 15426
pairing: 19640 -- 15427
pairing: 19641 -- 15428
pairing: 19642 -- 15429
[STATUS]: idle: index construction
[STATUS]: loading index (672573128 Bytes) from /home/kvgroup/chaomei/hnsw-data/deep1m/dump/index_m16_efc100_node1_of1.dat
[STATUS]: query processing
[STATUS]: idle: queries
