============================================================
                        SERVER
============================================================
num clients:                  1
TCP port:                     21161
IB port:                      1
max outstanding CQEs:         16
max send work requests:       1024
max receive work requests:    1024
============================================================
index region bytes:           8589934592
2 device(s) found
Selected device: mlx5_1 (idx=1)
Link layer: Ethernet (RoCE), using GID index 3 (local IPv4 10.0.0.65)
num_cores: 80
physical cores per socket: 20
hyperthreading enabled
interleaved policy
pairing: 21564 -- 17351
[STATUS]: pinned main thread to core 20
[STATUS]: query QP/CQ contexts per compute node=16
[STATUS]: LAVD neighborhood region: resolved bytes=8589934592
allocation size: 8589934592
allocated ALIGNED MEM (no hugepage) at 140330992414784 with buffer size 8589934592
allocated ALIGNED MEM (no hugepage) at 140322402476096 with buffer size 8589934592
[STATUS]: LAVD neighborhood region: allocated bytes=8589934592
[STATUS]: register memory and distribute access token
[STATUS]: LAVD neighborhood region: registered bytes=8589934592
[STATUS]: connect QPs of compute threads
pairing: 21565 -- 17352
pairing: 21566 -- 17353
pairing: 21567 -- 17354
pairing: 21568 -- 17355
pairing: 21569 -- 17356
pairing: 21570 -- 17357
pairing: 21571 -- 17358
pairing: 21572 -- 17359
pairing: 21573 -- 17360
pairing: 21574 -- 17361
pairing: 21575 -- 17362
pairing: 21576 -- 17363
pairing: 21577 -- 17364
pairing: 21578 -- 17365
pairing: 21579 -- 17366
pairing: 21580 -- 17367
[STATUS]: idle: index construction
[STATUS]: loading index (4128573128 Bytes) from /home/kvgroup/chaomei/hnsw-data/gist1m/dump/index_m16_efc100_node1_of1.dat
[STATUS]: query processing
[STATUS]: idle: queries
