============================================================
                        SERVER
============================================================
num clients:                  1
TCP port:                     21169
IB port:                      1
max outstanding CQEs:         16
max send work requests:       1024
max receive work requests:    1024
============================================================
index region bytes:           8589934592
2 device(s) found
Selected device: mlx5_1 (idx=1)
Link layer: Ethernet (RoCE), using GID index 3 (local IPv4 10.0.0.65)
num_cores: 80
physical cores per socket: 20
hyperthreading enabled
interleaved policy
pairing: 21700 -- 17487
[STATUS]: pinned main thread to core 20
[STATUS]: query QP/CQ contexts per compute node=16
[STATUS]: LAVD neighborhood region: resolved bytes=8589934592
allocation size: 8589934592
allocated ALIGNED MEM (no hugepage) at 140493257244736 with buffer size 8589934592
allocated ALIGNED MEM (no hugepage) at 140484667306048 with buffer size 8589934592
[STATUS]: LAVD neighborhood region: allocated bytes=8589934592
[STATUS]: register memory and distribute access token
[STATUS]: LAVD neighborhood region: registered bytes=8589934592
[STATUS]: connect QPs of compute threads
pairing: 21701 -- 17488
pairing: 21702 -- 17489
pairing: 21703 -- 17490
pairing: 21704 -- 17491
pairing: 21705 -- 17492
pairing: 21706 -- 17493
pairing: 21707 -- 17494
pairing: 21708 -- 17495
pairing: 21709 -- 17496
pairing: 21710 -- 17497
pairing: 21711 -- 17498
pairing: 21712 -- 17499
pairing: 21713 -- 17500
pairing: 21714 -- 17501
pairing: 21715 -- 17502
pairing: 21716 -- 17503
[STATUS]: idle: index construction
[STATUS]: loading index (4128573128 Bytes) from /home/kvgroup/chaomei/hnsw-data/gist1m/dump/index_m16_efc100_node1_of1.dat
[STATUS]: query processing
[STATUS]: idle: queries
