============================================================
                        SERVER
============================================================
num clients:                  1
TCP port:                     21094
IB port:                      1
max outstanding CQEs:         16
max send work requests:       1024
max receive work requests:    1024
============================================================
index region bytes:           4294967296
2 device(s) found
Selected device: mlx5_1 (idx=1)
Link layer: Ethernet (RoCE), using GID index 3 (local IPv4 10.0.0.65)
num_cores: 80
physical cores per socket: 20
hyperthreading enabled
interleaved policy
pairing: 20425 -- 16212
[STATUS]: pinned main thread to core 20
[STATUS]: query QP/CQ contexts per compute node=16
[STATUS]: LAVD neighborhood region: resolved bytes=4294967296
allocation size: 4294967296
allocated ALIGNED MEM (no hugepage) at 140072807112768 with buffer size 4294967296
allocated ALIGNED MEM (no hugepage) at 140068512141376 with buffer size 4294967296
[STATUS]: LAVD neighborhood region: allocated bytes=4294967296
[STATUS]: register memory and distribute access token
[STATUS]: LAVD neighborhood region: registered bytes=4294967296
[STATUS]: connect QPs of compute threads
pairing: 20426 -- 16213
pairing: 20427 -- 16214
pairing: 20428 -- 16215
pairing: 20429 -- 16216
pairing: 20430 -- 16217
pairing: 20431 -- 16218
pairing: 20432 -- 16219
pairing: 20433 -- 16220
pairing: 20434 -- 16221
pairing: 20435 -- 16222
pairing: 20436 -- 16223
pairing: 20437 -- 16224
pairing: 20438 -- 16225
pairing: 20439 -- 16226
pairing: 20440 -- 16227
pairing: 20441 -- 16228
[STATUS]: idle: index construction
[STATUS]: loading index (800573128 Bytes) from /home/kvgroup/chaomei/hnsw-data/sift1m/dump/index_m16_efc100_node1_of1.dat
[STATUS]: query processing
[STATUS]: idle: queries
