============================================================
                        SERVER
============================================================
num clients:                  1
TCP port:                     21089
IB port:                      1
max outstanding CQEs:         16
max send work requests:       1024
max receive work requests:    1024
============================================================
index region bytes:           4294967296
2 device(s) found
Selected device: mlx5_1 (idx=1)
Link layer: Ethernet (RoCE), using GID index 3 (local IPv4 10.0.0.65)
num_cores: 80
physical cores per socket: 20
hyperthreading enabled
interleaved policy
pairing: 20340 -- 16127
[STATUS]: pinned main thread to core 20
[STATUS]: query QP/CQ contexts per compute node=16
[STATUS]: LAVD neighborhood region: resolved bytes=4294967296
allocation size: 4294967296
allocated ALIGNED MEM (no hugepage) at 139775696625728 with buffer size 4294967296
allocated ALIGNED MEM (no hugepage) at 139771401654336 with buffer size 4294967296
[STATUS]: LAVD neighborhood region: allocated bytes=4294967296
[STATUS]: register memory and distribute access token
[STATUS]: LAVD neighborhood region: registered bytes=4294967296
[STATUS]: connect QPs of compute threads
pairing: 20341 -- 16128
pairing: 20342 -- 16129
pairing: 20343 -- 16130
pairing: 20344 -- 16131
pairing: 20345 -- 16132
pairing: 20346 -- 16133
pairing: 20347 -- 16134
pairing: 20348 -- 16135
pairing: 20349 -- 16136
pairing: 20350 -- 16137
pairing: 20351 -- 16138
pairing: 20352 -- 16139
pairing: 20353 -- 16140
pairing: 20354 -- 16141
pairing: 20355 -- 16142
pairing: 20356 -- 16143
[STATUS]: idle: index construction
[STATUS]: loading index (800573128 Bytes) from /home/kvgroup/chaomei/hnsw-data/sift1m/dump/index_m16_efc100_node1_of1.dat
[STATUS]: query processing
[STATUS]: idle: queries
