============================================================
                        SERVER
============================================================
num clients:                  1
TCP port:                     21176
IB port:                      1
max outstanding CQEs:         16
max send work requests:       1024
max receive work requests:    1024
============================================================
index region bytes:           8589934592
2 device(s) found
Selected device: mlx5_1 (idx=1)
Link layer: Ethernet (RoCE), using GID index 3 (local IPv4 10.0.0.65)
num_cores: 80
physical cores per socket: 20
hyperthreading enabled
interleaved policy
pairing: 21819 -- 17606
[STATUS]: pinned main thread to core 20
[STATUS]: query QP/CQ contexts per compute node=16
[STATUS]: LAVD neighborhood region: resolved bytes=8589934592
allocation size: 8589934592
allocated ALIGNED MEM (no hugepage) at 140174015955008 with buffer size 8589934592
allocated ALIGNED MEM (no hugepage) at 140165426016320 with buffer size 8589934592
[STATUS]: LAVD neighborhood region: allocated bytes=8589934592
[STATUS]: register memory and distribute access token
[STATUS]: LAVD neighborhood region: registered bytes=8589934592
[STATUS]: connect QPs of compute threads
pairing: 21820 -- 17607
pairing: 21821 -- 17608
pairing: 21822 -- 17609
pairing: 21823 -- 17610
pairing: 21824 -- 17611
pairing: 21825 -- 17612
pairing: 21826 -- 17613
pairing: 21827 -- 17614
pairing: 21828 -- 17615
pairing: 21829 -- 17616
pairing: 21830 -- 17617
pairing: 21831 -- 17618
pairing: 21832 -- 17619
pairing: 21833 -- 17620
pairing: 21834 -- 17621
pairing: 21835 -- 17622
[STATUS]: idle: index construction
[STATUS]: loading index (4128573128 Bytes) from /home/kvgroup/chaomei/hnsw-data/gist1m/dump/index_m16_efc100_node1_of1.dat
[STATUS]: query processing
[STATUS]: idle: queries
