============================================================
                        SERVER
============================================================
num clients:                  1
TCP port:                     21168
IB port:                      1
max outstanding CQEs:         16
max send work requests:       1024
max receive work requests:    1024
============================================================
index region bytes:           8589934592
2 device(s) found
Selected device: mlx5_1 (idx=1)
Link layer: Ethernet (RoCE), using GID index 3 (local IPv4 10.0.0.65)
num_cores: 80
physical cores per socket: 20
hyperthreading enabled
interleaved policy
pairing: 21683 -- 17470
[STATUS]: pinned main thread to core 20
[STATUS]: query QP/CQ contexts per compute node=16
[STATUS]: LAVD neighborhood region: resolved bytes=8589934592
allocation size: 8589934592
allocated ALIGNED MEM (no hugepage) at 139663367843904 with buffer size 8589934592
allocated ALIGNED MEM (no hugepage) at 139654777905216 with buffer size 8589934592
[STATUS]: LAVD neighborhood region: allocated bytes=8589934592
[STATUS]: register memory and distribute access token
[STATUS]: LAVD neighborhood region: registered bytes=8589934592
[STATUS]: connect QPs of compute threads
pairing: 21684 -- 17471
pairing: 21685 -- 17472
pairing: 21686 -- 17473
pairing: 21687 -- 17474
pairing: 21688 -- 17475
pairing: 21689 -- 17476
pairing: 21690 -- 17477
pairing: 21691 -- 17478
pairing: 21692 -- 17479
pairing: 21693 -- 17480
pairing: 21694 -- 17481
pairing: 21695 -- 17482
pairing: 21696 -- 17483
pairing: 21697 -- 17484
pairing: 21698 -- 17485
pairing: 21699 -- 17486
[STATUS]: idle: index construction
[STATUS]: loading index (4128573128 Bytes) from /home/kvgroup/chaomei/hnsw-data/gist1m/dump/index_m16_efc100_node1_of1.dat
[STATUS]: query processing
[STATUS]: idle: queries
