query_data_path: ../datasets/gist/gist_query.fvecs
Reading from vector 1 to -1
Seekg position: 0 bytes
Each vector size: 3844 bytes (dim=960)
Reading 334 vectors
Reading 334 vectors
QUERY_GT_SHAPE query_rows=334 ground_truth_rows=334 query_rows_per_ground_truth=1
original_n_query_data = 334
sampling_mod = 1, sampling_count = 0
query_data.size(): 320640
ground_truth.size(): 33400
FRONTIER_QUERY_POOL total_queries=334 threads=10 top_k=10 fixed=1
queries_per_thread: 33
ground_truth.size(): 33400
Using physical cores only (skipping hyperthreads)
[35m[search_client_pipelined_reuse_thread.cc:234] Thread 0 fetch QP authentication key: 1820388464
[0m[35m[search_client_pipelined_reuse_thread.cc:238] Thread 0 RDMA resources initialized
[0m[35m[search_client_pipelined_reuse_thread.cc:234] Thread 1 fetch QP authentication key: 6939507
[0m[35m[search_client_pipelined_reuse_thread.cc:238] Thread 1 RDMA resources initialized
[0m[35m[search_client_pipelined_reuse_thread.cc:234] Thread 2 fetch QP authentication key: 1789376348
[0m[35m[search_client_pipelined_reuse_thread.cc:238] Thread 2 RDMA resources initialized
[0m[35m[search_client_pipelined_reuse_thread.cc:234] Thread 3 fetch QP authentication key: 1037127828
[0m[35m[search_client_pipelined_reuse_thread.cc:238] Thread 3 RDMA resources initialized
[0m[35m[search_client_pipelined_reuse_thread.cc:234] Thread 4 fetch QP authentication key: 1529195746
[0m[35m[search_client_pipelined_reuse_thread.cc:238] Thread 4 RDMA resources initialized
[0m[35m[search_client_pipelined_reuse_thread.cc:234] Thread 5 fetch QP authentication key: 87755422
[0m[35m[search_client_pipelined_reuse_thread.cc:238] Thread 5 RDMA resources initialized
[0m[35m[search_client_pipelined_reuse_thread.cc:234] Thread 6 fetch QP authentication key: 1447267605
[0m[35m[search_client_pipelined_reuse_thread.cc:238] Thread 6 RDMA resources initialized
[0m[35m[search_client_pipelined_reuse_thread.cc:234] Thread 7 fetch QP authentication key: 396473730
[0m[35m[search_client_pipelined_reuse_thread.cc:238] Thread 7 RDMA resources initialized
[0m[35m[search_client_pipelined_reuse_thread.cc:234] Thread 8 fetch QP authentication key: 1569229320
[0m[35m[search_client_pipelined_reuse_thread.cc:238] Thread 8 RDMA resources initialized
[0m[35m[search_client_pipelined_reuse_thread.cc:234] Thread 9 fetch QP authentication key: 434248626
[0m[35m[search_client_pipelined_reuse_thread.cc:238] Thread 9 RDMA resources initialized
[0m=== gRPC Service Parameters Debug ===
epoch: 0
rdma_base_offset: 0
serialized_meta_hnsw size: 493450 bytes
offset size: 240 elements
offset_para size: 1080 elements
overflow size: 360 elements
mapping size: 120 elements
Thread 0 local_hnsw mapping size: === gRPC Service Parameters Debug ===
epoch: 0
rdma_base_offset: 0
serialized_meta_hnsw size: 493450 bytes
offset size: 240 elements
offset_para size: 1080 elements
overflow size: 360 elements
mapping size: 120 elements
Thread 1 local_hnsw mapping size: 120
deserialize_worker start
search_worker start
fetch_worker start
=== Thread 0 testing EF = 300 for 20 seconds ===
120
fetch_worker start
search_worker start
deserialize_worker start
=== Thread 1 testing EF = 300 for 20 seconds ===
=== gRPC Service Parameters Debug ===
epoch: 0
rdma_base_offset: 0
serialized_meta_hnsw size: 493450 bytes
offset size: 240 elements
offset_para size: 1080 elements
overflow size: 360 elements
mapping size: 120 elements
Thread 2 local_hnsw mapping size: 120
fetch_worker start
deserialize_worker start
search_worker start
=== Thread 2 testing EF = 300 for 20 seconds ===
=== gRPC Service Parameters Debug ===
epoch: 0
rdma_base_offset: 0
serialized_meta_hnsw size: 493450 bytes
offset size: 240 elements
offset_para size: 1080 elements
overflow size: 360 elements
mapping size: 120 elements
Thread 3 local_hnsw mapping size: 120
fetch_worker start
deserialize_worker start
search_worker start
=== Thread 3 testing EF = 300 for 20 seconds ===
=== gRPC Service Parameters Debug ===
epoch: 0
rdma_base_offset: 0
serialized_meta_hnsw size: 493450 bytes
offset size: 240 elements
offset_para size: 1080 elements
overflow size: 360 elements
mapping size: 120 elements
Thread 4 local_hnsw mapping size: 120
fetch_worker start
deserialize_worker start
search_worker start
=== Thread 4 testing EF = 300 for 20 seconds ===
=== gRPC Service Parameters Debug ===
epoch: 0
rdma_base_offset: 0
serialized_meta_hnsw size: 493450 bytes
offset size: 240 elements
offset_para size: 1080 elements
overflow size: 360 elements
mapping size: 120 elements
Thread 5 local_hnsw mapping size: 120
fetch_worker start
deserialize_worker start
search_worker start
=== Thread 5 testing EF = 300 for 20 seconds ===
=== gRPC Service Parameters Debug ===
epoch: 0
rdma_base_offset: 0
serialized_meta_hnsw size: 493450 bytes
offset size: 240 elements
offset_para size: 1080 elements
overflow size: 360 elements
mapping size: 120 elements
Thread 6 local_hnsw mapping size: 120
fetch_worker start
deserialize_worker start
search_worker start
=== Thread 6 testing EF = 300 for 20 seconds ===
=== gRPC Service Parameters Debug ===
epoch: 0
rdma_base_offset: 0
serialized_meta_hnsw size: 493450 bytes
offset size: 240 elements
offset_para size: 1080 elements
overflow size: 360 elements
mapping size: 120 elements
Thread 7 local_hnsw mapping size: 120
fetch_worker start
deserialize_worker start
=== Thread 7 testing EF = 300 for 20 seconds ===
search_worker start
=== gRPC Service Parameters Debug ===
epoch: 0
rdma_base_offset: 0
serialized_meta_hnsw size: 493450 bytes
offset size: 240 elements
offset_para size: 1080 elements
overflow size: 360 elements
mapping size: 120 elements
Thread 8 local_hnsw mapping size: 120
fetch_worker start
deserialize_worker start
=== Thread 8 testing EF = 300 for 20 seconds ===
search_worker start
=== gRPC Service Parameters Debug ===
epoch: 0
rdma_base_offset: 0
serialized_meta_hnsw size: 493450 bytes
offset size: 240 elements
offset_para size: 1080 elements
overflow size: 360 elements
mapping size: 120 elements
Thread 9 local_hnsw mapping size: 120
fetch_worker start
search_worker start
=== Thread 9 testing EF = 300 for 20 seconds ===
deserialize_worker start
[39m[reporter.hh:42] [Batch 0] Compute: 2,679,654.00 ms, Network: 1,315,209.00 ms, Deserialize: 3,319,194.00 ms, Meta Search: 2,868.00 ms, Throughput: 4.30 qps, Total Time: 7,683,026.00 ms
[0mThread 1 EF 300 benchmark:
  Queries executed: 33
  Avg total latency: 232819 us
  Avg meta search latency: 86.9091 us
  Avg compute time: 81201.6 us
  Avg network latency: 39854.8 us
  Avg deserialize time: 100582 us
  Recall: 0.89697
  Throughput: 4.29345 QPS
FRONTIER_THREAD_RESULT ef=300 thread=1 queries=33 elapsed_s=7.686130740 recall=0.896969676
[35m[search_client_pipelined_reuse_thread.cc:581] Thread 1 returns
[0m[39m[reporter.hh:42] [Batch 0] Compute: 2,712,740.00 ms, Network: 1,281,561.00 ms, Deserialize: 3,081,413.00 ms, Meta Search: 2,990.00 ms, Throughput: 4.29 qps, Total Time: 7,689,205.00 ms
[0mThread 2 EF 300 benchmark:
  Queries executed: 33
  Avg total latency: 233006 us
  Avg meta search latency: 90.6061 us
  Avg compute time: 82204.2 us
  Avg network latency: 38835.2 us
  Avg deserialize time: 93376.2 us
  Recall: 0.80303
  Throughput: 4.29058 QPS
FRONTIER_THREAD_RESULT ef=300 thread=2 queries=33 elapsed_s=7.691270892 recall=0.803030312
[35m[search_client_pipelined_reuse_thread.cc:581] Thread 2 returns
[0m[39m[reporter.hh:42] [Batch 0] Compute: 2,447,253.00 ms, Network: 1,178,094.00 ms, Deserialize: 3,075,303.00 ms, Meta Search: 8,385.00 ms, Throughput: 4.27 qps, Total Time: 7,730,422.00 ms
[0mThread 0 EF 300 benchmark:
  Queries executed: 33
  Avg total latency: 234255 us
  Avg meta search latency: 254.091 us
  Avg compute time: 74159.2 us
  Avg network latency: 35699.8 us
  Avg deserialize time: 93191 us
  Recall: 0.806061
  Throughput: 4.26715 QPS
FRONTIER_THREAD_RESULT ef=300 thread=0 queries=33 elapsed_s=7.733503073 recall=0.806060612
[35m[search_client_pipelined_reuse_thread.cc:581] Thread 0 returns
[0m[39m[reporter.hh:42] [Batch 0] Compute: 2,753,350.00 ms, Network: 1,317,545.00 ms, Deserialize: 3,086,352.00 ms, Meta Search: 2,359.00 ms, Throughput: 4.26 qps, Total Time: 7,746,280.00 ms
[0mThread 3 EF 300 benchmark:
  Queries executed: 33
  Avg total latency: 234736 us
  Avg meta search latency: 71.4848 us
  Avg compute time: 83434.8 us
  Avg network latency: 39925.6 us
  Avg deserialize time: 93525.8 us
  Recall: 0.769697
  Throughput: 4.25419 QPS
FRONTIER_THREAD_RESULT ef=300 thread=3 queries=33 elapsed_s=7.757059889 recall=0.769696951
[35m[search_client_pipelined_reuse_thread.cc:581] Thread 3 returns
[0m[39m[reporter.hh:42] [Batch 0] Compute: 3,211,581.00 ms, Network: 1,140,670.00 ms, Deserialize: 5,657,628.00 ms, Meta Search: 10,292.00 ms, Throughput: 3.32 qps, Total Time: 9,938,340.00 ms
[0mThread 8 EF 300 benchmark:
  Queries executed: 33
  Avg total latency: 301162 us
  Avg meta search latency: 311.879 us
  Avg compute time: 97320.6 us
  Avg network latency: 34565.8 us
  Avg deserialize time: 171443 us
  Recall: 0.809091
  Throughput: 3.31917 QPS
FRONTIER_THREAD_RESULT ef=300 thread=8 queries=33 elapsed_s=9.942256084 recall=0.809090912
[35m[search_client_pipelined_reuse_thread.cc:581] Thread 8 returns
[0m[39m[reporter.hh:42] [Batch 0] Compute: 3,283,444.00 ms, Network: 1,121,024.00 ms, Deserialize: 5,711,130.00 ms, Meta Search: 3,665.00 ms, Throughput: 2.81 qps, Total Time: 11,728,141.00 ms
[0mThread 4 EF 300 benchmark:
  Queries executed: 33
  Avg total latency: 355398 us
  Avg meta search latency: 111.061 us
  Avg compute time: 99498.3 us
  Avg network latency: 33970.4 us
  Avg deserialize time: 173065 us
  Recall: 0.842424
  Throughput: 2.81192 QPS
FRONTIER_THREAD_RESULT ef=300 thread=4 queries=33 elapsed_s=11.735758736 recall=0.842424214
[35m[search_client_pipelined_reuse_thread.cc:581] Thread 4 returns
[0m[39m[reporter.hh:42] [Batch 0] Compute: 2,732,174.00 ms, Network: 7,550,061.00 ms, Deserialize: 4,586,037.00 ms, Meta Search: 3,755.00 ms, Throughput: 2.28 qps, Total Time: 14,485,077.00 ms
[0mThread 5 EF 300 benchmark:
  Queries executed: 33
  Avg total latency: 438942 us
  Avg meta search latency: 113.788 us
  Avg compute time: 82793.2 us
  Avg network latency: 228790 us
  Avg deserialize time: 138971 us
  Recall: 0.778788
  Throughput: 2.27765 QPS
FRONTIER_THREAD_RESULT ef=300 thread=5 queries=33 elapsed_s=14.488631174 recall=0.778787851
[35m[search_client_pipelined_reuse_thread.cc:581] Thread 5 returns
[0m[39m[reporter.hh:42] [Batch 0] Compute: 2,553,127.00 ms, Network: 6,307,616.00 ms, Deserialize: 5,531,803.00 ms, Meta Search: 5,123.00 ms, Throughput: 2.26 qps, Total Time: 14,618,251.00 ms
[0mThread 6 EF 300 benchmark:
  Queries executed: 33
  Avg total latency: 442977 us
  Avg meta search latency: 155.242 us
  Avg compute time: 77367.5 us
  Avg network latency: 191140 us
  Avg deserialize time: 167630 us
  Recall: 0.709091
  Throughput: 2.25675 QPS
FRONTIER_THREAD_RESULT ef=300 thread=6 queries=33 elapsed_s=14.622781356 recall=0.709090889
[35m[search_client_pipelined_reuse_thread.cc:581] Thread 6 returns
[0m[39m[reporter.hh:42] [Batch 0] Compute: 2,968,693.00 ms, Network: 6,462,216.00 ms, Deserialize: 5,082,404.00 ms, Meta Search: 3,608.00 ms, Throughput: 2.42 qps, Total Time: 15,274,429.00 ms
[0mThread 9 EF 300 benchmark:
  Queries executed: 37
  Avg total latency: 412822 us
  Avg meta search latency: 97.5135 us
  Avg compute time: 80234.9 us
  Avg network latency: 174654 us
  Avg deserialize time: 137362 us
  Recall: 0.745946
  Throughput: 2.42179 QPS
FRONTIER_THREAD_RESULT ef=300 thread=9 queries=37 elapsed_s=15.277940137 recall=0.745945930
[35m[search_client_pipelined_reuse_thread.cc:581] Thread 9 returns
[0m[39m[reporter.hh:42] [Batch 0] Compute: 2,278,744.00 ms, Network: 14,496,298.00 ms, Deserialize: 4,450,760.00 ms, Meta Search: 19,835.00 ms, Throughput: 1.56 qps, Total Time: 21,151,153.00 ms
[0mThread 7 EF 300 benchmark:
  Queries executed: 33
  Avg total latency: 640944 us
  Avg meta search latency: 601.061 us
  Avg compute time: 69052.8 us
  Avg network latency: 439282 us
  Avg deserialize time: 134872 us
  Recall: 0.672727
  Throughput: 1.55984 QPS
FRONTIER_THREAD_RESULT ef=300 thread=7 queries=33 elapsed_s=21.155982619 recall=0.672727287
[35m[search_client_pipelined_reuse_thread.cc:581] Thread 7 returns
[0mEF: 300
Thread 0 recall: 0.806061
Thread 0 latency: 234255
Thread 0 network latency: 35699.8
Thread 0 duration_meta_search: 254.091
Thread 0 compute time: 74159.2
Thread 1 recall: 0.89697
Thread 1 latency: 232819
Thread 1 network latency: 39854.8
Thread 1 duration_meta_search: 86.9091
Thread 1 compute time: 81201.6
Thread 2 recall: 0.80303
Thread 2 latency: 233006
Thread 2 network latency: 38835.2
Thread 2 duration_meta_search: 90.6061
Thread 2 compute time: 82204.2
Thread 3 recall: 0.769697
Thread 3 latency: 234736
Thread 3 network latency: 39925.6
Thread 3 duration_meta_search: 71.4848
Thread 3 compute time: 83434.8
Thread 4 recall: 0.842424
Thread 4 latency: 355398
Thread 4 network latency: 33970.4
Thread 4 duration_meta_search: 111.061
Thread 4 compute time: 99498.3
Thread 5 recall: 0.778788
Thread 5 latency: 438942
Thread 5 network latency: 228790
Thread 5 duration_meta_search: 113.788
Thread 5 compute time: 82793.2
Thread 6 recall: 0.709091
Thread 6 latency: 442977
Thread 6 network latency: 191140
Thread 6 duration_meta_search: 155.242
Thread 6 compute time: 77367.5
Thread 7 recall: 0.672727
Thread 7 latency: 640944
Thread 7 network latency: 439282
Thread 7 duration_meta_search: 601.061
Thread 7 compute time: 69052.8
Thread 8 recall: 0.809091
Thread 8 latency: 301162
Thread 8 network latency: 34565.8
Thread 8 duration_meta_search: 311.879
Thread 8 compute time: 97320.6
Thread 9 recall: 0.745946
Thread 9 latency: 412822
Thread 9 network latency: 174654
Thread 9 duration_meta_search: 97.5135
Thread 9 compute time: 80234.9
