============================================================
                        SERVER
============================================================
num clients:                  1
TCP port:                     21120
IB port:                      1
max outstanding CQEs:         16
max send work requests:       1024
max receive work requests:    1024
============================================================
index region bytes:           4294967296
2 device(s) found
Selected device: mlx5_1 (idx=1)
Link layer: Ethernet (RoCE), using GID index 3 (local IPv4 10.0.0.65)
num_cores: 80
physical cores per socket: 20
hyperthreading enabled
interleaved policy
pairing: 20867 -- 16654
[STATUS]: pinned main thread to core 20
[STATUS]: query QP/CQ contexts per compute node=16
[STATUS]: LAVD neighborhood region: resolved bytes=4294967296
allocation size: 4294967296
allocated ALIGNED MEM (no hugepage) at 140243852996672 with buffer size 4294967296
allocated ALIGNED MEM (no hugepage) at 140239558025280 with buffer size 4294967296
[STATUS]: LAVD neighborhood region: allocated bytes=4294967296
[STATUS]: register memory and distribute access token
[STATUS]: LAVD neighborhood region: registered bytes=4294967296
[STATUS]: connect QPs of compute threads
pairing: 20868 -- 16655
pairing: 20869 -- 16656
pairing: 20870 -- 16657
pairing: 20871 -- 16658
pairing: 20872 -- 16659
pairing: 20873 -- 16660
pairing: 20874 -- 16661
pairing: 20875 -- 16662
pairing: 20876 -- 16663
pairing: 20877 -- 16664
pairing: 20878 -- 16665
pairing: 20879 -- 16666
pairing: 20880 -- 16667
pairing: 20881 -- 16668
pairing: 20882 -- 16669
pairing: 20883 -- 16670
[STATUS]: idle: index construction
[STATUS]: loading index (800573128 Bytes) from /home/kvgroup/chaomei/hnsw-data/sift1m/dump/index_m16_efc100_node1_of1.dat
[STATUS]: query processing
[STATUS]: idle: queries
