============================================================
                        SERVER
============================================================
num clients:                  1
TCP port:                     21012
IB port:                      1
max outstanding CQEs:         16
max send work requests:       1024
max receive work requests:    1024
============================================================
index region bytes:           4294967296
2 device(s) found
Selected device: mlx5_1 (idx=1)
Link layer: Ethernet (RoCE), using GID index 3 (local IPv4 10.0.0.65)
num_cores: 80
physical cores per socket: 20
hyperthreading enabled
interleaved policy
pairing: 19031 -- 14818
[STATUS]: pinned main thread to core 20
[STATUS]: query QP/CQ contexts per compute node=16
[STATUS]: LAVD neighborhood region: resolved bytes=4294967296
allocation size: 4294967296
allocated ALIGNED MEM (no hugepage) at 140566193414208 with buffer size 4294967296
allocated ALIGNED MEM (no hugepage) at 140561898442816 with buffer size 4294967296
[STATUS]: LAVD neighborhood region: allocated bytes=4294967296
[STATUS]: register memory and distribute access token
[STATUS]: LAVD neighborhood region: registered bytes=4294967296
[STATUS]: connect QPs of compute threads
pairing: 19032 -- 14819
pairing: 19033 -- 14820
pairing: 19034 -- 14821
pairing: 19035 -- 14822
pairing: 19036 -- 14823
pairing: 19037 -- 14824
pairing: 19038 -- 14825
pairing: 19039 -- 14826
pairing: 19040 -- 14827
pairing: 19041 -- 14828
pairing: 19042 -- 14829
pairing: 19043 -- 14830
pairing: 19044 -- 14831
pairing: 19045 -- 14832
pairing: 19046 -- 14833
pairing: 19047 -- 14834
[STATUS]: idle: index construction
[STATUS]: loading index (672573128 Bytes) from /home/kvgroup/chaomei/hnsw-data/deep1m/dump/index_m16_efc100_node1_of1.dat
[STATUS]: query processing
[STATUS]: idle: queries
