============================================================
                        SERVER
============================================================
num clients:                  1
TCP port:                     1316
IB port:                      1
max outstanding CQEs:         16
max send work requests:       1024
max receive work requests:    1024
============================================================
index region bytes:           4294967296
2 device(s) found
Selected device: mlx5_1 (idx=1)
Link layer: Ethernet (RoCE), using GID index 3 (local IPv4 10.0.0.65)
num_cores: 80
physical cores per socket: 20
hyperthreading enabled
interleaved policy
pairing: 17002 -- 189897
[STATUS]: pinned main thread to core 20
[STATUS]: query QP/CQ contexts per compute node=16
[STATUS]: LAVD neighborhood region: resolved bytes=17179869184
allocation size: 4294967296
allocated ALIGNED MEM (no hugepage) at 140688438030400 with buffer size 4294967296
allocated ALIGNED MEM (no hugepage) at 140671258157120 with buffer size 17179869184
[STATUS]: LAVD neighborhood region: allocated bytes=17179869184
[STATUS]: register memory and distribute access token
[STATUS]: LAVD neighborhood region: registered bytes=17179869184
[STATUS]: connect QPs of compute threads
pairing: 17003 -- 189898
pairing: 17004 -- 189899
pairing: 17005 -- 189900
pairing: 17006 -- 189901
pairing: 17007 -- 189902
pairing: 17008 -- 189903
pairing: 17009 -- 189904
pairing: 17010 -- 189905
pairing: 17011 -- 189906
pairing: 17012 -- 189907
pairing: 17013 -- 189908
pairing: 17014 -- 189909
pairing: 17015 -- 189910
pairing: 17016 -- 189911
pairing: 17017 -- 189912
pairing: 17018 -- 189913
[STATUS]: idle: index construction
[STATUS]: loading index (876871208 Bytes) from /home/kvgroup/chaomei/hnsw-data/gist200k/dump/index_m32_efc200_node1_of1.dat
[STATUS]: query processing
[STATUS]: idle: queries
	Command being timed: "/home/kvgroup/chaomei/graphbeyond-vldb-closure-20260713/build-final-v5/shine --is-server --num-clients 1 --port 1316 --index-region-bytes 4294967296 --lavd-region-bytes 17179869184"
	User time (seconds): 34.61
	System time (seconds): 10.39
	Percent of CPU this job got: 90%
	Elapsed (wall clock) time (h:mm:ss or m:ss): 0:49.58
	Average shared text size (kbytes): 0
	Average unshared data size (kbytes): 0
	Average stack size (kbytes): 0
	Average total size (kbytes): 0
	Maximum resident set size (kbytes): 20991880
	Average resident set size (kbytes): 0
	Major (requiring I/O) page faults: 0
	Minor (reclaiming a frame) page faults: 5246853
	Voluntary context switches: 586
	Involuntary context switches: 194
	Swaps: 0
	File system inputs: 0
	File system outputs: 40
	Socket messages sent: 0
	Socket messages received: 0
	Signals delivered: 0
	Page size (bytes): 4096
	Exit status: 0
