============================================================
                        SERVER
============================================================
num clients:                  1
TCP port:                     21072
IB port:                      1
max outstanding CQEs:         16
max send work requests:       1024
max receive work requests:    1024
============================================================
index region bytes:           4294967296
2 device(s) found
Selected device: mlx5_1 (idx=1)
Link layer: Ethernet (RoCE), using GID index 3 (local IPv4 10.0.0.65)
num_cores: 80
physical cores per socket: 20
hyperthreading enabled
interleaved policy
pairing: 20051 -- 15838
[STATUS]: pinned main thread to core 20
[STATUS]: query QP/CQ contexts per compute node=16
[STATUS]: LAVD neighborhood region: resolved bytes=4294967296
allocation size: 4294967296
allocated ALIGNED MEM (no hugepage) at 139738692046912 with buffer size 4294967296
allocated ALIGNED MEM (no hugepage) at 139734397075520 with buffer size 4294967296
[STATUS]: LAVD neighborhood region: allocated bytes=4294967296
[STATUS]: register memory and distribute access token
[STATUS]: LAVD neighborhood region: registered bytes=4294967296
[STATUS]: connect QPs of compute threads
pairing: 20052 -- 15839
pairing: 20053 -- 15840
pairing: 20054 -- 15841
pairing: 20055 -- 15842
pairing: 20056 -- 15843
pairing: 20057 -- 15844
pairing: 20058 -- 15845
pairing: 20059 -- 15846
pairing: 20060 -- 15847
pairing: 20061 -- 15848
pairing: 20062 -- 15849
pairing: 20063 -- 15850
pairing: 20064 -- 15851
pairing: 20065 -- 15852
pairing: 20066 -- 15853
pairing: 20067 -- 15854
[STATUS]: idle: index construction
[STATUS]: loading index (800573128 Bytes) from /home/kvgroup/chaomei/hnsw-data/sift1m/dump/index_m16_efc100_node1_of1.dat
[STATUS]: query processing
[STATUS]: idle: queries
