============================================================
                        SERVER
============================================================
num clients:                  1
TCP port:                     21039
IB port:                      1
max outstanding CQEs:         16
max send work requests:       1024
max receive work requests:    1024
============================================================
index region bytes:           4294967296
2 device(s) found
Selected device: mlx5_1 (idx=1)
Link layer: Ethernet (RoCE), using GID index 3 (local IPv4 10.0.0.65)
num_cores: 80
physical cores per socket: 20
hyperthreading enabled
interleaved policy
pairing: 19490 -- 15277
[STATUS]: pinned main thread to core 20
[STATUS]: query QP/CQ contexts per compute node=16
[STATUS]: LAVD neighborhood region: resolved bytes=4294967296
allocation size: 4294967296
allocated ALIGNED MEM (no hugepage) at 140124491956288 with buffer size 4294967296
allocated ALIGNED MEM (no hugepage) at 140120196984896 with buffer size 4294967296
[STATUS]: LAVD neighborhood region: allocated bytes=4294967296
[STATUS]: register memory and distribute access token
[STATUS]: LAVD neighborhood region: registered bytes=4294967296
[STATUS]: connect QPs of compute threads
pairing: 19491 -- 15278
pairing: 19492 -- 15279
pairing: 19493 -- 15280
pairing: 19494 -- 15281
pairing: 19495 -- 15282
pairing: 19496 -- 15283
pairing: 19497 -- 15284
pairing: 19498 -- 15285
pairing: 19499 -- 15286
pairing: 19500 -- 15287
pairing: 19501 -- 15288
pairing: 19502 -- 15289
pairing: 19503 -- 15290
pairing: 19504 -- 15291
pairing: 19505 -- 15292
pairing: 19506 -- 15293
[STATUS]: idle: index construction
[STATUS]: loading index (672573128 Bytes) from /home/kvgroup/chaomei/hnsw-data/deep1m/dump/index_m16_efc100_node1_of1.dat
[STATUS]: query processing
[STATUS]: idle: queries
