============================================================
                        SERVER
============================================================
num clients:                  1
TCP port:                     21166
IB port:                      1
max outstanding CQEs:         16
max send work requests:       1024
max receive work requests:    1024
============================================================
index region bytes:           8589934592
2 device(s) found
Selected device: mlx5_1 (idx=1)
Link layer: Ethernet (RoCE), using GID index 3 (local IPv4 10.0.0.65)
num_cores: 80
physical cores per socket: 20
hyperthreading enabled
interleaved policy
pairing: 21649 -- 17436
[STATUS]: pinned main thread to core 20
[STATUS]: query QP/CQ contexts per compute node=16
[STATUS]: LAVD neighborhood region: resolved bytes=8589934592
allocation size: 8589934592
allocated ALIGNED MEM (no hugepage) at 140507802484800 with buffer size 8589934592
allocated ALIGNED MEM (no hugepage) at 140499212546112 with buffer size 8589934592
[STATUS]: LAVD neighborhood region: allocated bytes=8589934592
[STATUS]: register memory and distribute access token
[STATUS]: LAVD neighborhood region: registered bytes=8589934592
[STATUS]: connect QPs of compute threads
pairing: 21650 -- 17437
pairing: 21651 -- 17438
pairing: 21652 -- 17439
pairing: 21653 -- 17440
pairing: 21654 -- 17441
pairing: 21655 -- 17442
pairing: 21656 -- 17443
pairing: 21657 -- 17444
pairing: 21658 -- 17445
pairing: 21659 -- 17446
pairing: 21660 -- 17447
pairing: 21661 -- 17448
pairing: 21662 -- 17449
pairing: 21663 -- 17450
pairing: 21664 -- 17451
pairing: 21665 -- 17452
[STATUS]: idle: index construction
[STATUS]: loading index (4128573128 Bytes) from /home/kvgroup/chaomei/hnsw-data/gist1m/dump/index_m16_efc100_node1_of1.dat
[STATUS]: query processing
[STATUS]: idle: queries
