============================================================
                        SERVER
============================================================
num clients:                  1
TCP port:                     21115
IB port:                      1
max outstanding CQEs:         16
max send work requests:       1024
max receive work requests:    1024
============================================================
index region bytes:           4294967296
2 device(s) found
Selected device: mlx5_1 (idx=1)
Link layer: Ethernet (RoCE), using GID index 3 (local IPv4 10.0.0.65)
num_cores: 80
physical cores per socket: 20
hyperthreading enabled
interleaved policy
pairing: 20782 -- 16569
[STATUS]: pinned main thread to core 20
[STATUS]: query QP/CQ contexts per compute node=16
[STATUS]: LAVD neighborhood region: resolved bytes=4294967296
allocation size: 4294967296
allocated ALIGNED MEM (no hugepage) at 140147693785152 with buffer size 4294967296
allocated ALIGNED MEM (no hugepage) at 140143398813760 with buffer size 4294967296
[STATUS]: LAVD neighborhood region: allocated bytes=4294967296
[STATUS]: register memory and distribute access token
[STATUS]: LAVD neighborhood region: registered bytes=4294967296
[STATUS]: connect QPs of compute threads
pairing: 20783 -- 16570
pairing: 20784 -- 16571
pairing: 20785 -- 16572
pairing: 20786 -- 16573
pairing: 20787 -- 16574
pairing: 20788 -- 16575
pairing: 20789 -- 16576
pairing: 20790 -- 16577
pairing: 20791 -- 16578
pairing: 20792 -- 16579
pairing: 20793 -- 16580
pairing: 20794 -- 16581
pairing: 20795 -- 16582
pairing: 20796 -- 16583
pairing: 20797 -- 16584
pairing: 20798 -- 16585
[STATUS]: idle: index construction
[STATUS]: loading index (800573128 Bytes) from /home/kvgroup/chaomei/hnsw-data/sift1m/dump/index_m16_efc100_node1_of1.dat
[STATUS]: query processing
[STATUS]: idle: queries
