============================================================
                        SERVER
============================================================
num clients:                  1
TCP port:                     21068
IB port:                      1
max outstanding CQEs:         16
max send work requests:       1024
max receive work requests:    1024
============================================================
index region bytes:           4294967296
2 device(s) found
Selected device: mlx5_1 (idx=1)
Link layer: Ethernet (RoCE), using GID index 3 (local IPv4 10.0.0.65)
num_cores: 80
physical cores per socket: 20
hyperthreading enabled
interleaved policy
pairing: 19983 -- 15770
[STATUS]: pinned main thread to core 20
[STATUS]: query QP/CQ contexts per compute node=16
[STATUS]: LAVD neighborhood region: resolved bytes=4294967296
allocation size: 4294967296
allocated ALIGNED MEM (no hugepage) at 139859788406848 with buffer size 4294967296
allocated ALIGNED MEM (no hugepage) at 139855493435456 with buffer size 4294967296
[STATUS]: LAVD neighborhood region: allocated bytes=4294967296
[STATUS]: register memory and distribute access token
[STATUS]: LAVD neighborhood region: registered bytes=4294967296
[STATUS]: connect QPs of compute threads
pairing: 19984 -- 15771
pairing: 19985 -- 15772
pairing: 19986 -- 15773
pairing: 19987 -- 15774
pairing: 19988 -- 15775
pairing: 19989 -- 15776
pairing: 19990 -- 15777
pairing: 19991 -- 15778
pairing: 19992 -- 15779
pairing: 19993 -- 15780
pairing: 19994 -- 15781
pairing: 19995 -- 15782
pairing: 19996 -- 15783
pairing: 19997 -- 15784
pairing: 19998 -- 15785
pairing: 19999 -- 15786
[STATUS]: idle: index construction
[STATUS]: loading index (800573128 Bytes) from /home/kvgroup/chaomei/hnsw-data/sift1m/dump/index_m16_efc100_node1_of1.dat
[STATUS]: query processing
[STATUS]: idle: queries
