============================================================
                        SERVER
============================================================
num clients:                  1
TCP port:                     21162
IB port:                      1
max outstanding CQEs:         16
max send work requests:       1024
max receive work requests:    1024
============================================================
index region bytes:           8589934592
2 device(s) found
Selected device: mlx5_1 (idx=1)
Link layer: Ethernet (RoCE), using GID index 3 (local IPv4 10.0.0.65)
num_cores: 80
physical cores per socket: 20
hyperthreading enabled
interleaved policy
pairing: 21581 -- 17368
[STATUS]: pinned main thread to core 20
[STATUS]: query QP/CQ contexts per compute node=16
[STATUS]: LAVD neighborhood region: resolved bytes=8589934592
allocation size: 8589934592
allocated ALIGNED MEM (no hugepage) at 139988305645632 with buffer size 8589934592
allocated ALIGNED MEM (no hugepage) at 139979715706944 with buffer size 8589934592
[STATUS]: LAVD neighborhood region: allocated bytes=8589934592
[STATUS]: register memory and distribute access token
[STATUS]: LAVD neighborhood region: registered bytes=8589934592
[STATUS]: connect QPs of compute threads
pairing: 21582 -- 17369
pairing: 21583 -- 17370
pairing: 21584 -- 17371
pairing: 21585 -- 17372
pairing: 21586 -- 17373
pairing: 21587 -- 17374
pairing: 21588 -- 17375
pairing: 21589 -- 17376
pairing: 21590 -- 17377
pairing: 21591 -- 17378
pairing: 21592 -- 17379
pairing: 21593 -- 17380
pairing: 21594 -- 17381
pairing: 21595 -- 17382
pairing: 21596 -- 17383
pairing: 21597 -- 17384
[STATUS]: idle: index construction
[STATUS]: loading index (4128573128 Bytes) from /home/kvgroup/chaomei/hnsw-data/gist1m/dump/index_m16_efc100_node1_of1.dat
[STATUS]: query processing
[STATUS]: idle: queries
