============================================================
                        SERVER
============================================================
num clients:                  1
TCP port:                     21003
IB port:                      1
max outstanding CQEs:         16
max send work requests:       1024
max receive work requests:    1024
============================================================
index region bytes:           4294967296
2 device(s) found
Selected device: mlx5_1 (idx=1)
Link layer: Ethernet (RoCE), using GID index 3 (local IPv4 10.0.0.65)
num_cores: 80
physical cores per socket: 20
hyperthreading enabled
interleaved policy
pairing: 18878 -- 14665
[STATUS]: pinned main thread to core 20
[STATUS]: query QP/CQ contexts per compute node=16
[STATUS]: LAVD neighborhood region: resolved bytes=4294967296
allocation size: 4294967296
allocated ALIGNED MEM (no hugepage) at 140500429729856 with buffer size 4294967296
allocated ALIGNED MEM (no hugepage) at 140496134758464 with buffer size 4294967296
[STATUS]: LAVD neighborhood region: allocated bytes=4294967296
[STATUS]: register memory and distribute access token
[STATUS]: LAVD neighborhood region: registered bytes=4294967296
[STATUS]: connect QPs of compute threads
pairing: 18879 -- 14666
pairing: 18880 -- 14667
pairing: 18881 -- 14668
pairing: 18882 -- 14669
pairing: 18883 -- 14670
pairing: 18884 -- 14671
pairing: 18885 -- 14672
pairing: 18886 -- 14673
pairing: 18887 -- 14674
pairing: 18888 -- 14675
pairing: 18889 -- 14676
pairing: 18890 -- 14677
pairing: 18891 -- 14678
pairing: 18892 -- 14679
pairing: 18893 -- 14680
pairing: 18894 -- 14681
[STATUS]: idle: index construction
[STATUS]: loading index (672573128 Bytes) from /home/kvgroup/chaomei/hnsw-data/deep1m/dump/index_m16_efc100_node1_of1.dat
[STATUS]: query processing
[STATUS]: idle: queries
