============================================================
                        SERVER
============================================================
num clients:                  1
TCP port:                     21084
IB port:                      1
max outstanding CQEs:         16
max send work requests:       1024
max receive work requests:    1024
============================================================
index region bytes:           4294967296
2 device(s) found
Selected device: mlx5_1 (idx=1)
Link layer: Ethernet (RoCE), using GID index 3 (local IPv4 10.0.0.65)
num_cores: 80
physical cores per socket: 20
hyperthreading enabled
interleaved policy
pairing: 20255 -- 16042
[STATUS]: pinned main thread to core 20
[STATUS]: query QP/CQ contexts per compute node=16
[STATUS]: LAVD neighborhood region: resolved bytes=4294967296
allocation size: 4294967296
allocated ALIGNED MEM (no hugepage) at 140147480559680 with buffer size 4294967296
allocated ALIGNED MEM (no hugepage) at 140143185588288 with buffer size 4294967296
[STATUS]: LAVD neighborhood region: allocated bytes=4294967296
[STATUS]: register memory and distribute access token
[STATUS]: LAVD neighborhood region: registered bytes=4294967296
[STATUS]: connect QPs of compute threads
pairing: 20256 -- 16043
pairing: 20257 -- 16044
pairing: 20258 -- 16045
pairing: 20259 -- 16046
pairing: 20260 -- 16047
pairing: 20261 -- 16048
pairing: 20262 -- 16049
pairing: 20263 -- 16050
pairing: 20264 -- 16051
pairing: 20265 -- 16052
pairing: 20266 -- 16053
pairing: 20267 -- 16054
pairing: 20268 -- 16055
pairing: 20269 -- 16056
pairing: 20270 -- 16057
pairing: 20271 -- 16058
[STATUS]: idle: index construction
[STATUS]: loading index (800573128 Bytes) from /home/kvgroup/chaomei/hnsw-data/sift1m/dump/index_m16_efc100_node1_of1.dat
[STATUS]: query processing
[STATUS]: idle: queries
