============================================================
                        SERVER
============================================================
num clients:                  1
TCP port:                     21078
IB port:                      1
max outstanding CQEs:         16
max send work requests:       1024
max receive work requests:    1024
============================================================
index region bytes:           4294967296
2 device(s) found
Selected device: mlx5_1 (idx=1)
Link layer: Ethernet (RoCE), using GID index 3 (local IPv4 10.0.0.65)
num_cores: 80
physical cores per socket: 20
hyperthreading enabled
interleaved policy
pairing: 20153 -- 15940
[STATUS]: pinned main thread to core 20
[STATUS]: query QP/CQ contexts per compute node=16
[STATUS]: LAVD neighborhood region: resolved bytes=4294967296
allocation size: 4294967296
allocated ALIGNED MEM (no hugepage) at 139858418995264 with buffer size 4294967296
allocated ALIGNED MEM (no hugepage) at 139854124023872 with buffer size 4294967296
[STATUS]: LAVD neighborhood region: allocated bytes=4294967296
[STATUS]: register memory and distribute access token
[STATUS]: LAVD neighborhood region: registered bytes=4294967296
[STATUS]: connect QPs of compute threads
pairing: 20154 -- 15941
pairing: 20155 -- 15942
pairing: 20156 -- 15943
pairing: 20157 -- 15944
pairing: 20158 -- 15945
pairing: 20159 -- 15946
pairing: 20160 -- 15947
pairing: 20161 -- 15948
pairing: 20162 -- 15949
pairing: 20163 -- 15950
pairing: 20164 -- 15951
pairing: 20165 -- 15952
pairing: 20166 -- 15953
pairing: 20167 -- 15954
pairing: 20168 -- 15955
pairing: 20169 -- 15956
[STATUS]: idle: index construction
[STATUS]: loading index (800573128 Bytes) from /home/kvgroup/chaomei/hnsw-data/sift1m/dump/index_m16_efc100_node1_of1.dat
[STATUS]: query processing
[STATUS]: idle: queries
