============================================================
                        SERVER
============================================================
num clients:                  1
TCP port:                     21093
IB port:                      1
max outstanding CQEs:         16
max send work requests:       1024
max receive work requests:    1024
============================================================
index region bytes:           4294967296
2 device(s) found
Selected device: mlx5_1 (idx=1)
Link layer: Ethernet (RoCE), using GID index 3 (local IPv4 10.0.0.65)
num_cores: 80
physical cores per socket: 20
hyperthreading enabled
interleaved policy
pairing: 20408 -- 16195
[STATUS]: pinned main thread to core 20
[STATUS]: query QP/CQ contexts per compute node=16
[STATUS]: LAVD neighborhood region: resolved bytes=4294967296
allocation size: 4294967296
allocated ALIGNED MEM (no hugepage) at 140131502485568 with buffer size 4294967296
allocated ALIGNED MEM (no hugepage) at 140127207514176 with buffer size 4294967296
[STATUS]: LAVD neighborhood region: allocated bytes=4294967296
[STATUS]: register memory and distribute access token
[STATUS]: LAVD neighborhood region: registered bytes=4294967296
[STATUS]: connect QPs of compute threads
pairing: 20409 -- 16196
pairing: 20410 -- 16197
pairing: 20411 -- 16198
pairing: 20412 -- 16199
pairing: 20413 -- 16200
pairing: 20414 -- 16201
pairing: 20415 -- 16202
pairing: 20416 -- 16203
pairing: 20417 -- 16204
pairing: 20418 -- 16205
pairing: 20419 -- 16206
pairing: 20420 -- 16207
pairing: 20421 -- 16208
pairing: 20422 -- 16209
pairing: 20423 -- 16210
pairing: 20424 -- 16211
[STATUS]: idle: index construction
[STATUS]: loading index (800573128 Bytes) from /home/kvgroup/chaomei/hnsw-data/sift1m/dump/index_m16_efc100_node1_of1.dat
[STATUS]: query processing
[STATUS]: idle: queries
