============================================================
                        SERVER
============================================================
num clients:                  1
TCP port:                     21083
IB port:                      1
max outstanding CQEs:         16
max send work requests:       1024
max receive work requests:    1024
============================================================
index region bytes:           4294967296
2 device(s) found
Selected device: mlx5_1 (idx=1)
Link layer: Ethernet (RoCE), using GID index 3 (local IPv4 10.0.0.65)
num_cores: 80
physical cores per socket: 20
hyperthreading enabled
interleaved policy
pairing: 20238 -- 16025
[STATUS]: pinned main thread to core 20
[STATUS]: query QP/CQ contexts per compute node=16
[STATUS]: LAVD neighborhood region: resolved bytes=4294967296
allocation size: 4294967296
allocated ALIGNED MEM (no hugepage) at 140448156708928 with buffer size 4294967296
allocated ALIGNED MEM (no hugepage) at 140443861737536 with buffer size 4294967296
[STATUS]: LAVD neighborhood region: allocated bytes=4294967296
[STATUS]: register memory and distribute access token
[STATUS]: LAVD neighborhood region: registered bytes=4294967296
[STATUS]: connect QPs of compute threads
pairing: 20239 -- 16026
pairing: 20240 -- 16027
pairing: 20241 -- 16028
pairing: 20242 -- 16029
pairing: 20243 -- 16030
pairing: 20244 -- 16031
pairing: 20245 -- 16032
pairing: 20246 -- 16033
pairing: 20247 -- 16034
pairing: 20248 -- 16035
pairing: 20249 -- 16036
pairing: 20250 -- 16037
pairing: 20251 -- 16038
pairing: 20252 -- 16039
pairing: 20253 -- 16040
pairing: 20254 -- 16041
[STATUS]: idle: index construction
[STATUS]: loading index (800573128 Bytes) from /home/kvgroup/chaomei/hnsw-data/sift1m/dump/index_m16_efc100_node1_of1.dat
[STATUS]: query processing
[STATUS]: idle: queries
