============================================================
                        SERVER
============================================================
num clients:                  1
TCP port:                     21147
IB port:                      1
max outstanding CQEs:         16
max send work requests:       1024
max receive work requests:    1024
============================================================
index region bytes:           8589934592
2 device(s) found
Selected device: mlx5_1 (idx=1)
Link layer: Ethernet (RoCE), using GID index 3 (local IPv4 10.0.0.65)
num_cores: 80
physical cores per socket: 20
hyperthreading enabled
interleaved policy
pairing: 21326 -- 17113
[STATUS]: pinned main thread to core 20
[STATUS]: query QP/CQ contexts per compute node=16
[STATUS]: LAVD neighborhood region: resolved bytes=8589934592
allocation size: 8589934592
allocated ALIGNED MEM (no hugepage) at 140320266682432 with buffer size 8589934592
allocated ALIGNED MEM (no hugepage) at 140311676743744 with buffer size 8589934592
[STATUS]: LAVD neighborhood region: allocated bytes=8589934592
[STATUS]: register memory and distribute access token
[STATUS]: LAVD neighborhood region: registered bytes=8589934592
[STATUS]: connect QPs of compute threads
pairing: 21327 -- 17114
pairing: 21328 -- 17115
pairing: 21329 -- 17116
pairing: 21330 -- 17117
pairing: 21331 -- 17118
pairing: 21332 -- 17119
pairing: 21333 -- 17120
pairing: 21334 -- 17121
pairing: 21335 -- 17122
pairing: 21336 -- 17123
pairing: 21337 -- 17124
pairing: 21338 -- 17125
pairing: 21339 -- 17126
pairing: 21340 -- 17127
pairing: 21341 -- 17128
pairing: 21342 -- 17129
[STATUS]: idle: index construction
[STATUS]: loading index (4128573128 Bytes) from /home/kvgroup/chaomei/hnsw-data/gist1m/dump/index_m16_efc100_node1_of1.dat
[STATUS]: query processing
[STATUS]: idle: queries
