============================================================
                        SERVER
============================================================
num clients:                  1
TCP port:                     21071
IB port:                      1
max outstanding CQEs:         16
max send work requests:       1024
max receive work requests:    1024
============================================================
index region bytes:           4294967296
2 device(s) found
Selected device: mlx5_1 (idx=1)
Link layer: Ethernet (RoCE), using GID index 3 (local IPv4 10.0.0.65)
num_cores: 80
physical cores per socket: 20
hyperthreading enabled
interleaved policy
pairing: 20034 -- 15821
[STATUS]: pinned main thread to core 20
[STATUS]: query QP/CQ contexts per compute node=16
[STATUS]: LAVD neighborhood region: resolved bytes=4294967296
allocation size: 4294967296
allocated ALIGNED MEM (no hugepage) at 140227343355968 with buffer size 4294967296
allocated ALIGNED MEM (no hugepage) at 140223048384576 with buffer size 4294967296
[STATUS]: LAVD neighborhood region: allocated bytes=4294967296
[STATUS]: register memory and distribute access token
[STATUS]: LAVD neighborhood region: registered bytes=4294967296
[STATUS]: connect QPs of compute threads
pairing: 20035 -- 15822
pairing: 20036 -- 15823
pairing: 20037 -- 15824
pairing: 20038 -- 15825
pairing: 20039 -- 15826
pairing: 20040 -- 15827
pairing: 20041 -- 15828
pairing: 20042 -- 15829
pairing: 20043 -- 15830
pairing: 20044 -- 15831
pairing: 20045 -- 15832
pairing: 20046 -- 15833
pairing: 20047 -- 15834
pairing: 20048 -- 15835
pairing: 20049 -- 15836
pairing: 20050 -- 15837
[STATUS]: idle: index construction
[STATUS]: loading index (800573128 Bytes) from /home/kvgroup/chaomei/hnsw-data/sift1m/dump/index_m16_efc100_node1_of1.dat
[STATUS]: query processing
[STATUS]: idle: queries
