query_data_path: ../datasets/gist/gist_query.fvecs
Reading from vector 1 to -1
Seekg position: 0 bytes
Each vector size: 3844 bytes (dim=960)
Reading 333 vectors
Reading 333 vectors
QUERY_GT_SHAPE query_rows=333 ground_truth_rows=333 query_rows_per_ground_truth=1
original_n_query_data = 333
sampling_mod = 1, sampling_count = 0
query_data.size(): 319680
ground_truth.size(): 33300
FRONTIER_QUERY_POOL total_queries=333 threads=10 top_k=10 fixed=1
queries_per_thread: 33
ground_truth.size(): 33300
Using physical cores only (skipping hyperthreads)
[35m[search_client_pipelined_reuse_thread.cc:234] Thread 0 fetch QP authentication key: 1939964443
[0m[35m[search_client_pipelined_reuse_thread.cc:238] Thread 0 RDMA resources initialized
[0m[35m[search_client_pipelined_reuse_thread.cc:234] Thread 1 fetch QP authentication key: 1067854538
[0m[35m[search_client_pipelined_reuse_thread.cc:238] Thread 1 RDMA resources initialized
[0m[35m[search_client_pipelined_reuse_thread.cc:234] Thread 2 fetch QP authentication key: 1782436840
[0m[35m[search_client_pipelined_reuse_thread.cc:238] Thread 2 RDMA resources initialized
[0m[35m[search_client_pipelined_reuse_thread.cc:234] Thread 3 fetch QP authentication key: 532670688
[0m[35m[search_client_pipelined_reuse_thread.cc:238] Thread 3 RDMA resources initialized
[0m[35m[search_client_pipelined_reuse_thread.cc:234] Thread 4 fetch QP authentication key: 1504569917
[0m[35m[search_client_pipelined_reuse_thread.cc:238] Thread 4 RDMA resources initialized
[0m[35m[search_client_pipelined_reuse_thread.cc:234] Thread 5 fetch QP authentication key: 496987743
[0m[35m[search_client_pipelined_reuse_thread.cc:238] Thread 5 RDMA resources initialized
[0m[35m[search_client_pipelined_reuse_thread.cc:234] Thread 6 fetch QP authentication key: 1359512183
[0m[35m[search_client_pipelined_reuse_thread.cc:238] Thread 6 RDMA resources initialized
[0m[35m[search_client_pipelined_reuse_thread.cc:234] Thread 7 fetch QP authentication key: 1096689772
[0m[35m[search_client_pipelined_reuse_thread.cc:238] Thread 7 RDMA resources initialized
[0m[35m[search_client_pipelined_reuse_thread.cc:234] Thread 8 fetch QP authentication key: 1172755590
[0m[35m[search_client_pipelined_reuse_thread.cc:238] Thread 8 RDMA resources initialized
[0m[35m[search_client_pipelined_reuse_thread.cc:234] Thread 9 fetch QP authentication key: 243268139
[0m[35m[search_client_pipelined_reuse_thread.cc:238] Thread 9 RDMA resources initialized
[0m=== gRPC Service Parameters Debug ===
epoch: 0
rdma_base_offset: 0
serialized_meta_hnsw size: 493450 bytes
offset size: 240 elements
offset_para size: 1080 elements
overflow size: 360 elements
mapping size: 120 elements
Thread 0 local_hnsw mapping size: 120
fetch_worker start
deserialize_worker start
search_worker start
=== Thread 0 testing EF = 300 for 20 seconds ===
=== gRPC Service Parameters Debug ===
epoch: 0
rdma_base_offset: 0
serialized_meta_hnsw size: 493450 bytes
offset size: 240 elements
offset_para size: 1080 elements
overflow size: 360 elements
mapping size: 120 elements
Thread 1 local_hnsw mapping size: 120
fetch_worker start
deserialize_worker start
=== Thread 1 testing EF = 300 for 20 seconds ===
search_worker start
=== gRPC Service Parameters Debug ===
epoch: 0
rdma_base_offset: 0
serialized_meta_hnsw size: 493450 bytes
offset size: 240 elements
offset_para size: 1080 elements
overflow size: 360 elements
mapping size: 120 elements
Thread 2 local_hnsw mapping size: 120
fetch_worker start
deserialize_worker start
search_worker start
=== Thread 2 testing EF = 300 for 20 seconds ===
=== gRPC Service Parameters Debug ===
epoch: 0
rdma_base_offset: 0
serialized_meta_hnsw size: 493450 bytes
offset size: 240 elements
offset_para size: 1080 elements
overflow size: 360 elements
mapping size: 120 elements
Thread 3 local_hnsw mapping size: 120
fetch_worker start
deserialize_worker start
=== Thread 3 testing EF = 300 for 20 seconds ===
search_worker start
=== gRPC Service Parameters Debug ===
epoch: 0
rdma_base_offset: 0
serialized_meta_hnsw size: 493450 bytes
offset size: 240 elements
offset_para size: 1080 elements
overflow size: 360 elements
mapping size: 120 elements
Thread 4 local_hnsw mapping size: === gRPC Service Parameters Debug ===
epoch: 0
rdma_base_offset: 0
serialized_meta_hnsw size: 493450 bytes
offset size: 240 elements
offset_para size: 1080 elements
overflow size: 360 elements
mapping size: 120 elements
Thread 5 local_hnsw mapping size: 120
fetch_worker start
deserialize_worker start
=== Thread 4 testing EF = 300 for 20 seconds ===
search_worker start
120
fetch_worker start
deserialize_worker start
=== Thread 5 testing EF = 300 for 20 seconds ===
search_worker start
=== gRPC Service Parameters Debug ===
epoch: 0
rdma_base_offset: 0
serialized_meta_hnsw size: 493450 bytes
offset size: 240 elements
offset_para size: 1080 elements
overflow size: 360 elements
mapping size: 120 elements
Thread 6 local_hnsw mapping size: 120
fetch_worker start
deserialize_worker start
search_worker start
=== Thread 6 testing EF = 300 for 20 seconds ===
=== gRPC Service Parameters Debug ===
epoch: 0
rdma_base_offset: 0
serialized_meta_hnsw size: 493450 bytes
offset size: 240 elements
offset_para size: 1080 elements
overflow size: 360 elements
mapping size: 120 elements
Thread 7 local_hnsw mapping size: 120
fetch_worker start
deserialize_worker start
=== Thread 7 testing EF = 300 for 20 seconds ===
search_worker start
=== gRPC Service Parameters Debug ===
epoch: 0
rdma_base_offset: 0
serialized_meta_hnsw size: 493450 bytes
offset size: 240 elements
offset_para size: 1080 elements
overflow size: 360 elements
mapping size: 120 elements
Thread 8 local_hnsw mapping size: 120
fetch_worker start
deserialize_worker start
search_worker start
=== Thread 8 testing EF = 300 for 20 seconds ===
=== gRPC Service Parameters Debug ===
epoch: 0
rdma_base_offset: 0
serialized_meta_hnsw size: 493450 bytes
offset size: 240 elements
offset_para size: 1080 elements
overflow size: 360 elements
mapping size: 120 elements
Thread 9 local_hnsw mapping size: 120
fetch_worker start
deserialize_worker start
=== Thread 9 testing EF = 300 for 20 seconds ===
search_worker start
[39m[reporter.hh:42] [Batch 0] Compute: 2,576,317.00 ms, Network: 1,070,815.00 ms, Deserialize: 2,146,711.00 ms, Meta Search: 3,494.00 ms, Throughput: 6.45 qps, Total Time: 5,118,752.00 ms
[0mThread 2 EF 300 benchmark:
  Queries executed: 33
  Avg total latency: 155114 us
  Avg meta search latency: 105.879 us
  Avg compute time: 78070.2 us
  Avg network latency: 32448.9 us
  Avg deserialize time: 65051.8 us
  Recall: 0.715151
  Throughput: 6.44367 QPS
FRONTIER_THREAD_RESULT ef=300 thread=2 queries=33 elapsed_s=5.121302361 recall=0.715151489
[35m[search_client_pipelined_reuse_thread.cc:581] Thread 2 returns
[0m[39m[reporter.hh:42] [Batch 0] Compute: 2,058,591.00 ms, Network: 1,158,899.00 ms, Deserialize: 2,910,144.00 ms, Meta Search: 2,859.00 ms, Throughput: 4.99 qps, Total Time: 6,606,771.00 ms
[0mThread 7 EF 300 benchmark:
  Queries executed: 33
  Avg total latency: 200205 us
  Avg meta search latency: 86.6364 us
  Avg compute time: 62381.5 us
  Avg network latency: 35118.2 us
  Avg deserialize time: 88186.2 us
  Recall: 0.893939
  Throughput: 4.99232 QPS
FRONTIER_THREAD_RESULT ef=300 thread=7 queries=33 elapsed_s=6.610146605 recall=0.893939376
[35m[search_client_pipelined_reuse_thread.cc:581] Thread 7 returns
[0m[39m[reporter.hh:42] [Batch 0] Compute: 3,071,125.00 ms, Network: 7,698,159.00 ms, Deserialize: 1,849,418.00 ms, Meta Search: 3,086.00 ms, Throughput: 2.76 qps, Total Time: 11,939,713.00 ms
[0mThread 1 EF 300 benchmark:
  Queries executed: 33
  Avg total latency: 361809 us
  Avg meta search latency: 93.5152 us
  Avg compute time: 93064.4 us
  Avg network latency: 233278 us
  Avg deserialize time: 56043 us
  Recall: 0.730303
  Throughput: 2.76343 QPS
FRONTIER_THREAD_RESULT ef=300 thread=1 queries=33 elapsed_s=11.941664762 recall=0.730303049
[35m[search_client_pipelined_reuse_thread.cc:581] Thread 1 returns
[0m[39m[reporter.hh:42] [Batch 0] Compute: 2,181,122.00 ms, Network: 7,095,583.00 ms, Deserialize: 3,080,228.00 ms, Meta Search: 2,943.00 ms, Throughput: 2.55 qps, Total Time: 12,918,766.00 ms
[0mThread 6 EF 300 benchmark:
  Queries executed: 33
  Avg total latency: 391478 us
  Avg meta search latency: 89.1818 us
  Avg compute time: 66094.6 us
  Avg network latency: 215018 us
  Avg deserialize time: 93340.2 us
  Recall: 0.681818
  Throughput: 2.5538 QPS
FRONTIER_THREAD_RESULT ef=300 thread=6 queries=33 elapsed_s=12.921931062 recall=0.681818187
[35m[search_client_pipelined_reuse_thread.cc:581] Thread 6 returns
[0m[39m[reporter.hh:42] [Batch 0] Compute: 2,839,992.00 ms, Network: 14,224,365.00 ms, Deserialize: 3,075,190.00 ms, Meta Search: 2,870.00 ms, Throughput: 1.65 qps, Total Time: 20,046,790.00 ms
[0mThread 8 EF 300 benchmark:
  Queries executed: 33
  Avg total latency: 607478 us
  Avg meta search latency: 86.9697 us
  Avg compute time: 86060.4 us
  Avg network latency: 431041 us
  Avg deserialize time: 93187.6 us
  Recall: 0.727273
  Throughput: 1.64585 QPS
FRONTIER_THREAD_RESULT ef=300 thread=8 queries=33 elapsed_s=20.050409816 recall=0.727272749
[35m[search_client_pipelined_reuse_thread.cc:581] Thread 8 returns
[0m[39m[reporter.hh:42] [Batch 0] Compute: 2,557,424.00 ms, Network: 15,312,391.00 ms, Deserialize: 2,823,739.00 ms, Meta Search: 3,046.00 ms, Throughput: 1.52 qps, Total Time: 21,647,733.00 ms
[0mThread 4 EF 300 benchmark:
  Queries executed: 33
  Avg total latency: 655992 us
  Avg meta search latency: 92.303 us
  Avg compute time: 77497.7 us
  Avg network latency: 464012 us
  Avg deserialize time: 85567.8 us
  Recall: 0.812121
  Throughput: 1.52419 QPS
FRONTIER_THREAD_RESULT ef=300 thread=4 queries=33 elapsed_s=21.650902524 recall=0.812121212
[35m[search_client_pipelined_reuse_thread.cc:581] Thread 4 returns
[0m[39m[reporter.hh:42] [Batch 0] Compute: 2,919,192.00 ms, Network: 23,223,096.00 ms, Deserialize: 2,327,073.00 ms, Meta Search: 3,617.00 ms, Throughput: 1.18 qps, Total Time: 27,870,785.00 ms
[0mThread 0 EF 300 benchmark:
  Queries executed: 33
  Avg total latency: 844569 us
  Avg meta search latency: 109.606 us
  Avg compute time: 88460.4 us
  Avg network latency: 703730 us
  Avg deserialize time: 70517.4 us
  Recall: 0.772727
  Throughput: 1.18389 QPS
FRONTIER_THREAD_RESULT ef=300 thread=0 queries=33 elapsed_s=27.874161337 recall=0.772727251
[35m[search_client_pipelined_reuse_thread.cc:581] Thread 0 returns
[0m[39m[reporter.hh:42] [Batch 0] Compute: 2,846,694.00 ms, Network: 23,393,798.00 ms, Deserialize: 3,005,767.00 ms, Meta Search: 2,194.00 ms, Throughput: 1.12 qps, Total Time: 29,370,771.00 ms
[0mThread 5 EF 300 benchmark:
  Queries executed: 33
  Avg total latency: 890023 us
  Avg meta search latency: 66.4848 us
  Avg compute time: 86263.5 us
  Avg network latency: 708903 us
  Avg deserialize time: 91083.8 us
  Recall: 0.784849
  Throughput: 1.12344 QPS
FRONTIER_THREAD_RESULT ef=300 thread=5 queries=33 elapsed_s=29.374149296 recall=0.784848511
[35m[search_client_pipelined_reuse_thread.cc:581] Thread 5 returns
[0m[39m[reporter.hh:42] [Batch 0] Compute: 2,795,737.00 ms, Network: 31,256,124.00 ms, Deserialize: 1,947,243.00 ms, Meta Search: 3,669.00 ms, Throughput: 0.93 qps, Total Time: 35,622,756.00 ms
[0mThread 3 EF 300 benchmark:
  Queries executed: 33
  Avg total latency: 1.07948e+06 us
  Avg meta search latency: 111.182 us
  Avg compute time: 84719.3 us
  Avg network latency: 947155 us
  Avg deserialize time: 59007.4 us
  Recall: 0.787879
  Throughput: 0.926323 QPS
FRONTIER_THREAD_RESULT ef=300 thread=3 queries=33 elapsed_s=35.624719909 recall=0.787878811
[35m[search_client_pipelined_reuse_thread.cc:581] Thread 3 returns
[0m[39m[reporter.hh:42] [Batch 0] Compute: 2,889,542.00 ms, Network: 30,320,737.00 ms, Deserialize: 3,262,922.00 ms, Meta Search: 14,538.00 ms, Throughput: 0.98 qps, Total Time: 36,670,794.00 ms
[0mThread 9 EF 300 benchmark:
  Queries executed: 36
  Avg total latency: 1.01863e+06 us
  Avg meta search latency: 403.833 us
  Avg compute time: 80265.1 us
  Avg network latency: 842243 us
  Avg deserialize time: 90636.7 us
  Recall: 0.622222
  Throughput: 0.981571 QPS
FRONTIER_THREAD_RESULT ef=300 thread=9 queries=36 elapsed_s=36.675897760 recall=0.622222245
[35m[search_client_pipelined_reuse_thread.cc:581] Thread 9 returns
[0mEF: 300
Thread 0 recall: 0.772727
Thread 0 latency: 844569
Thread 0 network latency: 703730
Thread 0 duration_meta_search: 109.606
Thread 0 compute time: 88460.4
Thread 1 recall: 0.730303
Thread 1 latency: 361809
Thread 1 network latency: 233278
Thread 1 duration_meta_search: 93.5152
Thread 1 compute time: 93064.4
Thread 2 recall: 0.715151
Thread 2 latency: 155114
Thread 2 network latency: 32448.9
Thread 2 duration_meta_search: 105.879
Thread 2 compute time: 78070.2
Thread 3 recall: 0.787879
Thread 3 latency: 1.07948e+06
Thread 3 network latency: 947155
Thread 3 duration_meta_search: 111.182
Thread 3 compute time: 84719.3
Thread 4 recall: 0.812121
Thread 4 latency: 655992
Thread 4 network latency: 464012
Thread 4 duration_meta_search: 92.303
Thread 4 compute time: 77497.7
Thread 5 recall: 0.784849
Thread 5 latency: 890023
Thread 5 network latency: 708903
Thread 5 duration_meta_search: 66.4848
Thread 5 compute time: 86263.5
Thread 6 recall: 0.681818
Thread 6 latency: 391478
Thread 6 network latency: 215018
Thread 6 duration_meta_search: 89.1818
Thread 6 compute time: 66094.6
Thread 7 recall: 0.893939
Thread 7 latency: 200205
Thread 7 network latency: 35118.2
Thread 7 duration_meta_search: 86.6364
Thread 7 compute time: 62381.5
Thread 8 recall: 0.727273
Thread 8 latency: 607478
Thread 8 network latency: 431041
Thread 8 duration_meta_search: 86.9697
Thread 8 compute time: 86060.4
Thread 9 recall: 0.622222
Thread 9 latency: 1.01863e+06
Thread 9 network latency: 842243
Thread 9 duration_meta_search: 403.833
Thread 9 compute time: 80265.1
