============================================================
                        SERVER
============================================================
num clients:                  1
TCP port:                     21134
IB port:                      1
max outstanding CQEs:         16
max send work requests:       1024
max receive work requests:    1024
============================================================
index region bytes:           8589934592
2 device(s) found
Selected device: mlx5_1 (idx=1)
Link layer: Ethernet (RoCE), using GID index 3 (local IPv4 10.0.0.65)
num_cores: 80
physical cores per socket: 20
hyperthreading enabled
interleaved policy
pairing: 21105 -- 16892
[STATUS]: pinned main thread to core 20
[STATUS]: query QP/CQ contexts per compute node=16
[STATUS]: LAVD neighborhood region: resolved bytes=8589934592
allocation size: 8589934592
allocated ALIGNED MEM (no hugepage) at 139617308106816 with buffer size 8589934592
allocated ALIGNED MEM (no hugepage) at 139608718168128 with buffer size 8589934592
[STATUS]: LAVD neighborhood region: allocated bytes=8589934592
[STATUS]: register memory and distribute access token
[STATUS]: LAVD neighborhood region: registered bytes=8589934592
[STATUS]: connect QPs of compute threads
pairing: 21106 -- 16893
pairing: 21107 -- 16894
pairing: 21108 -- 16895
pairing: 21109 -- 16896
pairing: 21110 -- 16897
pairing: 21111 -- 16898
pairing: 21112 -- 16899
pairing: 21113 -- 16900
pairing: 21114 -- 16901
pairing: 21115 -- 16902
pairing: 21116 -- 16903
pairing: 21117 -- 16904
pairing: 21118 -- 16905
pairing: 21119 -- 16906
pairing: 21120 -- 16907
pairing: 21121 -- 16908
[STATUS]: idle: index construction
[STATUS]: loading index (4128573128 Bytes) from /home/kvgroup/chaomei/hnsw-data/gist1m/dump/index_m16_efc100_node1_of1.dat
[STATUS]: query processing
[STATUS]: idle: queries
