============================================================
                        SERVER
============================================================
num clients:                  1
TCP port:                     21109
IB port:                      1
max outstanding CQEs:         16
max send work requests:       1024
max receive work requests:    1024
============================================================
index region bytes:           4294967296
2 device(s) found
Selected device: mlx5_1 (idx=1)
Link layer: Ethernet (RoCE), using GID index 3 (local IPv4 10.0.0.65)
num_cores: 80
physical cores per socket: 20
hyperthreading enabled
interleaved policy
pairing: 20680 -- 16467
[STATUS]: pinned main thread to core 20
[STATUS]: query QP/CQ contexts per compute node=16
[STATUS]: LAVD neighborhood region: resolved bytes=4294967296
allocation size: 4294967296
allocated ALIGNED MEM (no hugepage) at 140157142257728 with buffer size 4294967296
allocated ALIGNED MEM (no hugepage) at 140152847286336 with buffer size 4294967296
[STATUS]: LAVD neighborhood region: allocated bytes=4294967296
[STATUS]: register memory and distribute access token
[STATUS]: LAVD neighborhood region: registered bytes=4294967296
[STATUS]: connect QPs of compute threads
pairing: 20681 -- 16468
pairing: 20682 -- 16469
pairing: 20683 -- 16470
pairing: 20684 -- 16471
pairing: 20685 -- 16472
pairing: 20686 -- 16473
pairing: 20687 -- 16474
pairing: 20688 -- 16475
pairing: 20689 -- 16476
pairing: 20690 -- 16477
pairing: 20691 -- 16478
pairing: 20692 -- 16479
pairing: 20693 -- 16480
pairing: 20694 -- 16481
pairing: 20695 -- 16482
pairing: 20696 -- 16483
[STATUS]: idle: index construction
[STATUS]: loading index (800573128 Bytes) from /home/kvgroup/chaomei/hnsw-data/sift1m/dump/index_m16_efc100_node1_of1.dat
[STATUS]: query processing
[STATUS]: idle: queries
