============================================================
                        SERVER
============================================================
num clients:                  1
TCP port:                     21152
IB port:                      1
max outstanding CQEs:         16
max send work requests:       1024
max receive work requests:    1024
============================================================
index region bytes:           8589934592
2 device(s) found
Selected device: mlx5_1 (idx=1)
Link layer: Ethernet (RoCE), using GID index 3 (local IPv4 10.0.0.65)
num_cores: 80
physical cores per socket: 20
hyperthreading enabled
interleaved policy
pairing: 21411 -- 17198
[STATUS]: pinned main thread to core 20
[STATUS]: query QP/CQ contexts per compute node=16
[STATUS]: LAVD neighborhood region: resolved bytes=8589934592
allocation size: 8589934592
allocated ALIGNED MEM (no hugepage) at 139966974709824 with buffer size 8589934592
allocated ALIGNED MEM (no hugepage) at 139958384771136 with buffer size 8589934592
[STATUS]: LAVD neighborhood region: allocated bytes=8589934592
[STATUS]: register memory and distribute access token
[STATUS]: LAVD neighborhood region: registered bytes=8589934592
[STATUS]: connect QPs of compute threads
pairing: 21412 -- 17199
pairing: 21413 -- 17200
pairing: 21414 -- 17201
pairing: 21415 -- 17202
pairing: 21416 -- 17203
pairing: 21417 -- 17204
pairing: 21418 -- 17205
pairing: 21419 -- 17206
pairing: 21420 -- 17207
pairing: 21421 -- 17208
pairing: 21422 -- 17209
pairing: 21423 -- 17210
pairing: 21424 -- 17211
pairing: 21425 -- 17212
pairing: 21426 -- 17213
pairing: 21427 -- 17214
[STATUS]: idle: index construction
[STATUS]: loading index (4128573128 Bytes) from /home/kvgroup/chaomei/hnsw-data/gist1m/dump/index_m16_efc100_node1_of1.dat
[STATUS]: query processing
[STATUS]: idle: queries
