query_data_path: ../datasets/deep1M/deep1M_query.fvecs
Reading from vector 1 to -1
Seekg position: 0 bytes
Each vector size: 388 bytes (dim=96)
Reading 10000 vectors
Reading 10000 vectors
QUERY_GT_SHAPE query_rows=10000 ground_truth_rows=10000 query_rows_per_ground_truth=1
original_n_query_data = 10000
sampling_mod = 1, sampling_count = 0
query_data.size(): 960000
ground_truth.size(): 1000000
FRONTIER_QUERY_POOL total_queries=10000 threads=10 top_k=10 fixed=1
queries_per_thread: 1000
ground_truth.size(): 1000000
Using physical cores only (skipping hyperthreads)
[35m[search_client_pipelined_reuse_thread.cc:231] Thread 0 fetch QP authentication key: 1681692777
[0m[35m[search_client_pipelined_reuse_thread.cc:235] Thread 0 RDMA resources initialized
[0m[35m[search_client_pipelined_reuse_thread.cc:231] Thread 1 fetch QP authentication key: 1714636915
[0m[35m[search_client_pipelined_reuse_thread.cc:235] Thread 1 RDMA resources initialized
[0m[35m[search_client_pipelined_reuse_thread.cc:231] Thread 2 fetch QP authentication key: 1957747793
[0m[35m[search_client_pipelined_reuse_thread.cc:235] Thread 2 RDMA resources initialized
[0m[35m[search_client_pipelined_reuse_thread.cc:231] Thread 3 fetch QP authentication key: 424238335
[0m[35m[search_client_pipelined_reuse_thread.cc:235] Thread 3 RDMA resources initialized
[0m[35m[search_client_pipelined_reuse_thread.cc:231] Thread 4 fetch QP authentication key: 719885386
[0m[35m[search_client_pipelined_reuse_thread.cc:235] Thread 4 RDMA resources initialized
[0m[35m[search_client_pipelined_reuse_thread.cc:231] Thread 5 fetch QP authentication key: 1649760492
[0m[35m[search_client_pipelined_reuse_thread.cc:235] Thread 5 RDMA resources initialized
[0m[35m[search_client_pipelined_reuse_thread.cc:231] Thread 6 fetch QP authentication key: 596516649
[0m[35m[search_client_pipelined_reuse_thread.cc:235] Thread 6 RDMA resources initialized
[0m[35m[search_client_pipelined_reuse_thread.cc:231] Thread 7 fetch QP authentication key: 1189641421
[0m[35m[search_client_pipelined_reuse_thread.cc:235] Thread 7 RDMA resources initialized
[0m[35m[search_client_pipelined_reuse_thread.cc:231] Thread 8 fetch QP authentication key: 1025202362
[0m[35m[search_client_pipelined_reuse_thread.cc:235] Thread 8 RDMA resources initialized
[0m[35m[search_client_pipelined_reuse_thread.cc:231] Thread 9 fetch QP authentication key: 1350490027
[0m[35m[search_client_pipelined_reuse_thread.cc:235] Thread 9 RDMA resources initialized
[0mError: unable to set thread affinity for thread 1, error code: 22
Error: unable to set thread affinity for thread 2, error code: 22
Error: unable to set thread affinity for thread 3, error code: 22
Error: unable to set thread affinity for thread 5, error code: 22
Error: unable to set thread affinity for thread 6, error code: 22
Error: unable to set thread affinity for thread 7, error code: 22
Error: unable to set thread affinity for thread 8, error code: 22
Error: unable to set thread affinity for thread 9, error code: 22
=== gRPC Service Parameters Debug ===
epoch: 0
rdma_base_offset: 0
serialized_meta_hnsw size: 105066 bytes
offset size: 320 elements
offset_para size: 1440 elements
overflow size: 480 elements
mapping size: 160 elements
Thread 2 local_hnsw mapping size: 160
fetch_worker start
deserialize_worker start
Error setting affinity for fetch thread
search_worker start
Error setting affinity for deserialize thread
Error setting affinity for search thread
=== Thread 2 testing EF = 200 for 20 seconds ===
=== gRPC Service Parameters Debug ===
epoch: 0
rdma_base_offset: 0
serialized_meta_hnsw size: 105066 bytes
offset size: 320 elements
offset_para size: 1440 elements
overflow size: 480 elements
mapping size: 160 elements
Thread 3 local_hnsw mapping size: 160
fetch_worker start
deserialize_worker start
Error setting affinity for fetch threadsearch_worker start

Error setting affinity for deserialize thread
Error setting affinity for search thread
=== Thread 3 testing EF = 200 for 20 seconds ===
=== gRPC Service Parameters Debug ===
epoch: 0
rdma_base_offset: 0
serialized_meta_hnsw size: 105066 bytes
offset size: 320 elements
offset_para size: 1440 elements
overflow size: 480 elements
mapping size: 160 elements
Thread 4 local_hnsw mapping size: === gRPC Service Parameters Debug ===
epoch: 0
rdma_base_offset: 0
serialized_meta_hnsw size: 105066 bytes
offset size: 320 elements
offset_para size: 1440 elements
overflow size: 480 elements
mapping size: 160 elements
Thread 8 local_hnsw mapping size: 160
fetch_worker start
deserialize_worker start
160
=== Thread 4 testing EF = 200 for 20 seconds ===
search_worker start
fetch_worker start
deserialize_worker start
Error setting affinity for fetch threadsearch_worker start
Error setting affinity for deserialize thread

Error setting affinity for search thread
=== Thread 8 testing EF = 200 for 20 seconds ===
=== gRPC Service Parameters Debug ===
epoch: 0
rdma_base_offset: 0
serialized_meta_hnsw size: 105066 bytes
offset size: 320 elements
offset_para size: 1440 elements
overflow size: 480 elements
mapping size: 160 elements
Thread 5 local_hnsw mapping size: === gRPC Service Parameters Debug ===
epoch: 0
rdma_base_offset: 0
serialized_meta_hnsw size: 105066=== gRPC Service Parameters Debug === bytes
offset size: 320 elements
offset_para size: 1440 elements
overflow size: 480 elements
mapping size: 160 elements

Thread 9 local_hnsw mapping size: epoch: 0
rdma_base_offset: 0
serialized_meta_hnsw size: 105066 bytes
offset size: 320 elements
offset_para size: 1440 elements
overflow size: 480 elements
mapping size: 160 elements
Thread 0 local_hnsw mapping size: === gRPC Service Parameters Debug ===
epoch: 0
rdma_base_offset: 0
serialized_meta_hnsw size: 105066 bytes
offset size: 320 elements
offset_para size: 1440 elements
overflow size: 480 elements
mapping size: 160 elements
Thread 7 local_hnsw mapping size: 160
fetch_worker start
deserialize_worker start
Error setting affinity for fetch thread
Error setting affinity for deserialize threadsearch_worker start

Error setting affinity for search thread
=== Thread 5 testing EF = 200 for 20 seconds ===
160
fetch_worker start
deserialize_worker start
Error setting affinity for fetch threadsearch_worker start

160Error setting affinity for deserialize thread

Error setting affinity for search thread
=== Thread 9 testing EF = 200 for 20 seconds ===
fetch_worker start
deserialize_worker start
Error setting affinity for fetch thread
search_worker startError setting affinity for deserialize thread
Error setting affinity for search thread

=== Thread 7 testing EF = 200 for 20 seconds ===
160
fetch_worker start
deserialize_worker start
=== Thread 0search_worker start
 testing EF = 200 for 20 seconds ===
=== gRPC Service Parameters Debug ===
epoch: 0
rdma_base_offset: 0
serialized_meta_hnsw size: 105066 bytes
offset size: 320 elements
offset_para size: 1440 elements
overflow size: 480 elements
mapping size: 160 elements
Thread 6 local_hnsw mapping size: 160
fetch_worker start
deserialize_worker start
Error setting affinity for fetch thread
search_worker start
Error setting affinity for deserialize thread
Error setting affinity for search thread
=== Thread 6 testing EF = 200 for 20 seconds ===
=== gRPC Service Parameters Debug ===
epoch: 0
rdma_base_offset: 0
serialized_meta_hnsw size: 105066 bytes
offset size: 320 elements
offset_para size: 1440 elements
overflow size: 480 elements
mapping size: 160 elements
Thread 1 local_hnsw mapping size: 160
fetch_worker start
deserialize_worker start
Error setting affinity for fetch threadsearch_worker start

Error setting affinity for deserialize thread
Error setting affinity for search thread
=== Thread 1 testing EF = 200 for 20 seconds ===
[39m[reporter.hh:42] [Batch 0] Compute: 1635435.00 ms, Network: 405608.00 ms, Deserialize: 1246711.00 ms, Meta Search: 36482.00 ms, Throughput: 549.21 qps, Total Time: 1820793.00 ms
[0mThread 0 EF 200 benchmark:
  Queries executed: 1000
  Avg total latency: 1820.79 us
  Avg meta search latency: 36.482 us
  Avg compute time: 1635.43 us
  Avg network latency: 405.608 us
  Avg deserialize time: 1246.71 us
  Recall: 0.9079
  Throughput: 543.884 QPS
FRONTIER_THREAD_RESULT ef=200 thread=0 queries=1000 elapsed_s=1.838627310 recall=0.907899976
[35m[search_client_pipelined_reuse_thread.cc:570] Thread 0 returns
[0m[39m[reporter.hh:42] [Batch 0] Compute: 1764112.00 ms, Network: 479055.00 ms, Deserialize: 1862492.00 ms, Meta Search: 34572.00 ms, Throughput: 455.90 qps, Total Time: 2193441.00 ms
[0mThread 8 EF 200 benchmark:
  Queries executed: 1000
  Avg total latency: 2193.44 us
  Avg meta search latency: 34.572 us
  Avg compute time: 1764.11 us
  Avg network latency: 479.055 us
  Avg deserialize time: 1862.49 us
  Recall: 0.9188
  Throughput: 453.265 QPS
FRONTIER_THREAD_RESULT ef=200 thread=8 queries=1000 elapsed_s=2.206213387 recall=0.918799996
[35m[search_client_pipelined_reuse_thread.cc:570] Thread 8 returns
[0m[39m[reporter.hh:42] [Batch 0] Compute: 1942736.00 ms, Network: 437691.00 ms, Deserialize: 1930805.00 ms, Meta Search: 29082.00 ms, Throughput: 449.66 qps, Total Time: 2223917.00 ms
[0m[39m[reporter.hh:42] [Batch 0] Compute: 1971076.00 ms, Network: 460317.00 ms, Deserialize: 1706118.00 ms, Meta Search: 41447.00 ms, Throughput: 447.05 qps, Total Time: 2236882.00 ms
[0mThread 3 EF 200 benchmark:
  Queries executed: 1000
  Avg total latency: 2223.92 us
  Avg meta search latency: 29.082 us
  Avg compute time: 1942.74 us
  Avg network latency: 437.691 us
  Avg deserialize time: 1930.81 us
  Recall: 0.9149
  Throughput: 445.8 QPS
FRONTIER_THREAD_RESULT ef=200 thread=3 queries=1000 elapsed_s=2.243156812 recall=0.914900005
[35m[search_client_pipelined_reuse_thread.cc:570] Thread 3 returns
[0mThread 6 EF 200 benchmark:
  Queries executed: 1000
  Avg total latency: 2236.88 us
  Avg meta search latency: 41.447 us
  Avg compute time: 1971.08 us
  Avg network latency: 460.317 us
  Avg deserialize time: 1706.12 us
  Recall: 0.9072
  Throughput: 443.522 QPS
FRONTIER_THREAD_RESULT ef=200 thread=6 queries=1000 elapsed_s=2.254679437 recall=0.907199979
[35m[search_client_pipelined_reuse_thread.cc:570] Thread 6 returns
[0m[39m[reporter.hh:42] [Batch 0] Compute: 1796288.00 ms, Network: 472632.00 ms, Deserialize: 1762086.00 ms, Meta Search: 37541.00 ms, Throughput: 443.72 qps, Total Time: 2253680.00 ms
[0mThread 9 EF 200 benchmark:
  Queries executed: 1000
  Avg total latency: 2253.68 us
  Avg meta search latency: 37.541 us
  Avg compute time: 1796.29 us
  Avg network latency: 472.632 us
  Avg deserialize time: 1762.09 us
  Recall: 0.9051
  Throughput: 440.27 QPS
FRONTIER_THREAD_RESULT ef=200 thread=9 queries=1000 elapsed_s=2.271335169 recall=0.905099988
[35m[search_client_pipelined_reuse_thread.cc:570] Thread 9 returns
[0m[39m[reporter.hh:42] [Batch 0] Compute: 1267416.00 ms, Network: 440667.00 ms, Deserialize: 2149733.00 ms, Meta Search: 46410.00 ms, Throughput: 437.47 qps, Total Time: 2285863.00 ms
[0mThread 4 EF 200 benchmark:
  Queries executed: 1000
  Avg total latency: 2285.86 us
  Avg meta search latency: 46.41 us
  Avg compute time: 1267.42 us
  Avg network latency: 440.667 us
  Avg deserialize time: 2149.73 us
  Recall: 0.911
  Throughput: 435.5 QPS
FRONTIER_THREAD_RESULT ef=200 thread=4 queries=1000 elapsed_s=2.296213159 recall=0.911000013
[35m[search_client_pipelined_reuse_thread.cc:570] Thread 4 returns
[0m[39m[reporter.hh:42] [Batch 0] Compute: 1963841.00 ms, Network: 413250.00 ms, Deserialize: 1774702.00 ms, Meta Search: 29373.00 ms, Throughput: 433.81 qps, Total Time: 2305172.00 ms
[0mThread 2 EF 200 benchmark:
  Queries executed: 1000
  Avg total latency: 2305.17 us
  Avg meta search latency: 29.373 us
  Avg compute time: 1963.84 us
  Avg network latency: 413.25 us
  Avg deserialize time: 1774.7 us
  Recall: 0.9035
  Throughput: 430.984 QPS
FRONTIER_THREAD_RESULT ef=200 thread=2 queries=1000 elapsed_s=2.320270081 recall=0.903500021
[35m[search_client_pipelined_reuse_thread.cc:570] Thread 2 returns
[0m[39m[reporter.hh:42] [Batch 0] Compute: 1681771.00 ms, Network: 440651.00 ms, Deserialize: 2075690.00 ms, Meta Search: 41286.00 ms, Throughput: 424.76 qps, Total Time: 2354266.00 ms
[0m[39m[reporter.hh:42] [Batch 0] Compute: 1744957.00 ms, Network: 416417.00 ms, Deserialize: 2028295.00 ms, Meta Search: 32778.00 ms, Throughput: 424.61 qps, Total Time: 2355075.00 ms
[0mThread 5 EF 200 benchmark:
  Queries executed: 1000
  Avg total latency: 2354.27 us
  Avg meta search latency: 41.286 us
  Avg compute time: 1681.77 us
  Avg network latency: 440.651 us
  Avg deserialize time: 2075.69 us
  Recall: 0.9065
  Throughput: 423.807 QPS
FRONTIER_THREAD_RESULT ef=200 thread=5 queries=1000 elapsed_s=2.359562534 recall=0.906499982
[35m[search_client_pipelined_reuse_thread.cc:570] Thread 5 returns
[0mThread 1 EF 200 benchmark:
  Queries executed: 1000
  Avg total latency: 2355.08 us
  Avg meta search latency: 32.778 us
  Avg compute time: 1744.96 us
  Avg network latency: 416.417 us
  Avg deserialize time: 2028.3 us
  Recall: 0.9068
  Throughput: 423.729 QPS
FRONTIER_THREAD_RESULT ef=200 thread=1 queries=1000 elapsed_s=2.359996977 recall=0.906799972
[35m[search_client_pipelined_reuse_thread.cc:570] Thread 1 returns
[0m[39m[reporter.hh:42] [Batch 0] Compute: 1912803.00 ms, Network: 390521.00 ms, Deserialize: 2002549.00 ms, Meta Search: 31704.00 ms, Throughput: 417.26 qps, Total Time: 2396564.00 ms
[0mThread 7 EF 200 benchmark:
  Queries executed: 1000
  Avg total latency: 2396.56 us
  Avg meta search latency: 31.704 us
  Avg compute time: 1912.8 us
  Avg network latency: 390.521 us
  Avg deserialize time: 2002.55 us
  Recall: 0.9077
  Throughput: 416.288 QPS
FRONTIER_THREAD_RESULT ef=200 thread=7 queries=1000 elapsed_s=2.402182120 recall=0.907700002
[35m[search_client_pipelined_reuse_thread.cc:570] Thread 7 returns
[0mEF: 200
Thread 0 recall: 0.9079
Thread 0 latency: 1820.79
Thread 0 network latency: 405.608
Thread 0 duration_meta_search: 36.482
Thread 0 compute time: 1635.43
Thread 1 recall: 0.9068
Thread 1 latency: 2355.08
Thread 1 network latency: 416.417
Thread 1 duration_meta_search: 32.778
Thread 1 compute time: 1744.96
Thread 2 recall: 0.9035
Thread 2 latency: 2305.17
Thread 2 network latency: 413.25
Thread 2 duration_meta_search: 29.373
Thread 2 compute time: 1963.84
Thread 3 recall: 0.9149
Thread 3 latency: 2223.92
Thread 3 network latency: 437.691
Thread 3 duration_meta_search: 29.082
Thread 3 compute time: 1942.74
Thread 4 recall: 0.911
Thread 4 latency: 2285.86
Thread 4 network latency: 440.667
Thread 4 duration_meta_search: 46.41
Thread 4 compute time: 1267.42
Thread 5 recall: 0.9065
Thread 5 latency: 2354.27
Thread 5 network latency: 440.651
Thread 5 duration_meta_search: 41.286
Thread 5 compute time: 1681.77
Thread 6 recall: 0.9072
Thread 6 latency: 2236.88
Thread 6 network latency: 460.317
Thread 6 duration_meta_search: 41.447
Thread 6 compute time: 1971.08
Thread 7 recall: 0.9077
Thread 7 latency: 2396.56
Thread 7 network latency: 390.521
Thread 7 duration_meta_search: 31.704
Thread 7 compute time: 1912.8
Thread 8 recall: 0.9188
Thread 8 latency: 2193.44
Thread 8 network latency: 479.055
Thread 8 duration_meta_search: 34.572
Thread 8 compute time: 1764.11
Thread 9 recall: 0.9051
Thread 9 latency: 2253.68
Thread 9 network latency: 472.632
Thread 9 duration_meta_search: 37.541
Thread 9 compute time: 1796.29
