============================================================
                        SERVER
============================================================
num clients:                  1
TCP port:                     21040
IB port:                      1
max outstanding CQEs:         16
max send work requests:       1024
max receive work requests:    1024
============================================================
index region bytes:           4294967296
2 device(s) found
Selected device: mlx5_1 (idx=1)
Link layer: Ethernet (RoCE), using GID index 3 (local IPv4 10.0.0.65)
num_cores: 80
physical cores per socket: 20
hyperthreading enabled
interleaved policy
pairing: 19507 -- 15294
[STATUS]: pinned main thread to core 20
[STATUS]: query QP/CQ contexts per compute node=16
[STATUS]: LAVD neighborhood region: resolved bytes=4294967296
allocation size: 4294967296
allocated ALIGNED MEM (no hugepage) at 140517367586880 with buffer size 4294967296
allocated ALIGNED MEM (no hugepage) at 140513072615488 with buffer size 4294967296
[STATUS]: LAVD neighborhood region: allocated bytes=4294967296
[STATUS]: register memory and distribute access token
[STATUS]: LAVD neighborhood region: registered bytes=4294967296
[STATUS]: connect QPs of compute threads
pairing: 19508 -- 15295
pairing: 19509 -- 15296
pairing: 19510 -- 15297
pairing: 19511 -- 15298
pairing: 19512 -- 15299
pairing: 19513 -- 15300
pairing: 19514 -- 15301
pairing: 19515 -- 15302
pairing: 19516 -- 15303
pairing: 19517 -- 15304
pairing: 19518 -- 15305
pairing: 19519 -- 15306
pairing: 19520 -- 15307
pairing: 19521 -- 15308
pairing: 19522 -- 15309
pairing: 19523 -- 15310
[STATUS]: idle: index construction
[STATUS]: loading index (672573128 Bytes) from /home/kvgroup/chaomei/hnsw-data/deep1m/dump/index_m16_efc100_node1_of1.dat
[STATUS]: query processing
[STATUS]: idle: queries
