============================================================
                        SERVER
============================================================
num clients:                  1
TCP port:                     21131
IB port:                      1
max outstanding CQEs:         16
max send work requests:       1024
max receive work requests:    1024
============================================================
index region bytes:           8589934592
2 device(s) found
Selected device: mlx5_1 (idx=1)
Link layer: Ethernet (RoCE), using GID index 3 (local IPv4 10.0.0.65)
num_cores: 80
physical cores per socket: 20
hyperthreading enabled
interleaved policy
pairing: 21054 -- 16841
[STATUS]: pinned main thread to core 20
[STATUS]: query QP/CQ contexts per compute node=16
[STATUS]: LAVD neighborhood region: resolved bytes=8589934592
allocation size: 8589934592
allocated ALIGNED MEM (no hugepage) at 140468594233408 with buffer size 8589934592
allocated ALIGNED MEM (no hugepage) at 140460004294720 with buffer size 8589934592
[STATUS]: LAVD neighborhood region: allocated bytes=8589934592
[STATUS]: register memory and distribute access token
[STATUS]: LAVD neighborhood region: registered bytes=8589934592
[STATUS]: connect QPs of compute threads
pairing: 21055 -- 16842
pairing: 21056 -- 16843
pairing: 21057 -- 16844
pairing: 21058 -- 16845
pairing: 21059 -- 16846
pairing: 21060 -- 16847
pairing: 21061 -- 16848
pairing: 21062 -- 16849
pairing: 21063 -- 16850
pairing: 21064 -- 16851
pairing: 21065 -- 16852
pairing: 21066 -- 16853
pairing: 21067 -- 16854
pairing: 21068 -- 16855
pairing: 21069 -- 16856
pairing: 21070 -- 16857
[STATUS]: idle: index construction
[STATUS]: loading index (4128573128 Bytes) from /home/kvgroup/chaomei/hnsw-data/gist1m/dump/index_m16_efc100_node1_of1.dat
[STATUS]: query processing
[STATUS]: idle: queries
