============================================================
                        SERVER
============================================================
num clients:                  1
TCP port:                     21013
IB port:                      1
max outstanding CQEs:         16
max send work requests:       1024
max receive work requests:    1024
============================================================
index region bytes:           4294967296
2 device(s) found
Selected device: mlx5_1 (idx=1)
Link layer: Ethernet (RoCE), using GID index 3 (local IPv4 10.0.0.65)
num_cores: 80
physical cores per socket: 20
hyperthreading enabled
interleaved policy
pairing: 19048 -- 14835
[STATUS]: pinned main thread to core 20
[STATUS]: query QP/CQ contexts per compute node=16
[STATUS]: LAVD neighborhood region: resolved bytes=4294967296
allocation size: 4294967296
allocated ALIGNED MEM (no hugepage) at 140188168425536 with buffer size 4294967296
allocated ALIGNED MEM (no hugepage) at 140183873454144 with buffer size 4294967296
[STATUS]: LAVD neighborhood region: allocated bytes=4294967296
[STATUS]: register memory and distribute access token
[STATUS]: LAVD neighborhood region: registered bytes=4294967296
[STATUS]: connect QPs of compute threads
pairing: 19049 -- 14836
pairing: 19050 -- 14837
pairing: 19051 -- 14838
pairing: 19052 -- 14839
pairing: 19053 -- 14840
pairing: 19054 -- 14841
pairing: 19055 -- 14842
pairing: 19056 -- 14843
pairing: 19057 -- 14844
pairing: 19058 -- 14845
pairing: 19059 -- 14846
pairing: 19060 -- 14847
pairing: 19061 -- 14848
pairing: 19062 -- 14849
pairing: 19063 -- 14850
pairing: 19064 -- 14851
[STATUS]: idle: index construction
[STATUS]: loading index (672573128 Bytes) from /home/kvgroup/chaomei/hnsw-data/deep1m/dump/index_m16_efc100_node1_of1.dat
[STATUS]: query processing
[STATUS]: idle: queries
