============================================================
                        CLIENT
============================================================
connect to:                   [skv-node4, ]
is initiator:                 true
TCP port:                     1310
IB port:                      1
max outstanding CQEs:         16
max send work requests:       1024
max receive work requests:    1024
============================================================
index region bytes:           4294967296
data path:                    "/home/kvgroup/chaomei/hnsw-data/sift1m"
query suffix:                 uniform
number of threads:            1
number of coroutines:         8
query QP/CQ contexts:         1
threads pinned:               true
seed:                         1234
------------------------------------------------------------
K:                            10
M:                            16
ef search:                    100
ef construction:              100
spec-k (GraphBeyond C1):      1
============================================================
2 device(s) found
Selected device: mlx5_1 (idx=1)
Link layer: Ethernet (RoCE), using GID index 3 (local IPv4 10.0.0.61)
num_cores: 80
physical cores per socket: 20
hyperthreading enabled
interleaved policy
[STATUS]: LAVD neighborhood region: requested bytes=0, resolved bytes=6442450944
client id: 0
number of clients: 1
connect to server skv-node4
pairing: 189046 -- 2631
[STATUS]: pinned main thread to core 20
[STATUS]: receive access tokens of remote memory regions
[STATUS]: LAVD neighborhood region: registered bytes per MN=0
reading input data... (dim=128, num vectors=10000/10000, filesize=5120008)
reading input data... (dim=128, num vectors=10000/10000, filesize=5120008)
reading input data... (dim=100, num vectors=10000/10000, filesize=4000008)
[STATUS]: max cache size: 159359961
[STATUS]: allocate worker threads and read buffers
allocated ALIGNED MEM (no hugepage) at 140605365059648 with buffer size 4294967296
num cache buckets: 301818
allocate cache entries hugepage of size 12072720
allocated ALIGNED MEM (no hugepage) at 140605342998592 with buffer size 12072720
2 device(s) found
Selected device: mlx5_1 (idx=1)
Link layer: Ethernet (RoCE), using GID index 3 (local IPv4 10.0.0.61)
pairing: 189047 -- 2632
[STATUS]: synchronize compute nodes
[STATUS]: construct placement datastructure
  fetched 20 nodes on level 4
  fetched 259 nodes on level 3
  fetched 3923 nodes on level 2
[STATUS]: run balanced k-means
run kmeans
cluster sizes:
  cluster 0: 1920
  cluster 1: 2003
  final iteration: 5, final error: 0
run balanced kmeans
num iterations: 75
reported cluster sizes:
  cluster 0: 1961
  cluster 1: 1962
actual cluster sizes:
  cluster 0: 1922
  cluster 1: 2001
combine clusters
final cluster sizes:
  cluster 0: 3923
final mapping: 0 0 
[STATUS]: cache warmup
allocated ALIGNED MEM (no hugepage) at 140605335134272 with buffer size 416000
routing buffer size: 416000
[STATUS]: **QUERY**: running worker threads...
query 0/10000
query 1000/10000
query 2000/10000
query 3000/10000
query 4000/10000
query 5000/10000
query 6000/10000
query 7000/10000
query 8000/10000
query 9000/10000
[STATUS]: join compute threads
t0 processed: 10000, CHR: 0.44402
[STATUS]: cache warmup done
cache full?: true
[STATUS]: synchronize compute nodes
[STATUS]: run queries
allocated ALIGNED MEM (no hugepage) at 94644136054656 with buffer size 416000
routing buffer size: 416000
[STATUS]: **QUERY**: running worker threads...
query 0/10000
query 1000/10000
query 2000/10000
query 3000/10000
query 4000/10000
query 5000/10000
query 6000/10000
query 7000/10000
query 8000/10000
query 9000/10000
[STATUS]: join compute threads
t0 processed: 10000, CHR: 0.470793
[STATUS]: processed queries: 10000
[STATUS]: local recall: 0.976610
[STATUS]: collect statistics and timings from compute nodes

statistics:
cache histogram
  size: 0 | freq: 128312
  size: 1 | freq: 91371
  size: 2 | freq: 50052
  size: 3 | freq: 21639
  size: 4 | freq: 7614
  size: 5 | freq: 2177
  size: 6 | freq: 512
  size: 7 | freq: 118
  size: 8 | freq: 20
  size: 9 | freq: 3
total entries: 301818
cooling table histogram
  size: 0 | freq: 22
  size: 1 | freq: 154
  size: 2 | freq: 432
  size: 3 | freq: 856
  size: 4 | freq: 1168
  size: 5 | freq: 1359
  size: 6 | freq: 1040
CT total entries: 21293
