============================================================
                        SERVER
============================================================
num clients:                  1
TCP port:                     21011
IB port:                      1
max outstanding CQEs:         16
max send work requests:       1024
max receive work requests:    1024
============================================================
index region bytes:           4294967296
2 device(s) found
Selected device: mlx5_1 (idx=1)
Link layer: Ethernet (RoCE), using GID index 3 (local IPv4 10.0.0.65)
num_cores: 80
physical cores per socket: 20
hyperthreading enabled
interleaved policy
pairing: 19014 -- 14801
[STATUS]: pinned main thread to core 20
[STATUS]: query QP/CQ contexts per compute node=16
[STATUS]: LAVD neighborhood region: resolved bytes=4294967296
allocation size: 4294967296
allocated ALIGNED MEM (no hugepage) at 140134858743872 with buffer size 4294967296
allocated ALIGNED MEM (no hugepage) at 140130563772480 with buffer size 4294967296
[STATUS]: LAVD neighborhood region: allocated bytes=4294967296
[STATUS]: register memory and distribute access token
[STATUS]: LAVD neighborhood region: registered bytes=4294967296
[STATUS]: connect QPs of compute threads
pairing: 19015 -- 14802
pairing: 19016 -- 14803
pairing: 19017 -- 14804
pairing: 19018 -- 14805
pairing: 19019 -- 14806
pairing: 19020 -- 14807
pairing: 19021 -- 14808
pairing: 19022 -- 14809
pairing: 19023 -- 14810
pairing: 19024 -- 14811
pairing: 19025 -- 14812
pairing: 19026 -- 14813
pairing: 19027 -- 14814
pairing: 19028 -- 14815
pairing: 19029 -- 14816
pairing: 19030 -- 14817
[STATUS]: idle: index construction
[STATUS]: loading index (672573128 Bytes) from /home/kvgroup/chaomei/hnsw-data/deep1m/dump/index_m16_efc100_node1_of1.dat
[STATUS]: query processing
[STATUS]: idle: queries
